  5% 0.54 0.22 0.41 0.33 0.34 0.71   8 0.0000 110000000  7.25008 -220021.57 -24.06 1:01:20
 10% 0.54 0.22 0.42 0.33 0.33 0.71   8 0.0000 110000000  8.02196 -220033.90 -24.02 1:59:20
 15% 0.54 0.22 0.42 0.33 0.33 0.71   8 0.0000 110000000  7.41438 -220016.11 -24.27 2:57:50
 20% 0.54 0.22 0.42 0.33 0.33 0.71   8 0.0000 110000000  7.39298 -220121.76 -24.00 3:57:58
 25% 0.54 0.22 0.42 0.33 0.33 0.71   8 0.0000 110000000  7.93126 -220067.59 -24.08 4:58:03
 30% 0.54 0.22 0.42 0.33 0.33 0.71   8 0.0000 110000000  10.08970 -220048.65 -24.40 6:02:27
 35% 0.54 0.22 0.42 0.33 0.33 0.71   8 0.0000 110000000  11.68208 -220041.90 -24.01 7:15:19
 40% 0.54 0.22 0.42 0.33 0.33 0.71   8 0.0000 110000000  12.53199 -220021.35 -24.66 8:30:20
 45% 0.54 0.22 0.42 0.33 0.33 0.71   8 0.0000 110000000  13.28616 -220035.14 -24.03 9:42:07
 50% 0.54 0.22 0.42 0.33 0.33 0.71   8 0.0000 110000000  14.31190 -220072.91 -25.66 10:50:00
 55% 0.54 0.22 0.42 0.33 0.33 0.71   8 0.0000 110000000  15.60311 -220139.62 -24.00 11:54:12
 60% 0.54 0.22 0.42 0.33 0.33 0.71   8 0.0000 110000000  16.87804 -220067.76 -24.56 12:52:25
 65% 0.54 0.22 0.42 0.33 0.33 0.71   8 0.0000 110000000  17.98281 -220016.30 -24.36 13:50:22
 70% 0.54 0.22 0.42 0.33 0.33 0.71   8 0.0000 110000000  18.93554 -220008.79 -25.54 14:51:09
 75% 0.54 0.22 0.42 0.33 0.33 0.71   8 0.0000 110000000  19.19318 -220041.65 -24.28 15:52:51
 80% 0.54 0.22 0.42 0.33 0.33 0.71   8 0.0000 110000000  19.18497 -220051.80 -25.28 16:58:45
 85% 0.54 0.22 0.42 0.33 0.33 0.71   8 0.0000 110000000  19.83925 -220007.93 -24.05 18:06:49
 90% 0.54 0.22 0.42 0.33 0.33 0.71   8 0.0000 110000000  20.45281 -220091.93 -24.10 19:15:46
 95% 0.54 0.22 0.42 0.33 0.33 0.71   8 0.0000 110000000  20.70948 -220089.35 -24.04 20:26:28
100% 0.54 0.22 0.42 0.33 0.33 0.71   8 0.0000 110000000  20.93057 -220008.05 -24.38 21:39:02

Time used: 21:39:02
PrSplit = 0.500000
rj algorithm 1: new theta from G(a=2.00, m=1.00)

Tree frequencies (Ancestral nodes in order:  11 P21P15P31P6P34P5P27P3P1P4 12 P15P31P6P34P5P27P3P1P4 13 P15P31P6P34 14 P15P31 15 P6P34 16 P5P27P3P1P4 17 P27P3P1P4 18 P3P1P4 19 P1P4)
  384  110000000   200000  1.000000

Guide tree with posterior probability for presence of nodes
(P21, (((P15, P31), (P6, P34)), (P5, (P27, (P3, (P1, P4)))))'#1')'#1';

Summarizing parameters for the MAP tree 110000000

100001 records, 13 variables
   Collecting min, max, and mean  21:39:03
   Collecting median, percentiles

