  5% 0.53 0.22 0.64 0.50 0.44 0.69  14 0.0793 110001100  73.83933 -220051.10 -24.04 1:03:42
 10% 0.53 0.22 0.67 0.54 0.44 0.68  14 0.1472 110001100  109.97452 -220138.45 -23.92 2:04:00
 15% 0.53 0.22 0.66 0.53 0.43 0.68  17 0.1541 110001110  142.94894 -220041.86 -24.34 3:04:07
 20% 0.53 0.22 0.67 0.54 0.43 0.68  14 0.1677 110001100  162.42148 -220112.29 -23.97 4:06:22
 25% 0.53 0.22 0.67 0.55 0.43 0.68  14 0.1682 110001100  173.56880 -220038.24 -23.90 5:08:13
 30% 0.53 0.22 0.67 0.55 0.43 0.68  17 0.1781 110001110  175.26392 -220118.27 -24.91 6:16:34
 35% 0.54 0.22 0.67 0.55 0.43 0.68  11 0.1835 110001000  180.17203 -220098.79 -24.12 7:32:36
 40% 0.54 0.22 0.67 0.55 0.43 0.68  17 0.1841 110001110  181.20442 -220020.16 -24.07 8:49:14
 45% 0.54 0.22 0.67 0.55 0.43 0.68  17 0.1877 110001110  186.10502 -220069.39 -24.42 10:01:48
 50% 0.54 0.22 0.67 0.55 0.43 0.68  14 0.1944 110001100  182.28282 -220163.59 -24.46 11:11:16
 55% 0.54 0.22 0.67 0.55 0.43 0.68  17 0.2004 110001110  181.84504 -220069.08 -24.05 12:14:11
 60% 0.54 0.22 0.67 0.56 0.43 0.68  14 0.2036 110001100  182.37473 -220096.05 -23.93 13:14:01
 65% 0.54 0.22 0.67 0.56 0.43 0.68  20 0.2068 110001111  179.85507 -220079.31 -24.09 14:14:37
 70% 0.54 0.22 0.67 0.56 0.43 0.68  11 0.2080 110001000  184.73993 -220093.18 -24.96 15:18:36
 75% 0.54 0.22 0.67 0.56 0.43 0.68  17 0.2091 110001110  192.08038 -220128.76 -24.10 16:21:58
 80% 0.54 0.22 0.67 0.56 0.43 0.68  14 0.2122 110001100  200.04118 -220109.69 -24.61 17:30:47
 85% 0.54 0.22 0.66 0.56 0.43 0.68  14 0.2138 110001100  208.10431 -220083.05 -24.21 18:40:59
 90% 0.54 0.22 0.66 0.56 0.43 0.68  14 0.2135 110001100  214.01692 -220089.18 -24.25 19:53:38
 95% 0.54 0.22 0.67 0.56 0.43 0.68  14 0.2136 110001100  220.21867 -220108.99 -24.28 21:07:50
100% 0.54 0.22 0.67 0.56 0.43 0.68  14 0.2146 110001100  229.15714 -220197.65 -24.37 22:20:16

Time used: 22:20:16
PrSplit = 0.500000
rj algorithm 1: new theta from G(a=2.00, m=1.00)

Tree frequencies (Ancestral nodes in order:  11 P21P15P31P6P34P5P27P3P1P4 12 P15P31P6P34P5P27P3P1P4 13 P15P31P6P34 14 P15P31 15 P6P34 16 P5P27P3P1P4 17 P27P3P1P4 18 P3P1P4 19 P1P4)
  392  110001000    57283  0.286415
  396  110001100    66953  0.334765
  398  110001110    46085  0.230425
  399  110001111    29679  0.148395

Guide tree with posterior probability for presence of nodes
(P21, (((P15, P31), (P6, P34)), (P5, (P27, (P3, (P1, P4)'#0.14839')'#0.37882')'#0.71358')'#1.00000')'#1.00000')'#1.00000';

Summarizing parameters for the MAP tree 110001100

33478 records, 19 variables
   Collecting min, max, and mean  22:20:16
   Collecting median, percentiles

