bpp v4.2.9_osx_x86_64, 8GB RAM, 8 cores
https://github.com/bpp/bpp

Detected CPU features: mmx sse sse2 sse3 ssse3 sse4.1 sse4.2 popcnt avx avx2
Auto-selected SIMD ISA: AVX2


Starting timer..
Using seed: -1
Parsing species tree... Done
Parsing phylip file... Done

 Locus | Model | Sequences | Length | Ambiguous sites | Compressed | Base freqs 
-------+-------+-----------+--------+-----------------+------------+------------
     1 |  JC69 |        36 |   2116 |             683 |        137 |      Fixed 
     2 |  JC69 |        36 |   1770 |             453 |         95 |      Fixed 
     3 |  JC69 |        36 |   1794 |             609 |        104 |      Fixed 
     4 |  JC69 |        36 |   2561 |             838 |        204 |      Fixed 
     5 |  JC69 |        35 |   2504 |             560 |        178 |      Fixed 
     6 |  JC69 |        36 |   2499 |             645 |        165 |      Fixed 
     7 |  JC69 |        36 |   1655 |            1448 |        138 |      Fixed 
     8 |  JC69 |        36 |   1897 |            1560 |        119 |      Fixed 
     9 |  JC69 |        36 |   3200 |            1422 |        207 |      Fixed 
    10 |  JC69 |        36 |   1809 |            1078 |        144 |      Fixed 
    11 |  JC69 |        36 |   1807 |            1440 |        158 |      Fixed 
    12 |  JC69 |        36 |   2686 |            1124 |        215 |      Fixed 
    13 |  JC69 |        36 |   1885 |             927 |        163 |      Fixed 
    14 |  JC69 |        36 |   3680 |            1662 |        183 |      Fixed 
    15 |  JC69 |        36 |   1880 |             376 |        142 |      Fixed 
    16 |  JC69 |        36 |   1928 |             844 |        157 |      Fixed 
    17 |  JC69 |        36 |   2178 |             994 |        142 |      Fixed 
    18 |  JC69 |        36 |   1784 |             463 |        108 |      Fixed 
    19 |  JC69 |        36 |   2028 |             524 |        117 |      Fixed 
    20 |  JC69 |        36 |   2768 |             503 |        121 |      Fixed 
    21 |  JC69 |        36 |   2367 |             786 |        168 |      Fixed 
    22 |  JC69 |        36 |   1634 |             654 |        201 |      Fixed 
    23 |  JC69 |        36 |   1841 |             238 |        123 |      Fixed 
    24 |  JC69 |        35 |   2676 |            1808 |        206 |      Fixed 
    25 |  JC69 |        36 |   2273 |            1169 |        178 |      Fixed 
    26 |  JC69 |        36 |   2442 |             444 |        146 |      Fixed 
    27 |  JC69 |        36 |   2103 |             469 |        106 |      Fixed 
    28 |  JC69 |        36 |   2197 |             578 |        143 |      Fixed 
    29 |  JC69 |        36 |   2686 |             982 |        157 |      Fixed 
    30 |  JC69 |        36 |   2191 |             452 |        102 |      Fixed 
    31 |  JC69 |        36 |   2809 |             658 |        181 |      Fixed 
    32 |  JC69 |        36 |   2517 |            1350 |        200 |      Fixed 
    33 |  JC69 |        36 |   2796 |            1256 |        230 |      Fixed 
    34 |  JC69 |        36 |   2166 |             960 |        183 |      Fixed 
    35 |  JC69 |        36 |   1893 |             450 |        157 |      Fixed 
    36 |  JC69 |        36 |   1728 |            1096 |        179 |      Fixed 
    37 |  JC69 |        36 |   2263 |            1262 |        265 |      Fixed 
    38 |  JC69 |        36 |   2120 |             506 |        170 |      Fixed 
    39 |  JC69 |        36 |   2428 |             462 |        161 |      Fixed 
    40 |  JC69 |        36 |   3234 |            1621 |        213 |      Fixed 
    41 |  JC69 |        36 |   2250 |             533 |        176 |      Fixed 
    42 |  JC69 |        36 |   2641 |             775 |        220 |      Fixed 
    43 |  JC69 |        36 |   2632 |             423 |        156 |      Fixed 
    44 |  JC69 |        36 |   2269 |             672 |        151 |      Fixed 
    45 |  JC69 |        36 |   2467 |             898 |        163 |      Fixed 
    46 |  JC69 |        36 |   1764 |             821 |        145 |      Fixed 
    47 |  JC69 |        36 |   1738 |            1210 |        166 |      Fixed 
    48 |  JC69 |        36 |   2514 |             703 |        175 |      Fixed 
    49 |  JC69 |        36 |   1720 |             641 |        197 |      Fixed 
    50 |  JC69 |        36 |   2547 |            1795 |        151 |      Fixed 

Parsing map file... Done

Per-locus sequences in data and 'species&tree' tag:
C.File | Data |                Status                | Population
-------+------+--------------------------------------+-----------
     2 |    2 | [OK]                                 | P21_cyrtan
     4 |    4 | [OK]                                 | P15_angust
     3 |    3 | [OK]                                 | P31_angust
     5 |    5 | [OK]                                 | P6_scarla 
     3 |    3 | [OK]                                 | P34_scarla
     2 |    2 | [OK]                                 | P5_cyrtan 
     3 |    3 | [OK]                                 | P16_cyrtan
     3 |    3 | [OK]                                 | P27_cyrtan
     3 |    3 | [OK]                                 | P3_cyrtan 
     3 |    3 | [OK]                                 | P1_cyrtan 
     5 |    5 | [OK]                                 | P4_cyrtan 


Map of populations and ancestors (1 in map indicates ancestor):
   Species                                                                                                     1  2  3  4  5  6  7  8  9  10  11  12  13  14  15  16  17  18  19  20  21
 1 P21_cyrtan                                                                                                  1  0  0  0  0  0  0  0  0  0   0   1   0   0   0   0   0   0   0   0   0
 2 P15_angust                                                                                                  0  1  0  0  0  0  0  0  0  0   0   1   1   1   1   0   0   0   0   0   0
 3 P31_angust                                                                                                  0  0  1  0  0  0  0  0  0  0   0   1   1   1   1   0   0   0   0   0   0
 4 P6_scarla                                                                                                   0  0  0  1  0  0  0  0  0  0   0   1   1   1   0   1   0   0   0   0   0
 5 P34_scarla                                                                                                  0  0  0  0  1  0  0  0  0  0   0   1   1   1   0   1   0   0   0   0   0
 6 P5_cyrtan                                                                                                   0  0  0  0  0  1  0  0  0  0   0   1   1   0   0   0   1   0   0   0   0
 7 P16_cyrtan                                                                                                  0  0  0  0  0  0  1  0  0  0   0   1   1   0   0   0   1   1   0   0   0
 8 P27_cyrtan                                                                                                  0  0  0  0  0  0  0  1  0  0   0   1   1   0   0   0   1   1   1   0   0
 9 P3_cyrtan                                                                                                   0  0  0  0  0  0  0  0  1  0   0   1   1   0   0   0   1   1   1   1   0
10 P1_cyrtan                                                                                                   0  0  0  0  0  0  0  0  0  1   0   1   1   0   0   0   1   1   1   1   1
11 P4_cyrtan                                                                                                   0  0  0  0  0  0  0  0  0  0   1   1   1   0   0   0   1   1   1   1   1
12 P21_cyrtanP15_angustP31_angustP6_scarlaP34_scarlaP5_cyrtanP16_cyrtanP27_cyrtanP3_cyrtanP1_cyrtanP4_cyrtan   0  0  0  0  0  0  0  0  0  0   0   1   0   0   0   0   0   0   0   0   0
13 P15_angustP31_angustP6_scarlaP34_scarlaP5_cyrtanP16_cyrtanP27_cyrtanP3_cyrtanP1_cyrtanP4_cyrtan             0  0  0  0  0  0  0  0  0  0   0   1   1   0   0   0   0   0   0   0   0
14 P15_angustP31_angustP6_scarlaP34_scarla                                                                     0  0  0  0  0  0  0  0  0  0   0   1   1   1   0   0   0   0   0   0   0
15 P15_angustP31_angust                                                                                        0  0  0  0  0  0  0  0  0  0   0   1   1   1   1   0   0   0   0   0   0
16 P6_scarlaP34_scarla                                                                                         0  0  0  0  0  0  0  0  0  0   0   1   1   1   0   1   0   0   0   0   0
17 P5_cyrtanP16_cyrtanP27_cyrtanP3_cyrtanP1_cyrtanP4_cyrtan                                                    0  0  0  0  0  0  0  0  0  0   0   1   1   0   0   0   1   0   0   0   0
18 P16_cyrtanP27_cyrtanP3_cyrtanP1_cyrtanP4_cyrtan                                                             0  0  0  0  0  0  0  0  0  0   0   1   1   0   0   0   1   1   0   0   0
19 P27_cyrtanP3_cyrtanP1_cyrtanP4_cyrtan                                                                       0  0  0  0  0  0  0  0  0  0   0   1   1   0   0   0   1   1   1   0   0
20 P3_cyrtanP1_cyrtanP4_cyrtan                                                                                 0  0  0  0  0  0  0  0  0  0   0   1   1   0   0   0   1   1   1   1   0
21 P1_cyrtanP4_cyrtan                                                                                          0  0  0  0  0  0  0  0  0  0   0   1   1   0   0   0   1   1   1   1   1

Counting delimitations...
[ 11 ]  1 1 1 1 1 1 1 1 1 1 1       nD =   1  Trees = 654729075  Guide =    1  pro=654729075
[ 10 ]  1 1 1 1 1 1 1 1 1 2         nD =  55  Trees = 34459425  Guide =    1  pro=1895268375
[  9 ]  1 1 1 1 1 1 1 1 3           nD = 165  Trees = 2027025  Guide =    3  pro=1003377375
[  9 ]  1 1 1 1 1 1 1 2 2           nD = 990  Trees = 2027025  Guide =    1  pro=2006754750
[  8 ]  1 1 1 1 1 1 1 4             nD = 330  Trees = 135135  Guide =   15  pro=668918250
[  8 ]  1 1 1 1 1 1 2 3             nD = 4620  Trees = 135135  Guide =    3  pro=1872971100
[  7 ]  1 1 1 1 1 1 5               nD = 462  Trees = 10395  Guide =  105  pro=504261450
[  8 ]  1 1 1 1 1 2 2 2             nD = 6930  Trees = 135135  Guide =    1  pro=936485550
[  7 ]  1 1 1 1 1 2 4               nD = 6930  Trees = 10395  Guide =   15  pro=1080560250
[  7 ]  1 1 1 1 1 3 3               nD = 4620  Trees = 10395  Guide =    9  pro=432224100
[  6 ]  1 1 1 1 1 6                 nD = 462  Trees =  945  Guide =  945  pro=412577550
[  7 ]  1 1 1 1 2 2 3               nD = 34650  Trees = 10395  Guide =    3  pro=1080560250
[  6 ]  1 1 1 1 2 5                 nD = 6930  Trees =  945  Guide =  105  pro=687629250
[  6 ]  1 1 1 1 3 4                 nD = 11550  Trees =  945  Guide =   45  pro=491163750
[  5 ]  1 1 1 1 7                   nD = 330  Trees =  105  Guide = 10395  pro=360186750
[  7 ]  1 1 1 2 2 2 2               nD = 17325  Trees = 10395  Guide =    1  pro=180093375
[  6 ]  1 1 1 2 2 4                 nD = 34650  Trees =  945  Guide =   15  pro=491163750
[  6 ]  1 1 1 2 3 3                 nD = 46200  Trees =  945  Guide =    9  pro=392931000
[  5 ]  1 1 1 2 6                   nD = 4620  Trees =  105  Guide =  945  pro=458419500
[  5 ]  1 1 1 3 5                   nD = 9240  Trees =  105  Guide =  315  pro=305613000
[  5 ]  1 1 1 4 4                   nD = 5775  Trees =  105  Guide =  225  pro=136434375
[  4 ]  1 1 1 8                     nD = 165  Trees =   15  Guide = 135135  pro=334459125
[  6 ]  1 1 2 2 2 3                 nD = 69300  Trees =  945  Guide =    3  pro=196465500
[  5 ]  1 1 2 2 5                   nD = 20790  Trees =  105  Guide =  105  pro=229209750
[  5 ]  1 1 2 3 4                   nD = 69300  Trees =  105  Guide =   45  pro=327442500
[  4 ]  1 1 2 7                     nD = 1980  Trees =   15  Guide = 10395  pro=308731500
[  5 ]  1 1 3 3 3                   nD = 15400  Trees =  105  Guide =   27  pro=43659000
[  4 ]  1 1 3 6                     nD = 4620  Trees =   15  Guide = 2835  pro=196465500
[  4 ]  1 1 4 5                     nD = 6930  Trees =   15  Guide = 1575  pro=163721250
[  3 ]  1 1 9                       nD =  55  Trees =    3  Guide = 2027025  pro=334459125
[  6 ]  1 2 2 2 2 2                 nD = 10395  Trees =  945  Guide =    1  pro=9823275
[  5 ]  1 2 2 2 4                   nD = 34650  Trees =  105  Guide =   15  pro=54573750
[  5 ]  1 2 2 3 3                   nD = 69300  Trees =  105  Guide =    9  pro=65488500
[  4 ]  1 2 2 6                     nD = 6930  Trees =   15  Guide =  945  pro=98232750
[  4 ]  1 2 3 5                     nD = 27720  Trees =   15  Guide =  315  pro=130977000
[  4 ]  1 2 4 4                     nD = 17325  Trees =   15  Guide =  225  pro=58471875
[  3 ]  1 2 8                       nD = 495  Trees =    3  Guide = 135135  pro=200675475
[  4 ]  1 3 3 4                     nD = 23100  Trees =   15  Guide =  135  pro=46777500
[  3 ]  1 3 7                       nD = 1320  Trees =    3  Guide = 31185  pro=123492600
[  3 ]  1 4 6                       nD = 2310  Trees =    3  Guide = 14175  pro=98232750
[  3 ]  1 5 5                       nD = 1386  Trees =    3  Guide = 11025  pro=45841950
[  2 ]  1 10                         nD =  11  Trees =    1  Guide = 34459425  pro=379053675
[  5 ]  2 2 2 2 3                   nD = 17325  Trees =  105  Guide =    3  pro=5457375
[  4 ]  2 2 2 5                     nD = 6930  Trees =   15  Guide =  105  pro=10914750
[  4 ]  2 2 3 4                     nD = 34650  Trees =   15  Guide =   45  pro=23388750
[  3 ]  2 2 7                       nD = 990  Trees =    3  Guide = 10395  pro=30873150
[  4 ]  2 3 3 3                     nD = 15400  Trees =   15  Guide =   27  pro=6237000
[  3 ]  2 3 6                       nD = 4620  Trees =    3  Guide = 2835  pro=39293100
[  3 ]  2 4 5                       nD = 6930  Trees =    3  Guide = 1575  pro=32744250
[  2 ]  2 9                         nD =  55  Trees =    1  Guide = 2027025  pro=111486375
[  3 ]  3 3 5                       nD = 4620  Trees =    3  Guide =  945  pro=13097700
[  3 ]  3 4 4                       nD = 5775  Trees =    3  Guide =  675  pro=11694375
[  2 ]  3 8                         nD = 165  Trees =    1  Guide = 405405  pro=66891825
[  2 ]  4 7                         nD = 330  Trees =    1  Guide = 155925  pro=51455250
[  2 ]  5 6                         nD = 462  Trees =    1  Guide = 99225  pro=45841950
[  1 ]  11                           nD =   1  Trees =    1  Guide = 654729075  pro=654729075
Generating gene trees.... Done

Initial MSC density and log-likelihood of observing data:
log-PG0 = 7716.886247   log-L0 = -376639.065034

0:01 taken to read and process data..
Restarting timer...


-*- Glossary of terms -*-

  Prgs: progress of MCMC run (negative progress means burnin)
  Gage: gene-tree age proposal
  Gspr: gene-tree SPR proposal
  thet: species tree theta proposal
   tau: species tree tau proposal
   mix: mixing proposal
    sp: number of delimited specices
    np: number of parameters
  mldp: most likelely delimitation and probability
mthet1: root node mean theta
 mtau1: root node mean tau
log-PG: log-probability of gene trees (MSC)
 log-L: mean log-L of observing data

     |     Acceptance proportions (pjump)     |
Prgs | Gage Gspr thet  tau  mix   Sspr     rj | sp np         mldp   mtau1       log-PG          log-L
------------------------------------------------------------------------------------------------------


                      Gage    Gspr    thet     tau     mix lrht  phi   pi qmat alfa mubr nubr mu_i nu_i brte
Current Pjump:     0.54293 0.00359 0.00000 0.13821 0.40200   -    -    -    -    -    -    -    -    -    - 
Current finetune:  0.02000 0.02000 0.02000 0.02000 0.02000   -    -    -    -    -    -    -    -    -    - 
New finetune:      0.04494 0.00022 0.00020 0.00866 0.02871   -    -    -    -    -    -    -    -    -    - 

  -0%  0.57 0.16 0.00 0.13 0.24 0.0020 0.0000    6  5  P[9]=0.2760 0.0031   6255.38902  -245220.16441

                      Gage    Gspr    thet     tau     mix lrht  phi   pi qmat alfa mubr nubr mu_i nu_i brte
Current Pjump:     0.56660 0.15953 0.00000 0.12564 0.24200   -    -    -    -    -    -    -    -    -    - 
Current finetune:  0.04494 0.00022 0.00020 0.00866 0.02871   -    -    -    -    -    -    -    -    -    - 
New finetune:      0.10889 0.00011 0.00000 0.00340 0.02251   -    -    -    -    -    -    -    -    -    - 



                      Gage    Gspr    thet     tau     mix lrht  phi   pi qmat alfa mubr nubr mu_i nu_i brte
Current Pjump:     0.54990 0.17364 0.00000 0.09273 0.33200   -    -    -    -    -    -    -    -    -    - 
Current finetune:  0.10889 0.00011 0.00000 0.00340 0.02251   -    -    -    -    -    -    -    -    -    - 
New finetune:      0.25014 0.00006 0.00000 0.00098 0.02539   -    -    -    -    -    -    -    -    -    - 

   0%  0.55 0.19 0.00 0.05 0.25 0.0000 0.0000    7  6  P[7]=0.9980 0.0026   6306.08536  -244588.22886  2:17


                      Gage    Gspr    thet     tau     mix lrht  phi   pi qmat alfa mubr nubr mu_i nu_i brte
Current Pjump:     0.54674 0.18905 0.00000 0.05133 0.25400   -    -    -    -    -    -    -    -    -    - 
Current finetune:  0.25014 0.00006 0.00000 0.00098 0.02539   -    -    -    -    -    -    -    -    -    - 
New finetune:      0.56887 0.00004 0.00000 0.00016 0.02100   -    -    -    -    -    -    -    -    -    - 

   1%  0.55 0.20 0.00 0.17 0.33 0.0000 0.0000    7  6  P[6]=0.5110 0.0025   6321   1%  0.55 0.20 0.00 0.17 0.32 0.0000 0.0000    6  5  P[6]=0.6405 0.0026   6195   2%  0.55 0.20 0.00 0.16 0.33 0.0000 0.0000    6  5  P[6]=0.7100 0.0026   6304   2%  0.55 0.20 0.00 0.16 0.33 0.0000 0.0000    6  5  P[6]=0.6750 0.0026   6255   3%  0.55 0.20 0.00 0.16 0.33 0.0000 0.0000    7  6  P[6]=0.6568 0.0025   6242.33649  -244525.27405

   5%  0.55 0.20 0.00 0.17 0.32 0.0000 0.0000    7  6  P[7]=0.4724 0.0025   6232.61616  -244511.52231  46:51
  10%  0.56 0.20 0.00 0.18 0.32 0.0013 0.0000    6  5  P[6]=0.5134 0.0026   6260.48982  -244498.11996  1:10:47
  15%  0.56 0.20 0.00 0.18 0.32 0.0008 0.0000    6  5  P[6]=0.5539 0.0026   6231.51495  -244494.23708  1:33:38
  20%  0.56 0.20 0.00 0.18 0.32 0.0006 0.0000    5  4  P[6]=0.6165 0.0026   6160.24574  -244488.62613  1:56:30
  25%  0.56 0.20 0.00 0.19 0.32 0.0005 0.0000    6  5  P[6]=0.6326 0.0026   6296.85457  -244483.79787  2:19:25
  30%  0.56 0.20 0.00 0.19 0.32 0.0004 0.0000    6  5  P[6]=0.6471 0.0026   6365.45595  -244480.59927  2:42:19
  35%  0.56 0.20 0.00 0.19 0.32 0.0004 0.0000    6  5  P[6]=0.6378 0.0026   6200.14794  -244478.93836  3:05:12
  40%  0.56 0.20 0.00 0.19 0.32 0.0003 0.0000    6  5  P[6]=0.6625 0.0027   6261.36482  -244478.34115  3:28:07
  45%  0.56 0.20 0.00 0.19 0.32 0.0003 0.0000    6  5  P[6]=0.6553 0.0027   6252.48726  -244478.90542  3:51:05
  50%  0.57 0.20 0.00 0.19 0.32 0.0003 0.0000    5  4  P[6]=0.6356 0.0027   6183.50785  -244480.58780  4:15:49
  55%  0.57 0.20 0.00 0.19 0.32 0.0004 0.0000    6  5  P[6]=0.6352 0.0027   6295.68344  -244480.46581  4:41:42
  60%  0.57 0.20 0.00 0.19 0.33 0.0003 0.0000    5  4  P[6]=0.6374 0.0027   6212.85829  -244480.70456  5:05:36
  65%  0.57 0.20 0.00 0.19 0.33 0.0003 0.0000    6  5  P[6]=0.6265 0.0027   6210.71511  -244480.93247  5:29:29
  70%  0.57 0.20 0.00 0.19 0.33 0.0003 0.0000    6  5  P[6]=0.6321 0.0027   6151.30697  -244481.20060  5:53:22
  75%  0.57 0.20 0.00 0.19 0.33 0.0003 0.0000    5  4  P[6]=0.6233 0.0027   6182.89428  -244480.79733  6:17:13
  80%  0.57 0.20 0.00 0.19 0.33 0.0003 0.0000    6  5  P[6]=0.6373 0.0027   6306.70674  -244479.70864  6:41:09
  85%  0.57 0.20 0.00 0.19 0.33 0.0003 0.0000    6  5  P[6]=0.6493 0.0027   6269.69160  -244480.17804  7:05:04
  90%  0.57 0.20 0.00 0.19 0.33 0.0002 0.0000    5  4  P[6]=0.6474 0.0027   6136.37956  -244480.09157  7:28:59
  95%  0.57 0.20 0.00 0.19 0.33 0.0003 0.0000    6  5  P[6]=0.6404 0.0027   6236.47788  -244479.82358  7:52:50
 100%  0.57 0.20 0.00 0.19 0.33 0.0003 0.0000    5  4  P[6]=0.6376 0.0027   6160.05655  -244479.51788  8:16:46

8:16:46 spent in MCMC


(A) List of best models (count postP #species SpeciesTree)
51934 0.519340 0.519340 6  (P15_angust P16_cyrtanP21_cyrtanP5_cyrtan P1_cyrtanP27_cyrtanP3_cyrtanP4_cyrtan P31_angust P34_scarla P6_scarla)  (((P15_angust, P31_angust), (P34_scarla, P6_scarla)), (P16_cyrtanP21_cyrtanP5_cyrtan, P1_cyrtanP27_cyrtanP3_cyrtanP4_cyrtan));
17705 0.177050 0.696390 5  (P15_angust P16_cyrtanP21_cyrtanP5_cyrtan P1_cyrtanP27_cyrtanP3_cyrtanP4_cyrtan P31_angust P34_scarlaP6_scarla)  (((P15_angust, P31_angust), P34_scarlaP6_scarla), (P16_cyrtanP21_cyrtanP5_cyrtan, P1_cyrtanP27_cyrtanP3_cyrtanP4_cyrtan));
 8322 0.083220 0.779610 6  (P15_angust P16_cyrtanP5_cyrtan P1_cyrtanP21_cyrtanP27_cyrtanP3_cyrtanP4_cyrtan P31_angust P34_scarla P6_scarla)  (((P15_angust, P31_angust), (P34_scarla, P6_scarla)), (P16_cyrtanP5_cyrtan, P1_cyrtanP21_cyrtanP27_cyrtanP3_cyrtanP4_cyrtan));
 4346 0.043460 0.823070 5  (P15_angustP31_angust P16_cyrtanP21_cyrtanP5_cyrtan P1_cyrtanP27_cyrtanP3_cyrtanP4_cyrtan P34_scarla P6_scarla)  ((P15_angustP31_angust, (P34_scarla, P6_scarla)), (P16_cyrtanP21_cyrtanP5_cyrtan, P1_cyrtanP27_cyrtanP3_cyrtanP4_cyrtan));
 3419 0.034190 0.857260 5  (P15_angust P16_cyrtanP5_cyrtan P1_cyrtanP21_cyrtanP27_cyrtanP3_cyrtanP4_cyrtan P31_angust P34_scarlaP6_scarla)  (((P15_angust, P31_angust), P34_scarlaP6_scarla), (P16_cyrtanP5_cyrtan, P1_cyrtanP21_cyrtanP27_cyrtanP3_cyrtanP4_cyrtan));
 2610 0.026100 0.883360 7  (P15_angust P16_cyrtanP5_cyrtan P1_cyrtanP27_cyrtanP3_cyrtanP4_cyrtan P21_cyrtan P31_angust P34_scarla P6_scarla)  ((((P15_angust, P31_angust), (P34_scarla, P6_scarla)), (P16_cyrtanP5_cyrtan, P1_cyrtanP27_cyrtanP3_cyrtanP4_cyrtan)), P21_cyrtan);
 2479 0.024790 0.908150 4  (P15_angustP31_angust P16_cyrtanP21_cyrtanP5_cyrtan P1_cyrtanP27_cyrtanP3_cyrtanP4_cyrtan P34_scarlaP6_scarla)  ((P15_angustP31_angust, P34_scarlaP6_scarla), (P16_cyrtanP21_cyrtanP5_cyrtan, P1_cyrtanP27_cyrtanP3_cyrtanP4_cyrtan));
 1939 0.019390 0.927540 6  (P15_angust P16_cyrtanP5_cyrtan P1_cyrtanP27_cyrtanP3_cyrtanP4_cyrtan P21_cyrtan P31_angust P34_scarlaP6_scarla)  ((((P15_angust, P31_angust), P34_scarlaP6_scarla), (P16_cyrtanP5_cyrtan, P1_cyrtanP27_cyrtanP3_cyrtanP4_cyrtan)), P21_cyrtan);
 1378 0.013780 0.941320 4  (P15_angustP31_angust P16_cyrtanP5_cyrtan P1_cyrtanP21_cyrtanP27_cyrtanP3_cyrtanP4_cyrtan P34_scarlaP6_scarla)  ((P15_angustP31_angust, P34_scarlaP6_scarla), (P16_cyrtanP5_cyrtan, P1_cyrtanP21_cyrtanP27_cyrtanP3_cyrtanP4_cyrtan));
 1208 0.012080 0.953400 5  (P15_angustP31_angust P16_cyrtanP5_cyrtan P1_cyrtanP21_cyrtanP27_cyrtanP3_cyrtanP4_cyrtan P34_scarla P6_scarla)  ((P15_angustP31_angust, (P34_scarla, P6_scarla)), (P16_cyrtanP5_cyrtan, P1_cyrtanP21_cyrtanP27_cyrtanP3_cyrtanP4_cyrtan));
 1201 0.012010 0.965410 7  (P15_angust P16_cyrtanP5_cyrtan P1_cyrtanP27_cyrtanP3_cyrtanP4_cyrtan P21_cyrtan P31_angust P34_scarla P6_scarla)  (((P15_angust, P31_angust), (P34_scarla, P6_scarla)), ((P16_cyrtanP5_cyrtan, P1_cyrtanP27_cyrtanP3_cyrtanP4_cyrtan), P21_cyrtan));
  567 0.005670 0.971080 6  (P15_angustP31_angust P16_cyrtanP5_cyrtan P1_cyrtanP27_cyrtanP3_cyrtanP4_cyrtan P21_cyrtan P34_scarla P6_scarla)  (((P15_angustP31_angust, (P34_scarla, P6_scarla)), (P16_cyrtanP5_cyrtan, P1_cyrtanP27_cyrtanP3_cyrtanP4_cyrtan)), P21_cyrtan);
  456 0.004560 0.975640 7  (P15_angust P16_cyrtanP5_cyrtan P1_cyrtanP27_cyrtanP3_cyrtanP4_cyrtan P21_cyrtan P31_angust P34_scarla P6_scarla)  (((P15_angust, P31_angust), (P34_scarla, P6_scarla)), ((P16_cyrtanP5_cyrtan, P21_cyrtan), P1_cyrtanP27_cyrtanP3_cyrtanP4_cyrtan));
  239 0.002390 0.978030 7  (P15_angust P16_cyrtanP5_cyrtan P1_cyrtanP27_cyrtanP3_cyrtanP4_cyrtan P21_cyrtan P31_angust P34_scarla P6_scarla)  (((P15_angust, P31_angust), (P34_scarla, P6_scarla)), (P16_cyrtanP5_cyrtan, (P1_cyrtanP27_cyrtanP3_cyrtanP4_cyrtan, P21_cyrtan)));
  238 0.002380 0.980410 5  (P15_angustP31_angust P16_cyrtanP5_cyrtan P1_cyrtanP27_cyrtanP3_cyrtanP4_cyrtan P21_cyrtan P34_scarlaP6_scarla)  (((P15_angustP31_angust, P34_scarlaP6_scarla), (P16_cyrtanP5_cyrtan, P1_cyrtanP27_cyrtanP3_cyrtanP4_cyrtan)), P21_cyrtan);
  230 0.002300 0.982710 5  (P15_angust P16_cyrtanP5_cyrtan P1_cyrtanP21_cyrtanP27_cyrtanP3_cyrtanP4_cyrtan P31_angust P34_scarlaP6_scarla)  (((P15_angust, P34_scarlaP6_scarla), P31_angust), (P16_cyrtanP5_cyrtan, P1_cyrtanP21_cyrtanP27_cyrtanP3_cyrtanP4_cyrtan));
  176 0.001760 0.984470 6  (P15_angust P16_cyrtanP5_cyrtan P1_cyrtanP27_cyrtanP3_cyrtanP4_cyrtan P21_cyrtan P31_angust P34_scarlaP6_scarla)  (((P15_angust, P31_angust), P34_scarlaP6_scarla), ((P16_cyrtanP5_cyrtan, P1_cyrtanP27_cyrtanP3_cyrtanP4_cyrtan), P21_cyrtan));
  155 0.001550 0.986020 7  (P15_angust P16_cyrtanP21_cyrtanP5_cyrtan P1_cyrtanP3_cyrtanP4_cyrtan P27_cyrtan P31_angust P34_scarla P6_scarla)  (((P15_angust, P31_angust), (P34_scarla, P6_scarla)), (P16_cyrtanP21_cyrtanP5_cyrtan, (P1_cyrtanP3_cyrtanP4_cyrtan, P27_cyrtan)));
  148 0.001480 0.987500 6  (P15_angust P16_cyrtanP21_cyrtanP5_cyrtan P1_cyrtanP27_cyrtanP3_cyrtanP4_cyrtan P31_angust P34_scarla P6_scarla)  (((P15_angust, (P34_scarla, P6_scarla)), P31_angust), (P16_cyrtanP21_cyrtanP5_cyrtan, P1_cyrtanP27_cyrtanP3_cyrtanP4_cyrtan));
  136 0.001360 0.988860 6  (P15_angust P16_cyrtanP21_cyrtanP5_cyrtan P1_cyrtanP27_cyrtanP3_cyrtanP4_cyrtan P31_angust P34_scarla P6_scarla)  ((P15_angust, (P31_angust, (P34_scarla, P6_scarla))), (P16_cyrtanP21_cyrtanP5_cyrtan, P1_cyrtanP27_cyrtanP3_cyrtanP4_cyrtan));
  134 0.001340 0.990200 6  (P15_angust P16_cyrtanP5_cyrtan P1_cyrtanP27_cyrtanP3_cyrtanP4_cyrtan P21_cyrtan P31_angust P34_scarlaP6_scarla)  (((P15_angust, P31_angust), P34_scarlaP6_scarla), ((P16_cyrtanP5_cyrtan, P21_cyrtan), P1_cyrtanP27_cyrtanP3_cyrtanP4_cyrtan));
  113 0.001130 0.991330 5  (P15_angust P16_cyrtanP21_cyrtanP5_cyrtan P1_cyrtanP27_cyrtanP3_cyrtanP4_cyrtan P31_angust P34_scarlaP6_scarla)  ((P15_angust, (P31_angust, P34_scarlaP6_scarla)), (P16_cyrtanP21_cyrtanP5_cyrtan, P1_cyrtanP27_cyrtanP3_cyrtanP4_cyrtan));
  108 0.001080 0.992410 7  (P15_angust P16_cyrtan P1_cyrtanP21_cyrtanP27_cyrtanP3_cyrtanP4_cyrtan P31_angust P34_scarla P5_cyrtan P6_scarla)  (((P15_angust, P31_angust), (P34_scarla, P6_scarla)), ((P16_cyrtan, P5_cyrtan), P1_cyrtanP21_cyrtanP27_cyrtanP3_cyrtanP4_cyrtan));
   94 0.000940 0.993350 6  (P15_angust P16_cyrtanP5_cyrtan P1_cyrtanP21_cyrtanP27_cyrtanP3_cyrtanP4_cyrtan P31_angust P34_scarla P6_scarla)  ((P15_angust, (P31_angust, (P34_scarla, P6_scarla))), (P16_cyrtanP5_cyrtan, P1_cyrtanP21_cyrtanP27_cyrtanP3_cyrtanP4_cyrtan));
   88 0.000880 0.994230 6  (P15_angust P16_cyrtanP5_cyrtan P1_cyrtanP21_cyrtanP27_cyrtanP3_cyrtanP4_cyrtan P31_angust P34_scarla P6_scarla)  (((P15_angust, (P34_scarla, P6_scarla)), P31_angust), (P16_cyrtanP5_cyrtan, P1_cyrtanP21_cyrtanP27_cyrtanP3_cyrtanP4_cyrtan));
   69 0.000690 0.994920 6  (P15_angustP31_angust P16_cyrtanP5_cyrtan P1_cyrtanP27_cyrtanP3_cyrtanP4_cyrtan P21_cyrtan P34_scarla P6_scarla)  ((P15_angustP31_angust, (P34_scarla, P6_scarla)), ((P16_cyrtanP5_cyrtan, P1_cyrtanP27_cyrtanP3_cyrtanP4_cyrtan), P21_cyrtan));
   64 0.000640 0.995560 5  (P15_angust P16_cyrtanP5_cyrtan P1_cyrtanP21_cyrtanP27_cyrtanP3_cyrtanP4_cyrtan P31_angust P34_scarlaP6_scarla)  ((P15_angust, (P31_angust, P34_scarlaP6_scarla)), (P16_cyrtanP5_cyrtan, P1_cyrtanP21_cyrtanP27_cyrtanP3_cyrtanP4_cyrtan));
   62 0.000620 0.996180 6  (P15_angust P16_cyrtan P1_cyrtanP21_cyrtanP27_cyrtanP3_cyrtanP4_cyrtan P31_angust P34_scarlaP6_scarla P5_cyrtan)  (((P15_angust, P31_angust), P34_scarlaP6_scarla), ((P16_cyrtan, P5_cyrtan), P1_cyrtanP21_cyrtanP27_cyrtanP3_cyrtanP4_cyrtan));
   53 0.000530 0.996710 8  (P15_angust P16_cyrtan P1_cyrtanP27_cyrtanP3_cyrtanP4_cyrtan P21_cyrtan P31_angust P34_scarla P5_cyrtan P6_scarla)  ((((P15_angust, P31_angust), (P34_scarla, P6_scarla)), ((P16_cyrtan, P5_cyrtan), P1_cyrtanP27_cyrtanP3_cyrtanP4_cyrtan)), P21_cyrtan);
   48 0.000480 0.997190 5  (P15_angust P16_cyrtanP21_cyrtanP5_cyrtan P1_cyrtanP27_cyrtanP3_cyrtanP4_cyrtan P31_angust P34_scarlaP6_scarla)  (((P15_angust, P34_scarlaP6_scarla), P31_angust), (P16_cyrtanP21_cyrtanP5_cyrtan, P1_cyrtanP27_cyrtanP3_cyrtanP4_cyrtan));
   42 0.000420 0.997610 8  (P15_angust P16_cyrtan P1_cyrtanP27_cyrtanP3_cyrtanP4_cyrtan P21_cyrtan P31_angust P34_scarla P5_cyrtan P6_scarla)  (((P15_angust, P31_angust), (P34_scarla, P6_scarla)), (((P16_cyrtan, P5_cyrtan), P1_cyrtanP27_cyrtanP3_cyrtanP4_cyrtan), P21_cyrtan));
   30 0.000300 0.997910 7  (P15_angust P16_cyrtan P1_cyrtanP27_cyrtanP3_cyrtanP4_cyrtan P21_cyrtan P31_angust P34_scarlaP6_scarla P5_cyrtan)  ((((P15_angust, P31_angust), P34_scarlaP6_scarla), ((P16_cyrtan, P5_cyrtan), P1_cyrtanP27_cyrtanP3_cyrtanP4_cyrtan)), P21_cyrtan);
   29 0.000290 0.998200 6  (P15_angustP31_angust P16_cyrtan P1_cyrtanP21_cyrtanP27_cyrtanP3_cyrtanP4_cyrtan P34_scarla P5_cyrtan P6_scarla)  ((P15_angustP31_angust, (P34_scarla, P6_scarla)), ((P16_cyrtan, P5_cyrtan), P1_cyrtanP21_cyrtanP27_cyrtanP3_cyrtanP4_cyrtan));
   27 0.000270 0.998470 5  (P15_angustP31_angust P16_cyrtanP5_cyrtan P1_cyrtanP27_cyrtanP3_cyrtanP4_cyrtan P21_cyrtan P34_scarlaP6_scarla)  ((P15_angustP31_angust, P34_scarlaP6_scarla), ((P16_cyrtanP5_cyrtan, P21_cyrtan), P1_cyrtanP27_cyrtanP3_cyrtanP4_cyrtan));
   24 0.000240 0.998710 6  (P15_angustP31_angust P16_cyrtan P1_cyrtanP27_cyrtanP3_cyrtanP4_cyrtan P21_cyrtan P34_scarlaP6_scarla P5_cyrtan)  (((P15_angustP31_angust, P34_scarlaP6_scarla), ((P16_cyrtan, P5_cyrtan), P1_cyrtanP27_cyrtanP3_cyrtanP4_cyrtan)), P21_cyrtan);
   23 0.000230 0.998940 7  (P15_angust P16_cyrtanP5_cyrtan P1_cyrtanP27_cyrtanP3_cyrtanP4_cyrtan P21_cyrtan P31_angust P34_scarla P6_scarla)  ((((P15_angust, P31_angust), (P34_scarla, P6_scarla)), P21_cyrtan), (P16_cyrtanP5_cyrtan, P1_cyrtanP27_cyrtanP3_cyrtanP4_cyrtan));
   17 0.000170 0.999110 6  (P15_angust P16_cyrtanP21_cyrtanP5_cyrtan P1_cyrtanP3_cyrtanP4_cyrtan P27_cyrtan P31_angust P34_scarlaP6_scarla)  (((P15_angust, P31_angust), P34_scarlaP6_scarla), (P16_cyrtanP21_cyrtanP5_cyrtan, (P1_cyrtanP3_cyrtanP4_cyrtan, P27_cyrtan)));
   15 0.000150 0.999260 5  (P15_angustP31_angust P16_cyrtanP21_cyrtanP5_cyrtan P1_cyrtanP3_cyrtanP4_cyrtan P27_cyrtan P34_scarlaP6_scarla)  ((P15_angustP31_angust, P34_scarlaP6_scarla), (P16_cyrtanP21_cyrtanP5_cyrtan, (P1_cyrtanP3_cyrtanP4_cyrtan, P27_cyrtan)));
   13 0.000130 0.999390 6  (P15_angustP31_angust P16_cyrtanP5_cyrtan P1_cyrtanP27_cyrtanP3_cyrtanP4_cyrtan P21_cyrtan P34_scarla P6_scarla)  ((P15_angustP31_angust, (P34_scarla, P6_scarla)), ((P16_cyrtanP5_cyrtan, P21_cyrtan), P1_cyrtanP27_cyrtanP3_cyrtanP4_cyrtan));
   13 0.000130 0.999520 7  (P15_angust P16_cyrtanP5_cyrtan P1_cyrtanP27_cyrtanP3_cyrtanP4_cyrtan P21_cyrtan P31_angust P34_scarla P6_scarla)  (((P15_angust, (P34_scarla, P6_scarla)), P31_angust), ((P16_cyrtanP5_cyrtan, P21_cyrtan), P1_cyrtanP27_cyrtanP3_cyrtanP4_cyrtan));
   10 0.000100 0.999620 7  (P15_angustP31_angust P16_cyrtan P1_cyrtanP27_cyrtanP3_cyrtanP4_cyrtan P21_cyrtan P34_scarla P5_cyrtan P6_scarla)  (((P15_angustP31_angust, (P34_scarla, P6_scarla)), ((P16_cyrtan, P5_cyrtan), P1_cyrtanP27_cyrtanP3_cyrtanP4_cyrtan)), P21_cyrtan);
    9 0.000090 0.999710 5  (P15_angustP31_angust P16_cyrtan P1_cyrtanP21_cyrtanP27_cyrtanP3_cyrtanP4_cyrtan P34_scarlaP6_scarla P5_cyrtan)  ((P15_angustP31_angust, P34_scarlaP6_scarla), ((P16_cyrtan, P5_cyrtan), P1_cyrtanP21_cyrtanP27_cyrtanP3_cyrtanP4_cyrtan));
    8 0.000080 0.999790 7  (P15_angust P16_cyrtan P1_cyrtanP27_cyrtanP3_cyrtanP4_cyrtan P21_cyrtan P31_angust P34_scarlaP6_scarla P5_cyrtan)  (((P15_angust, P31_angust), P34_scarlaP6_scarla), (((P16_cyrtan, P5_cyrtan), P1_cyrtanP27_cyrtanP3_cyrtanP4_cyrtan), P21_cyrtan));
    6 0.000060 0.999850 6  (P15_angustP31_angust P16_cyrtanP21_cyrtanP5_cyrtan P1_cyrtanP3_cyrtanP4_cyrtan P27_cyrtan P34_scarla P6_scarla)  ((P15_angustP31_angust, (P34_scarla, P6_scarla)), (P16_cyrtanP21_cyrtanP5_cyrtan, (P1_cyrtanP3_cyrtanP4_cyrtan, P27_cyrtan)));
    6 0.000060 0.999910 8  (P15_angust P16_cyrtanP5_cyrtan P1_cyrtanP3_cyrtanP4_cyrtan P21_cyrtan P27_cyrtan P31_angust P34_scarla P6_scarla)  ((((P15_angust, P31_angust), (P34_scarla, P6_scarla)), (P16_cyrtanP5_cyrtan, (P1_cyrtanP3_cyrtanP4_cyrtan, P27_cyrtan))), P21_cyrtan);
    4 0.000040 0.999950 7  (P15_angust P16_cyrtan P1_cyrtanP21_cyrtanP27_cyrtanP3_cyrtanP4_cyrtan P31_angust P34_scarla P5_cyrtan P6_scarla)  (((P15_angust, (P34_scarla, P6_scarla)), P31_angust), ((P16_cyrtan, P5_cyrtan), P1_cyrtanP21_cyrtanP27_cyrtanP3_cyrtanP4_cyrtan));
    2 0.000020 0.999970 7  (P15_angust P16_cyrtanP5_cyrtan P1_cyrtanP27_cyrtanP3_cyrtanP4_cyrtan P21_cyrtan P31_angust P34_scarla P6_scarla)  ((P15_angust, (P31_angust, (P34_scarla, P6_scarla))), ((P16_cyrtanP5_cyrtan, P21_cyrtan), P1_cyrtanP27_cyrtanP3_cyrtanP4_cyrtan));
    2 0.000020 0.999990 8  (P15_angust P16_cyrtanP5_cyrtan P1_cyrtanP3_cyrtanP4_cyrtan P21_cyrtan P27_cyrtan P31_angust P34_scarla P6_scarla)  (((P15_angust, P31_angust), (P34_scarla, P6_scarla)), ((P16_cyrtanP5_cyrtan, P21_cyrtan), (P1_cyrtanP3_cyrtanP4_cyrtan, P27_cyrtan)));
    1 0.000010 1.000000 6  (P15_angust P16_cyrtan P1_cyrtanP21_cyrtanP27_cyrtanP3_cyrtanP4_cyrtan P31_angust P34_scarlaP6_scarla P5_cyrtan)  (((P15_angust, P34_scarlaP6_scarla), P31_angust), ((P16_cyrtan, P5_cyrtan), P1_cyrtanP21_cyrtanP27_cyrtanP3_cyrtanP4_cyrtan));

(B) 25 species delimitations & their posterior probabilities
52218 0.522180   6 (P15_angust P16_cyrtanP21_cyrtanP5_cyrtan P1_cyrtanP27_cyrtanP3_cyrtanP4_cyrtan P31_angust P34_scarla P6_scarla)
17866 0.178660   5 (P15_angust P16_cyrtanP21_cyrtanP5_cyrtan P1_cyrtanP27_cyrtanP3_cyrtanP4_cyrtan P31_angust P34_scarlaP6_scarla)
 8504 0.085040   6 (P15_angust P16_cyrtanP5_cyrtan P1_cyrtanP21_cyrtanP27_cyrtanP3_cyrtanP4_cyrtan P31_angust P34_scarla P6_scarla)
 4544 0.045440   7 (P15_angust P16_cyrtanP5_cyrtan P1_cyrtanP27_cyrtanP3_cyrtanP4_cyrtan P21_cyrtan P31_angust P34_scarla P6_scarla)
 4346 0.043460   5 (P15_angustP31_angust P16_cyrtanP21_cyrtanP5_cyrtan P1_cyrtanP27_cyrtanP3_cyrtanP4_cyrtan P34_scarla P6_scarla)
 3713 0.037130   5 (P15_angust P16_cyrtanP5_cyrtan P1_cyrtanP21_cyrtanP27_cyrtanP3_cyrtanP4_cyrtan P31_angust P34_scarlaP6_scarla)
 2479 0.024790   4 (P15_angustP31_angust P16_cyrtanP21_cyrtanP5_cyrtan P1_cyrtanP27_cyrtanP3_cyrtanP4_cyrtan P34_scarlaP6_scarla)
 2249 0.022490   6 (P15_angust P16_cyrtanP5_cyrtan P1_cyrtanP27_cyrtanP3_cyrtanP4_cyrtan P21_cyrtan P31_angust P34_scarlaP6_scarla)
 1378 0.013780   4 (P15_angustP31_angust P16_cyrtanP5_cyrtan P1_cyrtanP21_cyrtanP27_cyrtanP3_cyrtanP4_cyrtan P34_scarlaP6_scarla)
 1208 0.012080   5 (P15_angustP31_angust P16_cyrtanP5_cyrtan P1_cyrtanP21_cyrtanP27_cyrtanP3_cyrtanP4_cyrtan P34_scarla P6_scarla)
  649 0.006490   6 (P15_angustP31_angust P16_cyrtanP5_cyrtan P1_cyrtanP27_cyrtanP3_cyrtanP4_cyrtan P21_cyrtan P34_scarla P6_scarla)
  265 0.002650   5 (P15_angustP31_angust P16_cyrtanP5_cyrtan P1_cyrtanP27_cyrtanP3_cyrtanP4_cyrtan P21_cyrtan P34_scarlaP6_scarla)
  155 0.001550   7 (P15_angust P16_cyrtanP21_cyrtanP5_cyrtan P1_cyrtanP3_cyrtanP4_cyrtan P27_cyrtan P31_angust P34_scarla P6_scarla)
  112 0.001120   7 (P15_angust P16_cyrtan P1_cyrtanP21_cyrtanP27_cyrtanP3_cyrtanP4_cyrtan P31_angust P34_scarla P5_cyrtan P6_scarla)
   95 0.000950   8 (P15_angust P16_cyrtan P1_cyrtanP27_cyrtanP3_cyrtanP4_cyrtan P21_cyrtan P31_angust P34_scarla P5_cyrtan P6_scarla)
   63 0.000630   6 (P15_angust P16_cyrtan P1_cyrtanP21_cyrtanP27_cyrtanP3_cyrtanP4_cyrtan P31_angust P34_scarlaP6_scarla P5_cyrtan)
   38 0.000380   7 (P15_angust P16_cyrtan P1_cyrtanP27_cyrtanP3_cyrtanP4_cyrtan P21_cyrtan P31_angust P34_scarlaP6_scarla P5_cyrtan)
   29 0.000290   6 (P15_angustP31_angust P16_cyrtan P1_cyrtanP21_cyrtanP27_cyrtanP3_cyrtanP4_cyrtan P34_scarla P5_cyrtan P6_scarla)
   24 0.000240   6 (P15_angustP31_angust P16_cyrtan P1_cyrtanP27_cyrtanP3_cyrtanP4_cyrtan P21_cyrtan P34_scarlaP6_scarla P5_cyrtan)
   17 0.000170   6 (P15_angust P16_cyrtanP21_cyrtanP5_cyrtan P1_cyrtanP3_cyrtanP4_cyrtan P27_cyrtan P31_angust P34_scarlaP6_scarla)
   15 0.000150   5 (P15_angustP31_angust P16_cyrtanP21_cyrtanP5_cyrtan P1_cyrtanP3_cyrtanP4_cyrtan P27_cyrtan P34_scarlaP6_scarla)
   10 0.000100   7 (P15_angustP31_angust P16_cyrtan P1_cyrtanP27_cyrtanP3_cyrtanP4_cyrtan P21_cyrtan P34_scarla P5_cyrtan P6_scarla)
    9 0.000090   5 (P15_angustP31_angust P16_cyrtan P1_cyrtanP21_cyrtanP27_cyrtanP3_cyrtanP4_cyrtan P34_scarlaP6_scarla P5_cyrtan)
    8 0.000080   8 (P15_angust P16_cyrtanP5_cyrtan P1_cyrtanP3_cyrtanP4_cyrtan P21_cyrtan P27_cyrtan P31_angust P34_scarla P6_scarla)
    6 0.000060   6 (P15_angustP31_angust P16_cyrtanP21_cyrtanP5_cyrtan P1_cyrtanP3_cyrtanP4_cyrtan P27_cyrtan P34_scarla P6_scarla)

(C) 15 delimited species & their posterior probabilities
89582 0.895820 P15_angust
89582 0.895820 P31_angust
84783 0.847830 P1_cyrtanP27_cyrtanP3_cyrtanP4_cyrtan
77102 0.771020 P16_cyrtanP21_cyrtanP5_cyrtan
71884 0.718840 P6_scarla
71884 0.718840 P34_scarla
28116 0.281160 P34_scarlaP6_scarla
22518 0.225180 P16_cyrtanP5_cyrtan
15016 0.150160 P1_cyrtanP21_cyrtanP27_cyrtanP3_cyrtanP4_cyrtan
10418 0.104180 P15_angustP31_angust
 7882 0.078820 P21_cyrtan
  380 0.003800 P5_cyrtan
  380 0.003800 P16_cyrtan
  201 0.002010 P1_cyrtanP3_cyrtanP4_cyrtan
  201 0.002010 P27_cyrtan

(D) Posterior probability for # of species
P[ 1] = 0.000000  prior[ 1] = 0.031779
P[ 2] = 0.000000  prior[ 2] = 0.031779
P[ 3] = 0.000000  prior[ 3] = 0.045159
P[ 4] = 0.038570  prior[ 4] = 0.066903
P[ 5] = 0.274220  prior[ 5] = 0.096419
P[ 6] = 0.637590  prior[ 6] = 0.130165
P[ 7] = 0.048590  prior[ 7] = 0.159091
P[ 8] = 0.001030  prior[ 8] = 0.168831
P[ 9] = 0.000000  prior[ 9] = 0.146104
P[10] = 0.000000  prior[10] = 0.091991
P[11] = 0.000000  prior[11] = 0.031779

