bpp v4.2.9_osx_x86_64, 8GB RAM, 8 cores
https://github.com/bpp/bpp

Detected CPU features: mmx sse sse2 sse3 ssse3 sse4.1 sse4.2 popcnt avx avx2
Auto-selected SIMD ISA: AVX2


Starting timer..
Using seed: -1
Parsing species tree... Done
Parsing phylip file... Done

 Locus | Model | Sequences | Length | Ambiguous sites | Compressed | Base freqs 
-------+-------+-----------+--------+-----------------+------------+------------
     1 |  JC69 |        43 |   2116 |             640 |        194 |      Fixed 
     2 |  JC69 |        43 |   1770 |             625 |        184 |      Fixed 
     3 |  JC69 |        43 |   1794 |             386 |        140 |      Fixed 
     4 |  JC69 |        43 |   2561 |             814 |        249 |      Fixed 
     5 |  JC69 |        43 |   2504 |             802 |        292 |      Fixed 
     6 |  JC69 |        43 |   2499 |            1186 |        266 |      Fixed 
     7 |  JC69 |        43 |   1655 |             848 |        212 |      Fixed 
     8 |  JC69 |        43 |   1897 |             532 |        172 |      Fixed 
     9 |  JC69 |        43 |   3200 |             643 |        210 |      Fixed 
    10 |  JC69 |        43 |   1809 |             492 |        172 |      Fixed 
    11 |  JC69 |        43 |   1807 |            1497 |        239 |      Fixed 
    12 |  JC69 |        43 |   2686 |            1396 |        329 |      Fixed 
    13 |  JC69 |        43 |   1885 |             972 |        266 |      Fixed 
    14 |  JC69 |        42 |   3680 |             550 |        221 |      Fixed 
    15 |  JC69 |        43 |   1880 |             535 |        218 |      Fixed 
    16 |  JC69 |        43 |   1928 |             738 |        206 |      Fixed 
    17 |  JC69 |        43 |   2178 |             931 |        204 |      Fixed 
    18 |  JC69 |        43 |   1784 |             523 |        138 |      Fixed 
    19 |  JC69 |        43 |   2028 |             677 |        156 |      Fixed 
    20 |  JC69 |        43 |   2768 |             842 |        180 |      Fixed 
    21 |  JC69 |        43 |   2367 |             919 |        257 |      Fixed 
    22 |  JC69 |        43 |   1634 |            1093 |        276 |      Fixed 
    23 |  JC69 |        43 |   1841 |             549 |        234 |      Fixed 
    24 |  JC69 |        42 |   2676 |            1424 |        290 |      Fixed 
    25 |  JC69 |        43 |   2273 |            1268 |        234 |      Fixed 
    26 |  JC69 |        43 |   2442 |             432 |        203 |      Fixed 
    27 |  JC69 |        43 |   2103 |             530 |        140 |      Fixed 
    28 |  JC69 |        43 |   2197 |             545 |        224 |      Fixed 
    29 |  JC69 |        43 |   2686 |            1199 |        251 |      Fixed 
    30 |  JC69 |        43 |   2191 |             784 |        157 |      Fixed 
    31 |  JC69 |        43 |   2809 |             498 |        215 |      Fixed 
    32 |  JC69 |        43 |   2517 |            1088 |        251 |      Fixed 
    33 |  JC69 |        43 |   2796 |            1399 |        369 |      Fixed 
    34 |  JC69 |        43 |   2166 |            1054 |        283 |      Fixed 
    35 |  JC69 |        43 |   1893 |             519 |        193 |      Fixed 
    36 |  JC69 |        43 |   1728 |            1119 |        297 |      Fixed 
    37 |  JC69 |        43 |   2263 |            1199 |        363 |      Fixed 
    38 |  JC69 |        43 |   2120 |             721 |        232 |      Fixed 
    39 |  JC69 |        43 |   2428 |             893 |        222 |      Fixed 
    40 |  JC69 |        43 |   3234 |            2485 |        330 |      Fixed 
    41 |  JC69 |        43 |   2250 |             731 |        233 |      Fixed 
    42 |  JC69 |        43 |   2641 |            1171 |        283 |      Fixed 
    43 |  JC69 |        43 |   2632 |             571 |        227 |      Fixed 
    44 |  JC69 |        43 |   2269 |             469 |        224 |      Fixed 
    45 |  JC69 |        43 |   2467 |             804 |        246 |      Fixed 
    46 |  JC69 |        43 |   1764 |            1473 |        249 |      Fixed 
    47 |  JC69 |        43 |   1738 |             714 |        239 |      Fixed 
    48 |  JC69 |        43 |   2514 |             859 |        254 |      Fixed 
    49 |  JC69 |        43 |   1720 |            1118 |        267 |      Fixed 
    50 |  JC69 |        43 |   2547 |            1142 |        285 |      Fixed 

Parsing map file... Done

Per-locus sequences in data and 'species&tree' tag:
C.File | Data |                Status                | Population
-------+------+--------------------------------------+-----------
     3 |    3 | [OK]                                 | P11_ornata
     3 |    3 | [OK]                                 | P10_amoena
     3 |    3 | [OK]                                 | P8_amoena 
     3 |    3 | [OK]                                 | P9_amoena 
     2 |    2 | [OK]                                 | P12_ornata
     2 |    2 | [OK]                                 | P13_lutea 
     4 |    4 | [OK]                                 | P20_quilapilun
     4 |    4 | [OK]                                 | P14_ornata
     3 |    3 | [OK]                                 | P33_ornata
     3 |    3 | [OK]                                 | P35_lutea 
     2 |    2 | [OK]                                 | P32_arzae 
     3 |    3 | [OK]                                 | P17_arzae 
     3 |    3 | [OK]                                 | P19_arzae 
     5 |    5 | [OK]                                 | P18_davidii


Map of populations and ancestors (1 in map indicates ancestor):
   Species                                                                                                                                      1  2  3  4  5  6  7  8  9  10  11  12  13  14  15  16  17  18  19  20  21  22  23  24  25  26  27
 1 P11_ornata                                                                                                                                   1  0  0  0  0  0  0  0  0  0   0   0   0   0   1   1   0   0   0   0   0   0   0   0   0   0   0
 2 P10_amoena                                                                                                                                   0  1  0  0  0  0  0  0  0  0   0   0   0   0   1   1   1   0   0   0   0   0   0   0   0   0   0
 3 P8_amoena                                                                                                                                    0  0  1  0  0  0  0  0  0  0   0   0   0   0   1   1   1   1   0   0   0   0   0   0   0   0   0
 4 P9_amoena                                                                                                                                    0  0  0  1  0  0  0  0  0  0   0   0   0   0   1   1   1   1   0   0   0   0   0   0   0   0   0
 5 P12_ornata                                                                                                                                   0  0  0  0  1  0  0  0  0  0   0   0   0   0   1   0   0   0   1   0   0   0   0   0   0   0   0
 6 P13_lutea                                                                                                                                    0  0  0  0  0  1  0  0  0  0   0   0   0   0   1   0   0   0   1   1   1   0   0   0   0   0   0
 7 P20_quilapilun                                                                                                                               0  0  0  0  0  0  1  0  0  0   0   0   0   0   1   0   0   0   1   1   1   1   0   0   0   0   0
 8 P14_ornata                                                                                                                                   0  0  0  0  0  0  0  1  0  0   0   0   0   0   1   0   0   0   1   1   1   1   1   0   0   0   0
 9 P33_ornata                                                                                                                                   0  0  0  0  0  0  0  0  1  0   0   0   0   0   1   0   0   0   1   1   1   1   1   0   0   0   0
10 P35_lutea                                                                                                                                    0  0  0  0  0  0  0  0  0  1   0   0   0   0   1   0   0   0   1   1   0   0   0   1   0   0   0
11 P32_arzae                                                                                                                                    0  0  0  0  0  0  0  0  0  0   1   0   0   0   1   0   0   0   1   1   0   0   0   1   1   0   0
12 P17_arzae                                                                                                                                    0  0  0  0  0  0  0  0  0  0   0   1   0   0   1   0   0   0   1   1   0   0   0   1   1   1   0
13 P19_arzae                                                                                                                                    0  0  0  0  0  0  0  0  0  0   0   0   1   0   1   0   0   0   1   1   0   0   0   1   1   1   1
14 P18_davidii                                                                                                                                  0  0  0  0  0  0  0  0  0  0   0   0   0   1   1   0   0   0   1   1   0   0   0   1   1   1   1
15 P11_ornataP10_amoenaP8_amoenaP9_amoenaP12_ornataP13_luteaP20_quilapilunP14_ornataP33_ornataP35_luteaP32_arzaeP17_arzaeP19_arzaeP18_davidii   0  0  0  0  0  0  0  0  0  0   0   0   0   0   1   0   0   0   0   0   0   0   0   0   0   0   0
16 P11_ornataP10_amoenaP8_amoenaP9_amoena                                                                                                       0  0  0  0  0  0  0  0  0  0   0   0   0   0   1   1   0   0   0   0   0   0   0   0   0   0   0
17 P10_amoenaP8_amoenaP9_amoena                                                                                                                 0  0  0  0  0  0  0  0  0  0   0   0   0   0   1   1   1   0   0   0   0   0   0   0   0   0   0
18 P8_amoenaP9_amoena                                                                                                                           0  0  0  0  0  0  0  0  0  0   0   0   0   0   1   1   1   1   0   0   0   0   0   0   0   0   0
19 P12_ornataP13_luteaP20_quilapilunP14_ornataP33_ornataP35_luteaP32_arzaeP17_arzaeP19_arzaeP18_davidii                                         0  0  0  0  0  0  0  0  0  0   0   0   0   0   1   0   0   0   1   0   0   0   0   0   0   0   0
20 P13_luteaP20_quilapilunP14_ornataP33_ornataP35_luteaP32_arzaeP17_arzaeP19_arzaeP18_davidii                                                   0  0  0  0  0  0  0  0  0  0   0   0   0   0   1   0   0   0   1   1   0   0   0   0   0   0   0
21 P13_luteaP20_quilapilunP14_ornataP33_ornata                                                                                                  0  0  0  0  0  0  0  0  0  0   0   0   0   0   1   0   0   0   1   1   1   0   0   0   0   0   0
22 P20_quilapilunP14_ornataP33_ornata                                                                                                           0  0  0  0  0  0  0  0  0  0   0   0   0   0   1   0   0   0   1   1   1   1   0   0   0   0   0
23 P14_ornataP33_ornata                                                                                                                         0  0  0  0  0  0  0  0  0  0   0   0   0   0   1   0   0   0   1   1   1   1   1   0   0   0   0
24 P35_luteaP32_arzaeP17_arzaeP19_arzaeP18_davidii                                                                                              0  0  0  0  0  0  0  0  0  0   0   0   0   0   1   0   0   0   1   1   0   0   0   1   0   0   0
25 P32_arzaeP17_arzaeP19_arzaeP18_davidii                                                                                                       0  0  0  0  0  0  0  0  0  0   0   0   0   0   1   0   0   0   1   1   0   0   0   1   1   0   0
26 P17_arzaeP19_arzaeP18_davidii                                                                                                                0  0  0  0  0  0  0  0  0  0   0   0   0   0   1   0   0   0   1   1   0   0   0   1   1   1   0
27 P19_arzaeP18_davidii                                                                                                                         0  0  0  0  0  0  0  0  0  0   0   0   0   0   1   0   0   0   1   1   0   0   0   1   1   1   1

Counting delimitations...
[ 14 ]  1 1 1 1 1 1 1 1 1 1 1 1 1 1       nD =   1  Trees = 7905853580625  Guide =    1  pro=7905853580625
[ 13 ]  1 1 1 1 1 1 1 1 1 1 1 1 2         nD =  91  Trees = 316234143225  Guide =    1  pro=28777307033475
[ 12 ]  1 1 1 1 1 1 1 1 1 1 1 3           nD = 364  Trees = 13749310575  Guide =    3  pro=15014247147900
[ 12 ]  1 1 1 1 1 1 1 1 1 1 2 2           nD = 3003  Trees = 13749310575  Guide =    1  pro=41289179656725
[ 11 ]  1 1 1 1 1 1 1 1 1 1 4             nD = 1001  Trees = 654729075  Guide =   15  pro=9830757061125
[ 11 ]  1 1 1 1 1 1 1 1 1 2 3             nD = 20020  Trees = 654729075  Guide =    3  pro=39323028244500
[ 10 ]  1 1 1 1 1 1 1 1 1 5               nD = 2002  Trees = 34459425  Guide =  105  pro=7243715729250
[ 11 ]  1 1 1 1 1 1 1 1 2 2 2             nD = 45045  Trees = 654729075  Guide =    1  pro=29492271183375
[ 10 ]  1 1 1 1 1 1 1 1 2 4               nD = 45045  Trees = 34459425  Guide =   15  pro=23283371986875
[ 10 ]  1 1 1 1 1 1 1 1 3 3               nD = 30030  Trees = 34459425  Guide =    9  pro=9313348794750
[  9 ]  1 1 1 1 1 1 1 1 6                 nD = 3003  Trees = 2027025  Guide =  945  pro=5752362490875
[ 10 ]  1 1 1 1 1 1 1 2 2 3               nD = 360360  Trees = 34459425  Guide =    3  pro=37253395179000
[  9 ]  1 1 1 1 1 1 1 2 5                 nD = 72072  Trees = 2027025  Guide =  105  pro=15339633309000
[  9 ]  1 1 1 1 1 1 1 3 4                 nD = 120120  Trees = 2027025  Guide =   45  pro=10956880935000
[  8 ]  1 1 1 1 1 1 1 7                   nD = 3432  Trees = 135135  Guide = 10395  pro=4821027611400
[ 10 ]  1 1 1 1 1 1 2 2 2 2               nD = 315315  Trees = 34459425  Guide =    1  pro=10865573593875
[  9 ]  1 1 1 1 1 1 2 2 4                 nD = 630630  Trees = 2027025  Guide =   15  pro=19174541636250
[  9 ]  1 1 1 1 1 1 2 3 3                 nD = 840840  Trees = 2027025  Guide =    9  pro=15339633309000
[  8 ]  1 1 1 1 1 1 2 6                   nD = 84084  Trees = 135135  Guide =  945  pro=10737743316300
[  8 ]  1 1 1 1 1 1 3 5                   nD = 168168  Trees = 135135  Guide =  315  pro=7158495544200
[  8 ]  1 1 1 1 1 1 4 4                   nD = 105105  Trees = 135135  Guide =  225  pro=3195756939375
[  7 ]  1 1 1 1 1 1 8                     nD = 3003  Trees = 10395  Guide = 135135  pro=4218399159975
[  9 ]  1 1 1 1 1 2 2 2 3                 nD = 2522520  Trees = 2027025  Guide =    3  pro=15339633309000
[  8 ]  1 1 1 1 1 2 2 5                   nD = 756756  Trees = 135135  Guide =  105  pro=10737743316300
[  8 ]  1 1 1 1 1 2 3 4                   nD = 2522520  Trees = 135135  Guide =   45  pro=15339633309000
[  7 ]  1 1 1 1 1 2 7                     nD = 72072  Trees = 10395  Guide = 10395  pro=7787813833800
[  8 ]  1 1 1 1 1 3 3 3                   nD = 560560  Trees = 135135  Guide =   27  pro=2045284441200
[  7 ]  1 1 1 1 1 3 6                     nD = 168168  Trees = 10395  Guide = 2835  pro=4955881530600
[  7 ]  1 1 1 1 1 4 5                     nD = 252252  Trees = 10395  Guide = 1575  pro=4129901275500
[  6 ]  1 1 1 1 1 9                       nD = 2002  Trees =  945  Guide = 2027025  pro=3834908327250
[  9 ]  1 1 1 1 2 2 2 2 2                 nD = 945945  Trees = 2027025  Guide =    1  pro=1917454163625
[  8 ]  1 1 1 1 2 2 2 4                   nD = 3153150  Trees = 135135  Guide =   15  pro=6391513878750
[  8 ]  1 1 1 1 2 2 3 3                   nD = 6306300  Trees = 135135  Guide =    9  pro=7669816654500
[  7 ]  1 1 1 1 2 2 6                     nD = 630630  Trees = 10395  Guide =  945  pro=6194851913250
[  7 ]  1 1 1 1 2 3 5                     nD = 2522520  Trees = 10395  Guide =  315  pro=8259802551000
[  7 ]  1 1 1 1 2 4 4                     nD = 1576575  Trees = 10395  Guide =  225  pro=3687411853125
[  6 ]  1 1 1 1 2 8                       nD = 45045  Trees =  945  Guide = 135135  pro=5752362490875
[  7 ]  1 1 1 1 3 3 4                     nD = 2102100  Trees = 10395  Guide =  135  pro=2949929482500
[  6 ]  1 1 1 1 3 7                       nD = 120120  Trees =  945  Guide = 31185  pro=3539915379000
[  6 ]  1 1 1 1 4 6                       nD = 210210  Trees =  945  Guide = 14175  pro=2815841778750
[  6 ]  1 1 1 1 5 5                       nD = 126126  Trees =  945  Guide = 11025  pro=1314059496750
[  5 ]  1 1 1 1 10                         nD = 1001  Trees =  105  Guide = 34459425  pro=3621857864625
[  8 ]  1 1 1 2 2 2 2 3                   nD = 6306300  Trees = 135135  Guide =    3  pro=2556605551500
[  7 ]  1 1 1 2 2 2 5                     nD = 2522520  Trees = 10395  Guide =  105  pro=2753267517000
[  7 ]  1 1 1 2 2 3 4                     nD = 12612600  Trees = 10395  Guide =   45  pro=5899858965000
[  6 ]  1 1 1 2 2 7                       nD = 360360  Trees =  945  Guide = 10395  pro=3539915379000
[  7 ]  1 1 1 2 3 3 3                     nD = 5605600  Trees = 10395  Guide =   27  pro=1573295724000
[  6 ]  1 1 1 2 3 6                       nD = 1681680  Trees =  945  Guide = 2835  pro=4505346846000
[  6 ]  1 1 1 2 4 5                       nD = 2522520  Trees =  945  Guide = 1575  pro=3754455705000
[  5 ]  1 1 1 2 9                         nD = 20020  Trees =  105  Guide = 2027025  pro=4261009252500
[  6 ]  1 1 1 3 3 5                       nD = 1681680  Trees =  945  Guide =  945  pro=1501782282000
[  6 ]  1 1 1 3 4 4                       nD = 2102100  Trees =  945  Guide =  675  pro=1340877037500
[  5 ]  1 1 1 3 8                         nD = 60060  Trees =  105  Guide = 405405  pro=2556605551500
[  5 ]  1 1 1 4 7                         nD = 120120  Trees =  105  Guide = 155925  pro=1966619655000
[  5 ]  1 1 1 5 6                         nD = 168168  Trees =  105  Guide = 99225  pro=1752079329000
[  4 ]  1 1 1 11                           nD = 364  Trees =   15  Guide = 654729075  pro=3574820749500
[  8 ]  1 1 2 2 2 2 2 2                   nD = 945945  Trees = 135135  Guide =    1  pro=127830277575
[  7 ]  1 1 2 2 2 2 4                     nD = 4729725  Trees = 10395  Guide =   15  pro=737482370625
[  7 ]  1 1 2 2 2 3 3                     nD = 12612600  Trees = 10395  Guide =    9  pro=1179971793000
[  6 ]  1 1 2 2 2 6                       nD = 1261260  Trees =  945  Guide =  945  pro=1126336711500
[  6 ]  1 1 2 2 3 5                       nD = 7567560  Trees =  945  Guide =  315  pro=2252673423000
[  6 ]  1 1 2 2 4 4                       nD = 4729725  Trees =  945  Guide =  225  pro=1005657778125
[  5 ]  1 1 2 2 8                         nD = 135135  Trees =  105  Guide = 135135  pro=1917454163625
[  6 ]  1 1 2 3 3 4                       nD = 12612600  Trees =  945  Guide =  135  pro=1609052445000
[  5 ]  1 1 2 3 7                         nD = 720720  Trees =  105  Guide = 31185  pro=2359943586000
[  5 ]  1 1 2 4 6                         nD = 1261260  Trees =  105  Guide = 14175  pro=1877227852500
[  5 ]  1 1 2 5 5                         nD = 756756  Trees =  105  Guide = 11025  pro=876039664500
[  4 ]  1 1 2 10                           nD = 6006  Trees =   15  Guide = 34459425  pro=3104449598250
[  6 ]  1 1 3 3 3 3                       nD = 1401400  Trees =  945  Guide =   81  pro=107270163000
[  5 ]  1 1 3 3 6                         nD = 840840  Trees =  105  Guide = 8505  pro=750891141000
[  5 ]  1 1 3 4 5                         nD = 2522520  Trees =  105  Guide = 4725  pro=1251485235000
[  4 ]  1 1 3 9                           nD = 20020  Trees =   15  Guide = 6081075  pro=1826146822500
[  5 ]  1 1 4 4 4                         nD = 525525  Trees =  105  Guide = 3375  pro=186232921875
[  4 ]  1 1 4 8                           nD = 45045  Trees =   15  Guide = 2027025  pro=1369610116875
[  4 ]  1 1 5 7                           nD = 72072  Trees =   15  Guide = 1091475  pro=1179971793000
[  4 ]  1 1 6 6                           nD = 42042  Trees =   15  Guide = 893025  pro=563168355750
[  3 ]  1 1 12                             nD =  91  Trees =    3  Guide = 13749310575  pro=3753561786975
[  7 ]  1 2 2 2 2 2 3                     nD = 3783780  Trees = 10395  Guide =    3  pro=117997179300
[  6 ]  1 2 2 2 2 5                       nD = 1891890  Trees =  945  Guide =  105  pro=187722785250
[  6 ]  1 2 2 2 3 4                       nD = 12612600  Trees =  945  Guide =   45  pro=536350815000
[  5 ]  1 2 2 2 7                         nD = 360360  Trees =  105  Guide = 10395  pro=393323931000
[  6 ]  1 2 2 3 3 3                       nD = 8408400  Trees =  945  Guide =   27  pro=214540326000
[  5 ]  1 2 2 3 6                         nD = 2522520  Trees =  105  Guide = 2835  pro=750891141000
[  5 ]  1 2 2 4 5                         nD = 3783780  Trees =  105  Guide = 1575  pro=625742617500
[  4 ]  1 2 2 9                           nD = 30030  Trees =   15  Guide = 2027025  pro=913073411250
[  5 ]  1 2 3 3 5                         nD = 5045040  Trees =  105  Guide =  945  pro=500594094000
[  5 ]  1 2 3 4 4                         nD = 6306300  Trees =  105  Guide =  675  pro=446959012500
[  4 ]  1 2 3 8                           nD = 180180  Trees =   15  Guide = 405405  pro=1095688093500
[  4 ]  1 2 4 7                           nD = 360360  Trees =   15  Guide = 155925  pro=842836995000
[  4 ]  1 2 5 6                           nD = 504504  Trees =   15  Guide = 99225  pro=750891141000
[  3 ]  1 2 11                             nD = 1092  Trees =    3  Guide = 654729075  pro=2144892449700
[  5 ]  1 3 3 3 4                         nD = 2802800  Trees =  105  Guide =  405  pro=119189070000
[  4 ]  1 3 3 7                           nD = 240240  Trees =   15  Guide = 93555  pro=337134798000
[  4 ]  1 3 4 6                           nD = 840840  Trees =   15  Guide = 42525  pro=536350815000
[  4 ]  1 3 5 5                           nD = 504504  Trees =   15  Guide = 33075  pro=250297047000
[  3 ]  1 3 10                             nD = 4004  Trees =    3  Guide = 103378275  pro=1241779839300
[  4 ]  1 4 4 5                           nD = 630630  Trees =   15  Guide = 23625  pro=223479506250
[  3 ]  1 4 9                             nD = 10010  Trees =    3  Guide = 30405375  pro=913073411250
[  3 ]  1 5 8                             nD = 18018  Trees =    3  Guide = 14189175  pro=766981665450
[  3 ]  1 6 7                             nD = 24024  Trees =    3  Guide = 9823275  pro=707983075800
[  2 ]  1 13                               nD =  14  Trees =    1  Guide = 316234143225  pro=4427278005150
[  7 ]  2 2 2 2 2 2 2                     nD = 135135  Trees = 10395  Guide =    1  pro=1404728325
[  6 ]  2 2 2 2 2 4                       nD = 945945  Trees =  945  Guide =   15  pro=13408770375
[  6 ]  2 2 2 2 3 3                       nD = 3153150  Trees =  945  Guide =    9  pro=26817540750
[  5 ]  2 2 2 2 6                         nD = 315315  Trees =  105  Guide =  945  pro=31287130875
[  5 ]  2 2 2 3 5                         nD = 2522520  Trees =  105  Guide =  315  pro=83432349000
[  5 ]  2 2 2 4 4                         nD = 1576575  Trees =  105  Guide =  225  pro=37246584375
[  4 ]  2 2 2 8                           nD = 45045  Trees =   15  Guide = 135135  pro=91307341125
[  5 ]  2 2 3 3 4                         nD = 6306300  Trees =  105  Guide =  135  pro=89391802500
[  4 ]  2 2 3 7                           nD = 360360  Trees =   15  Guide = 31185  pro=168567399000
[  4 ]  2 2 4 6                           nD = 630630  Trees =   15  Guide = 14175  pro=134087703750
[  4 ]  2 2 5 5                           nD = 378378  Trees =   15  Guide = 11025  pro=62574261750
[  3 ]  2 2 10                             nD = 3003  Trees =    3  Guide = 34459425  pro=310444959825
[  5 ]  2 3 3 3 3                         nD = 1401400  Trees =  105  Guide =   81  pro=11918907000
[  4 ]  2 3 3 6                           nD = 840840  Trees =   15  Guide = 8505  pro=107270163000
[  4 ]  2 3 4 5                           nD = 2522520  Trees =   15  Guide = 4725  pro=178783605000
[  3 ]  2 3 9                             nD = 20020  Trees =    3  Guide = 6081075  pro=365229364500
[  4 ]  2 4 4 4                           nD = 525525  Trees =   15  Guide = 3375  pro=26604703125
[  3 ]  2 4 8                             nD = 45045  Trees =    3  Guide = 2027025  pro=273922023375
[  3 ]  2 5 7                             nD = 72072  Trees =    3  Guide = 1091475  pro=235994358600
[  3 ]  2 6 6                             nD = 42042  Trees =    3  Guide = 893025  pro=112633671150
[  2 ]  2 12                               nD =  91  Trees =    1  Guide = 13749310575  pro=1251187262325
[  4 ]  3 3 3 5                           nD = 560560  Trees =   15  Guide = 2835  pro=23837814000
[  4 ]  3 3 4 4                           nD = 1051050  Trees =   15  Guide = 2025  pro=31925643750
[  3 ]  3 3 8                             nD = 30030  Trees =    3  Guide = 1216215  pro=109568809350
[  3 ]  3 4 7                             nD = 120120  Trees =    3  Guide = 467775  pro=168567399000
[  3 ]  3 5 6                             nD = 168168  Trees =    3  Guide = 297675  pro=150178228200
[  2 ]  3 11                               nD = 364  Trees =    1  Guide = 1964187225  pro=714964149900
[  3 ]  4 4 6                             nD = 105105  Trees =    3  Guide = 212625  pro=67043851875
[  3 ]  4 5 5                             nD = 126126  Trees =    3  Guide = 165375  pro=62574261750
[  2 ]  4 10                               nD = 1001  Trees =    1  Guide = 516891375  pro=517408266375
[  2 ]  5 9                               nD = 2002  Trees =    1  Guide = 212837625  pro=426100925250
[  2 ]  6 8                               nD = 3003  Trees =    1  Guide = 127702575  pro=383490832725
[  2 ]  7 7                               nD = 1716  Trees =    1  Guide = 108056025  pro=185424138900
[  1 ]  14                                 nD =   1  Trees =    1  Guide = 7905853580625  pro=7905853580625
bpp v4.2.9_osx_x86_64, 8GB RAM, 8 cores
Generating gene trees.... Done

Initial MSC density and log-likelihood of observing data:
log-PG0 = 9295.663939   log-L0 = -442781.884685

0:00 taken to read and process data..
Restarting timer...


-*- Glossary of terms -*-

  Prgs: progress of MCMC run (negative progress means burnin)
  Gage: gene-tree age proposal
  Gspr: gene-tree SPR proposal
  thet: species tree theta proposal
   tau: species tree tau proposal
   mix: mixing proposal
    sp: number of delimited specices
    np: number of parameters
  mldp: most likelely delimitation and probability
mthet1: root node mean theta
 mtau1: root node mean tau
log-PG: log-probability of gene trees (MSC)
 log-L: mean log-L of observing data

     |     Acceptance proportions (pjump)     |
Prgs | Gage Gspr thet  tau  mix   Sspr     rj | sp np         mldp   mtau1       log-PG          log-L
------------------------------------------------------------------------------------------------------


                      Gage    Gspr    thet     tau     mix lrht  phi   pi qmat alfa mubr nubr mu_i nu_i brte
Current Pjump:     0.50130 0.00415 0.00000 0.11256 0.29600   -    -    -    -    -    -    -    -    -    - 
Current finetune:  0.02000 0.02000 0.02000 0.02000 0.02000   -    -    -    -    -    -    -    -    -    - 
New finetune:      0.03941 0.00026 0.00020 0.00701 0.01969   -    -    -    -    -    -    -    -    -    - 

  -0%  0.55 0.24 0.00 0.11 0.27 0.0100 0.0000   13 12 P[14]=0.8060 0.0052   8316.99230  -283678.05487

                      Gage    Gspr    thet     tau     mix lrht  phi   pi qmat alfa mubr nubr mu_i nu_i brte
Current Pjump:     0.54580 0.24494 0.00000 0.11259 0.27400   -    -    -    -    -    -    -    -    -    - 
Current finetune:  0.03941 0.00026 0.00020 0.00701 0.01969   -    -    -    -    -    -    -    -    -    - 
New finetune:      0.08937 0.00020 0.00000 0.00246 0.01774   -    -    -    -    -    -    -    -    -    - 



                      Gage    Gspr    thet     tau     mix lrht  phi   pi qmat alfa mubr nubr mu_i nu_i brte
Current Pjump:     0.54765 0.25339 0.00000 0.09864 0.32000   -    -    -    -    -    -    -    -    -    - 
Current finetune:  0.08937 0.00020 0.00000 0.00246 0.01774   -    -    -    -    -    -    -    -    -    - 
New finetune:      0.20383 0.00017 0.00000 0.00075 0.01914   -    -    -    -    -    -    -    -    -    - 

   0%  0.55 0.27 0.00 0.06 0.30 0.0300 0.0000   13 12 P[13]=0.9720 0.0049   8335.08479  -283415.07060  7:32


                      Gage    Gspr    thet     tau     mix lrht  phi   pi qmat alfa mubr nubr mu_i nu_i brte
Current Pjump:     0.54659 0.26581 0.00000 0.05799 0.30400   -    -    -    -    -    -    -    -    -    - 
Current finetune:  0.20383 0.00017 0.00000 0.00075 0.01914   -    -    -    -    -    -    -    -    -    - 
New finetune:      0.46334 0.00015 0.00000 0.00014 0.01944   -    -    -    -    -    -    -    -    -    - 

   1%  0.55 0.27 0.00 0.29 0.30 0.0060 0.0000   13 12 P[13]=0.9910 0.0049   8423   1%  0.55 0.27 0.00 0.29 0.28 0.0080 0.0000   13 12 P[13]=0.9955 0.0049   8450   2%  0.55 0.27 0.00 0.28 0.28 0.0147 0.0000   13 12 P[13]=0.9870 0.0049   8423   2%  0.55 0.27 0.00 0.28 0.27 0.0165 0.0000   13 12 P[13]=0.9862 0.0049   8245   3%  0.55 0.27 0.00 0.28 0.27 0.0188 0.0000   13 12 P[13]=0.8818 0.0049   8452   3%  0.55 0.27 0.00 0.28 0.28 0.0165 0.0000   13 12 P[13]=0.8997 0.0049   8320   4%  0.55 0.27 0.00 0.28 0.28 0.0166 0.0000   13 12 P[13]=0.9133 0.0049   8427   4%  0.55 0.27 0.00 0.28 0.28 0.0147 0.0000   13 12 P[13]=0.9213 0.0049   8397   5%  0.55 0.27 0.00 0.28 0.28 0.0161 0.0000   14 13 P[13]=0.9050 0.0049   8498   5%  0.55 0.27 0.00 0.28 0.28 0.0160 0.0000   13 12 P[13]=0.8159 0.0049   8318.64947  -283419.68468  1:07:09
   6%  0.55 0.27 0.00 0.28 0.28 0.0155 0.0000   13 12 P[13]=0.8321 0.0049   8427   6%  0.55 0.27 0.00 0.28 0.28 0.0156 0.0000   13 12 P[13]=0.8446 0.0049   8433   7%  0.55 0.27 0.00 0.28 0.28 0.0158 0.0000   13 12 P[13]=0.8558 0.0049   8406   7%  0.55 0.27 0.00 0.28 0.28 0.0148 0.0000   13 12 P[13]=0.8633 0.0049   8430   8%  0.55 0.27 0.00 0.28 0.28 0.0153 0.0000   13 12 P[13]=0.8407 0.0049   8381   8%  0.55 0.27 0.00 0.28 0.28 0.0150 0.0000   13 12 P[13]=0.8506 0.0049   8284   9%  0.55 0.27 0.00 0.28 0.28 0.0145 0.0000   13 12 P[13]=0.8586 0.0049   8415   9%  0.55 0.27 0.00 0.28 0.28 0.0146 0.0000   13 12 P[13]=0.8651 0.0049   8397  10%  0.55 0.27 0.00 0.28 0.28 0.0139 0.0000   13 12 P[13]=0.8681 0.0049   8442  10%  0.55 0.27 0.00 0.28 0.28 0.0138 0.0000   13 12 P[13]=0.8738 0.0049   8364.37893  -283412.66543  1:44:53
  11%  0.55 0.27 0.00 0.28 0.28 0.0141 0.0000   13 12 P[13]=0.8760 0.0049   8410  11%  0.55 0.27 0.00 0.28 0.28 0.0138 0.0000   13 12 P[13]=0.8711 0.0049   8414  12%  0.55 0.27 0.00 0.28 0.28 0.0137 0.0000   13 12 P[13]=0.8765 0.0049   8392  12%  0.55 0.27 0.00 0.28 0.28 0.0132 0.0000   13 12 P[13]=0.8811 0.0049   8338  13%  0.55 0.27 0.00 0.28 0.28 0.0130 0.0000   13 12 P[13]=0.8849 0.0049   8373  13%  0.55 0.27 0.00 0.28 0.28 0.0128 0.0000   13 12 P[13]=0.8877 0.0049   8398  14%  0.55 0.27 0.00 0.28 0.28 0.0127 0.0000   13 12 P[13]=0.8918 0.0049   8372  14%  0.55 0.27 0.00 0.28 0.28 0.0130 0.0000   13 12 P[13]=0.8951 0.0049   8311  15%  0.55 0.27 0.00 0.28 0.28 0.0129 0.0000   13 12 P[13]=0.8984 0.0049   8376  15%  0.55 0.27 0.00 0.28 0.28 0.0132 0.0000   13 12 P[13]=0.9015 0.0049   8263.69653  -283411.67808  2:22:33
  16%  0.55 0.27 0.00 0.28 0.28 0.0138 0.0000   13 12 P[13]=0.9046 0.0049   8303  16%  0.55 0.27 0.00 0.28 0.28 0.0137 0.0000   13 12 P[13]=0.9070 0.0049   8497  17%  0.55 0.27 0.00 0.28 0.28 0.0139 0.0000   13 12 P[13]=0.9089 0.0049   8375  17%  0.55 0.27 0.00 0.28 0.28 0.0138 0.0000   13 12 P[13]=0.9108 0.0049   8432  18%  0.55 0.27 0.00 0.28 0.28 0.0137 0.0000   13 12 P[13]=0.9133 0.0049   8473  18%  0.55 0.27 0.00 0.28 0.28 0.0135 0.0000   13 12 P[13]=0.9154 0.0049   8310  19%  0.55 0.27 0.00 0.28 0.28 0.0137 0.0000   13 12 P[13]=0.9176 0.0049   8370  19%  0.55 0.27 0.00 0.28 0.28 0.0137 0.0000   13 12 P[13]=0.9197 0.0049   8443  20%  0.55 0.27 0.00 0.28 0.28 0.0140 0.0000   13 12 P[13]=0.9216 0.0049   8311  20%  0.55 0.27 0.00 0.28 0.28 0.0138 0.0000   13 12 P[13]=0.9234 0.0049   8409.39809  -283412.36950  3:00:03
  21%  0.55 0.27 0.00 0.28 0.28 0.0138 0.0000   13 12 P[13]=0.9245 0.0049   8318  21%  0.55 0.27 0.00 0.28 0.28 0.0139 0.0000   13 12 P[13]=0.9258 0.0049   8362  22%  0.55 0.27 0.00 0.28 0.28 0.0138 0.0000   13 12 P[13]=0.9270 0.0049   8411  22%  0.55 0.27 0.00 0.28 0.28 0.0140 0.0000   14 13 P[13]=0.9276 0.0049   8343  23%  0.55 0.27 0.00 0.28 0.28 0.0142 0.0000   13 12 P[13]=0.9218 0.0049   8507  23%  0.55 0.27 0.00 0.28 0.28 0.0142 0.0000   13 12 P[13]=0.9235 0.0049   8310  24%  0.55 0.27 0.00 0.28 0.28 0.0141 0.0000   13 12 P[13]=0.9251 0.0049   8329  24%  0.55 0.27 0.00 0.28 0.28 0.0141 0.0000   13 12 P[13]=0.9265 0.0049   8377  25%  0.55 0.27 0.00 0.28 0.28 0.0142 0.0000   13 12 P[13]=0.9276 0.0049   8403  25%  0.55 0.27 0.00 0.28 0.28 0.0141 0.0000   13 12 P[13]=0.9291 0.0049   8432.34555  -283411.94261  3:37:44
  26%  0.55 0.27 0.00 0.28 0.28 0.0142 0.0000   13 12 P[13]=0.9300 0.0049   8342  26%  0.55 0.27 0.00 0.28 0.28 0.0139 0.0000   13 12 P[13]=0.9310 0.0049   8450  27%  0.55 0.27 0.00 0.28 0.28 0.0140 0.0000   13 12 P[13]=0.9323 0.0049   8336  27%  0.55 0.27 0.00 0.28 0.28 0.0139 0.0000   13 12 P[13]=0.9334 0.0049   8399  28%  0.55 0.27 0.00 0.28 0.28 0.0138 0.0000   13 12 P[13]=0.9341 0.0049   8317  28%  0.55 0.27 0.00 0.28 0.28 0.0139 0.0000   13 12 P[13]=0.9352 0.0049   8360  29%  0.55 0.27 0.00 0.28 0.28 0.0140 0.0000   13 12 P[13]=0.9362 0.0049   8364  29%  0.55 0.27 0.00 0.28 0.28 0.0139 0.0000   13 12 P[13]=0.9373 0.0049   8350  30%  0.55 0.27 0.00 0.28 0.28 0.0138 0.0000   13 12 P[13]=0.9383 0.0049   8501  30%  0.55 0.27 0.00 0.28 0.28 0.0138 0.0000   13 12 P[13]=0.9389 0.0049   8406.03204  -283410.33407  4:17:36
  31%  0.55 0.27 0.00 0.28 0.28 0.0138 0.0000   13 12 P[13]=0.9400 0.0049   8358  31%  0.55 0.27 0.00 0.28 0.28 0.0137 0.0000   13 12 P[13]=0.9406 0.0049   8383  32%  0.55 0.27 0.00 0.28 0.28 0.0137 0.0000   13 12 P[13]=0.9416 0.0049   8397  32%  0.55 0.27 0.00 0.28 0.28 0.0136 0.0000   13 12 P[13]=0.9422 0.0049   8413  33%  0.55 0.27 0.00 0.28 0.28 0.0137 0.0000   13 12 P[13]=0.9431 0.0049   8372  33%  0.55 0.27 0.00 0.28 0.28 0.0137 0.0000   13 12 P[13]=0.9439 0.0049   8401  34%  0.55 0.27 0.00 0.28 0.28 0.0137 0.0000   13 12 P[13]=0.9447 0.0049   8435  34%  0.55 0.27 0.00 0.28 0.28 0.0137 0.0000   13 12 P[13]=0.9455 0.0049   8303  35%  0.55 0.27 0.00 0.28 0.28 0.0138 0.0000   13 12 P[13]=0.9461 0.0049   8385  35%  0.55 0.27 0.00 0.28 0.28 0.0136 0.0000   13 12 P[13]=0.9468 0.0049   8375.23916  -283409.70608  4:58:33
  36%  0.55 0.27 0.00 0.28 0.28 0.0135 0.0000   13 12 P[13]=0.9476 0.0049   8394  36%  0.55 0.27 0.00 0.28 0.28 0.0136 0.0000   13 12 P[13]=0.9480 0.0049   8359  37%  0.55 0.27 0.00 0.28 0.28 0.0134 0.0000   13 12 P[13]=0.9483 0.0049   8390  37%  0.55 0.27 0.00 0.28 0.28 0.0134 0.0000   13 12 P[13]=0.9489 0.0049   8413  38%  0.55 0.27 0.00 0.28 0.28 0.0133 0.0000   13 12 P[13]=0.9495 0.0049   8447  38%  0.55 0.27 0.00 0.28 0.28 0.0132 0.0000   13 12 P[13]=0.9499 0.0049   8400  39%  0.55 0.27 0.00 0.28 0.28 0.0131 0.0000   13 12 P[13]=0.9504 0.0049   8447  39%  0.55 0.27 0.00 0.28 0.28 0.0131 0.0000   13 12 P[13]=0.9478 0.0049   8410  40%  0.55 0.27 0.00 0.28 0.28 0.0130 0.0000   13 12 P[13]=0.9482 0.0049   8357  40%  0.55 0.27 0.00 0.28 0.28 0.0131 0.0000   13 12 P[13]=0.9456 0.0049   8394.21510  -283408.76465  5:37:52
  41%  0.55 0.27 0.00 0.28 0.28 0.0131 0.0000   13 12 P[13]=0.9460 0.0049   8378  41%  0.55 0.27 0.00 0.28 0.28 0.0131 0.0000   13 12 P[13]=0.9467 0.0049   8359  42%  0.55 0.27 0.00 0.28 0.28 0.0132 0.0000   13 12 P[13]=0.9472 0.0049   8315  42%  0.55 0.27 0.00 0.28 0.28 0.0132 0.0000   13 12 P[13]=0.9476 0.0049   8436  43%  0.55 0.27 0.00 0.28 0.28 0.0131 0.0000   13 12 P[13]=0.9482 0.0049   8387  43%  0.55 0.27 0.00 0.28 0.28 0.0131 0.0000   13 12 P[13]=0.9487 0.0049   8405  44%  0.55 0.27 0.00 0.28 0.28 0.0130 0.0000   13 12 P[13]=0.9489 0.0049   8397  44%  0.55 0.27 0.00 0.28 0.28 0.0130 0.0000   14 13 P[13]=0.9490 0.0049   8418  45%  0.55 0.27 0.00 0.28 0.28 0.0129 0.0000   13 12 P[13]=0.9492 0.0049   8324  45%  0.55 0.27 0.00 0.28 0.28 0.0128 0.0000   13 12 P[13]=0.9497 0.0049   8441.85784  -283408.38932  6:17:06
  46%  0.55 0.27 0.00 0.28 0.28 0.0129 0.0000   13 12 P[13]=0.9497 0.0049   8352  46%  0.55 0.27 0.00 0.28 0.28 0.0130 0.0000   14 13 P[13]=0.9499 0.0049   8351  47%  0.55 0.27 0.00 0.28 0.28 0.0129 0.0000   13 12 P[13]=0.9469 0.0049   8421  47%  0.55 0.27 0.00 0.28 0.28 0.0130 0.0000   13 12 P[13]=0.9472 0.0049   8389  48%  0.55 0.27 0.00 0.28 0.28 0.0129 0.0000   13 12 P[13]=0.9476 0.0049   8380  48%  0.55 0.27 0.00 0.28 0.28 0.0128 0.0000   13 12 P[13]=0.9482 0.0049   8445  49%  0.55 0.27 0.00 0.28 0.28 0.0128 0.0000   13 12 P[13]=0.9486 0.0049   8369  49%  0.55 0.27 0.00 0.28 0.28 0.0128 0.0000   13 12 P[13]=0.9491 0.0049   8391  50%  0.55 0.27 0.00 0.28 0.28 0.0129 0.0000   13 12 P[13]=0.9496 0.0049   8426  50%  0.55 0.27 0.00 0.28 0.28 0.0130 0.0000   13 12 P[13]=0.9488 0.0049   8405.86541  -283407.78227  6:56:29
  51%  0.55 0.27 0.00 0.28 0.28 0.0129 0.0000   13 12 P[13]=0.9491 0.0049   8325  51%  0.55 0.27 0.00 0.28 0.28 0.0128 0.0000   13 12 P[13]=0.9496 0.0049   8352  52%  0.55 0.27 0.00 0.28 0.28 0.0128 0.0000   13 12 P[13]=0.9500 0.0049   8379  52%  0.55 0.27 0.00 0.28 0.28 0.0128 0.0000   13 12 P[13]=0.9504 0.0049   8356  53%  0.55 0.27 0.00 0.28 0.28 0.0127 0.0000   13 12 P[13]=0.9509 0.0049   8356  53%  0.55 0.27 0.00 0.28 0.28 0.0126 0.0000   13 12 P[13]=0.9512 0.0049   8415  54%  0.55 0.27 0.00 0.28 0.28 0.0127 0.0000   13 12 P[13]=0.9516 0.0049   8353  54%  0.55 0.27 0.00 0.28 0.28 0.0126 0.0000   13 12 P[13]=0.9520 0.0049   8291  55%  0.55 0.27 0.00 0.28 0.28 0.0126 0.0000   13 12 P[13]=0.9523 0.0049   8461  55%  0.55 0.27 0.00 0.28 0.28 0.0127 0.0000   13 12 P[13]=0.9528 0.0049   8363.61636  -283407.09067  7:35:52
  56%  0.55 0.27 0.00 0.28 0.28 0.0128 0.0000   13 12 P[13]=0.9528 0.0049   8399  56%  0.55 0.27 0.00 0.28 0.28 0.0128 0.0000   13 12 P[13]=0.9530 0.0049   8353  57%  0.55 0.27 0.00 0.28 0.28 0.0128 0.0000   13 12 P[13]=0.9534 0.0049   8398  57%  0.55 0.27 0.00 0.28 0.28 0.0129 0.0000   13 12 P[13]=0.9538 0.0049   8347  58%  0.55 0.27 0.00 0.28 0.28 0.0128 0.0000   13 12 P[13]=0.9540 0.0049   8298  58%  0.55 0.27 0.00 0.28 0.28 0.0128 0.0000   13 12 P[13]=0.9544 0.0049   8284  59%  0.55 0.27 0.00 0.28 0.28 0.0127 0.0000   14 13 P[13]=0.9546 0.0049   8433  59%  0.55 0.27 0.00 0.28 0.28 0.0127 0.0000   13 12 P[13]=0.9549 0.0049   8380  60%  0.55 0.27 0.00 0.28 0.28 0.0127 0.0000   13 12 P[13]=0.9552 0.0049   8351  60%  0.55 0.27 0.00 0.28 0.28 0.0128 0.0000   13 12 P[13]=0.9556 0.0049   8478.80789  -283406.20922  8:15:11
  61%  0.55 0.27 0.00 0.28 0.28 0.0129 0.0000   13 12 P[13]=0.9560 0.0049   8438  61%  0.55 0.27 0.00 0.28 0.28 0.0129 0.0000   13 12 P[13]=0.9561 0.0049   8354  62%  0.55 0.27 0.00 0.28 0.28 0.0129 0.0000   13 12 P[13]=0.9564 0.0049   8320  62%  0.55 0.27 0.00 0.28 0.28 0.0128 0.0000   13 12 P[13]=0.9568 0.0049   8360  63%  0.55 0.27 0.00 0.28 0.28 0.0128 0.0000   13 12 P[13]=0.9570 0.0049   8353  63%  0.55 0.27 0.00 0.28 0.28 0.0128 0.0000   14 13 P[13]=0.9570 0.0049   8393  64%  0.55 0.27 0.00 0.28 0.28 0.0129 0.0000   13 12 P[13]=0.9571 0.0049   8325  64%  0.55 0.27 0.00 0.28 0.28 0.0129 0.0000   13 12 P[13]=0.9574 0.0049   8274  65%  0.55 0.27 0.00 0.28 0.28 0.0128 0.0000   13 12 P[13]=0.9577 0.0049   8412  65%  0.55 0.27 0.00 0.28 0.28 0.0127 0.0000   13 12 P[13]=0.9580 0.0049   8335.93329  -283404.37191  8:36:59
  66%  0.55 0.27 0.00 0.28 0.28 0.0127 0.0000   13 12 P[13]=0.9583 0.0049   8395  66%  0.55 0.27 0.00 0.28 0.28 0.0127 0.0000   13 12 P[13]=0.9586 0.0049   8423  67%  0.55 0.27 0.00 0.28 0.28 0.0126 0.0000   13 12 P[13]=0.9588 0.0049   8417  67%  0.55 0.27 0.00 0.28 0.28 0.0126 0.0000   13 12 P[13]=0.9591 0.0049   8365  68%  0.55 0.27 0.00 0.28 0.28 0.0126 0.0000   13 12 P[13]=0.9587 0.0049   8380  68%  0.55 0.27 0.00 0.28 0.28 0.0126 0.0000   13 12 P[13]=0.9588 0.0049   8368  69%  0.55 0.27 0.00 0.28 0.28 0.0125 0.0000   13 12 P[13]=0.9591 0.0049   8407  69%  0.55 0.27 0.00 0.28 0.28 0.0125 0.0000   13 12 P[13]=0.9592 0.0049   8419  70%  0.55 0.27 0.00 0.28 0.28 0.0125 0.0000   13 12 P[13]=0.9594 0.0049   8378  70%  0.55 0.27 0.00 0.28 0.28 0.0126 0.0000   13 12 P[13]=0.9597 0.0049   8323.55283  -283403.82043  8:57:52
  71%  0.55 0.27 0.00 0.28 0.28 0.0126 0.0000   13 12 P[13]=0.9599 0.0049   8420  71%  0.55 0.27 0.00 0.28 0.28 0.0126 0.0000   13 12 P[13]=0.9602 0.0049   8410  72%  0.55 0.27 0.00 0.28 0.28 0.0126 0.0000   13 12 P[13]=0.9604 0.0049   8338  72%  0.55 0.27 0.00 0.28 0.28 0.0126 0.0000   13 12 P[13]=0.9606 0.0049   8356  73%  0.55 0.27 0.00 0.28 0.28 0.0126 0.0000   14 13 P[13]=0.9608 0.0049   8289  73%  0.55 0.27 0.00 0.28 0.28 0.0126 0.0000   13 12 P[13]=0.9610 0.0049   8424  74%  0.55 0.27 0.00 0.28 0.28 0.0127 0.0000   13 12 P[13]=0.9612 0.0049   8323  74%  0.55 0.27 0.00 0.28 0.28 0.0127 0.0000   13 12 P[13]=0.9614 0.0049   8402  75%  0.55 0.27 0.00 0.28 0.28 0.0127 0.0000   13 12 P[13]=0.9613 0.0049   8428  75%  0.55 0.27 0.00 0.28 0.28 0.0127 0.0000   13 12 P[13]=0.9610 0.0049   8343.82723  -283401.75245  9:18:48
  76%  0.55 0.27 0.00 0.28 0.28 0.0127 0.0000   13 12 P[13]=0.9611 0.0049   8404  76%  0.55 0.27 0.00 0.28 0.28 0.0127 0.0000   13 12 P[13]=0.9613 0.0049   8402  77%  0.55 0.27 0.00 0.28 0.28 0.0127 0.0000   13 12 P[13]=0.9616 0.0049   8413  77%  0.55 0.27 0.00 0.28 0.28 0.0127 0.0000   13 12 P[13]=0.9617 0.0049   8232  78%  0.55 0.27 0.00 0.28 0.28 0.0126 0.0000   13 12 P[13]=0.9619 0.0049   8369  78%  0.55 0.27 0.00 0.28 0.28 0.0126 0.0000   13 12 P[13]=0.9621 0.0049   8367  79%  0.55 0.27 0.00 0.28 0.28 0.0126 0.0000   13 12 P[13]=0.9624 0.0049   8393  79%  0.55 0.27 0.00 0.28 0.28 0.0126 0.0000   13 12 P[13]=0.9624 0.0049   8311  80%  0.55 0.27 0.00 0.28 0.28 0.0125 0.0000   13 12 P[13]=0.9626 0.0049   8344  80%  0.55 0.27 0.00 0.28 0.28 0.0126 0.0000   13 12 P[13]=0.9628 0.0049   8431.13575  -283400.10058  9:39:44
  81%  0.55 0.27 0.00 0.28 0.28 0.0126 0.0000   13 12 P[13]=0.9630 0.0049   8316  81%  0.55 0.27 0.00 0.28 0.28 0.0126 0.0000   13 12 P[13]=0.9629 0.0049   8428  82%  0.55 0.27 0.00 0.28 0.28 0.0126 0.0000   14 13 P[13]=0.9612 0.0049   8316  82%  0.55 0.27 0.00 0.28 0.28 0.0127 0.0000   13 12 P[13]=0.9603 0.0049   8423  83%  0.55 0.27 0.00 0.28 0.28 0.0127 0.0000   13 12 P[13]=0.9592 0.0049   8426  83%  0.55 0.27 0.00 0.28 0.28 0.0127 0.0000   13 12 P[13]=0.9594 0.0049   8356  84%  0.55 0.27 0.00 0.28 0.28 0.0127 0.0000   13 12 P[13]=0.9594 0.0049   8342  84%  0.55 0.27 0.00 0.28 0.28 0.0127 0.0000   13 12 P[13]=0.9596 0.0049   8378  85%  0.55 0.27 0.00 0.28 0.28 0.0127 0.0000   13 12 P[13]=0.9598 0.0049   8381  85%  0.55 0.27 0.00 0.28 0.28 0.0127 0.0000   13 12 P[13]=0.9600 0.0049   8416.12232  -283399.44966  10:00:41
  86%  0.55 0.27 0.00 0.28 0.28 0.0128 0.0000   13 12 P[13]=0.9601 0.0049   8302  86%  0.55 0.27 0.00 0.28 0.28 0.0127 0.0000   13 12 P[13]=0.9602 0.0049   8420  87%  0.55 0.27 0.00 0.28 0.28 0.0127 0.0000   13 12 P[13]=0.9604 0.0049   8336  87%  0.55 0.27 0.00 0.28 0.28 0.0129 0.0000   13 12 P[13]=0.9606 0.0049   8355  88%  0.55 0.27 0.00 0.28 0.28 0.0129 0.0000   14 13 P[13]=0.9602 0.0049   8482  88%  0.55 0.27 0.00 0.28 0.28 0.0128 0.0000   13 12 P[13]=0.9570 0.0049   8393  89%  0.55 0.27 0.00 0.28 0.28 0.0128 0.0000   13 12 P[13]=0.9570 0.0049   8363  89%  0.55 0.27 0.00 0.28 0.28 0.0128 0.0000   13 12 P[13]=0.9562 0.0049   8468  90%  0.55 0.27 0.00 0.28 0.28 0.0128 0.0000   13 12 P[13]=0.9564 0.0049   8321  90%  0.55 0.27 0.00 0.28 0.28 0.0128 0.0000   13 12 P[13]=0.9562 0.0049   8402.25834  -283397.98203  10:21:38
  91%  0.55 0.27 0.00 0.28 0.28 0.0127 0.0000   13 12 P[13]=0.9563 0.0049   8402  91%  0.55 0.27 0.00 0.28 0.28 0.0127 0.0000   13 12 P[13]=0.9561 0.0049   8370  92%  0.55 0.27 0.00 0.28 0.28 0.0128 0.0000   13 12 P[13]=0.9562 0.0049   8367  92%  0.55 0.27 0.00 0.28 0.28 0.0128 0.0000   13 12 P[13]=0.9563 0.0049   8360  93%  0.55 0.27 0.00 0.28 0.28 0.0128 0.0000   13 12 P[13]=0.9562 0.0049   8341  93%  0.55 0.27 0.00 0.28 0.28 0.0127 0.0000   13 12 P[13]=0.9562 0.0049   8375  94%  0.55 0.27 0.00 0.28 0.28 0.0128 0.0000   13 12 P[13]=0.9563 0.0049   8373  94%  0.55 0.27 0.00 0.28 0.28 0.0128 0.0000   13 12 P[13]=0.9559 0.0049   8374  95%  0.55 0.27 0.00 0.28 0.28 0.0128 0.0000   13 12 P[13]=0.9561 0.0049   8355  95%  0.55 0.27 0.00 0.28 0.28 0.0130 0.0000   13 12 P[13]=0.9563 0.0049   8371.33947  -283396.88811  10:42:33
  96%  0.55 0.27 0.00 0.28 0.28 0.0131 0.0000   13 12 P[13]=0.9563 0.0049   8356  96%  0.55 0.27 0.00 0.28 0.28 0.0130 0.0000   13 12 P[13]=0.9566 0.0049   8313  97%  0.55 0.27 0.00 0.28 0.28 0.0130 0.0000   13 12 P[13]=0.9568 0.0049   8395  97%  0.55 0.27 0.00 0.28 0.28 0.0131 0.0000   13 12 P[13]=0.9570 0.0049   8403  98%  0.55 0.27 0.00 0.28 0.28 0.0131 0.0000   13 12 P[13]=0.9572 0.0049   8338  98%  0.55 0.27 0.00 0.28 0.28 0.0131 0.0000   13 12 P[13]=0.9574 0.0049   8348  99%  0.55 0.27 0.00 0.28 0.28 0.0132 0.0000   13 12 P[13]=0.9576 0.0049   8363  99%  0.55 0.27 0.00 0.28 0.28 0.0132 0.0000   13 12 P[13]=0.9577 0.0049   8392 100%  0.55 0.27 0.00 0.28 0.28 0.0132 0.0000   13 12 P[13]=0.9578 0.0049   8288 100%  0.55 0.27 0.00 0.28 0.28 0.0132 0.0000   13 12 P[13]=0.9579 0.0049   8380.17596  -283395.83496  11:03:14

11:03:14 spent in MCMC


(A) List of best models (count postP #species SpeciesTree)
8226 0.082260 0.082260 13  (P10_amoenaP9_amoena P11_ornata P12_ornata P13_lutea P14_ornata P17_arzae P18_davidii P19_arzae P20_quilapilun P32_arzae P33_ornata P35_lutea P8_amoena)  (((P10_amoenaP9_amoena, P8_amoena), P11_ornata), (((P12_ornata, P13_lutea), ((P14_ornata, P33_ornata), P20_quilapilun)), (((P17_arzae, (P18_davidii, P19_arzae)), P32_arzae), P35_lutea)));
8162 0.081620 0.163880 13  (P10_amoena P11_ornata P12_ornata P13_lutea P14_ornata P17_arzae P18_davidii P19_arzae P20_quilapilun P32_arzae P33_ornata P35_lutea P8_amoenaP9_amoena)  (((P10_amoena, P8_amoenaP9_amoena), P11_ornata), (((P12_ornata, P13_lutea), ((P14_ornata, P33_ornata), P20_quilapilun)), (((P17_arzae, (P18_davidii, P19_arzae)), P32_arzae), P35_lutea)));
5602 0.056020 0.219900 13  (P10_amoenaP9_amoena P11_ornata P12_ornata P13_lutea P14_ornata P17_arzae P18_davidii P19_arzae P20_quilapilun P32_arzae P33_ornata P35_lutea P8_amoena)  (((P10_amoenaP9_amoena, P8_amoena), P11_ornata), (((P12_ornata, P13_lutea), ((P14_ornata, P33_ornata), P20_quilapilun)), ((((P17_arzae, P19_arzae), P18_davidii), P32_arzae), P35_lutea)));
5585 0.055850 0.275750 13  (P10_amoenaP8_amoena P11_ornata P12_ornata P13_lutea P14_ornata P17_arzae P18_davidii P19_arzae P20_quilapilun P32_arzae P33_ornata P35_lutea P9_amoena)  (((P10_amoenaP8_amoena, P9_amoena), P11_ornata), (((P12_ornata, P13_lutea), ((P14_ornata, P33_ornata), P20_quilapilun)), (((P17_arzae, (P18_davidii, P19_arzae)), P32_arzae), P35_lutea)));
5292 0.052920 0.328670 13  (P10_amoenaP9_amoena P11_ornata P12_ornata P13_lutea P14_ornata P17_arzae P18_davidii P19_arzae P20_quilapilun P32_arzae P33_ornata P35_lutea P8_amoena)  (((P10_amoenaP9_amoena, P8_amoena), P11_ornata), (((P12_ornata, P13_lutea), ((P14_ornata, P33_ornata), P20_quilapilun)), ((P17_arzae, (P18_davidii, (P19_arzae, P32_arzae))), P35_lutea)));
4851 0.048510 0.377180 13  (P10_amoenaP8_amoena P11_ornata P12_ornata P13_lutea P14_ornata P17_arzae P18_davidii P19_arzae P20_quilapilun P32_arzae P33_ornata P35_lutea P9_amoena)  (((P10_amoenaP8_amoena, P9_amoena), P11_ornata), (((P12_ornata, P13_lutea), ((P14_ornata, P33_ornata), P20_quilapilun)), ((((P17_arzae, P19_arzae), P18_davidii), P32_arzae), P35_lutea)));
4730 0.047300 0.424480 13  (P10_amoenaP9_amoena P11_ornata P12_ornata P13_lutea P14_ornata P17_arzae P18_davidii P19_arzae P20_quilapilun P32_arzae P33_ornata P35_lutea P8_amoena)  (((P10_amoenaP9_amoena, P8_amoena), P11_ornata), (((P12_ornata, P13_lutea), ((P14_ornata, P33_ornata), P20_quilapilun)), ((P17_arzae, ((P18_davidii, P19_arzae), P32_arzae)), P35_lutea)));
4574 0.045740 0.470220 13  (P10_amoenaP9_amoena P11_ornata P12_ornata P13_lutea P14_ornata P17_arzae P18_davidii P19_arzae P20_quilapilun P32_arzae P33_ornata P35_lutea P8_amoena)  (((P10_amoenaP9_amoena, P8_amoena), P11_ornata), (((P12_ornata, P13_lutea), ((P14_ornata, P33_ornata), P20_quilapilun)), (((P17_arzae, (P19_arzae, P32_arzae)), P18_davidii), P35_lutea)));
4048 0.040480 0.510700 13  (P10_amoenaP9_amoena P11_ornata P12_ornata P13_lutea P14_ornata P17_arzae P18_davidii P19_arzae P20_quilapilun P32_arzae P33_ornata P35_lutea P8_amoena)  (((P10_amoenaP9_amoena, P8_amoena), P11_ornata), (((P12_ornata, P13_lutea), ((P14_ornata, P33_ornata), P20_quilapilun)), ((((P17_arzae, P19_arzae), P32_arzae), P18_davidii), P35_lutea)));
3854 0.038540 0.549240 13  (P10_amoenaP9_amoena P11_ornata P12_ornata P13_lutea P14_ornata P17_arzae P18_davidii P19_arzae P20_quilapilun P32_arzae P33_ornata P35_lutea P8_amoena)  (((P10_amoenaP9_amoena, P8_amoena), P11_ornata), (((P12_ornata, P13_lutea), ((P14_ornata, P33_ornata), P20_quilapilun)), (((P17_arzae, P32_arzae), (P18_davidii, P19_arzae)), P35_lutea)));
3569 0.035690 0.584930 13  (P10_amoenaP8_amoena P11_ornata P12_ornata P13_lutea P14_ornata P17_arzae P18_davidii P19_arzae P20_quilapilun P32_arzae P33_ornata P35_lutea P9_amoena)  (((P10_amoenaP8_amoena, P9_amoena), P11_ornata), (((P12_ornata, P13_lutea), ((P14_ornata, P33_ornata), P20_quilapilun)), ((P17_arzae, (P18_davidii, (P19_arzae, P32_arzae))), P35_lutea)));
3354 0.033540 0.618470 13  (P10_amoena P11_ornata P12_ornata P13_lutea P14_ornata P17_arzae P18_davidii P19_arzae P20_quilapilun P32_arzae P33_ornata P35_lutea P8_amoenaP9_amoena)  (((P10_amoena, P8_amoenaP9_amoena), P11_ornata), (((P12_ornata, P13_lutea), ((P14_ornata, P33_ornata), P20_quilapilun)), ((P17_arzae, ((P18_davidii, P19_arzae), P32_arzae)), P35_lutea)));
3340 0.033400 0.651870 13  (P10_amoenaP8_amoena P11_ornata P12_ornata P13_lutea P14_ornata P17_arzae P18_davidii P19_arzae P20_quilapilun P32_arzae P33_ornata P35_lutea P9_amoena)  (((P10_amoenaP8_amoena, P9_amoena), P11_ornata), (((P12_ornata, P13_lutea), ((P14_ornata, P33_ornata), P20_quilapilun)), ((P17_arzae, ((P18_davidii, P19_arzae), P32_arzae)), P35_lutea)));
2801 0.028010 0.679880 13  (P10_amoena P11_ornata P12_ornata P13_lutea P14_ornata P17_arzae P18_davidii P19_arzae P20_quilapilun P32_arzae P33_ornata P35_lutea P8_amoenaP9_amoena)  (((P10_amoena, P8_amoenaP9_amoena), P11_ornata), (((P12_ornata, P13_lutea), ((P14_ornata, P33_ornata), P20_quilapilun)), ((((P17_arzae, P19_arzae), P18_davidii), P32_arzae), P35_lutea)));
2465 0.024650 0.704530 13  (P10_amoena P11_ornata P12_ornata P13_lutea P14_ornata P17_arzae P18_davidii P19_arzae P20_quilapilun P32_arzae P33_ornata P35_lutea P8_amoenaP9_amoena)  (((P10_amoena, P8_amoenaP9_amoena), P11_ornata), (((P12_ornata, P13_lutea), ((P14_ornata, P33_ornata), P20_quilapilun)), (((P17_arzae, (P19_arzae, P32_arzae)), P18_davidii), P35_lutea)));
2437 0.024370 0.728900 13  (P10_amoenaP8_amoena P11_ornata P12_ornata P13_lutea P14_ornata P17_arzae P18_davidii P19_arzae P20_quilapilun P32_arzae P33_ornata P35_lutea P9_amoena)  (((P10_amoenaP8_amoena, P9_amoena), P11_ornata), (((P12_ornata, P13_lutea), ((P14_ornata, P33_ornata), P20_quilapilun)), (((P17_arzae, (P19_arzae, P32_arzae)), P18_davidii), P35_lutea)));
2314 0.023140 0.752040 13  (P10_amoenaP8_amoena P11_ornata P12_ornata P13_lutea P14_ornata P17_arzae P18_davidii P19_arzae P20_quilapilun P32_arzae P33_ornata P35_lutea P9_amoena)  (((P10_amoenaP8_amoena, P9_amoena), P11_ornata), (((P12_ornata, P13_lutea), ((P14_ornata, P33_ornata), P20_quilapilun)), (((P17_arzae, P32_arzae), (P18_davidii, P19_arzae)), P35_lutea)));
2235 0.022350 0.774390 13  (P10_amoena P11_ornata P12_ornata P13_lutea P14_ornata P17_arzae P18_davidii P19_arzae P20_quilapilun P32_arzae P33_ornata P35_lutea P8_amoenaP9_amoena)  (((P10_amoena, P8_amoenaP9_amoena), P11_ornata), (((P12_ornata, P13_lutea), ((P14_ornata, P33_ornata), P20_quilapilun)), ((P17_arzae, (P18_davidii, (P19_arzae, P32_arzae))), P35_lutea)));
2209 0.022090 0.796480 13  (P10_amoena P11_ornata P12_ornata P13_lutea P14_ornata P17_arzae P18_davidii P19_arzae P20_quilapilun P32_arzae P33_ornata P35_lutea P8_amoenaP9_amoena)  (((P10_amoena, P8_amoenaP9_amoena), P11_ornata), (((P12_ornata, P13_lutea), ((P14_ornata, P33_ornata), P20_quilapilun)), (((P17_arzae, P32_arzae), (P18_davidii, P19_arzae)), P35_lutea)));
1845 0.018450 0.814930 13  (P10_amoenaP8_amoena P11_ornata P12_ornata P13_lutea P14_ornata P17_arzae P18_davidii P19_arzae P20_quilapilun P32_arzae P33_ornata P35_lutea P9_amoena)  (((P10_amoenaP8_amoena, P9_amoena), P11_ornata), (((P12_ornata, P13_lutea), ((P14_ornata, P33_ornata), P20_quilapilun)), (((P17_arzae, P18_davidii), (P19_arzae, P32_arzae)), P35_lutea)));
1685 0.016850 0.831780 13  (P10_amoenaP8_amoena P11_ornata P12_ornata P13_lutea P14_ornata P17_arzae P18_davidii P19_arzae P20_quilapilun P32_arzae P33_ornata P35_lutea P9_amoena)  (((P10_amoenaP8_amoena, P9_amoena), P11_ornata), (((P12_ornata, P13_lutea), ((P14_ornata, P33_ornata), P20_quilapilun)), ((((P17_arzae, P19_arzae), P32_arzae), P18_davidii), P35_lutea)));
1472 0.014720 0.846500 13  (P10_amoenaP9_amoena P11_ornata P12_ornata P13_lutea P14_ornata P17_arzae P18_davidii P19_arzae P20_quilapilun P32_arzae P33_ornata P35_lutea P8_amoena)  (((P10_amoenaP9_amoena, P8_amoena), P11_ornata), (((P12_ornata, P13_lutea), ((P14_ornata, P33_ornata), P20_quilapilun)), (((P17_arzae, P18_davidii), (P19_arzae, P32_arzae)), P35_lutea)));
1451 0.014510 0.861010 13  (P10_amoena P11_ornata P12_ornata P13_lutea P14_ornata P17_arzae P18_davidii P19_arzae P20_quilapilun P32_arzae P33_ornata P35_lutea P8_amoenaP9_amoena)  (((P10_amoena, P8_amoenaP9_amoena), P11_ornata), (((P12_ornata, P13_lutea), ((P14_ornata, P33_ornata), P20_quilapilun)), ((((P17_arzae, P19_arzae), P32_arzae), P18_davidii), P35_lutea)));
1300 0.013000 0.874010 13  (P10_amoenaP9_amoena P11_ornata P12_ornata P13_lutea P14_ornata P17_arzae P18_davidii P19_arzae P20_quilapilun P32_arzae P33_ornata P35_lutea P8_amoena)  (((P10_amoenaP9_amoena, P8_amoena), P11_ornata), (((P12_ornata, P13_lutea), ((P14_ornata, P33_ornata), P20_quilapilun)), ((((P17_arzae, P32_arzae), P19_arzae), P18_davidii), P35_lutea)));
1184 0.011840 0.885850 13  (P10_amoenaP9_amoena P11_ornata P12_ornata P13_lutea P14_ornata P17_arzae P18_davidii P19_arzae P20_quilapilun P32_arzae P33_ornata P35_lutea P8_amoena)  (((P10_amoenaP9_amoena, P8_amoena), P11_ornata), (((P12_ornata, P13_lutea), ((P14_ornata, P33_ornata), P20_quilapilun)), ((((P17_arzae, P18_davidii), P19_arzae), P32_arzae), P35_lutea)));
 980 0.009800 0.895650 13  (P10_amoena P11_ornata P12_ornata P13_lutea P14_ornata P17_arzae P18_davidii P19_arzae P20_quilapilun P32_arzae P33_ornata P35_lutea P8_amoenaP9_amoena)  (((P10_amoena, P8_amoenaP9_amoena), P11_ornata), (((P12_ornata, P13_lutea), ((P14_ornata, P33_ornata), P20_quilapilun)), ((((P17_arzae, P18_davidii), P19_arzae), P32_arzae), P35_lutea)));
 919 0.009190 0.904840 13  (P10_amoenaP9_amoena P11_ornata P12_ornata P13_lutea P14_ornata P17_arzae P18_davidii P19_arzae P20_quilapilun P32_arzae P33_ornata P35_lutea P8_amoena)  (((P10_amoenaP9_amoena, P8_amoena), P11_ornata), (((P12_ornata, P13_lutea), ((P14_ornata, P33_ornata), P20_quilapilun)), ((P17_arzae, ((P18_davidii, P32_arzae), P19_arzae)), P35_lutea)));
 718 0.007180 0.912020 13  (P10_amoenaP9_amoena P11_ornata P12_ornata P13_lutea P14_ornata P17_arzae P18_davidii P19_arzae P20_quilapilun P32_arzae P33_ornata P35_lutea P8_amoena)  (((P10_amoenaP9_amoena, P8_amoena), P11_ornata), (((P12_ornata, P13_lutea), ((P14_ornata, P33_ornata), P20_quilapilun)), (((P17_arzae, P19_arzae), (P18_davidii, P32_arzae)), P35_lutea)));
 706 0.007060 0.919080 13  (P10_amoena P11_ornata P12_ornata P13_lutea P14_ornata P17_arzae P18_davidii P19_arzae P20_quilapilun P32_arzae P33_ornata P35_lutea P8_amoenaP9_amoena)  (((P10_amoena, P8_amoenaP9_amoena), P11_ornata), (((P12_ornata, P13_lutea), ((P14_ornata, P33_ornata), P20_quilapilun)), ((((P17_arzae, P32_arzae), P19_arzae), P18_davidii), P35_lutea)));
 683 0.006830 0.925910 13  (P10_amoenaP8_amoena P11_ornata P12_ornata P13_lutea P14_ornata P17_arzae P18_davidii P19_arzae P20_quilapilun P32_arzae P33_ornata P35_lutea P9_amoena)  (((P10_amoenaP8_amoena, P9_amoena), P11_ornata), (((P12_ornata, P13_lutea), ((P14_ornata, P33_ornata), P20_quilapilun)), ((((P17_arzae, P18_davidii), P19_arzae), P32_arzae), P35_lutea)));
 605 0.006050 0.931960 13  (P10_amoena P11_ornata P12_ornata P13_lutea P14_ornata P17_arzae P18_davidii P19_arzae P20_quilapilun P32_arzae P33_ornata P35_lutea P8_amoenaP9_amoena)  (((P10_amoena, P8_amoenaP9_amoena), P11_ornata), (((P12_ornata, P13_lutea), ((P14_ornata, P33_ornata), P20_quilapilun)), (((P17_arzae, P18_davidii), (P19_arzae, P32_arzae)), P35_lutea)));
 544 0.005440 0.937400 14  (P10_amoena P11_ornata P12_ornata P13_lutea P14_ornata P17_arzae P18_davidii P19_arzae P20_quilapilun P32_arzae P33_ornata P35_lutea P8_amoena P9_amoena)  (((P10_amoena, (P8_amoena, P9_amoena)), P11_ornata), (((P12_ornata, P13_lutea), ((P14_ornata, P33_ornata), P20_quilapilun)), (((P17_arzae, (P18_davidii, P19_arzae)), P32_arzae), P35_lutea)));
 537 0.005370 0.942770 13  (P10_amoenaP8_amoena P11_ornata P12_ornata P13_lutea P14_ornata P17_arzae P18_davidii P19_arzae P20_quilapilun P32_arzae P33_ornata P35_lutea P9_amoena)  (((P10_amoenaP8_amoena, P9_amoena), P11_ornata), (((P12_ornata, P13_lutea), ((P14_ornata, P33_ornata), P20_quilapilun)), (((P17_arzae, P19_arzae), (P18_davidii, P32_arzae)), P35_lutea)));
 535 0.005350 0.948120 13  (P10_amoenaP8_amoena P11_ornata P12_ornata P13_lutea P14_ornata P17_arzae P18_davidii P19_arzae P20_quilapilun P32_arzae P33_ornata P35_lutea P9_amoena)  (((P10_amoenaP8_amoena, P9_amoena), P11_ornata), (((P12_ornata, P13_lutea), ((P14_ornata, P33_ornata), P20_quilapilun)), ((((P17_arzae, P32_arzae), P19_arzae), P18_davidii), P35_lutea)));
 420 0.004200 0.952320 13  (P10_amoenaP8_amoena P11_ornata P12_ornata P13_lutea P14_ornata P17_arzae P18_davidii P19_arzae P20_quilapilun P32_arzae P33_ornata P35_lutea P9_amoena)  (((P10_amoenaP8_amoena, P9_amoena), P11_ornata), (((P12_ornata, P13_lutea), ((P14_ornata, P33_ornata), P20_quilapilun)), ((P17_arzae, ((P18_davidii, P32_arzae), P19_arzae)), P35_lutea)));
 396 0.003960 0.956280 14  (P10_amoena P11_ornata P12_ornata P13_lutea P14_ornata P17_arzae P18_davidii P19_arzae P20_quilapilun P32_arzae P33_ornata P35_lutea P8_amoena P9_amoena)  ((((P10_amoena, P8_amoena), P9_amoena), P11_ornata), (((P12_ornata, P13_lutea), ((P14_ornata, P33_ornata), P20_quilapilun)), ((P17_arzae, ((P18_davidii, P19_arzae), P32_arzae)), P35_lutea)));
 382 0.003820 0.960100 14  (P10_amoena P11_ornata P12_ornata P13_lutea P14_ornata P17_arzae P18_davidii P19_arzae P20_quilapilun P32_arzae P33_ornata P35_lutea P8_amoena P9_amoena)  (((P10_amoena, (P8_amoena, P9_amoena)), P11_ornata), (((P12_ornata, P13_lutea), ((P14_ornata, P33_ornata), P20_quilapilun)), ((P17_arzae, ((P18_davidii, P19_arzae), P32_arzae)), P35_lutea)));
 368 0.003680 0.963780 14  (P10_amoena P11_ornata P12_ornata P13_lutea P14_ornata P17_arzae P18_davidii P19_arzae P20_quilapilun P32_arzae P33_ornata P35_lutea P8_amoena P9_amoena)  (((P10_amoena, (P8_amoena, P9_amoena)), P11_ornata), (((P12_ornata, P13_lutea), ((P14_ornata, P33_ornata), P20_quilapilun)), (((P17_arzae, (P19_arzae, P32_arzae)), P18_davidii), P35_lutea)));
 356 0.003560 0.967340 13  (P10_amoena P11_ornata P12_ornata P13_lutea P14_ornata P17_arzae P18_davidii P19_arzae P20_quilapilun P32_arzae P33_ornata P35_lutea P8_amoenaP9_amoena)  (((P10_amoena, P8_amoenaP9_amoena), P11_ornata), (((P12_ornata, P13_lutea), ((P14_ornata, P33_ornata), P20_quilapilun)), (((P17_arzae, P19_arzae), (P18_davidii, P32_arzae)), P35_lutea)));
 342 0.003420 0.970760 13  (P10_amoena P11_ornata P12_ornata P13_lutea P14_ornata P17_arzae P18_davidii P19_arzae P20_quilapilun P32_arzae P33_ornata P35_lutea P8_amoenaP9_amoena)  (((P10_amoena, P8_amoenaP9_amoena), P11_ornata), (((P12_ornata, P13_lutea), ((P14_ornata, P33_ornata), P20_quilapilun)), ((P17_arzae, ((P18_davidii, P32_arzae), P19_arzae)), P35_lutea)));
 272 0.002720 0.973480 14  (P10_amoena P11_ornata P12_ornata P13_lutea P14_ornata P17_arzae P18_davidii P19_arzae P20_quilapilun P32_arzae P33_ornata P35_lutea P8_amoena P9_amoena)  ((((P10_amoena, P9_amoena), P8_amoena), P11_ornata), (((P12_ornata, P13_lutea), ((P14_ornata, P33_ornata), P20_quilapilun)), (((P17_arzae, (P18_davidii, P19_arzae)), P32_arzae), P35_lutea)));
 228 0.002280 0.975760 14  (P10_amoena P11_ornata P12_ornata P13_lutea P14_ornata P17_arzae P18_davidii P19_arzae P20_quilapilun P32_arzae P33_ornata P35_lutea P8_amoena P9_amoena)  ((((P10_amoena, P8_amoena), P9_amoena), P11_ornata), (((P12_ornata, P13_lutea), ((P14_ornata, P33_ornata), P20_quilapilun)), (((P17_arzae, (P18_davidii, P19_arzae)), P32_arzae), P35_lutea)));
 218 0.002180 0.977940 14  (P10_amoena P11_ornata P12_ornata P13_lutea P14_ornata P17_arzae P18_davidii P19_arzae P20_quilapilun P32_arzae P33_ornata P35_lutea P8_amoena P9_amoena)  ((((P10_amoena, P8_amoena), P9_amoena), P11_ornata), (((P12_ornata, P13_lutea), ((P14_ornata, P33_ornata), P20_quilapilun)), (((P17_arzae, P32_arzae), (P18_davidii, P19_arzae)), P35_lutea)));
 185 0.001850 0.979790 14  (P10_amoena P11_ornata P12_ornata P13_lutea P14_ornata P17_arzae P18_davidii P19_arzae P20_quilapilun P32_arzae P33_ornata P35_lutea P8_amoena P9_amoena)  (((P10_amoena, (P8_amoena, P9_amoena)), P11_ornata), (((P12_ornata, P13_lutea), ((P14_ornata, P33_ornata), P20_quilapilun)), ((((P17_arzae, P19_arzae), P32_arzae), P18_davidii), P35_lutea)));
 142 0.001420 0.981210 13  (P10_amoena P11_ornata P12_ornata P13_lutea P14_ornata P17_arzae P18_davidii P19_arzae P20_quilapilun P32_arzae P33_ornata P35_lutea P8_amoenaP9_amoena)  (((P10_amoena, P8_amoenaP9_amoena), P11_ornata), (((P12_ornata, P13_lutea), ((P14_ornata, P33_ornata), P20_quilapilun)), ((((P17_arzae, P32_arzae), P18_davidii), P19_arzae), P35_lutea)));
 135 0.001350 0.982560 14  (P10_amoena P11_ornata P12_ornata P13_lutea P14_ornata P17_arzae P18_davidii P19_arzae P20_quilapilun P32_arzae P33_ornata P35_lutea P8_amoena P9_amoena)  ((((P10_amoena, P9_amoena), P8_amoena), P11_ornata), (((P12_ornata, P13_lutea), ((P14_ornata, P33_ornata), P20_quilapilun)), ((((P17_arzae, P19_arzae), P18_davidii), P32_arzae), P35_lutea)));
 125 0.001250 0.983810 14  (P10_amoena P11_ornata P12_ornata P13_lutea P14_ornata P17_arzae P18_davidii P19_arzae P20_quilapilun P32_arzae P33_ornata P35_lutea P8_amoena P9_amoena)  (((P10_amoena, (P8_amoena, P9_amoena)), P11_ornata), (((P12_ornata, P13_lutea), ((P14_ornata, P33_ornata), P20_quilapilun)), ((((P17_arzae, P19_arzae), P18_davidii), P32_arzae), P35_lutea)));
 122 0.001220 0.985030 14  (P10_amoena P11_ornata P12_ornata P13_lutea P14_ornata P17_arzae P18_davidii P19_arzae P20_quilapilun P32_arzae P33_ornata P35_lutea P8_amoena P9_amoena)  ((((P10_amoena, P8_amoena), P9_amoena), P11_ornata), (((P12_ornata, P13_lutea), ((P14_ornata, P33_ornata), P20_quilapilun)), ((P17_arzae, (P18_davidii, (P19_arzae, P32_arzae))), P35_lutea)));
 106 0.001060 0.986090 14  (P10_amoena P11_ornata P12_ornata P13_lutea P14_ornata P17_arzae P18_davidii P19_arzae P20_quilapilun P32_arzae P33_ornata P35_lutea P8_amoena P9_amoena)  (((P10_amoena, (P8_amoena, P9_amoena)), P11_ornata), (((P12_ornata, P13_lutea), ((P14_ornata, P33_ornata), P20_quilapilun)), ((((P17_arzae, P32_arzae), P19_arzae), P18_davidii), P35_lutea)));
 104 0.001040 0.987130 14  (P10_amoena P11_ornata P12_ornata P13_lutea P14_ornata P17_arzae P18_davidii P19_arzae P20_quilapilun P32_arzae P33_ornata P35_lutea P8_amoena P9_amoena)  ((((P10_amoena, P8_amoena), P9_amoena), P11_ornata), (((P12_ornata, P13_lutea), ((P14_ornata, P33_ornata), P20_quilapilun)), ((((P17_arzae, P19_arzae), P18_davidii), P32_arzae), P35_lutea)));
  80 0.000800 0.987930 14  (P10_amoena P11_ornata P12_ornata P13_lutea P14_ornata P17_arzae P18_davidii P19_arzae P20_quilapilun P32_arzae P33_ornata P35_lutea P8_amoena P9_amoena)  (((P10_amoena, (P8_amoena, P9_amoena)), P11_ornata), (((P12_ornata, P13_lutea), ((P14_ornata, P33_ornata), P20_quilapilun)), (((P17_arzae, P19_arzae), (P18_davidii, P32_arzae)), P35_lutea)));
  78 0.000780 0.988710 14  (P10_amoena P11_ornata P12_ornata P13_lutea P14_ornata P17_arzae P18_davidii P19_arzae P20_quilapilun P32_arzae P33_ornata P35_lutea P8_amoena P9_amoena)  ((((P10_amoena, P8_amoena), P9_amoena), P11_ornata), (((P12_ornata, P13_lutea), ((P14_ornata, P33_ornata), P20_quilapilun)), (((P17_arzae, P18_davidii), (P19_arzae, P32_arzae)), P35_lutea)));
  77 0.000770 0.989480 14  (P10_amoena P11_ornata P12_ornata P13_lutea P14_ornata P17_arzae P18_davidii P19_arzae P20_quilapilun P32_arzae P33_ornata P35_lutea P8_amoena P9_amoena)  ((((P10_amoena, P8_amoena), P9_amoena), P11_ornata), (((P12_ornata, P13_lutea), ((P14_ornata, P33_ornata), P20_quilapilun)), ((P17_arzae, ((P18_davidii, P32_arzae), P19_arzae)), P35_lutea)));
  77 0.000770 0.990250 14  (P10_amoena P11_ornata P12_ornata P13_lutea P14_ornata P17_arzae P18_davidii P19_arzae P20_quilapilun P32_arzae P33_ornata P35_lutea P8_amoena P9_amoena)  ((((P10_amoena, P9_amoena), P8_amoena), P11_ornata), (((P12_ornata, P13_lutea), ((P14_ornata, P33_ornata), P20_quilapilun)), ((((P17_arzae, P18_davidii), P19_arzae), P32_arzae), P35_lutea)));
  71 0.000710 0.990960 14  (P10_amoena P11_ornata P12_ornata P13_lutea P14_ornata P17_arzae P18_davidii P19_arzae P20_quilapilun P32_arzae P33_ornata P35_lutea P8_amoena P9_amoena)  (((P10_amoena, (P8_amoena, P9_amoena)), P11_ornata), (((P12_ornata, P13_lutea), ((P14_ornata, P33_ornata), P20_quilapilun)), (((P17_arzae, P32_arzae), (P18_davidii, P19_arzae)), P35_lutea)));
  71 0.000710 0.991670 13  (P10_amoena P11_ornata P12_ornata P13_lutea P14_ornata P17_arzae P18_davidii P19_arzae P20_quilapilun P32_arzae P33_ornata P35_lutea P8_amoenaP9_amoena)  (((P10_amoena, P8_amoenaP9_amoena), P11_ornata), (((P12_ornata, P13_lutea), ((P14_ornata, P33_ornata), P20_quilapilun)), (((P17_arzae, (P18_davidii, P32_arzae)), P19_arzae), P35_lutea)));
  68 0.000680 0.992350 14  (P10_amoena P11_ornata P12_ornata P13_lutea P14_ornata P17_arzae P18_davidii P19_arzae P20_quilapilun P32_arzae P33_ornata P35_lutea P8_amoena P9_amoena)  ((((P10_amoena, P9_amoena), P8_amoena), P11_ornata), (((P12_ornata, P13_lutea), ((P14_ornata, P33_ornata), P20_quilapilun)), ((P17_arzae, ((P18_davidii, P32_arzae), P19_arzae)), P35_lutea)));
  67 0.000670 0.993020 14  (P10_amoena P11_ornata P12_ornata P13_lutea P14_ornata P17_arzae P18_davidii P19_arzae P20_quilapilun P32_arzae P33_ornata P35_lutea P8_amoena P9_amoena)  ((((P10_amoena, P8_amoena), P9_amoena), P11_ornata), (((P12_ornata, P13_lutea), ((P14_ornata, P33_ornata), P20_quilapilun)), (((P17_arzae, (P19_arzae, P32_arzae)), P18_davidii), P35_lutea)));
  67 0.000670 0.993690 14  (P10_amoena P11_ornata P12_ornata P13_lutea P14_ornata P17_arzae P18_davidii P19_arzae P20_quilapilun P32_arzae P33_ornata P35_lutea P8_amoena P9_amoena)  ((((P10_amoena, P9_amoena), P8_amoena), P11_ornata), (((P12_ornata, P13_lutea), ((P14_ornata, P33_ornata), P20_quilapilun)), ((P17_arzae, (P18_davidii, (P19_arzae, P32_arzae))), P35_lutea)));
  58 0.000580 0.994270 14  (P10_amoena P11_ornata P12_ornata P13_lutea P14_ornata P17_arzae P18_davidii P19_arzae P20_quilapilun P32_arzae P33_ornata P35_lutea P8_amoena P9_amoena)  ((((P10_amoena, P9_amoena), P8_amoena), P11_ornata), (((P12_ornata, P13_lutea), ((P14_ornata, P33_ornata), P20_quilapilun)), (((P17_arzae, P32_arzae), (P18_davidii, P19_arzae)), P35_lutea)));
  56 0.000560 0.994830 14  (P10_amoena P11_ornata P12_ornata P13_lutea P14_ornata P17_arzae P18_davidii P19_arzae P20_quilapilun P32_arzae P33_ornata P35_lutea P8_amoena P9_amoena)  ((((P10_amoena, P9_amoena), P8_amoena), P11_ornata), (((P12_ornata, P13_lutea), ((P14_ornata, P33_ornata), P20_quilapilun)), ((P17_arzae, ((P18_davidii, P19_arzae), P32_arzae)), P35_lutea)));
  50 0.000500 0.995330 14  (P10_amoena P11_ornata P12_ornata P13_lutea P14_ornata P17_arzae P18_davidii P19_arzae P20_quilapilun P32_arzae P33_ornata P35_lutea P8_amoena P9_amoena)  ((((P10_amoena, P9_amoena), P8_amoena), P11_ornata), (((P12_ornata, P13_lutea), ((P14_ornata, P33_ornata), P20_quilapilun)), ((((P17_arzae, P19_arzae), P32_arzae), P18_davidii), P35_lutea)));
  45 0.000450 0.995780 14  (P10_amoena P11_ornata P12_ornata P13_lutea P14_ornata P17_arzae P18_davidii P19_arzae P20_quilapilun P32_arzae P33_ornata P35_lutea P8_amoena P9_amoena)  (((P10_amoena, (P8_amoena, P9_amoena)), P11_ornata), (((P12_ornata, P13_lutea), ((P14_ornata, P33_ornata), P20_quilapilun)), ((P17_arzae, (P18_davidii, (P19_arzae, P32_arzae))), P35_lutea)));
  41 0.000410 0.996190 14  (P10_amoena P11_ornata P12_ornata P13_lutea P14_ornata P17_arzae P18_davidii P19_arzae P20_quilapilun P32_arzae P33_ornata P35_lutea P8_amoena P9_amoena)  ((((P10_amoena, P9_amoena), P8_amoena), P11_ornata), (((P12_ornata, P13_lutea), ((P14_ornata, P33_ornata), P20_quilapilun)), (((P17_arzae, (P19_arzae, P32_arzae)), P18_davidii), P35_lutea)));
  40 0.000400 0.996590 14  (P10_amoena P11_ornata P12_ornata P13_lutea P14_ornata P17_arzae P18_davidii P19_arzae P20_quilapilun P32_arzae P33_ornata P35_lutea P8_amoena P9_amoena)  ((((P10_amoena, P8_amoena), P9_amoena), P11_ornata), (((P12_ornata, P13_lutea), ((P14_ornata, P33_ornata), P20_quilapilun)), ((((P17_arzae, P18_davidii), P19_arzae), P32_arzae), P35_lutea)));
  39 0.000390 0.996980 13  (P10_amoenaP8_amoena P11_ornata P12_ornata P13_lutea P14_ornata P17_arzae P18_davidii P19_arzae P20_quilapilun P32_arzae P33_ornata P35_lutea P9_amoena)  (((P10_amoenaP8_amoena, P9_amoena), P11_ornata), (((P12_ornata, P13_lutea), ((P14_ornata, P33_ornata), P20_quilapilun)), ((((P17_arzae, P18_davidii), P32_arzae), P19_arzae), P35_lutea)));
  36 0.000360 0.997340 14  (P10_amoena P11_ornata P12_ornata P13_lutea P14_ornata P17_arzae P18_davidii P19_arzae P20_quilapilun P32_arzae P33_ornata P35_lutea P8_amoena P9_amoena)  (((P10_amoena, (P8_amoena, P9_amoena)), P11_ornata), (((P12_ornata, P13_lutea), ((P14_ornata, P33_ornata), P20_quilapilun)), ((P17_arzae, ((P18_davidii, P32_arzae), P19_arzae)), P35_lutea)));
  36 0.000360 0.997700 13  (P10_amoena P11_ornata P12_ornata P13_lutea P14_ornata P17_arzae P18_davidii P19_arzae P20_quilapilun P32_arzae P33_ornata P35_lutea P8_amoenaP9_amoena)  (((P10_amoena, P8_amoenaP9_amoena), P11_ornata), (((P12_ornata, P13_lutea), ((P14_ornata, P33_ornata), P20_quilapilun)), ((((P17_arzae, P18_davidii), P32_arzae), P19_arzae), P35_lutea)));
  31 0.000310 0.998010 13  (P10_amoenaP9_amoena P11_ornata P12_ornata P13_lutea P14_ornata P17_arzae P18_davidii P19_arzae P20_quilapilun P32_arzae P33_ornata P35_lutea P8_amoena)  (((P10_amoenaP9_amoena, P8_amoena), P11_ornata), (((P12_ornata, P13_lutea), ((P14_ornata, P33_ornata), P20_quilapilun)), ((((P17_arzae, P18_davidii), P32_arzae), P19_arzae), P35_lutea)));
  30 0.000300 0.998310 14  (P10_amoena P11_ornata P12_ornata P13_lutea P14_ornata P17_arzae P18_davidii P19_arzae P20_quilapilun P32_arzae P33_ornata P35_lutea P8_amoena P9_amoena)  ((((P10_amoena, P9_amoena), P8_amoena), P11_ornata), (((P12_ornata, P13_lutea), ((P14_ornata, P33_ornata), P20_quilapilun)), ((((P17_arzae, P32_arzae), P19_arzae), P18_davidii), P35_lutea)));
  23 0.000230 0.998540 13  (P10_amoenaP9_amoena P11_ornata P12_ornata P13_lutea P14_ornata P17_arzae P18_davidii P19_arzae P20_quilapilun P32_arzae P33_ornata P35_lutea P8_amoena)  (((P10_amoenaP9_amoena, P8_amoena), P11_ornata), (((P12_ornata, P13_lutea), ((P14_ornata, P33_ornata), P20_quilapilun)), ((((P17_arzae, P32_arzae), P18_davidii), P19_arzae), P35_lutea)));
  19 0.000190 0.998730 13  (P10_amoena P11_ornata P12_ornata P13_lutea P14_ornata P17_arzae P18_davidii P19_arzae P20_quilapilun P32_arzae P33_ornata P35_lutea P8_amoenaP9_amoena)  (((P10_amoena, P8_amoenaP9_amoena), P11_ornata), (((P12_ornata, P13_lutea), ((P14_ornata, P33_ornata), P20_quilapilun)), ((P17_arzae, (P18_davidii, P19_arzae)), (P32_arzae, P35_lutea))));
  17 0.000170 0.998900 13  (P10_amoenaP8_amoena P11_ornata P12_ornata P13_lutea P14_ornata P17_arzae P18_davidii P19_arzae P20_quilapilun P32_arzae P33_ornata P35_lutea P9_amoena)  (((P10_amoenaP8_amoena, P9_amoena), P11_ornata), (((P12_ornata, P13_lutea), ((P14_ornata, P33_ornata), P20_quilapilun)), (((P17_arzae, (P18_davidii, P32_arzae)), P19_arzae), P35_lutea)));
  17 0.000170 0.999070 13  (P10_amoena P11_ornata P12_ornata P13_lutea P14_ornata P17_arzae P18_davidii P19_arzae P20_quilapilun P32_arzae P33_ornata P35_lutea P8_amoenaP9_amoena)  (((P10_amoena, P8_amoenaP9_amoena), P11_ornata), (((P12_ornata, P13_lutea), ((P14_ornata, P33_ornata), P20_quilapilun)), (((P17_arzae, (P18_davidii, P19_arzae)), P35_lutea), P32_arzae)));
  16 0.000160 0.999230 14  (P10_amoena P11_ornata P12_ornata P13_lutea P14_ornata P17_arzae P18_davidii P19_arzae P20_quilapilun P32_arzae P33_ornata P35_lutea P8_amoena P9_amoena)  ((((P10_amoena, P9_amoena), P8_amoena), P11_ornata), (((P12_ornata, P13_lutea), ((P14_ornata, P33_ornata), P20_quilapilun)), (((P17_arzae, P18_davidii), (P19_arzae, P32_arzae)), P35_lutea)));
  14 0.000140 0.999370 14  (P10_amoena P11_ornata P12_ornata P13_lutea P14_ornata P17_arzae P18_davidii P19_arzae P20_quilapilun P32_arzae P33_ornata P35_lutea P8_amoena P9_amoena)  (((P10_amoena, (P8_amoena, P9_amoena)), P11_ornata), (((P12_ornata, P13_lutea), ((P14_ornata, P33_ornata), P20_quilapilun)), ((((P17_arzae, P18_davidii), P19_arzae), P32_arzae), P35_lutea)));
  11 0.000110 0.999480 14  (P10_amoena P11_ornata P12_ornata P13_lutea P14_ornata P17_arzae P18_davidii P19_arzae P20_quilapilun P32_arzae P33_ornata P35_lutea P8_amoena P9_amoena)  ((((P10_amoena, P8_amoena), P9_amoena), P11_ornata), (((P12_ornata, P13_lutea), ((P14_ornata, P33_ornata), P20_quilapilun)), ((((P17_arzae, P19_arzae), P32_arzae), P18_davidii), P35_lutea)));
   9 0.000090 0.999570 13  (P10_amoenaP8_amoena P11_ornata P12_ornata P13_lutea P14_ornata P17_arzae P18_davidii P19_arzae P20_quilapilun P32_arzae P33_ornata P35_lutea P9_amoena)  (((P10_amoenaP8_amoena, P9_amoena), P11_ornata), (((P12_ornata, P13_lutea), ((P14_ornata, P33_ornata), P20_quilapilun)), ((((P17_arzae, P32_arzae), P18_davidii), P19_arzae), P35_lutea)));
   9 0.000090 0.999660 14  (P10_amoena P11_ornata P12_ornata P13_lutea P14_ornata P17_arzae P18_davidii P19_arzae P20_quilapilun P32_arzae P33_ornata P35_lutea P8_amoena P9_amoena)  ((((P10_amoena, P8_amoena), P9_amoena), P11_ornata), (((P12_ornata, P13_lutea), ((P14_ornata, P33_ornata), P20_quilapilun)), (((P17_arzae, (P18_davidii, P32_arzae)), P19_arzae), P35_lutea)));
   9 0.000090 0.999750 14  (P10_amoena P11_ornata P12_ornata P13_lutea P14_ornata P17_arzae P18_davidii P19_arzae P20_quilapilun P32_arzae P33_ornata P35_lutea P8_amoena P9_amoena)  (((P10_amoena, (P8_amoena, P9_amoena)), P11_ornata), (((P12_ornata, P13_lutea), ((P14_ornata, P33_ornata), P20_quilapilun)), (((P17_arzae, (P18_davidii, P32_arzae)), P19_arzae), P35_lutea)));
   7 0.000070 0.999820 14  (P10_amoena P11_ornata P12_ornata P13_lutea P14_ornata P17_arzae P18_davidii P19_arzae P20_quilapilun P32_arzae P33_ornata P35_lutea P8_amoena P9_amoena)  ((((P10_amoena, P9_amoena), P8_amoena), P11_ornata), (((P12_ornata, P13_lutea), ((P14_ornata, P33_ornata), P20_quilapilun)), (((P17_arzae, P19_arzae), (P18_davidii, P32_arzae)), P35_lutea)));
   7 0.000070 0.999890 14  (P10_amoena P11_ornata P12_ornata P13_lutea P14_ornata P17_arzae P18_davidii P19_arzae P20_quilapilun P32_arzae P33_ornata P35_lutea P8_amoena P9_amoena)  ((((P10_amoena, P9_amoena), P8_amoena), P11_ornata), (((P12_ornata, P13_lutea), ((P14_ornata, P33_ornata), P20_quilapilun)), (((P17_arzae, (P18_davidii, P32_arzae)), P19_arzae), P35_lutea)));
   6 0.000060 0.999950 14  (P10_amoena P11_ornata P12_ornata P13_lutea P14_ornata P17_arzae P18_davidii P19_arzae P20_quilapilun P32_arzae P33_ornata P35_lutea P8_amoena P9_amoena)  ((((P10_amoena, P8_amoena), P9_amoena), P11_ornata), (((P12_ornata, P13_lutea), ((P14_ornata, P33_ornata), P20_quilapilun)), ((((P17_arzae, P32_arzae), P19_arzae), P18_davidii), P35_lutea)));
   2 0.000020 0.999970 14  (P10_amoena P11_ornata P12_ornata P13_lutea P14_ornata P17_arzae P18_davidii P19_arzae P20_quilapilun P32_arzae P33_ornata P35_lutea P8_amoena P9_amoena)  (((P10_amoena, (P8_amoena, P9_amoena)), P11_ornata), (((P12_ornata, P13_lutea), ((P14_ornata, P33_ornata), P20_quilapilun)), (((P17_arzae, P18_davidii), (P19_arzae, P32_arzae)), P35_lutea)));
   2 0.000020 0.999990 13  (P10_amoena P11_ornata P12_ornata P13_lutea P14_ornata P17_arzae P18_davidii P19_arzae P20_quilapilun P32_arzae P33_ornata P35_lutea P8_amoenaP9_amoena)  (((P10_amoena, P8_amoenaP9_amoena), P11_ornata), (((P12_ornata, P13_lutea), ((P14_ornata, P33_ornata), P20_quilapilun)), (((P17_arzae, P19_arzae), P18_davidii), (P32_arzae, P35_lutea))));
   1 0.000010 1.000000 13  (P10_amoenaP9_amoena P11_ornata P12_ornata P13_lutea P14_ornata P17_arzae P18_davidii P19_arzae P20_quilapilun P32_arzae P33_ornata P35_lutea P8_amoena)  (((P10_amoenaP9_amoena, P8_amoena), P11_ornata), (((P12_ornata, P13_lutea), ((P14_ornata, P33_ornata), P20_quilapilun)), (((P17_arzae, (P18_davidii, P32_arzae)), P19_arzae), P35_lutea)));

(B) 4 species delimitations & their posterior probabilities
41974 0.419740  13 (P10_amoenaP9_amoena P11_ornata P12_ornata P13_lutea P14_ornata P17_arzae P18_davidii P19_arzae P20_quilapilun P32_arzae P33_ornata P35_lutea P8_amoena)
27866 0.278660  13 (P10_amoenaP8_amoena P11_ornata P12_ornata P13_lutea P14_ornata P17_arzae P18_davidii P19_arzae P20_quilapilun P32_arzae P33_ornata P35_lutea P9_amoena)
25953 0.259530  13 (P10_amoena P11_ornata P12_ornata P13_lutea P14_ornata P17_arzae P18_davidii P19_arzae P20_quilapilun P32_arzae P33_ornata P35_lutea P8_amoenaP9_amoena)
 4207 0.042070  14 (P10_amoena P11_ornata P12_ornata P13_lutea P14_ornata P17_arzae P18_davidii P19_arzae P20_quilapilun P32_arzae P33_ornata P35_lutea P8_amoena P9_amoena)

(C) 17 delimited species & their posterior probabilities
100000 1.000000 P14_ornata
100000 1.000000 P32_arzae
100000 1.000000 P18_davidii
100000 1.000000 P17_arzae
100000 1.000000 P19_arzae
100000 1.000000 P35_lutea
100000 1.000000 P12_ornata
100000 1.000000 P33_ornata
100000 1.000000 P13_lutea
100000 1.000000 P11_ornata
100000 1.000000 P20_quilapilun
 46181 0.461810 P8_amoena
 41974 0.419740 P10_amoenaP9_amoena
 32073 0.320730 P9_amoena
 30160 0.301600 P10_amoena
 27866 0.278660 P10_amoenaP8_amoena
 25953 0.259530 P8_amoenaP9_amoena

(D) Posterior probability for # of species
P[ 1] = 0.000000  prior[ 1] = 0.013662
P[ 2] = 0.000000  prior[ 2] = 0.013662
P[ 3] = 0.000000  prior[ 3] = 0.019673
P[ 4] = 0.000000  prior[ 4] = 0.030056
P[ 5] = 0.000000  prior[ 5] = 0.045738
P[ 6] = 0.000000  prior[ 6] = 0.067359
P[ 7] = 0.000000  prior[ 7] = 0.094089
P[ 8] = 0.000000  prior[ 8] = 0.122316
P[ 9] = 0.000000  prior[ 9] = 0.144848
P[10] = 0.000000  prior[10] = 0.152001
P[11] = 0.000000  prior[11] = 0.135907
P[12] = 0.000000  prior[12] = 0.097297
P[13] = 0.957930  prior[13] = 0.049730
P[14] = 0.042070  prior[14] = 0.013662
