  5% 0.53 0.25 0.40 0.34 0.35 0.77  32 0.0001 1100111101111  48.53515 -280619.60 -26.00 6:30:47
 10% 0.53 0.25 0.41 0.34 0.35 0.77  32 0.0001 1100111101111  76.35751 -280590.30 -26.27 11:24:49
 15% 0.53 0.25 0.41 0.35 0.35 0.77  32 0.0000 1100111101111  91.79087 -280564.18 -26.51 16:20:16
 20% 0.53 0.25 0.41 0.35 0.35 0.77  32 0.0000 1100111101111  106.59596 -280555.05 -27.23 20:22:04
 25% 0.53 0.25 0.42 0.35 0.36 0.77  32 0.0000 1100111101111  116.38292 -280538.34 -27.38 24:23:47
 30% 0.53 0.25 0.42 0.35 0.36 0.76  32 0.0000 1100111101111  110.04607 -280628.67 -26.30 28:07:46
 35% 0.53 0.25 0.42 0.35 0.36 0.76  32 0.0000 1100111101111  110.18188 -280542.40 -27.19 31:52:06
 40% 0.53 0.26 0.41 0.35 0.36 0.76  32 0.0000 1100111101111  104.61905 -280589.50 -25.96 35:45:30
 45% 0.53 0.26 0.41 0.35 0.36 0.76  32 0.0000 1100111101111  106.63981 -280582.07 -26.31 39:38:28
 50% 0.53 0.26 0.41 0.35 0.36 0.76  32 0.0000 1100111101111  104.81928 -280587.32 -26.82 43:17:36
 55% 0.53 0.26 0.40 0.35 0.36 0.76  32 0.0000 1100111101111  102.03915 -280524.81 -26.50 46:49:25
 60% 0.53 0.26 0.40 0.35 0.36 0.76  32 0.0000 1100111101111  100.04116 -280564.43 -26.63 50:21:06
 65% 0.53 0.26 0.40 0.35 0.36 0.76  32 0.0000 1100111101111  99.62088 -280564.85 -26.30 53:51:34
 70% 0.53 0.26 0.40 0.35 0.36 0.76  32 0.0000 1100111101111  103.89626 -280585.01 -26.00 57:05:23
 75% 0.53 0.26 0.40 0.35 0.36 0.76  32 0.0000 1100111101111  110.21266 -280591.04 -26.05 59:55:03
 80% 0.53 0.26 0.40 0.35 0.36 0.76  32 0.0000 1100111101111  110.16208 -280580.07 -25.97 62:33:26
 85% 0.53 0.26 0.40 0.35 0.36 0.76  32 0.0000 1100111101111  109.55786 -280561.38 -26.16 65:11:54
 90% 0.53 0.26 0.40 0.35 0.36 0.76  32 0.0000 1100111101111  111.57893 -280565.46 -25.94 67:51:46
 95% 0.53 0.26 0.40 0.35 0.36 0.76  32 0.0000 1100111101111  114.12339 -280583.39 -26.60 70:29:37
100% 0.53 0.26 0.40 0.35 0.36 0.76  32 0.0000 1100111101111  112.56520 -280666.87 -25.95 72:58:41

Time used: 72:58:41
PrSplit = 0.500000
rj algorithm 1: new theta from G(a=2.00, m=1.00)

Tree frequencies (Ancestral nodes in order:  15 P11P10P8P9P12P13P20P14P33P35P32P17P19P18 16 P11P10P8P9 17 P10P8P9 18 P8P9 19 P12P13P20P14P33P35P32P17P19P18 20 P13P20P14P33P35P32P17P19P18 21 P13P20P14P33 22 P20P14P33 23 P14P33 24 P35P32P17P19P18 25 P32P17P19P18 26 P17P19P18 27 P19P18)
 6638  1100111101110     1302  0.006510
 6639  1100111101111   198698  0.993490

Guide tree with posterior probability for presence of nodes
((P11, (P10, (P8, P9)))'#1.00000', (P12, ((P13, (P20, (P14, P33))'#1.00000')'#1.00000', (P35, (P32, (P17, (P19, P18)'#0.99349')'#1.00000')'#1.00000')'#1.00000')'#1.00000')'#1.00000')'#1.00000';

Summarizing parameters for the MAP tree 1100111101111

99349 records, 37 variables
   Collecting min, max, and mean  72:58:42
   Collecting median, percentiles

