  5% 0.52 0.22 0.51 0.23 0.43 0.72  26 0.1056 1100111001110  44.57194 -274782.61 -25.54 5:21:55
 10% 0.52 0.22 0.52 0.24 0.43 0.72  26 0.1255 1100111001110  46.90935 -274856.28 -25.63 9:54:17
 15% 0.52 0.22 0.52 0.24 0.43 0.72  26 0.1418 1100111101100  46.66038 -274831.61 -26.32 14:49:09
 20% 0.52 0.22 0.52 0.24 0.43 0.73  26 0.1525 1100111101100  53.18556 -274732.90 -25.57 19:30:17
 25% 0.52 0.22 0.52 0.24 0.43 0.73  32 0.1560 1100111111110  64.17619 -274795.80 -26.15 23:51:29
 30% 0.52 0.22 0.52 0.25 0.43 0.72  29 0.1579 1100111101110  74.96416 -274804.67 -25.45 27:32:08
 35% 0.52 0.22 0.52 0.25 0.43 0.72  23 0.1570 1100111001100  89.32093 -274823.19 -25.37 31:03:11
 40% 0.52 0.22 0.52 0.25 0.43 0.72  26 0.1582 1100111001110  96.07907 -274795.27 -25.68 34:31:54
 45% 0.52 0.22 0.52 0.25 0.43 0.72  23 0.1587 1100111001100  100.80314 -274836.14 -25.48 37:46:28
 50% 0.52 0.22 0.52 0.25 0.43 0.72  23 0.1580 1100111001100  103.44554 -274742.14 -25.33 40:54:27
 55% 0.52 0.22 0.52 0.25 0.43 0.72  29 0.1567 1100111101110  100.64858 -274707.98 -26.64 44:02:11
 60% 0.52 0.22 0.52 0.25 0.43 0.72  29 0.1563 1100111001111  101.04507 -274812.67 -25.59 47:12:53
 65% 0.52 0.22 0.52 0.25 0.43 0.72  23 0.1563 1100111001100  99.85101 -274870.12 -25.41 50:13:26
 70% 0.52 0.22 0.52 0.25 0.43 0.72  23 0.1545 1100111001100  101.68646 -274791.32 -26.02 52:54:24
 75% 0.52 0.22 0.52 0.25 0.43 0.72  26 0.1555 1100111001110  104.63649 -274814.93 -26.21 55:17:41
 80% 0.52 0.22 0.52 0.25 0.43 0.72  29 0.1574 1100111111100  105.24262 -274809.88 -25.40 57:38:43
 85% 0.52 0.22 0.52 0.25 0.43 0.72  26 0.1581 1100111001110  103.70800 -274854.39 -26.58 60:00:09
 90% 0.52 0.22 0.52 0.25 0.43 0.72  23 0.1579 1100111001100  105.63613 -274872.12 -25.58 62:22:09
 95% 0.52 0.22 0.52 0.25 0.43 0.72  26 0.1542 1100111101100  110.13083 -274824.68 -25.59 64:41:52
100% 0.52 0.22 0.52 0.24 0.43 0.72  23 0.1523 1100111001100  115.28580 -274851.61 -25.81 66:54:47

Time used: 66:54:47
PrSplit = 0.500000
rj algorithm 1: new theta from G(a=2.00, m=1.00)

Tree frequencies (Ancestral nodes in order:  15 P11P10P8P9P12P13P20P14P33P35P32P17P19P18 16 P11P10P8P9 17 P10P8P9 18 P8P9 19 P12P13P20P14P33P35P32P17P19P18 20 P13P20P14P33P35P32P17P19P18 21 P13P20P14P33 22 P20P14P33 23 P14P33 24 P35P32P17P19P18 25 P32P17P19P18 26 P17P19P18 27 P19P18)
 6604  1100111001100    74313  0.371565
 6606  1100111001110    45374  0.226870
 6607  1100111001111    19167  0.095835
 6636  1100111101100    27075  0.135375
 6638  1100111101110    15774  0.078870
 6639  1100111101111     6120  0.030600
 6652  1100111111100     6884  0.034420
 6654  1100111111110     3782  0.018910
 6655  1100111111111     1511  0.007555

Guide tree with posterior probability for presence of nodes
((P11, (P10, (P8, P9)))'#1.00000', (P12, ((P13, (P20, (P14, P33)'#0.06089')'#0.30573')'#1.00000', (P35, (P32, (P17, (P19, P18)'#0.13399')'#0.45864')'#1.00000')'#1.00000')'#1.00000')'#1.00000')'#1.00000';

Summarizing parameters for the MAP tree 1100111001100

37141 records, 28 variables
   Collecting min, max, and mean  66:54:48

