bpp v4.2.9_osx_x86_64, 8GB RAM, 8 cores
https://github.com/bpp/bpp

Detected CPU features: mmx sse sse2 sse3 ssse3 sse4.1 sse4.2 popcnt avx avx2
Auto-selected SIMD ISA: AVX2


Starting timer..
Using seed: -1
Parsing species tree... Done
Parsing phylip file... Done

 Locus | Model | Sequences | Length | Ambiguous sites | Compressed | Base freqs 
-------+-------+-----------+--------+-----------------+------------+------------
     1 |  JC69 |        36 |   2116 |             683 |        137 |      Fixed 
     2 |  JC69 |        36 |   1770 |             453 |         95 |      Fixed 
     3 |  JC69 |        36 |   1794 |             609 |        104 |      Fixed 
     4 |  JC69 |        36 |   2561 |             838 |        204 |      Fixed 
     5 |  JC69 |        35 |   2504 |             560 |        178 |      Fixed 
     6 |  JC69 |        36 |   2499 |             645 |        165 |      Fixed 
     7 |  JC69 |        36 |   1655 |            1448 |        138 |      Fixed 
     8 |  JC69 |        36 |   1897 |            1560 |        119 |      Fixed 
     9 |  JC69 |        36 |   3200 |            1422 |        207 |      Fixed 
    10 |  JC69 |        36 |   1809 |            1078 |        144 |      Fixed 
    11 |  JC69 |        36 |   1807 |            1440 |        158 |      Fixed 
    12 |  JC69 |        36 |   2686 |            1124 |        215 |      Fixed 
    13 |  JC69 |        36 |   1885 |             927 |        163 |      Fixed 
    14 |  JC69 |        36 |   3680 |            1662 |        183 |      Fixed 
    15 |  JC69 |        36 |   1880 |             376 |        142 |      Fixed 
    16 |  JC69 |        36 |   1928 |             844 |        157 |      Fixed 
    17 |  JC69 |        36 |   2178 |             994 |        142 |      Fixed 
    18 |  JC69 |        36 |   1784 |             463 |        108 |      Fixed 
    19 |  JC69 |        36 |   2028 |             524 |        117 |      Fixed 
    20 |  JC69 |        36 |   2768 |             503 |        121 |      Fixed 
    21 |  JC69 |        36 |   2367 |             786 |        168 |      Fixed 
    22 |  JC69 |        36 |   1634 |             654 |        201 |      Fixed 
    23 |  JC69 |        36 |   1841 |             238 |        123 |      Fixed 
    24 |  JC69 |        35 |   2676 |            1808 |        206 |      Fixed 
    25 |  JC69 |        36 |   2273 |            1169 |        178 |      Fixed 
    26 |  JC69 |        36 |   2442 |             444 |        146 |      Fixed 
    27 |  JC69 |        36 |   2103 |             469 |        106 |      Fixed 
    28 |  JC69 |        36 |   2197 |             578 |        143 |      Fixed 
    29 |  JC69 |        36 |   2686 |             982 |        157 |      Fixed 
    30 |  JC69 |        36 |   2191 |             452 |        102 |      Fixed 
    31 |  JC69 |        36 |   2809 |             658 |        181 |      Fixed 
    32 |  JC69 |        36 |   2517 |            1350 |        200 |      Fixed 
    33 |  JC69 |        36 |   2796 |            1256 |        230 |      Fixed 
    34 |  JC69 |        36 |   2166 |             960 |        183 |      Fixed 
    35 |  JC69 |        36 |   1893 |             450 |        157 |      Fixed 
    36 |  JC69 |        36 |   1728 |            1096 |        179 |      Fixed 
    37 |  JC69 |        36 |   2263 |            1262 |        265 |      Fixed 
    38 |  JC69 |        36 |   2120 |             506 |        170 |      Fixed 
    39 |  JC69 |        36 |   2428 |             462 |        161 |      Fixed 
    40 |  JC69 |        36 |   3234 |            1621 |        213 |      Fixed 
    41 |  JC69 |        36 |   2250 |             533 |        176 |      Fixed 
    42 |  JC69 |        36 |   2641 |             775 |        220 |      Fixed 
    43 |  JC69 |        36 |   2632 |             423 |        156 |      Fixed 
    44 |  JC69 |        36 |   2269 |             672 |        151 |      Fixed 
    45 |  JC69 |        36 |   2467 |             898 |        163 |      Fixed 
    46 |  JC69 |        36 |   1764 |             821 |        145 |      Fixed 
    47 |  JC69 |        36 |   1738 |            1210 |        166 |      Fixed 
    48 |  JC69 |        36 |   2514 |             703 |        175 |      Fixed 
    49 |  JC69 |        36 |   1720 |             641 |        197 |      Fixed 
    50 |  JC69 |        36 |   2547 |            1795 |        151 |      Fixed 

Parsing map file... Done

Per-locus sequences in data and 'species&tree' tag:
C.File | Data |                Status                | Population
-------+------+--------------------------------------+-----------
     2 |    2 | [OK]                                 | P21_cyrtan
     4 |    4 | [OK]                                 | P15_angust
     3 |    3 | [OK]                                 | P31_angust
     5 |    5 | [OK]                                 | P6_scarla 
     3 |    3 | [OK]                                 | P34_scarla
     2 |    2 | [OK]                                 | P5_cyrtan 
     3 |    3 | [OK]                                 | P16_cyrtan
     3 |    3 | [OK]                                 | P27_cyrtan
     3 |    3 | [OK]                                 | P3_cyrtan 
     3 |    3 | [OK]                                 | P1_cyrtan 
     5 |    5 | [OK]                                 | P4_cyrtan 


Map of populations and ancestors (1 in map indicates ancestor):
   Species                                                                                                     1  2  3  4  5  6  7  8  9  10  11  12  13  14  15  16  17  18  19  20  21
 1 P21_cyrtan                                                                                                  1  0  0  0  0  0  0  0  0  0   0   1   0   0   0   0   0   0   0   0   0
 2 P15_angust                                                                                                  0  1  0  0  0  0  0  0  0  0   0   1   1   1   1   0   0   0   0   0   0
 3 P31_angust                                                                                                  0  0  1  0  0  0  0  0  0  0   0   1   1   1   1   0   0   0   0   0   0
 4 P6_scarla                                                                                                   0  0  0  1  0  0  0  0  0  0   0   1   1   1   0   1   0   0   0   0   0
 5 P34_scarla                                                                                                  0  0  0  0  1  0  0  0  0  0   0   1   1   1   0   1   0   0   0   0   0
 6 P5_cyrtan                                                                                                   0  0  0  0  0  1  0  0  0  0   0   1   1   0   0   0   1   0   0   0   0
 7 P16_cyrtan                                                                                                  0  0  0  0  0  0  1  0  0  0   0   1   1   0   0   0   1   1   0   0   0
 8 P27_cyrtan                                                                                                  0  0  0  0  0  0  0  1  0  0   0   1   1   0   0   0   1   1   1   0   0
 9 P3_cyrtan                                                                                                   0  0  0  0  0  0  0  0  1  0   0   1   1   0   0   0   1   1   1   1   0
10 P1_cyrtan                                                                                                   0  0  0  0  0  0  0  0  0  1   0   1   1   0   0   0   1   1   1   1   1
11 P4_cyrtan                                                                                                   0  0  0  0  0  0  0  0  0  0   1   1   1   0   0   0   1   1   1   1   1
12 P21_cyrtanP15_angustP31_angustP6_scarlaP34_scarlaP5_cyrtanP16_cyrtanP27_cyrtanP3_cyrtanP1_cyrtanP4_cyrtan   0  0  0  0  0  0  0  0  0  0   0   1   0   0   0   0   0   0   0   0   0
13 P15_angustP31_angustP6_scarlaP34_scarlaP5_cyrtanP16_cyrtanP27_cyrtanP3_cyrtanP1_cyrtanP4_cyrtan             0  0  0  0  0  0  0  0  0  0   0   1   1   0   0   0   0   0   0   0   0
14 P15_angustP31_angustP6_scarlaP34_scarla                                                                     0  0  0  0  0  0  0  0  0  0   0   1   1   1   0   0   0   0   0   0   0
15 P15_angustP31_angust                                                                                        0  0  0  0  0  0  0  0  0  0   0   1   1   1   1   0   0   0   0   0   0
16 P6_scarlaP34_scarla                                                                                         0  0  0  0  0  0  0  0  0  0   0   1   1   1   0   1   0   0   0   0   0
17 P5_cyrtanP16_cyrtanP27_cyrtanP3_cyrtanP1_cyrtanP4_cyrtan                                                    0  0  0  0  0  0  0  0  0  0   0   1   1   0   0   0   1   0   0   0   0
18 P16_cyrtanP27_cyrtanP3_cyrtanP1_cyrtanP4_cyrtan                                                             0  0  0  0  0  0  0  0  0  0   0   1   1   0   0   0   1   1   0   0   0
19 P27_cyrtanP3_cyrtanP1_cyrtanP4_cyrtan                                                                       0  0  0  0  0  0  0  0  0  0   0   1   1   0   0   0   1   1   1   0   0
20 P3_cyrtanP1_cyrtanP4_cyrtan                                                                                 0  0  0  0  0  0  0  0  0  0   0   1   1   0   0   0   1   1   1   1   0
21 P1_cyrtanP4_cyrtan                                                                                          0  0  0  0  0  0  0  0  0  0   0   1   1   0   0   0   1   1   1   1   1

Counting delimitations...
[ 11 ]  1 1 1 1 1 1 1 1 1 1 1       nD =   1  Trees = 654729075  Guide =    1  pro=654729075
[ 10 ]  1 1 1 1 1 1 1 1 1 2         nD =  55  Trees = 34459425  Guide =    1  pro=1895268375
[  9 ]  1 1 1 1 1 1 1 1 3           nD = 165  Trees = 2027025  Guide =    3  pro=1003377375
[  9 ]  1 1 1 1 1 1 1 2 2           nD = 990  Trees = 2027025  Guide =    1  pro=2006754750
[  8 ]  1 1 1 1 1 1 1 4             nD = 330  Trees = 135135  Guide =   15  pro=668918250
[  8 ]  1 1 1 1 1 1 2 3             nD = 4620  Trees = 135135  Guide =    3  pro=1872971100
[  7 ]  1 1 1 1 1 1 5               nD = 462  Trees = 10395  Guide =  105  pro=504261450
[  8 ]  1 1 1 1 1 2 2 2             nD = 6930  Trees = 135135  Guide =    1  pro=936485550
[  7 ]  1 1 1 1 1 2 4               nD = 6930  Trees = 10395  Guide =   15  pro=1080560250
[  7 ]  1 1 1 1 1 3 3               nD = 4620  Trees = 10395  Guide =    9  pro=432224100
[  6 ]  1 1 1 1 1 6                 nD = 462  Trees =  945  Guide =  945  pro=412577550
[  7 ]  1 1 1 1 2 2 3               nD = 34650  Trees = 10395  Guide =    3  pro=1080560250
[  6 ]  1 1 1 1 2 5                 nD = 6930  Trees =  945  Guide =  105  pro=687629250
[  6 ]  1 1 1 1 3 4                 nD = 11550  Trees =  945  Guide =   45  pro=491163750
[  5 ]  1 1 1 1 7                   nD = 330  Trees =  105  Guide = 10395  pro=360186750
[  7 ]  1 1 1 2 2 2 2               nD = 17325  Trees = 10395  Guide =    1  pro=180093375
[  6 ]  1 1 1 2 2 4                 nD = 34650  Trees =  945  Guide =   15  pro=491163750
[  6 ]  1 1 1 2 3 3                 nD = 46200  Trees =  945  Guide =    9  pro=392931000
[  5 ]  1 1 1 2 6                   nD = 4620  Trees =  105  Guide =  945  pro=458419500
[  5 ]  1 1 1 3 5                   nD = 9240  Trees =  105  Guide =  315  pro=305613000
[  5 ]  1 1 1 4 4                   nD = 5775  Trees =  105  Guide =  225  pro=136434375
[  4 ]  1 1 1 8                     nD = 165  Trees =   15  Guide = 135135  pro=334459125
[  6 ]  1 1 2 2 2 3                 nD = 69300  Trees =  945  Guide =    3  pro=196465500
[  5 ]  1 1 2 2 5                   nD = 20790  Trees =  105  Guide =  105  pro=229209750
[  5 ]  1 1 2 3 4                   nD = 69300  Trees =  105  Guide =   45  pro=327442500
[  4 ]  1 1 2 7                     nD = 1980  Trees =   15  Guide = 10395  pro=308731500
[  5 ]  1 1 3 3 3                   nD = 15400  Trees =  105  Guide =   27  pro=43659000
[  4 ]  1 1 3 6                     nD = 4620  Trees =   15  Guide = 2835  pro=196465500
[  4 ]  1 1 4 5                     nD = 6930  Trees =   15  Guide = 1575  pro=163721250
[  3 ]  1 1 9                       nD =  55  Trees =    3  Guide = 2027025  pro=334459125
[  6 ]  1 2 2 2 2 2                 nD = 10395  Trees =  945  Guide =    1  pro=9823275
[  5 ]  1 2 2 2 4                   nD = 34650  Trees =  105  Guide =   15  pro=54573750
[  5 ]  1 2 2 3 3                   nD = 69300  Trees =  105  Guide =    9  pro=65488500
[  4 ]  1 2 2 6                     nD = 6930  Trees =   15  Guide =  945  pro=98232750
[  4 ]  1 2 3 5                     nD = 27720  Trees =   15  Guide =  315  pro=130977000
[  4 ]  1 2 4 4                     nD = 17325  Trees =   15  Guide =  225  pro=58471875
[  3 ]  1 2 8                       nD = 495  Trees =    3  Guide = 135135  pro=200675475
[  4 ]  1 3 3 4                     nD = 23100  Trees =   15  Guide =  135  pro=46777500
[  3 ]  1 3 7                       nD = 1320  Trees =    3  Guide = 31185  pro=123492600
[  3 ]  1 4 6                       nD = 2310  Trees =    3  Guide = 14175  pro=98232750
[  3 ]  1 5 5                       nD = 1386  Trees =    3  Guide = 11025  pro=45841950
[  2 ]  1 10                         nD =  11  Trees =    1  Guide = 34459425  pro=379053675
[  5 ]  2 2 2 2 3                   nD = 17325  Trees =  105  Guide =    3  pro=5457375
[  4 ]  2 2 2 5                     nD = 6930  Trees =   15  Guide =  105  pro=10914750
[  4 ]  2 2 3 4                     nD = 34650  Trees =   15  Guide =   45  pro=23388750
[  3 ]  2 2 7                       nD = 990  Trees =    3  Guide = 10395  pro=30873150
[  4 ]  2 3 3 3                     nD = 15400  Trees =   15  Guide =   27  pro=6237000
[  3 ]  2 3 6                       nD = 4620  Trees =    3  Guide = 2835  pro=39293100
[  3 ]  2 4 5                       nD = 6930  Trees =    3  Guide = 1575  pro=32744250
[  2 ]  2 9                         nD =  55  Trees =    1  Guide = 2027025  pro=111486375
[  3 ]  3 3 5                       nD = 4620  Trees =    3  Guide =  945  pro=13097700
[  3 ]  3 4 4                       nD = 5775  Trees =    3  Guide =  675  pro=11694375
[  2 ]  3 8                         nD = 165  Trees =    1  Guide = 405405  pro=66891825
[  2 ]  4 7                         nD = 330  Trees =    1  Guide = 155925  pro=51455250
[  2 ]  5 6                         nD = 462  Trees =    1  Guide = 99225  pro=45841950
[  1 ]  11                           nD =   1  Trees =    1  Guide = 654729075  pro=654729075
Generating gene trees.... Done

Initial MSC density and log-likelihood of observing data:
log-PG0 = 7761.168771   log-L0 = -348946.990839

0:00 taken to read and process data..
Restarting timer...


-*- Glossary of terms -*-

  Prgs: progress of MCMC run (negative progress means burnin)
  Gage: gene-tree age proposal
  Gspr: gene-tree SPR proposal
  thet: species tree theta proposal
   tau: species tree tau proposal
   mix: mixing proposal
    sp: number of delimited specices
    np: number of parameters
  mldp: most likelely delimitation and probability
mthet1: root node mean theta
 mtau1: root node mean tau
log-PG: log-probability of gene trees (MSC)
 log-L: mean log-L of observing data

     |     Acceptance proportions (pjump)     |
Prgs | Gage Gspr thet  tau  mix   Sspr     rj | sp np         mldp   mtau1       log-PG          log-L
------------------------------------------------------------------------------------------------------


                      Gage    Gspr    thet     tau     mix lrht  phi   pi qmat alfa mubr nubr mu_i nu_i brte
Current Pjump:     0.55698 0.00290 0.00000 0.05157 0.37000   -    -    -    -    -    -    -    -    -    - 
Current finetune:  0.02000 0.02000 0.02000 0.02000 0.02000   -    -    -    -    -    -    -    -    -    - 
New finetune:      0.04699 0.00018 0.00020 0.00319 0.02578   -    -    -    -    -    -    -    -    -    - 

  -0%  0.55 0.16 0.00 0.08 0.26 0.0000 0.0000    6  5  P[6]=0.8280 0.0031   6195.63357  -245042.86271

                      Gage    Gspr    thet     tau     mix lrht  phi   pi qmat alfa mubr nubr mu_i nu_i brte
Current Pjump:     0.54997 0.16276 0.00000 0.08480 0.26200   -    -    -    -    -    -    -    -    -    - 
Current finetune:  0.04699 0.00018 0.00020 0.00319 0.02578   -    -    -    -    -    -    -    -    -    - 
New finetune:      0.10797 0.00009 0.00000 0.00084 0.02209   -    -    -    -    -    -    -    -    -    - 



                      Gage    Gspr    thet     tau     mix lrht  phi   pi qmat alfa mubr nubr mu_i nu_i brte
Current Pjump:     0.54516 0.18030 0.00000 0.04840 0.31000   -    -    -    -    -    -    -    -    -    - 
Current finetune:  0.10797 0.00009 0.00000 0.00084 0.02209   -    -    -    -    -    -    -    -    -    - 
New finetune:      0.24432 0.00005 0.00000 0.00013 0.02295   -    -    -    -    -    -    -    -    -    - 

   0%  0.55 0.19 0.00 0.25 0.26 0.0000 0.0000    7  6  P[7]=0.8120 0.0026   6203.76079  -244576.76385  4:41


                      Gage    Gspr    thet     tau     mix lrht  phi   pi qmat alfa mubr nubr mu_i nu_i brte
Current Pjump:     0.54542 0.19258 0.00000 0.24507 0.26400   -    -    -    -    -    -    -    -    -    - 
Current finetune:  0.24432 0.00005 0.00000 0.00013 0.02295   -    -    -    -    -    -    -    -    -    - 
New finetune:      0.55333 0.00003 0.00000 0.00010 0.01983   -    -    -    -    -    -    -    -    -    - 

   1%  0.55 0.20 0.00 0.30 0.37 0.0000 0.0000    7  6  P[7]=0.9200 0.0026   6355   1%  0.54 0.20 0.00 0.30 0.36 0.0000 0.0000    7  6  P[7]=0.9600 0.0025   6379   2%  0.54 0.20 0.00 0.30 0.35 0.0000 0.0000    7  6  P[7]=0.9733 0.0026   6272   2%  0.54 0.20 0.00 0.29 0.36 0.0000 0.0000    7  6  P[7]=0.8962 0.0025   6243   3%  0.54 0.20 0.00 0.29 0.36 0.0000 0.0000    7  6  P[7]=0.8518 0.0025   6225   3%  0.54 0.20 0.00 0.28 0.36 0.0000 0.0000    7  6  P[7]=0.8318 0.0025   6300   4%  0.54 0.20 0.00 0.29 0.35 0.0000 0.0000    7  6  P[7]=0.8559 0.0025   6333   4%  0.54 0.20 0.00 0.29 0.35 0.0000 0.0000    6  5  P[7]=0.8590 0.0025   6275   5%  0.54 0.20 0.00 0.29 0.35 0.0000 0.0000    7  6  P[7]=0.8551 0.0025   6224   5%  0.54 0.20 0.00 0.29 0.35 0.0000 0.0000    7  6  P[7]=0.8696 0.0025   6273.03105  -244535.59115  49:12
   6%  0.54 0.20 0.00 0.29 0.35 0.0000 0.0000    7  6  P[7]=0.8815 0.0025   6341   6%  0.54 0.20 0.00 0.29 0.35 0.0000 0.0000    6  5  P[7]=0.8195 0.0025   6195   7%  0.54 0.20 0.00 0.29 0.35 0.0001 0.0000    6  5  P[7]=0.8203 0.0025   6322   7%  0.54 0.20 0.00 0.29 0.35 0.0001 0.0000    6  5  P[7]=0.7617 0.0025   6195   8%  0.54 0.20 0.00 0.29 0.35 0.0001 0.0000    6  5  P[7]=0.7109 0.0026   6183   8%  0.54 0.20 0.00 0.29 0.35 0.0008 0.0000    6  5  P[7]=0.6665 0.0026   6312   9%  0.54 0.20 0.00 0.29 0.35 0.0008 0.0000    6  5  P[7]=0.6273 0.0026   6253   9%  0.55 0.20 0.00 0.29 0.35 0.0007 0.0000    6  5  P[7]=0.5924 0.0026   6224  10%  0.55 0.20 0.00 0.29 0.35 0.0007 0.0000    6  5  P[7]=0.5613 0.0026   6264  10%  0.55 0.20 0.00 0.29 0.35 0.0006 0.0000    5  4  P[7]=0.5332 0.0026   6223.38514  -244517.20711  1:12:54
  11%  0.55 0.20 0.00 0.29 0.35 0.0006 0.0000    6  5  P[7]=0.5078 0.0026   6306  11%  0.55 0.20 0.00 0.29 0.35 0.0006 0.0000    5  4  P[7]=0.4847 0.0026   6232  12%  0.55 0.20 0.00 0.29 0.35 0.0006 0.0000    6  5  P[7]=0.4637 0.0026   6224  12%  0.55 0.20 0.00 0.29 0.35 0.0005 0.0000    5  4  P[6]=0.4473 0.0026   6192  13%  0.55 0.20 0.00 0.29 0.35 0.0005 0.0000    5  4  P[6]=0.4461 0.0026   6191  13%  0.55 0.20 0.00 0.29 0.35 0.0005 0.0000    6  5  P[6]=0.4662 0.0026   6251  14%  0.55 0.20 0.00 0.29 0.35 0.0005 0.0000    6  5  P[6]=0.4859 0.0026   6237  14%  0.55 0.20 0.00 0.29 0.35 0.0005 0.0000    5  4  P[6]=0.4922 0.0026   6164  15%  0.55 0.20 0.00 0.29 0.35 0.0004 0.0000    6  5  P[6]=0.4926 0.0026   6216  15%  0.55 0.20 0.00 0.29 0.35 0.0004 0.0000    5  4  P[6]=0.4955 0.0026   6358.30298  -244500.93385  1:35:40
  16%  0.55 0.20 0.00 0.29 0.35 0.0004 0.0000    5  4  P[6]=0.4854 0.0026   6196  16%  0.55 0.20 0.00 0.29 0.35 0.0004 0.0000    5  4  P[6]=0.4760 0.0026   6175  17%  0.55 0.20 0.00 0.29 0.35 0.0004 0.0000    6  5  P[6]=0.4785 0.0026   6143  17%  0.55 0.20 0.00 0.29 0.35 0.0004 0.0000    6  5  P[6]=0.4861 0.0026   6286  18%  0.55 0.20 0.00 0.29 0.35 0.0004 0.0000    6  5  P[6]=0.5008 0.0026   6276  18%  0.55 0.20 0.00 0.29 0.35 0.0004 0.0000    6  5  P[6]=0.4967 0.0026   6315  19%  0.55 0.20 0.00 0.29 0.35 0.0004 0.0000    6  5  P[6]=0.5031 0.0026   6235  19%  0.55 0.20 0.00 0.29 0.35 0.0003 0.0000    6  5  P[6]=0.5083 0.0026   6246  20%  0.55 0.20 0.00 0.29 0.35 0.0003 0.0000    6  5  P[6]=0.5209 0.0026   6263  20%  0.55 0.20 0.00 0.29 0.35 0.0003 0.0000    6  5  P[6]=0.5329 0.0026   6279.69429  -244499.13184  1:58:25
  21%  0.55 0.20 0.00 0.29 0.35 0.0003 0.0000    6  5  P[6]=0.5393 0.0026   6298  21%  0.55 0.20 0.00 0.29 0.35 0.0003 0.0000    4  3  P[6]=0.5351 0.0026   6201  22%  0.55 0.20 0.00 0.29 0.35 0.0003 0.0000    6  5  P[6]=0.5419 0.0026   6176  22%  0.55 0.20 0.00 0.29 0.35 0.0003 0.0000    6  5  P[6]=0.5513 0.0026   6214  23%  0.55 0.20 0.00 0.29 0.35 0.0003 0.0000    6  5  P[6]=0.5613 0.0026   6294  23%  0.55 0.20 0.00 0.29 0.35 0.0003 0.0000    6  5  P[6]=0.5640 0.0026   6254  24%  0.55 0.20 0.00 0.29 0.35 0.0003 0.0000    6  5  P[6]=0.5631 0.0026   6272  24%  0.55 0.20 0.00 0.29 0.35 0.0003 0.0000    6  5  P[6]=0.5721 0.0026   6260  25%  0.55 0.20 0.00 0.29 0.35 0.0003 0.0000    6  5  P[6]=0.5808 0.0026   6279  25%  0.55 0.20 0.00 0.29 0.35 0.0003 0.0000    7  6  P[6]=0.5807 0.0026   6285.89338  -244497.52456  2:21:13
  26%  0.55 0.20 0.00 0.29 0.35 0.0003 0.0000    6  5  P[6]=0.5868 0.0026   6276  26%  0.55 0.20 0.00 0.29 0.35 0.0003 0.0000    6  5  P[6]=0.5911 0.0027   6222  27%  0.55 0.20 0.00 0.29 0.35 0.0002 0.0000    6  5  P[6]=0.5988 0.0027   6281  27%  0.55 0.20 0.00 0.29 0.35 0.0002 0.0000    6  5  P[6]=0.6050 0.0027   6220  28%  0.55 0.20 0.00 0.29 0.35 0.0002 0.0000    5  4  P[6]=0.6018 0.0027   6303  28%  0.55 0.20 0.00 0.29 0.35 0.0002 0.0000    6  5  P[6]=0.6062 0.0027   6288  29%  0.55 0.20 0.00 0.29 0.35 0.0002 0.0000    5  4  P[6]=0.5980 0.0027   6323  29%  0.55 0.20 0.00 0.29 0.35 0.0002 0.0000    6  5  P[6]=0.6003 0.0027   6331  30%  0.55 0.20 0.00 0.29 0.35 0.0002 0.0000    6  5  P[6]=0.6014 0.0027   6286  30%  0.55 0.20 0.00 0.29 0.35 0.0002 0.0000    5  4  P[6]=0.6037 0.0027   6191.56825  -244494.71188  2:43:55
  31%  0.55 0.20 0.00 0.29 0.35 0.0002 0.0000    6  5  P[6]=0.6070 0.0027   6292  31%  0.55 0.20 0.00 0.29 0.35 0.0002 0.0000    5  4  P[6]=0.6075 0.0027   6314  32%  0.55 0.20 0.00 0.29 0.35 0.0002 0.0000    5  4  P[6]=0.5995 0.0027   6241  32%  0.55 0.20 0.00 0.29 0.35 0.0002 0.0000    6  5  P[6]=0.5941 0.0027   6199  33%  0.55 0.20 0.00 0.29 0.35 0.0002 0.0000    6  5  P[6]=0.5923 0.0027   6204  33%  0.55 0.20 0.00 0.29 0.35 0.0003 0.0000    6  5  P[6]=0.5956 0.0027   6207  34%  0.55 0.20 0.00 0.29 0.35 0.0003 0.0000    5  4  P[6]=0.5923 0.0027   6234  34%  0.55 0.20 0.00 0.29 0.35 0.0003 0.0000    5  4  P[6]=0.5877 0.0027   6216  35%  0.55 0.20 0.00 0.29 0.35 0.0003 0.0000    6  5  P[6]=0.5854 0.0027   6287  35%  0.55 0.20 0.00 0.29 0.35 0.0003 0.0000    6  5  P[6]=0.5881 0.0027   6234.01840  -244492.90168  3:06:38
  36%  0.55 0.20 0.00 0.29 0.35 0.0003 0.0000    6  5  P[6]=0.5938 0.0027   6231  36%  0.55 0.20 0.00 0.29 0.35 0.0003 0.0000    6  5  P[6]=0.5959 0.0027   6251  37%  0.55 0.20 0.00 0.29 0.35 0.0005 0.0000    6  5  P[6]=0.5979 0.0027   6339  37%  0.55 0.20 0.00 0.29 0.35 0.0005 0.0000    6  5  P[6]=0.6030 0.0027   6300  38%  0.55 0.20 0.00 0.29 0.35 0.0005 0.0000    6  5  P[6]=0.6074 0.0027   6209  38%  0.55 0.20 0.00 0.29 0.35 0.0005 0.0000    6  5  P[6]=0.6056 0.0027   6265  39%  0.55 0.20 0.00 0.29 0.35 0.0007 0.0000    5  4  P[6]=0.6040 0.0027   6212  39%  0.55 0.20 0.00 0.29 0.35 0.0008 0.0000    6  5  P[6]=0.6053 0.0027   6276  40%  0.55 0.20 0.00 0.29 0.35 0.0008 0.0000    6  5  P[6]=0.6058 0.0027   6177  40%  0.55 0.20 0.00 0.29 0.35 0.0008 0.0000    4  3  P[6]=0.6086 0.0027   6199.16354  -244491.19455  3:29:30
  41%  0.55 0.20 0.00 0.29 0.35 0.0008 0.0000    5  4  P[6]=0.6057 0.0027   6117  41%  0.55 0.20 0.00 0.29 0.35 0.0008 0.0000    4  3  P[6]=0.6015 0.0027   6203  42%  0.55 0.20 0.00 0.29 0.35 0.0008 0.0000    6  5  P[6]=0.5989 0.0027   6271  42%  0.55 0.20 0.00 0.29 0.35 0.0008 0.0000    6  5  P[6]=0.6037 0.0027   6255  43%  0.55 0.20 0.00 0.29 0.35 0.0008 0.0000    6  5  P[6]=0.6025 0.0027   6275  43%  0.55 0.20 0.00 0.29 0.35 0.0008 0.0000    5  4  P[6]=0.5965 0.0027   6167  44%  0.55 0.20 0.00 0.29 0.35 0.0007 0.0000    5  4  P[6]=0.5899 0.0027   6196  44%  0.55 0.20 0.00 0.29 0.35 0.0007 0.0000    6  5  P[6]=0.5914 0.0027   6326  45%  0.55 0.20 0.00 0.29 0.35 0.0007 0.0000    5  4  P[6]=0.5914 0.0027   6191  45%  0.55 0.20 0.00 0.29 0.35 0.0007 0.0000    5  4  P[6]=0.5873 0.0027   6217.28811  -244489.75651  3:52:17
  46%  0.55 0.20 0.00 0.29 0.35 0.0007 0.0000    6  5  P[6]=0.5882 0.0027   6246  46%  0.55 0.20 0.00 0.29 0.35 0.0007 0.0000    5  4  P[6]=0.5902 0.0027   6171  47%  0.55 0.20 0.00 0.29 0.35 0.0007 0.0000    5  4  P[6]=0.5890 0.0027   6226  47%  0.55 0.20 0.00 0.29 0.35 0.0007 0.0000    6  5  P[6]=0.5877 0.0027   6230  48%  0.55 0.20 0.00 0.29 0.35 0.0007 0.0000    6  5  P[6]=0.5910 0.0027   6184  48%  0.55 0.20 0.00 0.29 0.35 0.0007 0.0000    5  4  P[6]=0.5852 0.0027   6198  49%  0.55 0.20 0.00 0.29 0.35 0.0007 0.0000    6  5  P[6]=0.5857 0.0027   6314  49%  0.55 0.20 0.00 0.29 0.35 0.0007 0.0000    6  5  P[6]=0.5827 0.0027   6186  50%  0.55 0.20 0.00 0.29 0.35 0.0007 0.0000    5  4  P[6]=0.5858 0.0027   6219  50%  0.55 0.20 0.00 0.29 0.35 0.0006 0.0000    5  4  P[6]=0.5802 0.0027   6104.15831  -244487.22729  4:17:30
  51%  0.55 0.20 0.00 0.29 0.35 0.0006 0.0000    5  4  P[6]=0.5757 0.0027   6226  51%  0.55 0.20 0.00 0.29 0.35 0.0006 0.0000    5  4  P[6]=0.5742 0.0027   6269  52%  0.55 0.20 0.00 0.29 0.35 0.0006 0.0000    5  4  P[6]=0.5696 0.0027   6173  52%  0.55 0.20 0.00 0.29 0.35 0.0006 0.0000    5  4  P[6]=0.5657 0.0027   6142  53%  0.55 0.20 0.00 0.29 0.35 0.0006 0.0000    6  5  P[6]=0.5617 0.0027   6290  53%  0.55 0.20 0.00 0.29 0.35 0.0006 0.0000    6  5  P[6]=0.5588 0.0027   6279  54%  0.55 0.20 0.00 0.29 0.35 0.0006 0.0000    6  5  P[6]=0.5600 0.0027   6161  54%  0.55 0.20 0.00 0.29 0.35 0.0006 0.0000    6  5  P[6]=0.5641 0.0027   6262  55%  0.55 0.20 0.00 0.29 0.35 0.0006 0.0000    6  5  P[6]=0.5681 0.0027   6276  55%  0.55 0.20 0.00 0.29 0.35 0.0006 0.0000    5  4  P[6]=0.5706 0.0027   6144.89450  -244485.87709  4:42:53
  56%  0.55 0.20 0.00 0.29 0.35 0.0006 0.0000    4  3  P[6]=0.5658 0.0027   6145  56%  0.55 0.20 0.00 0.29 0.35 0.0006 0.0000    6  5  P[6]=0.5635 0.0027   6210  57%  0.55 0.20 0.00 0.29 0.35 0.0006 0.0000    6  5  P[6]=0.5645 0.0027   6323  57%  0.55 0.20 0.00 0.29 0.35 0.0006 0.0000    6  5  P[6]=0.5642 0.0027   6309  58%  0.55 0.20 0.00 0.29 0.35 0.0006 0.0000    6  5  P[6]=0.5680 0.0027   6210  58%  0.55 0.20 0.00 0.29 0.35 0.0006 0.0000    6  5  P[6]=0.5690 0.0027   6185  59%  0.55 0.20 0.00 0.29 0.35 0.0006 0.0000    6  5  P[6]=0.5691 0.0027   6231  59%  0.55 0.20 0.00 0.29 0.35 0.0006 0.0000    4  3  P[6]=0.5661 0.0027   6208  60%  0.55 0.20 0.00 0.29 0.35 0.0005 0.0000    5  4  P[6]=0.5619 0.0027   6162  60%  0.55 0.20 0.00 0.29 0.35 0.0005 0.0000    5  4  P[6]=0.5600 0.0027   6176.68675  -244485.15333  5:06:40
  61%  0.55 0.20 0.00 0.29 0.35 0.0005 0.0000    6  5  P[6]=0.5619 0.0027   6372  61%  0.55 0.20 0.00 0.29 0.35 0.0005 0.0000    6  5  P[6]=0.5614 0.0027   6199  62%  0.55 0.20 0.00 0.29 0.35 0.0005 0.0000    5  4  P[6]=0.5635 0.0027   6192  62%  0.55 0.20 0.00 0.29 0.35 0.0005 0.0000    6  5  P[6]=0.5649 0.0027   6267  63%  0.55 0.20 0.00 0.29 0.35 0.0005 0.0000    6  5  P[6]=0.5634 0.0027   6271  63%  0.55 0.20 0.00 0.29 0.35 0.0005 0.0000    6  5  P[6]=0.5668 0.0027   6265  64%  0.55 0.20 0.00 0.29 0.35 0.0005 0.0000    4  3  P[6]=0.5660 0.0027   6186  64%  0.55 0.20 0.00 0.29 0.35 0.0005 0.0000    6  5  P[6]=0.5650 0.0027   6190  65%  0.55 0.20 0.00 0.29 0.35 0.0005 0.0000    5  4  P[6]=0.5639 0.0027   6240  65%  0.55 0.20 0.00 0.29 0.35 0.0005 0.0000    6  5  P[6]=0.5631 0.0027   6353.58675  -244485.46259  5:30:22
  66%  0.55 0.20 0.00 0.29 0.35 0.0005 0.0000    5  4  P[6]=0.5622 0.0027   6199  66%  0.55 0.20 0.00 0.29 0.35 0.0005 0.0000    5  4  P[6]=0.5581 0.0027   6172  67%  0.55 0.20 0.00 0.29 0.35 0.0005 0.0000    5  4  P[6]=0.5588 0.0027   6284  67%  0.55 0.20 0.00 0.29 0.35 0.0005 0.0000    6  5  P[6]=0.5579 0.0027   6179  68%  0.55 0.20 0.00 0.29 0.35 0.0005 0.0000    5  4  P[6]=0.5543 0.0027   6222  68%  0.55 0.20 0.00 0.29 0.35 0.0005 0.0000    5  4  P[6]=0.5530 0.0027   6291  69%  0.55 0.20 0.00 0.29 0.35 0.0005 0.0000    6  5  P[6]=0.5527 0.0027   6182  69%  0.55 0.20 0.00 0.29 0.35 0.0005 0.0000    6  5  P[6]=0.5559 0.0027   6275  70%  0.55 0.20 0.00 0.29 0.35 0.0005 0.0000    6  5  P[6]=0.5560 0.0027   6212  70%  0.55 0.20 0.00 0.29 0.35 0.0005 0.0000    5  4  P[6]=0.5566 0.0027   6216.33150  -244485.17130  5:54:07
  71%  0.55 0.20 0.00 0.29 0.35 0.0005 0.0000    6  5  P[6]=0.5554 0.0027   6227  71%  0.55 0.20 0.00 0.29 0.35 0.0005 0.0000    5  4  P[6]=0.5552 0.0027   6198  72%  0.55 0.20 0.00 0.29 0.35 0.0005 0.0000    6  5  P[6]=0.5525 0.0027   6166  72%  0.55 0.20 0.00 0.29 0.35 0.0005 0.0000    5  4  P[6]=0.5513 0.0027   6200  73%  0.55 0.20 0.00 0.29 0.35 0.0005 0.0000    5  4  P[6]=0.5527 0.0027   6248  73%  0.55 0.20 0.00 0.29 0.35 0.0005 0.0000    4  3  P[6]=0.5501 0.0027   6125  74%  0.55 0.20 0.00 0.29 0.35 0.0005 0.0000    4  3  P[6]=0.5490 0.0027   6191  74%  0.55 0.20 0.00 0.29 0.35 0.0005 0.0000    6  5  P[6]=0.5502 0.0027   6201  75%  0.55 0.20 0.00 0.29 0.35 0.0005 0.0000    6  5  P[6]=0.5508 0.0027   6209  75%  0.55 0.20 0.00 0.29 0.35 0.0005 0.0000    5  4  P[6]=0.5499 0.0027   6199.89371  -244485.97686  6:17:51
  76%  0.55 0.20 0.00 0.29 0.35 0.0005 0.0000    5  4  P[6]=0.5510 0.0027   6248  76%  0.55 0.20 0.00 0.29 0.35 0.0005 0.0000    5  4  P[6]=0.5481 0.0027   6231  77%  0.55 0.20 0.00 0.29 0.35 0.0005 0.0000    6  5  P[6]=0.5458 0.0027   6307  77%  0.55 0.20 0.00 0.29 0.35 0.0004 0.0000    6  5  P[6]=0.5487 0.0027   6298  78%  0.55 0.20 0.00 0.29 0.35 0.0004 0.0000    5  4  P[6]=0.5467 0.0027   6175  78%  0.55 0.20 0.00 0.29 0.35 0.0004 0.0000    5  4  P[6]=0.5435 0.0027   6281  79%  0.55 0.20 0.00 0.29 0.35 0.0004 0.0000    6  5  P[6]=0.5403 0.0027   6238  79%  0.55 0.20 0.00 0.29 0.35 0.0004 0.0000    5  4  P[6]=0.5421 0.0027   6109  80%  0.55 0.20 0.00 0.29 0.35 0.0004 0.0000    5  4  P[6]=0.5400 0.0027   6138  80%  0.55 0.20 0.00 0.29 0.35 0.0004 0.0000    5  4  P[6]=0.5373 0.0027   6127.17852  -244486.23370  6:41:32
  81%  0.55 0.20 0.00 0.29 0.35 0.0004 0.0000    6  5  P[6]=0.5361 0.0027   6272  81%  0.55 0.20 0.00 0.29 0.35 0.0004 0.0000    5  4  P[6]=0.5362 0.0027   6160  82%  0.55 0.20 0.00 0.29 0.35 0.0004 0.0000    5  4  P[6]=0.5339 0.0027   6230  82%  0.55 0.20 0.00 0.29 0.35 0.0004 0.0000    6  5  P[6]=0.5333 0.0027   6296  83%  0.55 0.20 0.00 0.29 0.35 0.0004 0.0000    5  4  P[6]=0.5358 0.0027   6186  83%  0.55 0.20 0.00 0.29 0.35 0.0004 0.0000    5  4  P[6]=0.5340 0.0027   6208  84%  0.55 0.20 0.00 0.29 0.35 0.0005 0.0000    5  4  P[6]=0.5315 0.0027   6123  84%  0.55 0.20 0.00 0.29 0.35 0.0005 0.0000    6  5  P[6]=0.5316 0.0027   6300  85%  0.55 0.20 0.00 0.29 0.35 0.0005 0.0000    6  5  P[6]=0.5334 0.0027   6192  85%  0.55 0.20 0.00 0.29 0.35 0.0005 0.0000    6  5  P[6]=0.5354 0.0027   6235.25356  -244485.73624  7:05:18
  86%  0.55 0.20 0.00 0.29 0.35 0.0005 0.0000    6  5  P[6]=0.5375 0.0027   6143  86%  0.55 0.20 0.00 0.29 0.35 0.0005 0.0000    5  4  P[6]=0.5385 0.0027   6153  87%  0.55 0.20 0.00 0.29 0.35 0.0005 0.0000    6  5  P[6]=0.5402 0.0027   6249  87%  0.55 0.20 0.00 0.29 0.35 0.0005 0.0000    5  4  P[6]=0.5417 0.0027   6241  88%  0.55 0.20 0.00 0.29 0.35 0.0005 0.0000    5  4  P[6]=0.5410 0.0027   6223  88%  0.55 0.20 0.00 0.29 0.35 0.0005 0.0000    5  4  P[6]=0.5394 0.0027   6279  89%  0.55 0.20 0.00 0.29 0.35 0.0005 0.0000    5  4  P[6]=0.5389 0.0027   6233  89%  0.55 0.20 0.00 0.29 0.35 0.0005 0.0000    6  5  P[6]=0.5365 0.0027   6236  90%  0.55 0.20 0.00 0.29 0.35 0.0006 0.0000    5  4  P[6]=0.5353 0.0027   6228  90%  0.55 0.20 0.00 0.29 0.35 0.0006 0.0000    5  4  P[6]=0.5328 0.0027   6126.30112  -244484.34894  7:29:08
  91%  0.55 0.20 0.00 0.29 0.35 0.0006 0.0000    6  5  P[6]=0.5341 0.0027   6204  91%  0.55 0.20 0.00 0.29 0.35 0.0006 0.0000    6  5  P[6]=0.5352 0.0027   6180  92%  0.55 0.20 0.00 0.29 0.35 0.0006 0.0000    6  5  P[6]=0.5362 0.0027   6192  92%  0.55 0.20 0.00 0.29 0.35 0.0006 0.0000    6  5  P[6]=0.5368 0.0027   6187  93%  0.55 0.20 0.00 0.29 0.35 0.0006 0.0000    5  4  P[6]=0.5348 0.0027   6277  93%  0.55 0.20 0.00 0.29 0.35 0.0006 0.0000    6  5  P[6]=0.5345 0.0027   6235  94%  0.55 0.20 0.00 0.29 0.35 0.0007 0.0000    6  5  P[6]=0.5370 0.0027   6195  94%  0.55 0.20 0.00 0.29 0.35 0.0007 0.0000    6  5  P[6]=0.5360 0.0027   6143  95%  0.55 0.20 0.00 0.29 0.35 0.0007 0.0000    5  4  P[6]=0.5363 0.0027   6254  95%  0.55 0.20 0.00 0.29 0.35 0.0007 0.0000    5  4  P[6]=0.5350 0.0027   6179.59217  -244483.60662  7:52:59
  96%  0.55 0.20 0.00 0.29 0.35 0.0007 0.0000    5  4  P[6]=0.5371 0.0027   6210  96%  0.55 0.20 0.00 0.29 0.35 0.0007 0.0000    6  5  P[6]=0.5382 0.0027   6271  97%  0.55 0.20 0.00 0.29 0.35 0.0007 0.0000    5  4  P[6]=0.5377 0.0027   6284  97%  0.55 0.20 0.00 0.29 0.35 0.0007 0.0000    6  5  P[6]=0.5360 0.0027   6216  98%  0.55 0.20 0.00 0.29 0.35 0.0007 0.0000    5  4  P[6]=0.5364 0.0027   6185  98%  0.55 0.20 0.00 0.29 0.35 0.0007 0.0000    5  4  P[6]=0.5340 0.0027   6203  99%  0.55 0.20 0.00 0.29 0.35 0.0007 0.0000    5  4  P[6]=0.5322 0.0027   6181  99%  0.55 0.20 0.00 0.29 0.35 0.0007 0.0000    6  5  P[6]=0.5344 0.0027   6266 100%  0.55 0.20 0.00 0.29 0.35 0.0007 0.0000    5  4  P[6]=0.5327 0.0027   6223 100%  0.55 0.20 0.00 0.29 0.35 0.0007 0.0000    6  5  P[6]=0.5350 0.0027   6324.99186  -244483.14756  8:16:37

8:16:37 spent in MCMC


(A) List of best models (count postP #species SpeciesTree)
51952 0.519520 0.519520 6  (P15_angust P16_cyrtanP1_cyrtanP27_cyrtanP3_cyrtanP4_cyrtanP5_cyrtan P21_cyrtan P31_angust P34_scarla P6_scarla)  (((P15_angust, P31_angust), (P34_scarla, P6_scarla)), (P16_cyrtanP1_cyrtanP27_cyrtanP3_cyrtanP4_cyrtanP5_cyrtan, P21_cyrtan));
26936 0.269360 0.788880 5  (P15_angust P16_cyrtanP1_cyrtanP27_cyrtanP3_cyrtanP4_cyrtanP5_cyrtan P21_cyrtan P31_angust P34_scarlaP6_scarla)  (((P15_angust, P31_angust), P34_scarlaP6_scarla), (P16_cyrtanP1_cyrtanP27_cyrtanP3_cyrtanP4_cyrtanP5_cyrtan, P21_cyrtan));
 9002 0.090020 0.878900 5  (P15_angustP31_angust P16_cyrtanP1_cyrtanP27_cyrtanP3_cyrtanP4_cyrtanP5_cyrtan P21_cyrtan P34_scarla P6_scarla)  ((P15_angustP31_angust, (P34_scarla, P6_scarla)), (P16_cyrtanP1_cyrtanP27_cyrtanP3_cyrtanP4_cyrtanP5_cyrtan, P21_cyrtan));
 4921 0.049210 0.928110 7  (P15_angust P16_cyrtanP1_cyrtanP27_cyrtanP3_cyrtanP4_cyrtan P21_cyrtan P31_angust P34_scarla P5_cyrtan P6_scarla)  ((((P15_angust, P31_angust), (P34_scarla, P6_scarla)), (P16_cyrtanP1_cyrtanP27_cyrtanP3_cyrtanP4_cyrtan, P5_cyrtan)), P21_cyrtan);
 4234 0.042340 0.970450 4  (P15_angustP31_angust P16_cyrtanP1_cyrtanP27_cyrtanP3_cyrtanP4_cyrtanP5_cyrtan P21_cyrtan P34_scarlaP6_scarla)  ((P15_angustP31_angust, P34_scarlaP6_scarla), (P16_cyrtanP1_cyrtanP27_cyrtanP3_cyrtanP4_cyrtanP5_cyrtan, P21_cyrtan));
  640 0.006400 0.976850 6  (P15_angust P16_cyrtanP1_cyrtanP27_cyrtanP3_cyrtanP4_cyrtan P21_cyrtan P31_angust P34_scarlaP6_scarla P5_cyrtan)  ((((P15_angust, P31_angust), P34_scarlaP6_scarla), (P16_cyrtanP1_cyrtanP27_cyrtanP3_cyrtanP4_cyrtan, P5_cyrtan)), P21_cyrtan);
  568 0.005680 0.982530 6  (P15_angust P16_cyrtanP1_cyrtanP27_cyrtanP3_cyrtanP4_cyrtanP5_cyrtan P21_cyrtan P31_angust P34_scarla P6_scarla)  (((P15_angust, (P34_scarla, P6_scarla)), P31_angust), (P16_cyrtanP1_cyrtanP27_cyrtanP3_cyrtanP4_cyrtanP5_cyrtan, P21_cyrtan));
  530 0.005300 0.987830 7  (P15_angust P16_cyrtanP1_cyrtanP27_cyrtanP3_cyrtanP4_cyrtan P21_cyrtan P31_angust P34_scarla P5_cyrtan P6_scarla)  (((P15_angust, P31_angust), (P34_scarla, P6_scarla)), ((P16_cyrtanP1_cyrtanP27_cyrtanP3_cyrtanP4_cyrtan, P5_cyrtan), P21_cyrtan));
  444 0.004440 0.992270 5  (P15_angust P16_cyrtanP1_cyrtanP27_cyrtanP3_cyrtanP4_cyrtanP5_cyrtan P21_cyrtan P31_angust P34_scarlaP6_scarla)  (((P15_angust, P34_scarlaP6_scarla), P31_angust), (P16_cyrtanP1_cyrtanP27_cyrtanP3_cyrtanP4_cyrtanP5_cyrtan, P21_cyrtan));
  401 0.004010 0.996280 6  (P15_angustP31_angust P16_cyrtanP1_cyrtanP27_cyrtanP3_cyrtanP4_cyrtan P21_cyrtan P34_scarla P5_cyrtan P6_scarla)  (((P15_angustP31_angust, (P34_scarla, P6_scarla)), (P16_cyrtanP1_cyrtanP27_cyrtanP3_cyrtanP4_cyrtan, P5_cyrtan)), P21_cyrtan);
  120 0.001200 0.997480 6  (P15_angust P16_cyrtanP1_cyrtanP27_cyrtanP3_cyrtanP4_cyrtanP5_cyrtan P21_cyrtan P31_angust P34_scarla P6_scarla)  ((P15_angust, (P31_angust, (P34_scarla, P6_scarla))), (P16_cyrtanP1_cyrtanP27_cyrtanP3_cyrtanP4_cyrtanP5_cyrtan, P21_cyrtan));
   83 0.000830 0.998310 5  (P15_angust P16_cyrtanP1_cyrtanP27_cyrtanP3_cyrtanP4_cyrtanP5_cyrtan P21_cyrtan P31_angust P34_scarlaP6_scarla)  ((P15_angust, (P31_angust, P34_scarlaP6_scarla)), (P16_cyrtanP1_cyrtanP27_cyrtanP3_cyrtanP4_cyrtanP5_cyrtan, P21_cyrtan));
   83 0.000830 0.999140 5  (P15_angustP31_angust P16_cyrtanP1_cyrtanP27_cyrtanP3_cyrtanP4_cyrtan P21_cyrtan P34_scarlaP6_scarla P5_cyrtan)  (((P15_angustP31_angust, P34_scarlaP6_scarla), (P16_cyrtanP1_cyrtanP27_cyrtanP3_cyrtanP4_cyrtan, P5_cyrtan)), P21_cyrtan);
   80 0.000800 0.999940 6  (P15_angust P16_cyrtanP1_cyrtanP27_cyrtanP3_cyrtanP4_cyrtan P21_cyrtan P31_angust P34_scarlaP6_scarla P5_cyrtan)  (((P15_angust, P31_angust), P34_scarlaP6_scarla), ((P16_cyrtanP1_cyrtanP27_cyrtanP3_cyrtanP4_cyrtan, P5_cyrtan), P21_cyrtan));
    4 0.000040 0.999980 8  (P15_angust P16_cyrtan P1_cyrtanP27_cyrtanP3_cyrtanP4_cyrtan P21_cyrtan P31_angust P34_scarla P5_cyrtan P6_scarla)  (((P15_angust, P31_angust), (P34_scarla, P6_scarla)), (((P16_cyrtan, P1_cyrtanP27_cyrtanP3_cyrtanP4_cyrtan), P5_cyrtan), P21_cyrtan));
    2 0.000020 1.000000 5  (P15_angustP31_angust P16_cyrtanP1_cyrtanP27_cyrtanP3_cyrtanP4_cyrtan P21_cyrtan P34_scarlaP6_scarla P5_cyrtan)  ((P15_angustP31_angust, P34_scarlaP6_scarla), ((P16_cyrtanP1_cyrtanP27_cyrtanP3_cyrtanP4_cyrtan, P5_cyrtan), P21_cyrtan));

(B) 9 species delimitations & their posterior probabilities
52640 0.526400   6 (P15_angust P16_cyrtanP1_cyrtanP27_cyrtanP3_cyrtanP4_cyrtanP5_cyrtan P21_cyrtan P31_angust P34_scarla P6_scarla)
27463 0.274630   5 (P15_angust P16_cyrtanP1_cyrtanP27_cyrtanP3_cyrtanP4_cyrtanP5_cyrtan P21_cyrtan P31_angust P34_scarlaP6_scarla)
 9002 0.090020   5 (P15_angustP31_angust P16_cyrtanP1_cyrtanP27_cyrtanP3_cyrtanP4_cyrtanP5_cyrtan P21_cyrtan P34_scarla P6_scarla)
 5451 0.054510   7 (P15_angust P16_cyrtanP1_cyrtanP27_cyrtanP3_cyrtanP4_cyrtan P21_cyrtan P31_angust P34_scarla P5_cyrtan P6_scarla)
 4234 0.042340   4 (P15_angustP31_angust P16_cyrtanP1_cyrtanP27_cyrtanP3_cyrtanP4_cyrtanP5_cyrtan P21_cyrtan P34_scarlaP6_scarla)
  720 0.007200   6 (P15_angust P16_cyrtanP1_cyrtanP27_cyrtanP3_cyrtanP4_cyrtan P21_cyrtan P31_angust P34_scarlaP6_scarla P5_cyrtan)
  401 0.004010   6 (P15_angustP31_angust P16_cyrtanP1_cyrtanP27_cyrtanP3_cyrtanP4_cyrtan P21_cyrtan P34_scarla P5_cyrtan P6_scarla)
   85 0.000850   5 (P15_angustP31_angust P16_cyrtanP1_cyrtanP27_cyrtanP3_cyrtanP4_cyrtan P21_cyrtan P34_scarlaP6_scarla P5_cyrtan)
    4 0.000040   8 (P15_angust P16_cyrtan P1_cyrtanP27_cyrtanP3_cyrtanP4_cyrtan P21_cyrtan P31_angust P34_scarla P5_cyrtan P6_scarla)

(C) 12 delimited species & their posterior probabilities
100000 1.000000 P21_cyrtan
 93339 0.933390 P16_cyrtanP1_cyrtanP27_cyrtanP3_cyrtanP4_cyrtanP5_cyrtan
 86278 0.862780 P15_angust
 86278 0.862780 P31_angust
 67498 0.674980 P6_scarla
 67498 0.674980 P34_scarla
 32502 0.325020 P34_scarlaP6_scarla
 13722 0.137220 P15_angustP31_angust
  6661 0.066610 P5_cyrtan
  6657 0.066570 P16_cyrtanP1_cyrtanP27_cyrtanP3_cyrtanP4_cyrtan
     4 0.000040 P1_cyrtanP27_cyrtanP3_cyrtanP4_cyrtan
     4 0.000040 P16_cyrtan

(D) Posterior probability for # of species
P[ 1] = 0.000000  prior[ 1] = 0.031779
P[ 2] = 0.000000  prior[ 2] = 0.031779
P[ 3] = 0.000000  prior[ 3] = 0.045159
P[ 4] = 0.042340  prior[ 4] = 0.066903
P[ 5] = 0.365500  prior[ 5] = 0.096419
P[ 6] = 0.537610  prior[ 6] = 0.130165
P[ 7] = 0.054510  prior[ 7] = 0.159091
P[ 8] = 0.000040  prior[ 8] = 0.168831
P[ 9] = 0.000000  prior[ 9] = 0.146104
P[10] = 0.000000  prior[10] = 0.091991
P[11] = 0.000000  prior[11] = 0.031779

