bpp v4.2.9_osx_x86_64, 8GB RAM, 8 cores
https://github.com/bpp/bpp

Detected CPU features: mmx sse sse2 sse3 ssse3 sse4.1 sse4.2 popcnt avx avx2
Auto-selected SIMD ISA: AVX2


Starting timer..
Using seed: -1
Parsing species tree... Done
Parsing phylip file... Done

 Locus | Model | Sequences | Length | Ambiguous sites | Compressed | Base freqs 
-------+-------+-----------+--------+-----------------+------------+------------
     1 |  JC69 |        43 |   2116 |             640 |        194 |      Fixed 
     2 |  JC69 |        43 |   1770 |             625 |        184 |      Fixed 
     3 |  JC69 |        43 |   1794 |             386 |        140 |      Fixed 
     4 |  JC69 |        43 |   2561 |             814 |        249 |      Fixed 
     5 |  JC69 |        43 |   2504 |             802 |        292 |      Fixed 
     6 |  JC69 |        43 |   2499 |            1186 |        266 |      Fixed 
     7 |  JC69 |        43 |   1655 |             848 |        212 |      Fixed 
     8 |  JC69 |        43 |   1897 |             532 |        172 |      Fixed 
     9 |  JC69 |        43 |   3200 |             643 |        210 |      Fixed 
    10 |  JC69 |        43 |   1809 |             492 |        172 |      Fixed 
    11 |  JC69 |        43 |   1807 |            1497 |        239 |      Fixed 
    12 |  JC69 |        43 |   2686 |            1396 |        329 |      Fixed 
    13 |  JC69 |        43 |   1885 |             972 |        266 |      Fixed 
    14 |  JC69 |        42 |   3680 |             550 |        221 |      Fixed 
    15 |  JC69 |        43 |   1880 |             535 |        218 |      Fixed 
    16 |  JC69 |        43 |   1928 |             738 |        206 |      Fixed 
    17 |  JC69 |        43 |   2178 |             931 |        204 |      Fixed 
    18 |  JC69 |        43 |   1784 |             523 |        138 |      Fixed 
    19 |  JC69 |        43 |   2028 |             677 |        156 |      Fixed 
    20 |  JC69 |        43 |   2768 |             842 |        180 |      Fixed 
    21 |  JC69 |        43 |   2367 |             919 |        257 |      Fixed 
    22 |  JC69 |        43 |   1634 |            1093 |        276 |      Fixed 
    23 |  JC69 |        43 |   1841 |             549 |        234 |      Fixed 
    24 |  JC69 |        42 |   2676 |            1424 |        290 |      Fixed 
    25 |  JC69 |        43 |   2273 |            1268 |        234 |      Fixed 
    26 |  JC69 |        43 |   2442 |             432 |        203 |      Fixed 
    27 |  JC69 |        43 |   2103 |             530 |        140 |      Fixed 
    28 |  JC69 |        43 |   2197 |             545 |        224 |      Fixed 
    29 |  JC69 |        43 |   2686 |            1199 |        251 |      Fixed 
    30 |  JC69 |        43 |   2191 |             784 |        157 |      Fixed 
    31 |  JC69 |        43 |   2809 |             498 |        215 |      Fixed 
    32 |  JC69 |        43 |   2517 |            1088 |        251 |      Fixed 
    33 |  JC69 |        43 |   2796 |            1399 |        369 |      Fixed 
    34 |  JC69 |        43 |   2166 |            1054 |        283 |      Fixed 
    35 |  JC69 |        43 |   1893 |             519 |        193 |      Fixed 
    36 |  JC69 |        43 |   1728 |            1119 |        297 |      Fixed 
    37 |  JC69 |        43 |   2263 |            1199 |        363 |      Fixed 
    38 |  JC69 |        43 |   2120 |             721 |        232 |      Fixed 
    39 |  JC69 |        43 |   2428 |             893 |        222 |      Fixed 
    40 |  JC69 |        43 |   3234 |            2485 |        330 |      Fixed 
    41 |  JC69 |        43 |   2250 |             731 |        233 |      Fixed 
    42 |  JC69 |        43 |   2641 |            1171 |        283 |      Fixed 
    43 |  JC69 |        43 |   2632 |             571 |        227 |      Fixed 
    44 |  JC69 |        43 |   2269 |             469 |        224 |      Fixed 
    45 |  JC69 |        43 |   2467 |             804 |        246 |      Fixed 
    46 |  JC69 |        43 |   1764 |            1473 |        249 |      Fixed 
    47 |  JC69 |        43 |   1738 |             714 |        239 |      Fixed 
    48 |  JC69 |        43 |   2514 |             859 |        254 |      Fixed 
    49 |  JC69 |        43 |   1720 |            1118 |        267 |      Fixed 
    50 |  JC69 |        43 |   2547 |            1142 |        285 |      Fixed 

Parsing map file... Done

Per-locus sequences in data and 'species&tree' tag:
C.File | Data |                Status                | Population
-------+------+--------------------------------------+-----------
     3 |    3 | [OK]                                 | P11_ornata
     3 |    3 | [OK]                                 | P10_amoena
     3 |    3 | [OK]                                 | P8_amoena 
     3 |    3 | [OK]                                 | P9_amoena 
     2 |    2 | [OK]                                 | P12_ornata
     2 |    2 | [OK]                                 | P13_lutea 
     4 |    4 | [OK]                                 | P20_quilapilun
     4 |    4 | [OK]                                 | P14_ornata
     3 |    3 | [OK]                                 | P33_ornata
     3 |    3 | [OK]                                 | P35_lutea 
     2 |    2 | [OK]                                 | P32_arzae 
     3 |    3 | [OK]                                 | P17_arzae 
     3 |    3 | [OK]                                 | P19_arzae 
     5 |    5 | [OK]                                 | P18_davidii


Map of populations and ancestors (1 in map indicates ancestor):
   Species                                                                                                                                      1  2  3  4  5  6  7  8  9  10  11  12  13  14  15  16  17  18  19  20  21  22  23  24  25  26  27
 1 P11_ornata                                                                                                                                   1  0  0  0  0  0  0  0  0  0   0   0   0   0   1   1   0   0   0   0   0   0   0   0   0   0   0
 2 P10_amoena                                                                                                                                   0  1  0  0  0  0  0  0  0  0   0   0   0   0   1   1   1   0   0   0   0   0   0   0   0   0   0
 3 P8_amoena                                                                                                                                    0  0  1  0  0  0  0  0  0  0   0   0   0   0   1   1   1   1   0   0   0   0   0   0   0   0   0
 4 P9_amoena                                                                                                                                    0  0  0  1  0  0  0  0  0  0   0   0   0   0   1   1   1   1   0   0   0   0   0   0   0   0   0
 5 P12_ornata                                                                                                                                   0  0  0  0  1  0  0  0  0  0   0   0   0   0   1   0   0   0   1   0   0   0   0   0   0   0   0
 6 P13_lutea                                                                                                                                    0  0  0  0  0  1  0  0  0  0   0   0   0   0   1   0   0   0   1   1   1   0   0   0   0   0   0
 7 P20_quilapilun                                                                                                                               0  0  0  0  0  0  1  0  0  0   0   0   0   0   1   0   0   0   1   1   1   1   0   0   0   0   0
 8 P14_ornata                                                                                                                                   0  0  0  0  0  0  0  1  0  0   0   0   0   0   1   0   0   0   1   1   1   1   1   0   0   0   0
 9 P33_ornata                                                                                                                                   0  0  0  0  0  0  0  0  1  0   0   0   0   0   1   0   0   0   1   1   1   1   1   0   0   0   0
10 P35_lutea                                                                                                                                    0  0  0  0  0  0  0  0  0  1   0   0   0   0   1   0   0   0   1   1   0   0   0   1   0   0   0
11 P32_arzae                                                                                                                                    0  0  0  0  0  0  0  0  0  0   1   0   0   0   1   0   0   0   1   1   0   0   0   1   1   0   0
12 P17_arzae                                                                                                                                    0  0  0  0  0  0  0  0  0  0   0   1   0   0   1   0   0   0   1   1   0   0   0   1   1   1   0
13 P19_arzae                                                                                                                                    0  0  0  0  0  0  0  0  0  0   0   0   1   0   1   0   0   0   1   1   0   0   0   1   1   1   1
14 P18_davidii                                                                                                                                  0  0  0  0  0  0  0  0  0  0   0   0   0   1   1   0   0   0   1   1   0   0   0   1   1   1   1
15 P11_ornataP10_amoenaP8_amoenaP9_amoenaP12_ornataP13_luteaP20_quilapilunP14_ornataP33_ornataP35_luteaP32_arzaeP17_arzaeP19_arzaeP18_davidii   0  0  0  0  0  0  0  0  0  0   0   0   0   0   1   0   0   0   0   0   0   0   0   0   0   0   0
16 P11_ornataP10_amoenaP8_amoenaP9_amoena                                                                                                       0  0  0  0  0  0  0  0  0  0   0   0   0   0   1   1   0   0   0   0   0   0   0   0   0   0   0
17 P10_amoenaP8_amoenaP9_amoena                                                                                                                 0  0  0  0  0  0  0  0  0  0   0   0   0   0   1   1   1   0   0   0   0   0   0   0   0   0   0
18 P8_amoenaP9_amoena                                                                                                                           0  0  0  0  0  0  0  0  0  0   0   0   0   0   1   1   1   1   0   0   0   0   0   0   0   0   0
19 P12_ornataP13_luteaP20_quilapilunP14_ornataP33_ornataP35_luteaP32_arzaeP17_arzaeP19_arzaeP18_davidii                                         0  0  0  0  0  0  0  0  0  0   0   0   0   0   1   0   0   0   1   0   0   0   0   0   0   0   0
20 P13_luteaP20_quilapilunP14_ornataP33_ornataP35_luteaP32_arzaeP17_arzaeP19_arzaeP18_davidii                                                   0  0  0  0  0  0  0  0  0  0   0   0   0   0   1   0   0   0   1   1   0   0   0   0   0   0   0
21 P13_luteaP20_quilapilunP14_ornataP33_ornata                                                                                                  0  0  0  0  0  0  0  0  0  0   0   0   0   0   1   0   0   0   1   1   1   0   0   0   0   0   0
22 P20_quilapilunP14_ornataP33_ornata                                                                                                           0  0  0  0  0  0  0  0  0  0   0   0   0   0   1   0   0   0   1   1   1   1   0   0   0   0   0
23 P14_ornataP33_ornata                                                                                                                         0  0  0  0  0  0  0  0  0  0   0   0   0   0   1   0   0   0   1   1   1   1   1   0   0   0   0
24 P35_luteaP32_arzaeP17_arzaeP19_arzaeP18_davidii                                                                                              0  0  0  0  0  0  0  0  0  0   0   0   0   0   1   0   0   0   1   1   0   0   0   1   0   0   0
25 P32_arzaeP17_arzaeP19_arzaeP18_davidii                                                                                                       0  0  0  0  0  0  0  0  0  0   0   0   0   0   1   0   0   0   1   1   0   0   0   1   1   0   0
26 P17_arzaeP19_arzaeP18_davidii                                                                                                                0  0  0  0  0  0  0  0  0  0   0   0   0   0   1   0   0   0   1   1   0   0   0   1   1   1   0
27 P19_arzaeP18_davidii                                                                                                                         0  0  0  0  0  0  0  0  0  0   0   0   0   0   1   0   0   0   1   1   0   0   0   1   1   1   1

Counting delimitations...
[ 14 ]  1 1 1 1 1 1 1 1 1 1 1 1 1 1       nD =   1  Trees = 7905853580625  Guide =    1  pro=7905853580625
[ 13 ]  1 1 1 1 1 1 1 1 1 1 1 1 2         nD =  91  Trees = 316234143225  Guide =    1  pro=28777307033475
[ 12 ]  1 1 1 1 1 1 1 1 1 1 1 3           nD = 364  Trees = 13749310575  Guide =    3  pro=15014247147900
[ 12 ]  1 1 1 1 1 1 1 1 1 1 2 2           nD = 3003  Trees = 13749310575  Guide =    1  pro=41289179656725
[ 11 ]  1 1 1 1 1 1 1 1 1 1 4             nD = 1001  Trees = 654729075  Guide =   15  pro=9830757061125
[ 11 ]  1 1 1 1 1 1 1 1 1 2 3             nD = 20020  Trees = 654729075  Guide =    3  pro=39323028244500
[ 10 ]  1 1 1 1 1 1 1 1 1 5               nD = 2002  Trees = 34459425  Guide =  105  pro=7243715729250
[ 11 ]  1 1 1 1 1 1 1 1 2 2 2             nD = 45045  Trees = 654729075  Guide =    1  pro=29492271183375
[ 10 ]  1 1 1 1 1 1 1 1 2 4               nD = 45045  Trees = 34459425  Guide =   15  pro=23283371986875
[ 10 ]  1 1 1 1 1 1 1 1 3 3               nD = 30030  Trees = 34459425  Guide =    9  pro=9313348794750
[  9 ]  1 1 1 1 1 1 1 1 6                 nD = 3003  Trees = 2027025  Guide =  945  pro=5752362490875
[ 10 ]  1 1 1 1 1 1 1 2 2 3               nD = 360360  Trees = 34459425  Guide =    3  pro=37253395179000
[  9 ]  1 1 1 1 1 1 1 2 5                 nD = 72072  Trees = 2027025  Guide =  105  pro=15339633309000
[  9 ]  1 1 1 1 1 1 1 3 4                 nD = 120120  Trees = 2027025  Guide =   45  pro=10956880935000
[  8 ]  1 1 1 1 1 1 1 7                   nD = 3432  Trees = 135135  Guide = 10395  pro=4821027611400
[ 10 ]  1 1 1 1 1 1 2 2 2 2               nD = 315315  Trees = 34459425  Guide =    1  pro=10865573593875
[  9 ]  1 1 1 1 1 1 2 2 4                 nD = 630630  Trees = 2027025  Guide =   15  pro=19174541636250
[  9 ]  1 1 1 1 1 1 2 3 3                 nD = 840840  Trees = 2027025  Guide =    9  pro=15339633309000
[  8 ]  1 1 1 1 1 1 2 6                   nD = 84084  Trees = 135135  Guide =  945  pro=10737743316300
[  8 ]  1 1 1 1 1 1 3 5                   nD = 168168  Trees = 135135  Guide =  315  pro=7158495544200
[  8 ]  1 1 1 1 1 1 4 4                   nD = 105105  Trees = 135135  Guide =  225  pro=3195756939375
[  7 ]  1 1 1 1 1 1 8                     nD = 3003  Trees = 10395  Guide = 135135  pro=4218399159975
[  9 ]  1 1 1 1 1 2 2 2 3                 nD = 2522520  Trees = 2027025  Guide =    3  pro=15339633309000
[  8 ]  1 1 1 1 1 2 2 5                   nD = 756756  Trees = 135135  Guide =  105  pro=10737743316300
[  8 ]  1 1 1 1 1 2 3 4                   nD = 2522520  Trees = 135135  Guide =   45  pro=15339633309000
[  7 ]  1 1 1 1 1 2 7                     nD = 72072  Trees = 10395  Guide = 10395  pro=7787813833800
[  8 ]  1 1 1 1 1 3 3 3                   nD = 560560  Trees = 135135  Guide =   27  pro=2045284441200
[  7 ]  1 1 1 1 1 3 6                     nD = 168168  Trees = 10395  Guide = 2835  pro=4955881530600
[  7 ]  1 1 1 1 1 4 5                     nD = 252252  Trees = 10395  Guide = 1575  pro=4129901275500
[  6 ]  1 1 1 1 1 9                       nD = 2002  Trees =  945  Guide = 2027025  pro=3834908327250
[  9 ]  1 1 1 1 2 2 2 2 2                 nD = 945945  Trees = 2027025  Guide =    1  pro=1917454163625
[  8 ]  1 1 1 1 2 2 2 4                   nD = 3153150  Trees = 135135  Guide =   15  pro=6391513878750
[  8 ]  1 1 1 1 2 2 3 3                   nD = 6306300  Trees = 135135  Guide =    9  pro=7669816654500
[  7 ]  1 1 1 1 2 2 6                     nD = 630630  Trees = 10395  Guide =  945  pro=6194851913250
[  7 ]  1 1 1 1 2 3 5                     nD = 2522520  Trees = 10395  Guide =  315  pro=8259802551000
[  7 ]  1 1 1 1 2 4 4                     nD = 1576575  Trees = 10395  Guide =  225  pro=3687411853125
[  6 ]  1 1 1 1 2 8                       nD = 45045  Trees =  945  Guide = 135135  pro=5752362490875
[  7 ]  1 1 1 1 3 3 4                     nD = 2102100  Trees = 10395  Guide =  135  pro=2949929482500
[  6 ]  1 1 1 1 3 7                       nD = 120120  Trees =  945  Guide = 31185  pro=3539915379000
[  6 ]  1 1 1 1 4 6                       nD = 210210  Trees =  945  Guide = 14175  pro=2815841778750
[  6 ]  1 1 1 1 5 5                       nD = 126126  Trees =  945  Guide = 11025  pro=1314059496750
[  5 ]  1 1 1 1 10                         nD = 1001  Trees =  105  Guide = 34459425  pro=3621857864625
[  8 ]  1 1 1 2 2 2 2 3                   nD = 6306300  Trees = 135135  Guide =    3  pro=2556605551500
[  7 ]  1 1 1 2 2 2 5                     nD = 2522520  Trees = 10395  Guide =  105  pro=2753267517000
[  7 ]  1 1 1 2 2 3 4                     nD = 12612600  Trees = 10395  Guide =   45  pro=5899858965000
[  6 ]  1 1 1 2 2 7                       nD = 360360  Trees =  945  Guide = 10395  pro=3539915379000
[  7 ]  1 1 1 2 3 3 3                     nD = 5605600  Trees = 10395  Guide =   27  pro=1573295724000
[  6 ]  1 1 1 2 3 6                       nD = 1681680  Trees =  945  Guide = 2835  pro=4505346846000
[  6 ]  1 1 1 2 4 5                       nD = 2522520  Trees =  945  Guide = 1575  pro=3754455705000
[  5 ]  1 1 1 2 9                         nD = 20020  Trees =  105  Guide = 2027025  pro=4261009252500
[  6 ]  1 1 1 3 3 5                       nD = 1681680  Trees =  945  Guide =  945  pro=1501782282000
[  6 ]  1 1 1 3 4 4                       nD = 2102100  Trees =  945  Guide =  675  pro=1340877037500
[  5 ]  1 1 1 3 8                         nD = 60060  Trees =  105  Guide = 405405  pro=2556605551500
[  5 ]  1 1 1 4 7                         nD = 120120  Trees =  105  Guide = 155925  pro=1966619655000
[  5 ]  1 1 1 5 6                         nD = 168168  Trees =  105  Guide = 99225  pro=1752079329000
[  4 ]  1 1 1 11                           nD = 364  Trees =   15  Guide = 654729075  pro=3574820749500
[  8 ]  1 1 2 2 2 2 2 2                   nD = 945945  Trees = 135135  Guide =    1  pro=127830277575
[  7 ]  1 1 2 2 2 2 4                     nD = 4729725  Trees = 10395  Guide =   15  pro=737482370625
[  7 ]  1 1 2 2 2 3 3                     nD = 12612600  Trees = 10395  Guide =    9  pro=1179971793000
[  6 ]  1 1 2 2 2 6                       nD = 1261260  Trees =  945  Guide =  945  pro=1126336711500
[  6 ]  1 1 2 2 3 5                       nD = 7567560  Trees =  945  Guide =  315  pro=2252673423000
[  6 ]  1 1 2 2 4 4                       nD = 4729725  Trees =  945  Guide =  225  pro=1005657778125
[  5 ]  1 1 2 2 8                         nD = 135135  Trees =  105  Guide = 135135  pro=1917454163625
[  6 ]  1 1 2 3 3 4                       nD = 12612600  Trees =  945  Guide =  135  pro=1609052445000
[  5 ]  1 1 2 3 7                         nD = 720720  Trees =  105  Guide = 31185  pro=2359943586000
[  5 ]  1 1 2 4 6                         nD = 1261260  Trees =  105  Guide = 14175  pro=1877227852500
[  5 ]  1 1 2 5 5                         nD = 756756  Trees =  105  Guide = 11025  pro=876039664500
[  4 ]  1 1 2 10                           nD = 6006  Trees =   15  Guide = 34459425  pro=3104449598250
[  6 ]  1 1 3 3 3 3                       nD = 1401400  Trees =  945  Guide =   81  pro=107270163000
[  5 ]  1 1 3 3 6                         nD = 840840  Trees =  105  Guide = 8505  pro=750891141000
[  5 ]  1 1 3 4 5                         nD = 2522520  Trees =  105  Guide = 4725  pro=1251485235000
[  4 ]  1 1 3 9                           nD = 20020  Trees =   15  Guide = 6081075  pro=1826146822500
[  5 ]  1 1 4 4 4                         nD = 525525  Trees =  105  Guide = 3375  pro=186232921875
[  4 ]  1 1 4 8                           nD = 45045  Trees =   15  Guide = 2027025  pro=1369610116875
[  4 ]  1 1 5 7                           nD = 72072  Trees =   15  Guide = 1091475  pro=1179971793000
[  4 ]  1 1 6 6                           nD = 42042  Trees =   15  Guide = 893025  pro=563168355750
[  3 ]  1 1 12                             nD =  91  Trees =    3  Guide = 13749310575  pro=3753561786975
[  7 ]  1 2 2 2 2 2 3                     nD = 3783780  Trees = 10395  Guide =    3  pro=117997179300
[  6 ]  1 2 2 2 2 5                       nD = 1891890  Trees =  945  Guide =  105  pro=187722785250
[  6 ]  1 2 2 2 3 4                       nD = 12612600  Trees =  945  Guide =   45  pro=536350815000
[  5 ]  1 2 2 2 7                         nD = 360360  Trees =  105  Guide = 10395  pro=393323931000
[  6 ]  1 2 2 3 3 3                       nD = 8408400  Trees =  945  Guide =   27  pro=214540326000
[  5 ]  1 2 2 3 6                         nD = 2522520  Trees =  105  Guide = 2835  pro=750891141000
[  5 ]  1 2 2 4 5                         nD = 3783780  Trees =  105  Guide = 1575  pro=625742617500
[  4 ]  1 2 2 9                           nD = 30030  Trees =   15  Guide = 2027025  pro=913073411250
[  5 ]  1 2 3 3 5                         nD = 5045040  Trees =  105  Guide =  945  pro=500594094000
[  5 ]  1 2 3 4 4                         nD = 6306300  Trees =  105  Guide =  675  pro=446959012500
[  4 ]  1 2 3 8                           nD = 180180  Trees =   15  Guide = 405405  pro=1095688093500
[  4 ]  1 2 4 7                           nD = 360360  Trees =   15  Guide = 155925  pro=842836995000
[  4 ]  1 2 5 6                           nD = 504504  Trees =   15  Guide = 99225  pro=750891141000
[  3 ]  1 2 11                             nD = 1092  Trees =    3  Guide = 654729075  pro=2144892449700
[  5 ]  1 3 3 3 4                         nD = 2802800  Trees =  105  Guide =  405  pro=119189070000
[  4 ]  1 3 3 7                           nD = 240240  Trees =   15  Guide = 93555  pro=337134798000
[  4 ]  1 3 4 6                           nD = 840840  Trees =   15  Guide = 42525  pro=536350815000
[  4 ]  1 3 5 5                           nD = 504504  Trees =   15  Guide = 33075  pro=250297047000
[  3 ]  1 3 10                             nD = 4004  Trees =    3  Guide = 103378275  pro=1241779839300
[  4 ]  1 4 4 5                           nD = 630630  Trees =   15  Guide = 23625  pro=223479506250
[  3 ]  1 4 9                             nD = 10010  Trees =    3  Guide = 30405375  pro=913073411250
[  3 ]  1 5 8                             nD = 18018  Trees =    3  Guide = 14189175  pro=766981665450
[  3 ]  1 6 7                             nD = 24024  Trees =    3  Guide = 9823275  pro=707983075800
[  2 ]  1 13                               nD =  14  Trees =    1  Guide = 316234143225  pro=4427278005150
[  7 ]  2 2 2 2 2 2 2                     nD = 135135  Trees = 10395  Guide =    1  pro=1404728325
[  6 ]  2 2 2 2 2 4                       nD = 945945  Trees =  945  Guide =   15  pro=13408770375
[  6 ]  2 2 2 2 3 3                       nD = 3153150  Trees =  945  Guide =    9  pro=26817540750
[  5 ]  2 2 2 2 6                         nD = 315315  Trees =  105  Guide =  945  pro=31287130875
[  5 ]  2 2 2 3 5                         nD = 2522520  Trees =  105  Guide =  315  pro=83432349000
[  5 ]  2 2 2 4 4                         nD = 1576575  Trees =  105  Guide =  225  pro=37246584375
[  4 ]  2 2 2 8                           nD = 45045  Trees =   15  Guide = 135135  pro=91307341125
[  5 ]  2 2 3 3 4                         nD = 6306300  Trees =  105  Guide =  135  pro=89391802500
[  4 ]  2 2 3 7                           nD = 360360  Trees =   15  Guide = 31185  pro=168567399000
[  4 ]  2 2 4 6                           nD = 630630  Trees =   15  Guide = 14175  pro=134087703750
[  4 ]  2 2 5 5                           nD = 378378  Trees =   15  Guide = 11025  pro=62574261750
[  3 ]  2 2 10                             nD = 3003  Trees =    3  Guide = 34459425  pro=310444959825
[  5 ]  2 3 3 3 3                         nD = 1401400  Trees =  105  Guide =   81  pro=11918907000
[  4 ]  2 3 3 6                           nD = 840840  Trees =   15  Guide = 8505  pro=107270163000
[  4 ]  2 3 4 5                           nD = 2522520  Trees =   15  Guide = 4725  pro=178783605000
[  3 ]  2 3 9                             nD = 20020  Trees =    3  Guide = 6081075  pro=365229364500
[  4 ]  2 4 4 4                           nD = 525525  Trees =   15  Guide = 3375  pro=26604703125
[  3 ]  2 4 8                             nD = 45045  Trees =    3  Guide = 2027025  pro=273922023375
[  3 ]  2 5 7                             nD = 72072  Trees =    3  Guide = 1091475  pro=235994358600
[  3 ]  2 6 6                             nD = 42042  Trees =    3  Guide = 893025  pro=112633671150
[  2 ]  2 12                               nD =  91  Trees =    1  Guide = 13749310575  pro=1251187262325
[  4 ]  3 3 3 5                           nD = 560560  Trees =   15  Guide = 2835  pro=23837814000
[  4 ]  3 3 4 4                           nD = 1051050  Trees =   15  Guide = 2025  pro=31925643750
[  3 ]  3 3 8                             nD = 30030  Trees =    3  Guide = 1216215  pro=109568809350
[  3 ]  3 4 7                             nD = 120120  Trees =    3  Guide = 467775  pro=168567399000
[  3 ]  3 5 6                             nD = 168168  Trees =    3  Guide = 297675  pro=150178228200
[  2 ]  3 11                               nD = 364  Trees =    1  Guide = 1964187225  pro=714964149900
[  3 ]  4 4 6                             nD = 105105  Trees =    3  Guide = 212625  pro=67043851875
[  3 ]  4 5 5                             nD = 126126  Trees =    3  Guide = 165375  pro=62574261750
[  2 ]  4 10                               nD = 1001  Trees =    1  Guide = 516891375  pro=517408266375
[  2 ]  5 9                               nD = 2002  Trees =    1  Guide = 212837625  pro=426100925250
[  2 ]  6 8                               nD = 3003  Trees =    1  Guide = 127702575  pro=383490832725
[  2 ]  7 7                               nD = 1716  Trees =    1  Guide = 108056025  pro=185424138900
[  1 ]  14                                 nD =   1  Trees =    1  Guide = 7905853580625  pro=7905853580625
Generating gene trees.... Done
bpp v4.2.9_osx_x86_64, 8GB RAM, 8 cores

Initial MSC density and log-likelihood of observing data:
log-PG0 = 9347.918482   log-L0 = -457138.503209

0:00 taken to read and process data..
Restarting timer...


-*- Glossary of terms -*-

  Prgs: progress of MCMC run (negative progress means burnin)
  Gage: gene-tree age proposal
  Gspr: gene-tree SPR proposal
  thet: species tree theta proposal
   tau: species tree tau proposal
   mix: mixing proposal
    sp: number of delimited specices
    np: number of parameters
  mldp: most likelely delimitation and probability
mthet1: root node mean theta
 mtau1: root node mean tau
log-PG: log-probability of gene trees (MSC)
 log-L: mean log-L of observing data

     |     Acceptance proportions (pjump)     |
Prgs | Gage Gspr thet  tau  mix   Sspr     rj | sp np         mldp   mtau1       log-PG          log-L
------------------------------------------------------------------------------------------------------


                      Gage    Gspr    thet     tau     mix lrht  phi   pi qmat alfa mubr nubr mu_i nu_i brte
Current Pjump:     0.50670 0.00419 0.00000 0.12563 0.29200   -    -    -    -    -    -    -    -    -    - 
Current finetune:  0.02000 0.02000 0.02000 0.02000 0.02000   -    -    -    -    -    -    -    -    -    - 
New finetune:      0.04009 0.00026 0.00020 0.00785 0.01938   -    -    -    -    -    -    -    -    -    - 

  -0%  0.54 0.24 0.00 0.09 0.25 0.0240 0.0000   13 12 P[13]=0.7500 0.0051   8406.84125  -283672.56169

                      Gage    Gspr    thet     tau     mix lrht  phi   pi qmat alfa mubr nubr mu_i nu_i brte
Current Pjump:     0.54351 0.24303 0.00000 0.08774 0.25200   -    -    -    -    -    -    -    -    -    - 
Current finetune:  0.04009 0.00026 0.00020 0.00785 0.01938   -    -    -    -    -    -    -    -    -    - 
New finetune:      0.09024 0.00020 0.00000 0.00214 0.01590   -    -    -    -    -    -    -    -    -    - 



                      Gage    Gspr    thet     tau     mix lrht  phi   pi qmat alfa mubr nubr mu_i nu_i brte
Current Pjump:     0.54132 0.25479 0.00000 0.07133 0.38200   -    -    -    -    -    -    -    -    -    - 
Current finetune:  0.09024 0.00020 0.00000 0.00214 0.01590   -    -    -    -    -    -    -    -    -    - 
New finetune:      0.20173 0.00017 0.00000 0.00047 0.02135   -    -    -    -    -    -    -    -    -    - 

   0%  0.54 0.27 0.00 0.07 0.26 0.0080 0.0000   13 12 P[13]=1.0000 0.0049   8350.16900  -283414.61011  7:16


                      Gage    Gspr    thet     tau     mix lrht  phi   pi qmat alfa mubr nubr mu_i nu_i brte
Current Pjump:     0.54421 0.26585 0.00000 0.07183 0.26000   -    -    -    -    -    -    -    -    -    - 
Current finetune:  0.20173 0.00017 0.00000 0.00047 0.02135   -    -    -    -    -    -    -    -    -    - 
New finetune:      0.45511 0.00015 0.00000 0.00010 0.01813   -    -    -    -    -    -    -    -    -    - 

   1%  0.54 0.27 0.00 0.36 0.33 0.0190 0.0000   13 12 P[13]=0.9730 0.0048   8360   1%  0.55 0.27 0.00 0.36 0.32 0.0180 0.0000   13 12 P[13]=0.9850 0.0049   8460   2%  0.54 0.27 0.00 0.36 0.31 0.0240 0.0000   13 12 P[13]=0.9890 0.0049   8354   2%  0.54 0.27 0.00 0.36 0.30 0.0215 0.0000   14 13 P[13]=0.9450 0.0049   8354   3%  0.54 0.27 0.00 0.36 0.30 0.0194 0.0000   13 12 P[13]=0.9296 0.0049   8339   3%  0.55 0.27 0.00 0.36 0.30 0.0187 0.0000   13 12 P[13]=0.9337 0.0049   8464   4%  0.55 0.27 0.00 0.36 0.31 0.0166 0.0000   13 12 P[13]=0.9417 0.0049   8411   4%  0.55 0.27 0.00 0.36 0.31 0.0149 0.0000   13 12 P[13]=0.9474 0.0049   8372   5%  0.55 0.27 0.00 0.36 0.30 0.0140 0.0000   13 12 P[13]=0.9479 0.0049   8393   5%  0.55 0.27 0.00 0.36 0.30 0.0129 0.0000   13 12 P[13]=0.9237 0.0049   8437.43970  -283397.19179  1:06:47
   6%  0.55 0.27 0.00 0.36 0.30 0.0123 0.0000   13 12 P[13]=0.9278 0.0049   8472   6%  0.55 0.27 0.00 0.36 0.30 0.0115 0.0000   13 12 P[13]=0.9338 0.0049   8395   7%  0.55 0.27 0.00 0.36 0.30 0.0122 0.0000   13 12 P[13]=0.9378 0.0049   8363   7%  0.55 0.27 0.00 0.36 0.30 0.0131 0.0000   13 12 P[13]=0.9416 0.0049   8445   8%  0.55 0.27 0.00 0.37 0.30 0.0122 0.0000   13 12 P[13]=0.9455 0.0049   8365   8%  0.55 0.27 0.00 0.37 0.30 0.0119 0.0000   13 12 P[13]=0.9483 0.0049   8367   9%  0.55 0.27 0.00 0.37 0.30 0.0117 0.0000   13 12 P[13]=0.9511 0.0049   8443   9%  0.55 0.27 0.00 0.37 0.30 0.0121 0.0000   13 12 P[13]=0.9538 0.0049   8338  10%  0.55 0.27 0.00 0.37 0.30 0.0122 0.0000   13 12 P[13]=0.9548 0.0049   8384  10%  0.55 0.27 0.00 0.37 0.30 0.0121 0.0000   13 12 P[13]=0.9570 0.0049   8377.88017  -283391.89270  1:44:25
  11%  0.55 0.27 0.00 0.37 0.30 0.0120 0.0000   13 12 P[13]=0.9574 0.0049   8451  11%  0.55 0.27 0.00 0.37 0.30 0.0119 0.0000   13 12 P[13]=0.9594 0.0049   8329  12%  0.55 0.27 0.00 0.37 0.30 0.0125 0.0000   13 12 P[13]=0.9610 0.0049   8521  12%  0.55 0.27 0.00 0.37 0.30 0.0125 0.0000   13 12 P[13]=0.9626 0.0049   8377  13%  0.55 0.27 0.00 0.37 0.30 0.0122 0.0000   13 12 P[13]=0.9630 0.0049   8310  13%  0.55 0.27 0.00 0.37 0.30 0.0128 0.0000   13 12 P[13]=0.9640 0.0049   8375  14%  0.55 0.27 0.00 0.37 0.30 0.0129 0.0000   13 12 P[13]=0.9652 0.0049   8366  14%  0.55 0.27 0.00 0.37 0.30 0.0130 0.0000   13 12 P[13]=0.9662 0.0049   8504  15%  0.55 0.27 0.00 0.37 0.30 0.0127 0.0000   13 12 P[13]=0.9673 0.0049   8391  15%  0.55 0.27 0.00 0.37 0.30 0.0127 0.0000   13 12 P[13]=0.9683 0.0049   8392.83128  -283388.41749  2:21:58
  16%  0.55 0.27 0.00 0.37 0.30 0.0125 0.0000   13 12 P[13]=0.9692 0.0049   8444  16%  0.55 0.27 0.00 0.37 0.31 0.0124 0.0000   13 12 P[13]=0.9701 0.0049   8336  17%  0.55 0.27 0.00 0.37 0.30 0.0127 0.0000   13 12 P[13]=0.9710 0.0049   8320  17%  0.55 0.27 0.00 0.37 0.30 0.0126 0.0000   13 12 P[13]=0.9714 0.0049   8308  18%  0.55 0.27 0.00 0.37 0.30 0.0126 0.0000   13 12 P[13]=0.9722 0.0049   8473  18%  0.55 0.27 0.00 0.37 0.30 0.0136 0.0000   13 12 P[13]=0.9730 0.0049   8329  19%  0.55 0.27 0.00 0.37 0.30 0.0135 0.0000   13 12 P[13]=0.9737 0.0049   8373  19%  0.55 0.27 0.00 0.37 0.30 0.0131 0.0000   13 12 P[13]=0.9726 0.0049   8324  20%  0.55 0.27 0.00 0.37 0.30 0.0132 0.0000   13 12 P[13]=0.9733 0.0049   8371  20%  0.55 0.27 0.00 0.37 0.30 0.0131 0.0000   13 12 P[13]=0.9737 0.0049   8422.82010  -283385.62358  2:59:26
  21%  0.55 0.27 0.00 0.37 0.30 0.0132 0.0000   13 12 P[13]=0.9738 0.0049   8372  21%  0.55 0.27 0.00 0.37 0.30 0.0130 0.0000   13 12 P[13]=0.9744 0.0049   8415  22%  0.55 0.27 0.00 0.37 0.30 0.0127 0.0000   13 12 P[13]=0.9746 0.0049   8411  22%  0.55 0.27 0.00 0.37 0.30 0.0126 0.0000   13 12 P[13]=0.9745 0.0049   8406  23%  0.55 0.27 0.00 0.37 0.30 0.0125 0.0000   13 12 P[13]=0.9751 0.0049   8455  23%  0.55 0.27 0.00 0.37 0.30 0.0125 0.0000   13 12 P[13]=0.9751 0.0049   8401  24%  0.55 0.27 0.00 0.37 0.30 0.0123 0.0000   13 12 P[13]=0.9756 0.0049   8320  24%  0.55 0.27 0.00 0.37 0.30 0.0121 0.0000   13 12 P[13]=0.9761 0.0049   8383  25%  0.55 0.27 0.00 0.37 0.30 0.0120 0.0000   13 12 P[13]=0.9764 0.0049   8265  25%  0.55 0.27 0.00 0.37 0.31 0.0119 0.0000   13 12 P[13]=0.9767 0.0049   8393.77028  -283382.56016  3:37:09
  26%  0.55 0.27 0.00 0.37 0.30 0.0122 0.0000   13 12 P[13]=0.9772 0.0049   8357  26%  0.55 0.27 0.00 0.37 0.30 0.0126 0.0000   13 12 P[13]=0.9776 0.0049   8367  27%  0.55 0.27 0.00 0.37 0.31 0.0125 0.0000   13 12 P[13]=0.9778 0.0049   8397  27%  0.55 0.27 0.00 0.37 0.31 0.0123 0.0000   13 12 P[13]=0.9783 0.0049   8450  28%  0.55 0.27 0.00 0.37 0.31 0.0123 0.0000   13 12 P[13]=0.9782 0.0049   8340  28%  0.55 0.27 0.00 0.37 0.31 0.0124 0.0000   13 12 P[13]=0.9782 0.0049   8391  29%  0.55 0.27 0.00 0.37 0.31 0.0123 0.0000   13 12 P[13]=0.9786 0.0049   8504  29%  0.55 0.27 0.00 0.37 0.31 0.0124 0.0000   13 12 P[13]=0.9788 0.0049   8359  30%  0.55 0.27 0.00 0.37 0.31 0.0122 0.0000   13 12 P[13]=0.9788 0.0049   8359  30%  0.55 0.27 0.00 0.37 0.31 0.0124 0.0000   13 12 P[13]=0.9791 0.0049   8339.69997  -283380.08059  4:16:55
  31%  0.55 0.27 0.00 0.37 0.31 0.0124 0.0000   13 12 P[13]=0.9793 0.0049   8359  31%  0.55 0.27 0.00 0.37 0.31 0.0122 0.0000   13 12 P[13]=0.9797 0.0049   8424  32%  0.55 0.27 0.00 0.37 0.31 0.0121 0.0000   13 12 P[13]=0.9800 0.0049   8302  32%  0.55 0.27 0.00 0.37 0.31 0.0120 0.0000   13 12 P[13]=0.9796 0.0049   8484  33%  0.55 0.27 0.00 0.37 0.31 0.0119 0.0000   13 12 P[13]=0.9799 0.0049   8342  33%  0.55 0.27 0.00 0.37 0.31 0.0118 0.0000   13 12 P[13]=0.9802 0.0049   8336  34%  0.55 0.27 0.00 0.37 0.31 0.0120 0.0000   13 12 P[13]=0.9805 0.0049   8351  34%  0.55 0.27 0.00 0.37 0.31 0.0119 0.0000   13 12 P[13]=0.9805 0.0049   8327  35%  0.55 0.27 0.00 0.37 0.31 0.0119 0.0000   13 12 P[13]=0.9806 0.0049   8449  35%  0.55 0.27 0.00 0.37 0.31 0.0122 0.0000   13 12 P[13]=0.9808 0.0049   8319.50634  -283376.30036  4:58:01
  36%  0.55 0.27 0.00 0.37 0.31 0.0128 0.0000   13 12 P[13]=0.9809 0.0049   8375  36%  0.55 0.27 0.00 0.37 0.31 0.0132 0.0000   13 12 P[13]=0.9811 0.0049   8470  37%  0.55 0.27 0.00 0.37 0.31 0.0132 0.0000   13 12 P[13]=0.9813 0.0049   8343  37%  0.55 0.27 0.00 0.36 0.31 0.0132 0.0000   13 12 P[13]=0.9812 0.0049   8281  38%  0.55 0.27 0.00 0.37 0.31 0.0131 0.0000   13 12 P[13]=0.9815 0.0049   8385  38%  0.55 0.27 0.00 0.37 0.31 0.0130 0.0000   13 12 P[13]=0.9813 0.0049   8369  39%  0.55 0.27 0.00 0.37 0.31 0.0130 0.0000   13 12 P[13]=0.9814 0.0049   8358  39%  0.55 0.27 0.00 0.37 0.31 0.0128 0.0000   13 12 P[13]=0.9817 0.0049   8353  40%  0.55 0.27 0.00 0.37 0.31 0.0128 0.0000   13 12 P[13]=0.9817 0.0049   8462  40%  0.55 0.27 0.00 0.37 0.31 0.0128 0.0000   13 12 P[13]=0.9819 0.0049   8419.27568  -283374.01461  5:37:14
  41%  0.55 0.27 0.00 0.37 0.31 0.0127 0.0000   13 12 P[13]=0.9822 0.0049   8365  41%  0.55 0.27 0.00 0.37 0.31 0.0128 0.0000   13 12 P[13]=0.9824 0.0049   8399  42%  0.55 0.27 0.00 0.37 0.31 0.0127 0.0000   13 12 P[13]=0.9825 0.0049   8368  42%  0.55 0.27 0.00 0.37 0.31 0.0127 0.0000   13 12 P[13]=0.9827 0.0049   8359  43%  0.55 0.27 0.00 0.37 0.31 0.0127 0.0000   13 12 P[13]=0.9829 0.0049   8283  43%  0.55 0.27 0.00 0.37 0.31 0.0128 0.0000   13 12 P[13]=0.9821 0.0049   8315  44%  0.55 0.27 0.00 0.37 0.31 0.0127 0.0000   13 12 P[13]=0.9823 0.0049   8319  44%  0.55 0.27 0.00 0.37 0.31 0.0127 0.0000   13 12 P[13]=0.9825 0.0049   8354  45%  0.55 0.27 0.00 0.37 0.31 0.0128 0.0000   13 12 P[13]=0.9825 0.0049   8435  45%  0.55 0.27 0.00 0.37 0.31 0.0130 0.0000   14 13 P[13]=0.9825 0.0049   8369.56194  -283372.28985  6:16:24
  46%  0.55 0.27 0.00 0.37 0.31 0.0129 0.0000   13 12 P[13]=0.9826 0.0049   8275  46%  0.55 0.27 0.00 0.37 0.31 0.0129 0.0000   13 12 P[13]=0.9827 0.0049   8404  47%  0.55 0.27 0.00 0.37 0.31 0.0129 0.0000   13 12 P[13]=0.9826 0.0049   8397  47%  0.55 0.27 0.00 0.37 0.31 0.0130 0.0000   13 12 P[13]=0.9827 0.0049   8302  48%  0.55 0.27 0.00 0.37 0.31 0.0130 0.0000   13 12 P[13]=0.9829 0.0049   8303  48%  0.55 0.27 0.00 0.37 0.31 0.0129 0.0000   13 12 P[13]=0.9830 0.0049   8358  49%  0.55 0.27 0.00 0.37 0.31 0.0130 0.0000   13 12 P[13]=0.9831 0.0049   8382  49%  0.55 0.27 0.00 0.37 0.31 0.0130 0.0000   13 12 P[13]=0.9832 0.0049   8442  50%  0.55 0.27 0.00 0.37 0.31 0.0129 0.0000   13 12 P[13]=0.9832 0.0049   8351  50%  0.55 0.27 0.00 0.37 0.31 0.0129 0.0000   13 12 P[13]=0.9834 0.0049   8370.91859  -283371.05106  6:55:38
  51%  0.55 0.27 0.00 0.37 0.31 0.0128 0.0000   13 12 P[13]=0.9835 0.0049   8333  51%  0.55 0.27 0.00 0.37 0.31 0.0127 0.0000   13 12 P[13]=0.9835 0.0049   8335  52%  0.55 0.27 0.00 0.37 0.31 0.0127 0.0000   13 12 P[13]=0.9832 0.0049   8366  52%  0.55 0.27 0.00 0.37 0.31 0.0127 0.0000   13 12 P[13]=0.9801 0.0049   8359  53%  0.55 0.27 0.00 0.37 0.31 0.0128 0.0000   13 12 P[13]=0.9744 0.0049   8362  53%  0.55 0.27 0.00 0.37 0.31 0.0127 0.0000   13 12 P[13]=0.9745 0.0049   8350  54%  0.55 0.27 0.00 0.37 0.31 0.0128 0.0000   13 12 P[13]=0.9746 0.0049   8369  54%  0.55 0.27 0.00 0.37 0.31 0.0127 0.0000   13 12 P[13]=0.9748 0.0049   8436  55%  0.55 0.27 0.00 0.37 0.31 0.0127 0.0000   13 12 P[13]=0.9750 0.0049   8472  55%  0.55 0.27 0.00 0.37 0.31 0.0127 0.0000   14 13 P[13]=0.9750 0.0049   8364.80193  -283369.45707  7:34:58
  56%  0.55 0.27 0.00 0.37 0.31 0.0128 0.0000   13 12 P[13]=0.9730 0.0049   8435  56%  0.55 0.27 0.00 0.37 0.31 0.0127 0.0000   13 12 P[13]=0.9733 0.0049   8356  57%  0.55 0.27 0.00 0.37 0.31 0.0128 0.0000   13 12 P[13]=0.9734 0.0049   8431  57%  0.55 0.27 0.00 0.37 0.31 0.0128 0.0000   13 12 P[13]=0.9734 0.0049   8357  58%  0.55 0.27 0.00 0.37 0.31 0.0127 0.0000   13 12 P[13]=0.9735 0.0049   8371  58%  0.55 0.27 0.00 0.37 0.31 0.0126 0.0000   13 12 P[13]=0.9737 0.0049   8338  59%  0.55 0.27 0.00 0.37 0.31 0.0126 0.0000   13 12 P[13]=0.9735 0.0049   8379  59%  0.55 0.27 0.00 0.37 0.31 0.0125 0.0000   13 12 P[13]=0.9736 0.0049   8300  60%  0.55 0.27 0.00 0.37 0.31 0.0125 0.0000   13 12 P[13]=0.9737 0.0049   8451  60%  0.55 0.27 0.00 0.37 0.31 0.0124 0.0000   13 12 P[13]=0.9738 0.0049   8453.34684  -283368.66730  8:14:17
  61%  0.55 0.27 0.00 0.37 0.31 0.0123 0.0000   13 12 P[13]=0.9729 0.0049   8459  61%  0.55 0.27 0.00 0.37 0.31 0.0123 0.0000   13 12 P[13]=0.9731 0.0049   8402  62%  0.55 0.27 0.00 0.37 0.31 0.0122 0.0000   13 12 P[13]=0.9732 0.0049   8329  62%  0.55 0.27 0.00 0.37 0.31 0.0122 0.0000   13 12 P[13]=0.9734 0.0049   8332  63%  0.55 0.27 0.00 0.37 0.31 0.0122 0.0000   13 12 P[13]=0.9733 0.0049   8286  63%  0.55 0.27 0.00 0.37 0.31 0.0122 0.0000   13 12 P[13]=0.9734 0.0049   8346  64%  0.55 0.27 0.00 0.37 0.31 0.0122 0.0000   13 12 P[13]=0.9734 0.0049   8370  64%  0.55 0.27 0.00 0.37 0.31 0.0122 0.0000   13 12 P[13]=0.9733 0.0049   8327  65%  0.55 0.27 0.00 0.37 0.31 0.0121 0.0000   13 12 P[13]=0.9735 0.0049   8342  65%  0.55 0.27 0.00 0.37 0.31 0.0122 0.0000   13 12 P[13]=0.9736 0.0049   8494.35454  -283368.22921  8:36:35
  66%  0.55 0.27 0.00 0.37 0.31 0.0123 0.0000   14 13 P[13]=0.9689 0.0049   8366  66%  0.55 0.27 0.00 0.37 0.31 0.0125 0.0000   13 12 P[13]=0.9687 0.0049   8420  67%  0.55 0.27 0.00 0.37 0.31 0.0125 0.0000   13 12 P[13]=0.9689 0.0049   8360  67%  0.55 0.27 0.00 0.37 0.31 0.0124 0.0000   13 12 P[13]=0.9690 0.0049   8401  68%  0.55 0.27 0.00 0.37 0.31 0.0123 0.0000   13 12 P[13]=0.9687 0.0049   8401  68%  0.55 0.27 0.00 0.37 0.31 0.0123 0.0000   13 12 P[13]=0.9688 0.0049   8373  69%  0.55 0.27 0.00 0.37 0.31 0.0123 0.0000   13 12 P[13]=0.9690 0.0049   8323  69%  0.55 0.27 0.00 0.37 0.31 0.0123 0.0000   13 12 P[13]=0.9692 0.0049   8331  70%  0.55 0.27 0.00 0.37 0.31 0.0123 0.0000   13 12 P[13]=0.9678 0.0049   8306  70%  0.55 0.27 0.00 0.37 0.31 0.0123 0.0000   13 12 P[13]=0.9680 0.0049   8376.49893  -283366.98765  8:57:27
  71%  0.55 0.27 0.00 0.37 0.31 0.0122 0.0000   13 12 P[13]=0.9681 0.0049   8388  71%  0.55 0.27 0.00 0.37 0.31 0.0122 0.0000   13 12 P[13]=0.9681 0.0049   8338  72%  0.55 0.27 0.00 0.37 0.31 0.0123 0.0000   13 12 P[13]=0.9683 0.0049   8317  72%  0.55 0.27 0.00 0.37 0.31 0.0122 0.0000   13 12 P[13]=0.9683 0.0049   8319  73%  0.55 0.27 0.00 0.37 0.31 0.0122 0.0000   13 12 P[13]=0.9682 0.0049   8335  73%  0.55 0.27 0.00 0.37 0.31 0.0122 0.0000   13 12 P[13]=0.9683 0.0049   8291  74%  0.55 0.27 0.00 0.37 0.31 0.0122 0.0000   13 12 P[13]=0.9684 0.0049   8317  74%  0.55 0.27 0.00 0.37 0.31 0.0121 0.0000   13 12 P[13]=0.9686 0.0049   8375  75%  0.55 0.27 0.00 0.37 0.31 0.0122 0.0000   13 12 P[13]=0.9688 0.0049   8358  75%  0.55 0.27 0.00 0.37 0.31 0.0121 0.0000   13 12 P[13]=0.9690 0.0049   8292.89206  -283365.90672  9:18:24
  76%  0.55 0.27 0.00 0.37 0.31 0.0121 0.0000   13 12 P[13]=0.9689 0.0049   8347  76%  0.55 0.27 0.00 0.37 0.31 0.0121 0.0000   13 12 P[13]=0.9664 0.0049   8365  77%  0.55 0.27 0.00 0.37 0.31 0.0120 0.0000   13 12 P[13]=0.9665 0.0049   8382  77%  0.55 0.27 0.00 0.37 0.31 0.0120 0.0000   13 12 P[13]=0.9664 0.0049   8419  78%  0.55 0.27 0.00 0.37 0.31 0.0121 0.0000   13 12 P[13]=0.9664 0.0049   8319  78%  0.55 0.27 0.00 0.37 0.31 0.0121 0.0000   13 12 P[13]=0.9666 0.0049   8304  79%  0.55 0.27 0.00 0.37 0.31 0.0121 0.0000   13 12 P[13]=0.9668 0.0049   8377  79%  0.55 0.27 0.00 0.37 0.31 0.0120 0.0000   13 12 P[13]=0.9669 0.0049   8326  80%  0.55 0.27 0.00 0.37 0.31 0.0120 0.0000   13 12 P[13]=0.9668 0.0049   8288  80%  0.55 0.27 0.00 0.37 0.31 0.0120 0.0000   13 12 P[13]=0.9669 0.0049   8347.34278  -283364.47105  9:39:21
  81%  0.55 0.27 0.00 0.37 0.31 0.0120 0.0000   13 12 P[13]=0.9671 0.0049   8388  81%  0.55 0.27 0.00 0.37 0.31 0.0120 0.0000   13 12 P[13]=0.9672 0.0049   8341  82%  0.55 0.27 0.00 0.37 0.31 0.0120 0.0000   14 13 P[13]=0.9667 0.0049   8309  82%  0.55 0.27 0.00 0.37 0.31 0.0120 0.0000   13 12 P[13]=0.9627 0.0049   8309  83%  0.55 0.27 0.00 0.37 0.31 0.0120 0.0000   13 12 P[13]=0.9629 0.0049   8237  83%  0.55 0.27 0.00 0.37 0.31 0.0120 0.0000   13 12 P[13]=0.9630 0.0049   8288  84%  0.55 0.27 0.00 0.37 0.31 0.0120 0.0000   13 12 P[13]=0.9632 0.0049   8422  84%  0.55 0.27 0.00 0.37 0.31 0.0120 0.0000   13 12 P[13]=0.9634 0.0049   8312  85%  0.55 0.27 0.00 0.37 0.31 0.0120 0.0000   13 12 P[13]=0.9635 0.0049   8415  85%  0.55 0.27 0.00 0.37 0.31 0.0119 0.0000   13 12 P[13]=0.9637 0.0049   8300.61311  -283363.96074  10:00:12
  86%  0.55 0.27 0.00 0.37 0.31 0.0120 0.0000   13 12 P[13]=0.9639 0.0049   8304  86%  0.55 0.27 0.00 0.37 0.31 0.0120 0.0000   14 13 P[13]=0.9638 0.0049   8384  87%  0.55 0.27 0.00 0.37 0.31 0.0120 0.0000   13 12 P[13]=0.9634 0.0049   8318  87%  0.55 0.27 0.00 0.37 0.31 0.0120 0.0000   13 12 P[13]=0.9636 0.0049   8371  88%  0.55 0.27 0.00 0.37 0.31 0.0119 0.0000   13 12 P[13]=0.9636 0.0049   8286  88%  0.55 0.27 0.00 0.37 0.31 0.0119 0.0000   13 12 P[13]=0.9634 0.0049   8370  89%  0.55 0.27 0.00 0.37 0.31 0.0119 0.0000   13 12 P[13]=0.9635 0.0049   8368  89%  0.55 0.27 0.00 0.37 0.31 0.0119 0.0000   13 12 P[13]=0.9635 0.0049   8414  90%  0.55 0.27 0.00 0.37 0.31 0.0119 0.0000   13 12 P[13]=0.9636 0.0049   8412  90%  0.55 0.27 0.00 0.37 0.31 0.0119 0.0000   13 12 P[13]=0.9638 0.0049   8417.56289  -283363.48567  10:21:01
  91%  0.55 0.27 0.00 0.37 0.31 0.0119 0.0000   13 12 P[13]=0.9640 0.0049   8287  91%  0.55 0.27 0.00 0.37 0.31 0.0120 0.0000   13 12 P[13]=0.9640 0.0049   8331  92%  0.55 0.27 0.00 0.37 0.31 0.0119 0.0000   14 13 P[13]=0.9633 0.0049   8277  92%  0.55 0.27 0.00 0.37 0.31 0.0119 0.0000   13 12 P[13]=0.9628 0.0049   8356  93%  0.55 0.27 0.00 0.37 0.31 0.0119 0.0000   13 12 P[13]=0.9629 0.0049   8357  93%  0.55 0.27 0.00 0.37 0.31 0.0119 0.0000   13 12 P[13]=0.9631 0.0049   8488  94%  0.55 0.27 0.00 0.37 0.31 0.0119 0.0000   13 12 P[13]=0.9633 0.0049   8412  94%  0.55 0.27 0.00 0.37 0.31 0.0120 0.0000   13 12 P[13]=0.9634 0.0049   8390  95%  0.55 0.27 0.00 0.37 0.31 0.0120 0.0000   13 12 P[13]=0.9636 0.0049   8404  95%  0.55 0.27 0.00 0.37 0.31 0.0120 0.0000   13 12 P[13]=0.9636 0.0049   8320.13068  -283363.29187  10:41:50
  96%  0.55 0.27 0.00 0.37 0.31 0.0120 0.0000   13 12 P[13]=0.9638 0.0049   8443  96%  0.55 0.27 0.00 0.37 0.31 0.0120 0.0000   13 12 P[13]=0.9640 0.0049   8419  97%  0.55 0.27 0.00 0.37 0.31 0.0121 0.0000   13 12 P[13]=0.9641 0.0049   8358  97%  0.55 0.27 0.00 0.37 0.31 0.0121 0.0000   13 12 P[13]=0.9639 0.0049   8367  98%  0.55 0.27 0.00 0.37 0.31 0.0121 0.0000   13 12 P[13]=0.9618 0.0049   8368  98%  0.55 0.27 0.00 0.37 0.31 0.0121 0.0000   13 12 P[13]=0.9619 0.0049   8399  99%  0.55 0.27 0.00 0.37 0.31 0.0121 0.0000   13 12 P[13]=0.9619 0.0049   8324  99%  0.55 0.27 0.00 0.37 0.31 0.0121 0.0000   13 12 P[13]=0.9620 0.0049   8308 100%  0.55 0.27 0.00 0.37 0.31 0.0121 0.0000   13 12 P[13]=0.9621 0.0049   8337 100%  0.55 0.27 0.00 0.37 0.31 0.0120 0.0000   13 12 P[13]=0.9623 0.0049   8319.42583  -283363.23029  11:02:42

11:02:42 spent in MCMC


(A) List of best models (count postP #species SpeciesTree)
15082 0.150820 0.150820 13  (P10_amoenaP9_amoena P11_ornata P12_ornata P13_lutea P14_ornata P17_arzae P18_davidii P19_arzae P20_quilapilun P32_arzae P33_ornata P35_lutea P8_amoena)  (((P10_amoenaP9_amoena, P8_amoena), P11_ornata), (((P12_ornata, P13_lutea), ((P14_ornata, P33_ornata), P20_quilapilun)), ((((P17_arzae, P19_arzae), P32_arzae), P18_davidii), P35_lutea)));
12177 0.121770 0.272590 13  (P10_amoenaP9_amoena P11_ornata P12_ornata P13_lutea P14_ornata P17_arzae P18_davidii P19_arzae P20_quilapilun P32_arzae P33_ornata P35_lutea P8_amoena)  (((P10_amoenaP9_amoena, P8_amoena), P11_ornata), (((P12_ornata, P13_lutea), ((P14_ornata, P33_ornata), P20_quilapilun)), ((((P17_arzae, P19_arzae), P18_davidii), P32_arzae), P35_lutea)));
 8102 0.081020 0.353610 13  (P10_amoenaP8_amoena P11_ornata P12_ornata P13_lutea P14_ornata P17_arzae P18_davidii P19_arzae P20_quilapilun P32_arzae P33_ornata P35_lutea P9_amoena)  (((P10_amoenaP8_amoena, P9_amoena), P11_ornata), (((P12_ornata, P13_lutea), ((P14_ornata, P33_ornata), P20_quilapilun)), ((((P17_arzae, P19_arzae), P32_arzae), P18_davidii), P35_lutea)));
 8095 0.080950 0.434560 13  (P10_amoenaP9_amoena P11_ornata P12_ornata P13_lutea P14_ornata P17_arzae P18_davidii P19_arzae P20_quilapilun P32_arzae P33_ornata P35_lutea P8_amoena)  (((P10_amoenaP9_amoena, P8_amoena), P11_ornata), (((P12_ornata, P13_lutea), ((P14_ornata, P33_ornata), P20_quilapilun)), (((P17_arzae, (P19_arzae, P32_arzae)), P18_davidii), P35_lutea)));
 7111 0.071110 0.505670 13  (P10_amoenaP8_amoena P11_ornata P12_ornata P13_lutea P14_ornata P17_arzae P18_davidii P19_arzae P20_quilapilun P32_arzae P33_ornata P35_lutea P9_amoena)  (((P10_amoenaP8_amoena, P9_amoena), P11_ornata), (((P12_ornata, P13_lutea), ((P14_ornata, P33_ornata), P20_quilapilun)), ((((P17_arzae, P19_arzae), P18_davidii), P32_arzae), P35_lutea)));
 5986 0.059860 0.565530 13  (P10_amoena P11_ornata P12_ornata P13_lutea P14_ornata P17_arzae P18_davidii P19_arzae P20_quilapilun P32_arzae P33_ornata P35_lutea P8_amoenaP9_amoena)  (((P10_amoena, P8_amoenaP9_amoena), P11_ornata), (((P12_ornata, P13_lutea), ((P14_ornata, P33_ornata), P20_quilapilun)), ((((P17_arzae, P19_arzae), P32_arzae), P18_davidii), P35_lutea)));
 5048 0.050480 0.616010 13  (P10_amoenaP8_amoena P11_ornata P12_ornata P13_lutea P14_ornata P17_arzae P18_davidii P19_arzae P20_quilapilun P32_arzae P33_ornata P35_lutea P9_amoena)  (((P10_amoenaP8_amoena, P9_amoena), P11_ornata), (((P12_ornata, P13_lutea), ((P14_ornata, P33_ornata), P20_quilapilun)), (((P17_arzae, (P19_arzae, P32_arzae)), P18_davidii), P35_lutea)));
 4859 0.048590 0.664600 13  (P10_amoena P11_ornata P12_ornata P13_lutea P14_ornata P17_arzae P18_davidii P19_arzae P20_quilapilun P32_arzae P33_ornata P35_lutea P8_amoenaP9_amoena)  (((P10_amoena, P8_amoenaP9_amoena), P11_ornata), (((P12_ornata, P13_lutea), ((P14_ornata, P33_ornata), P20_quilapilun)), (((P17_arzae, (P19_arzae, P32_arzae)), P18_davidii), P35_lutea)));
 3876 0.038760 0.703360 13  (P10_amoenaP9_amoena P11_ornata P12_ornata P13_lutea P14_ornata P17_arzae P18_davidii P19_arzae P20_quilapilun P32_arzae P33_ornata P35_lutea P8_amoena)  (((P10_amoenaP9_amoena, P8_amoena), P11_ornata), (((P12_ornata, P13_lutea), ((P14_ornata, P33_ornata), P20_quilapilun)), (((P17_arzae, (P18_davidii, P19_arzae)), P32_arzae), P35_lutea)));
 2930 0.029300 0.732660 13  (P10_amoenaP9_amoena P11_ornata P12_ornata P13_lutea P14_ornata P17_arzae P18_davidii P19_arzae P20_quilapilun P32_arzae P33_ornata P35_lutea P8_amoena)  (((P10_amoenaP9_amoena, P8_amoena), P11_ornata), (((P12_ornata, P13_lutea), ((P14_ornata, P33_ornata), P20_quilapilun)), (((P17_arzae, P19_arzae), (P18_davidii, P32_arzae)), P35_lutea)));
 2905 0.029050 0.761710 13  (P10_amoenaP9_amoena P11_ornata P12_ornata P13_lutea P14_ornata P17_arzae P18_davidii P19_arzae P20_quilapilun P32_arzae P33_ornata P35_lutea P8_amoena)  (((P10_amoenaP9_amoena, P8_amoena), P11_ornata), (((P12_ornata, P13_lutea), ((P14_ornata, P33_ornata), P20_quilapilun)), ((P17_arzae, (P18_davidii, (P19_arzae, P32_arzae))), P35_lutea)));
 2368 0.023680 0.785390 13  (P10_amoenaP9_amoena P11_ornata P12_ornata P13_lutea P14_ornata P17_arzae P18_davidii P19_arzae P20_quilapilun P32_arzae P33_ornata P35_lutea P8_amoena)  (((P10_amoenaP9_amoena, P8_amoena), P11_ornata), (((P12_ornata, P13_lutea), ((P14_ornata, P33_ornata), P20_quilapilun)), ((((P17_arzae, P32_arzae), P19_arzae), P18_davidii), P35_lutea)));
 1435 0.014350 0.799740 13  (P10_amoenaP8_amoena P11_ornata P12_ornata P13_lutea P14_ornata P17_arzae P18_davidii P19_arzae P20_quilapilun P32_arzae P33_ornata P35_lutea P9_amoena)  (((P10_amoenaP8_amoena, P9_amoena), P11_ornata), (((P12_ornata, P13_lutea), ((P14_ornata, P33_ornata), P20_quilapilun)), (((P17_arzae, P18_davidii), (P19_arzae, P32_arzae)), P35_lutea)));
 1428 0.014280 0.814020 13  (P10_amoenaP8_amoena P11_ornata P12_ornata P13_lutea P14_ornata P17_arzae P18_davidii P19_arzae P20_quilapilun P32_arzae P33_ornata P35_lutea P9_amoena)  (((P10_amoenaP8_amoena, P9_amoena), P11_ornata), (((P12_ornata, P13_lutea), ((P14_ornata, P33_ornata), P20_quilapilun)), ((P17_arzae, (P18_davidii, (P19_arzae, P32_arzae))), P35_lutea)));
 1398 0.013980 0.828000 13  (P10_amoenaP8_amoena P11_ornata P12_ornata P13_lutea P14_ornata P17_arzae P18_davidii P19_arzae P20_quilapilun P32_arzae P33_ornata P35_lutea P9_amoena)  (((P10_amoenaP8_amoena, P9_amoena), P11_ornata), (((P12_ornata, P13_lutea), ((P14_ornata, P33_ornata), P20_quilapilun)), ((((P17_arzae, P32_arzae), P19_arzae), P18_davidii), P35_lutea)));
 1370 0.013700 0.841700 13  (P10_amoenaP9_amoena P11_ornata P12_ornata P13_lutea P14_ornata P17_arzae P18_davidii P19_arzae P20_quilapilun P32_arzae P33_ornata P35_lutea P8_amoena)  (((P10_amoenaP9_amoena, P8_amoena), P11_ornata), (((P12_ornata, P13_lutea), ((P14_ornata, P33_ornata), P20_quilapilun)), (((P17_arzae, P18_davidii), (P19_arzae, P32_arzae)), P35_lutea)));
 1357 0.013570 0.855270 13  (P10_amoena P11_ornata P12_ornata P13_lutea P14_ornata P17_arzae P18_davidii P19_arzae P20_quilapilun P32_arzae P33_ornata P35_lutea P8_amoenaP9_amoena)  (((P10_amoena, P8_amoenaP9_amoena), P11_ornata), (((P12_ornata, P13_lutea), ((P14_ornata, P33_ornata), P20_quilapilun)), ((((P17_arzae, P19_arzae), P18_davidii), P32_arzae), P35_lutea)));
 1175 0.011750 0.867020 13  (P10_amoena P11_ornata P12_ornata P13_lutea P14_ornata P17_arzae P18_davidii P19_arzae P20_quilapilun P32_arzae P33_ornata P35_lutea P8_amoenaP9_amoena)  (((P10_amoena, P8_amoenaP9_amoena), P11_ornata), (((P12_ornata, P13_lutea), ((P14_ornata, P33_ornata), P20_quilapilun)), ((((P17_arzae, P32_arzae), P19_arzae), P18_davidii), P35_lutea)));
 1163 0.011630 0.878650 13  (P10_amoenaP9_amoena P11_ornata P12_ornata P13_lutea P14_ornata P17_arzae P18_davidii P19_arzae P20_quilapilun P32_arzae P33_ornata P35_lutea P8_amoena)  (((P10_amoenaP9_amoena, P8_amoena), P11_ornata), (((P12_ornata, P13_lutea), ((P14_ornata, P33_ornata), P20_quilapilun)), ((P17_arzae, ((P18_davidii, P19_arzae), P32_arzae)), P35_lutea)));
 1083 0.010830 0.889480 13  (P10_amoena P11_ornata P12_ornata P13_lutea P14_ornata P17_arzae P18_davidii P19_arzae P20_quilapilun P32_arzae P33_ornata P35_lutea P8_amoenaP9_amoena)  (((P10_amoena, P8_amoenaP9_amoena), P11_ornata), (((P12_ornata, P13_lutea), ((P14_ornata, P33_ornata), P20_quilapilun)), (((P17_arzae, P19_arzae), (P18_davidii, P32_arzae)), P35_lutea)));
 1026 0.010260 0.899740 13  (P10_amoenaP8_amoena P11_ornata P12_ornata P13_lutea P14_ornata P17_arzae P18_davidii P19_arzae P20_quilapilun P32_arzae P33_ornata P35_lutea P9_amoena)  (((P10_amoenaP8_amoena, P9_amoena), P11_ornata), (((P12_ornata, P13_lutea), ((P14_ornata, P33_ornata), P20_quilapilun)), (((P17_arzae, (P18_davidii, P19_arzae)), P32_arzae), P35_lutea)));
 1012 0.010120 0.909860 13  (P10_amoenaP9_amoena P11_ornata P12_ornata P13_lutea P14_ornata P17_arzae P18_davidii P19_arzae P20_quilapilun P32_arzae P33_ornata P35_lutea P8_amoena)  (((P10_amoenaP9_amoena, P8_amoena), P11_ornata), (((P12_ornata, P13_lutea), ((P14_ornata, P33_ornata), P20_quilapilun)), (((P17_arzae, P32_arzae), (P18_davidii, P19_arzae)), P35_lutea)));
  944 0.009440 0.919300 13  (P10_amoenaP8_amoena P11_ornata P12_ornata P13_lutea P14_ornata P17_arzae P18_davidii P19_arzae P20_quilapilun P32_arzae P33_ornata P35_lutea P9_amoena)  (((P10_amoenaP8_amoena, P9_amoena), P11_ornata), (((P12_ornata, P13_lutea), ((P14_ornata, P33_ornata), P20_quilapilun)), (((P17_arzae, P19_arzae), (P18_davidii, P32_arzae)), P35_lutea)));
  823 0.008230 0.927530 13  (P10_amoena P11_ornata P12_ornata P13_lutea P14_ornata P17_arzae P18_davidii P19_arzae P20_quilapilun P32_arzae P33_ornata P35_lutea P8_amoenaP9_amoena)  (((P10_amoena, P8_amoenaP9_amoena), P11_ornata), (((P12_ornata, P13_lutea), ((P14_ornata, P33_ornata), P20_quilapilun)), ((P17_arzae, (P18_davidii, (P19_arzae, P32_arzae))), P35_lutea)));
  778 0.007780 0.935310 14  (P10_amoena P11_ornata P12_ornata P13_lutea P14_ornata P17_arzae P18_davidii P19_arzae P20_quilapilun P32_arzae P33_ornata P35_lutea P8_amoena P9_amoena)  (((P10_amoena, (P8_amoena, P9_amoena)), P11_ornata), (((P12_ornata, P13_lutea), ((P14_ornata, P33_ornata), P20_quilapilun)), ((((P17_arzae, P19_arzae), P32_arzae), P18_davidii), P35_lutea)));
  641 0.006410 0.941720 13  (P10_amoena P11_ornata P12_ornata P13_lutea P14_ornata P17_arzae P18_davidii P19_arzae P20_quilapilun P32_arzae P33_ornata P35_lutea P8_amoenaP9_amoena)  (((P10_amoena, P8_amoenaP9_amoena), P11_ornata), (((P12_ornata, P13_lutea), ((P14_ornata, P33_ornata), P20_quilapilun)), (((P17_arzae, (P18_davidii, P19_arzae)), P32_arzae), P35_lutea)));
  527 0.005270 0.946990 13  (P10_amoenaP8_amoena P11_ornata P12_ornata P13_lutea P14_ornata P17_arzae P18_davidii P19_arzae P20_quilapilun P32_arzae P33_ornata P35_lutea P9_amoena)  (((P10_amoenaP8_amoena, P9_amoena), P11_ornata), (((P12_ornata, P13_lutea), ((P14_ornata, P33_ornata), P20_quilapilun)), ((((P17_arzae, P18_davidii), P19_arzae), P32_arzae), P35_lutea)));
  403 0.004030 0.951020 14  (P10_amoena P11_ornata P12_ornata P13_lutea P14_ornata P17_arzae P18_davidii P19_arzae P20_quilapilun P32_arzae P33_ornata P35_lutea P8_amoena P9_amoena)  ((((P10_amoena, P8_amoena), P9_amoena), P11_ornata), (((P12_ornata, P13_lutea), ((P14_ornata, P33_ornata), P20_quilapilun)), ((((P17_arzae, P19_arzae), P32_arzae), P18_davidii), P35_lutea)));
  382 0.003820 0.954840 13  (P10_amoenaP9_amoena P11_ornata P12_ornata P13_lutea P14_ornata P17_arzae P18_davidii P19_arzae P20_quilapilun P32_arzae P33_ornata P35_lutea P8_amoena)  (((P10_amoenaP9_amoena, P8_amoena), P11_ornata), (((P12_ornata, P13_lutea), ((P14_ornata, P33_ornata), P20_quilapilun)), ((((P17_arzae, P18_davidii), P19_arzae), P32_arzae), P35_lutea)));
  364 0.003640 0.958480 14  (P10_amoena P11_ornata P12_ornata P13_lutea P14_ornata P17_arzae P18_davidii P19_arzae P20_quilapilun P32_arzae P33_ornata P35_lutea P8_amoena P9_amoena)  ((((P10_amoena, P9_amoena), P8_amoena), P11_ornata), (((P12_ornata, P13_lutea), ((P14_ornata, P33_ornata), P20_quilapilun)), ((((P17_arzae, P19_arzae), P32_arzae), P18_davidii), P35_lutea)));
  338 0.003380 0.961860 14  (P10_amoena P11_ornata P12_ornata P13_lutea P14_ornata P17_arzae P18_davidii P19_arzae P20_quilapilun P32_arzae P33_ornata P35_lutea P8_amoena P9_amoena)  ((((P10_amoena, P8_amoena), P9_amoena), P11_ornata), (((P12_ornata, P13_lutea), ((P14_ornata, P33_ornata), P20_quilapilun)), ((((P17_arzae, P19_arzae), P18_davidii), P32_arzae), P35_lutea)));
  328 0.003280 0.965140 13  (P10_amoena P11_ornata P12_ornata P13_lutea P14_ornata P17_arzae P18_davidii P19_arzae P20_quilapilun P32_arzae P33_ornata P35_lutea P8_amoenaP9_amoena)  (((P10_amoena, P8_amoenaP9_amoena), P11_ornata), (((P12_ornata, P13_lutea), ((P14_ornata, P33_ornata), P20_quilapilun)), ((P17_arzae, ((P18_davidii, P19_arzae), P32_arzae)), P35_lutea)));
  321 0.003210 0.968350 14  (P10_amoena P11_ornata P12_ornata P13_lutea P14_ornata P17_arzae P18_davidii P19_arzae P20_quilapilun P32_arzae P33_ornata P35_lutea P8_amoena P9_amoena)  (((P10_amoena, (P8_amoena, P9_amoena)), P11_ornata), (((P12_ornata, P13_lutea), ((P14_ornata, P33_ornata), P20_quilapilun)), ((((P17_arzae, P19_arzae), P18_davidii), P32_arzae), P35_lutea)));
  298 0.002980 0.971330 13  (P10_amoena P11_ornata P12_ornata P13_lutea P14_ornata P17_arzae P18_davidii P19_arzae P20_quilapilun P32_arzae P33_ornata P35_lutea P8_amoenaP9_amoena)  (((P10_amoena, P8_amoenaP9_amoena), P11_ornata), (((P12_ornata, P13_lutea), ((P14_ornata, P33_ornata), P20_quilapilun)), (((P17_arzae, P18_davidii), (P19_arzae, P32_arzae)), P35_lutea)));
  293 0.002930 0.974260 13  (P10_amoenaP9_amoena P11_ornata P12_ornata P13_lutea P14_ornata P17_arzae P18_davidii P19_arzae P20_quilapilun P32_arzae P33_ornata P35_lutea P8_amoena)  (((P10_amoenaP9_amoena, P8_amoena), P11_ornata), (((P12_ornata, P13_lutea), ((P14_ornata, P33_ornata), P20_quilapilun)), ((P17_arzae, ((P18_davidii, P32_arzae), P19_arzae)), P35_lutea)));
  228 0.002280 0.976540 14  (P10_amoena P11_ornata P12_ornata P13_lutea P14_ornata P17_arzae P18_davidii P19_arzae P20_quilapilun P32_arzae P33_ornata P35_lutea P8_amoena P9_amoena)  ((((P10_amoena, P8_amoena), P9_amoena), P11_ornata), (((P12_ornata, P13_lutea), ((P14_ornata, P33_ornata), P20_quilapilun)), (((P17_arzae, (P19_arzae, P32_arzae)), P18_davidii), P35_lutea)));
  203 0.002030 0.978570 14  (P10_amoena P11_ornata P12_ornata P13_lutea P14_ornata P17_arzae P18_davidii P19_arzae P20_quilapilun P32_arzae P33_ornata P35_lutea P8_amoena P9_amoena)  (((P10_amoena, (P8_amoena, P9_amoena)), P11_ornata), (((P12_ornata, P13_lutea), ((P14_ornata, P33_ornata), P20_quilapilun)), (((P17_arzae, (P19_arzae, P32_arzae)), P18_davidii), P35_lutea)));
  201 0.002010 0.980580 14  (P10_amoena P11_ornata P12_ornata P13_lutea P14_ornata P17_arzae P18_davidii P19_arzae P20_quilapilun P32_arzae P33_ornata P35_lutea P8_amoena P9_amoena)  ((((P10_amoena, P8_amoena), P9_amoena), P11_ornata), (((P12_ornata, P13_lutea), ((P14_ornata, P33_ornata), P20_quilapilun)), ((((P17_arzae, P32_arzae), P19_arzae), P18_davidii), P35_lutea)));
  192 0.001920 0.982500 13  (P10_amoena P11_ornata P12_ornata P13_lutea P14_ornata P17_arzae P18_davidii P19_arzae P20_quilapilun P32_arzae P33_ornata P35_lutea P8_amoenaP9_amoena)  (((P10_amoena, P8_amoenaP9_amoena), P11_ornata), (((P12_ornata, P13_lutea), ((P14_ornata, P33_ornata), P20_quilapilun)), ((P17_arzae, ((P18_davidii, P32_arzae), P19_arzae)), P35_lutea)));
  184 0.001840 0.984340 13  (P10_amoena P11_ornata P12_ornata P13_lutea P14_ornata P17_arzae P18_davidii P19_arzae P20_quilapilun P32_arzae P33_ornata P35_lutea P8_amoenaP9_amoena)  (((P10_amoena, P8_amoenaP9_amoena), P11_ornata), (((P12_ornata, P13_lutea), ((P14_ornata, P33_ornata), P20_quilapilun)), (((P17_arzae, P32_arzae), (P18_davidii, P19_arzae)), P35_lutea)));
  183 0.001830 0.986170 14  (P10_amoena P11_ornata P12_ornata P13_lutea P14_ornata P17_arzae P18_davidii P19_arzae P20_quilapilun P32_arzae P33_ornata P35_lutea P8_amoena P9_amoena)  ((((P10_amoena, P9_amoena), P8_amoena), P11_ornata), (((P12_ornata, P13_lutea), ((P14_ornata, P33_ornata), P20_quilapilun)), ((((P17_arzae, P19_arzae), P18_davidii), P32_arzae), P35_lutea)));
  180 0.001800 0.987970 13  (P10_amoenaP8_amoena P11_ornata P12_ornata P13_lutea P14_ornata P17_arzae P18_davidii P19_arzae P20_quilapilun P32_arzae P33_ornata P35_lutea P9_amoena)  (((P10_amoenaP8_amoena, P9_amoena), P11_ornata), (((P12_ornata, P13_lutea), ((P14_ornata, P33_ornata), P20_quilapilun)), ((P17_arzae, ((P18_davidii, P19_arzae), P32_arzae)), P35_lutea)));
  143 0.001430 0.989400 13  (P10_amoena P11_ornata P12_ornata P13_lutea P14_ornata P17_arzae P18_davidii P19_arzae P20_quilapilun P32_arzae P33_ornata P35_lutea P8_amoenaP9_amoena)  (((P10_amoena, P8_amoenaP9_amoena), P11_ornata), (((P12_ornata, P13_lutea), ((P14_ornata, P33_ornata), P20_quilapilun)), ((((P17_arzae, P18_davidii), P19_arzae), P32_arzae), P35_lutea)));
  133 0.001330 0.990730 14  (P10_amoena P11_ornata P12_ornata P13_lutea P14_ornata P17_arzae P18_davidii P19_arzae P20_quilapilun P32_arzae P33_ornata P35_lutea P8_amoena P9_amoena)  ((((P10_amoena, P9_amoena), P8_amoena), P11_ornata), (((P12_ornata, P13_lutea), ((P14_ornata, P33_ornata), P20_quilapilun)), (((P17_arzae, (P19_arzae, P32_arzae)), P18_davidii), P35_lutea)));
  129 0.001290 0.992020 14  (P10_amoena P11_ornata P12_ornata P13_lutea P14_ornata P17_arzae P18_davidii P19_arzae P20_quilapilun P32_arzae P33_ornata P35_lutea P8_amoena P9_amoena)  (((P10_amoena, (P8_amoena, P9_amoena)), P11_ornata), (((P12_ornata, P13_lutea), ((P14_ornata, P33_ornata), P20_quilapilun)), ((P17_arzae, (P18_davidii, (P19_arzae, P32_arzae))), P35_lutea)));
   92 0.000920 0.992940 14  (P10_amoena P11_ornata P12_ornata P13_lutea P14_ornata P17_arzae P18_davidii P19_arzae P20_quilapilun P32_arzae P33_ornata P35_lutea P8_amoena P9_amoena)  ((((P10_amoena, P9_amoena), P8_amoena), P11_ornata), (((P12_ornata, P13_lutea), ((P14_ornata, P33_ornata), P20_quilapilun)), (((P17_arzae, P19_arzae), (P18_davidii, P32_arzae)), P35_lutea)));
   84 0.000840 0.993780 13  (P10_amoenaP9_amoena P11_ornata P12_ornata P13_lutea P14_ornata P17_arzae P18_davidii P19_arzae P20_quilapilun P32_arzae P33_ornata P35_lutea P8_amoena)  (((P10_amoenaP9_amoena, P8_amoena), P11_ornata), (((P12_ornata, P13_lutea), ((P14_ornata, P33_ornata), P20_quilapilun)), ((((P17_arzae, P32_arzae), P18_davidii), P19_arzae), P35_lutea)));
   66 0.000660 0.994440 13  (P10_amoenaP8_amoena P11_ornata P12_ornata P13_lutea P14_ornata P17_arzae P18_davidii P19_arzae P20_quilapilun P32_arzae P33_ornata P35_lutea P9_amoena)  (((P10_amoenaP8_amoena, P9_amoena), P11_ornata), (((P12_ornata, P13_lutea), ((P14_ornata, P33_ornata), P20_quilapilun)), ((P17_arzae, ((P18_davidii, P32_arzae), P19_arzae)), P35_lutea)));
   64 0.000640 0.995080 14  (P10_amoena P11_ornata P12_ornata P13_lutea P14_ornata P17_arzae P18_davidii P19_arzae P20_quilapilun P32_arzae P33_ornata P35_lutea P8_amoena P9_amoena)  (((P10_amoena, (P8_amoena, P9_amoena)), P11_ornata), (((P12_ornata, P13_lutea), ((P14_ornata, P33_ornata), P20_quilapilun)), (((P17_arzae, P19_arzae), (P18_davidii, P32_arzae)), P35_lutea)));
   62 0.000620 0.995700 14  (P10_amoena P11_ornata P12_ornata P13_lutea P14_ornata P17_arzae P18_davidii P19_arzae P20_quilapilun P32_arzae P33_ornata P35_lutea P8_amoena P9_amoena)  (((P10_amoena, (P8_amoena, P9_amoena)), P11_ornata), (((P12_ornata, P13_lutea), ((P14_ornata, P33_ornata), P20_quilapilun)), ((((P17_arzae, P32_arzae), P19_arzae), P18_davidii), P35_lutea)));
   62 0.000620 0.996320 14  (P10_amoena P11_ornata P12_ornata P13_lutea P14_ornata P17_arzae P18_davidii P19_arzae P20_quilapilun P32_arzae P33_ornata P35_lutea P8_amoena P9_amoena)  ((((P10_amoena, P9_amoena), P8_amoena), P11_ornata), (((P12_ornata, P13_lutea), ((P14_ornata, P33_ornata), P20_quilapilun)), ((P17_arzae, (P18_davidii, (P19_arzae, P32_arzae))), P35_lutea)));
   44 0.000440 0.996760 13  (P10_amoenaP8_amoena P11_ornata P12_ornata P13_lutea P14_ornata P17_arzae P18_davidii P19_arzae P20_quilapilun P32_arzae P33_ornata P35_lutea P9_amoena)  (((P10_amoenaP8_amoena, P9_amoena), P11_ornata), (((P12_ornata, P13_lutea), ((P14_ornata, P33_ornata), P20_quilapilun)), ((((P17_arzae, P18_davidii), P32_arzae), P19_arzae), P35_lutea)));
   41 0.000410 0.997170 14  (P10_amoena P11_ornata P12_ornata P13_lutea P14_ornata P17_arzae P18_davidii P19_arzae P20_quilapilun P32_arzae P33_ornata P35_lutea P8_amoena P9_amoena)  ((((P10_amoena, P9_amoena), P8_amoena), P11_ornata), (((P12_ornata, P13_lutea), ((P14_ornata, P33_ornata), P20_quilapilun)), ((((P17_arzae, P32_arzae), P19_arzae), P18_davidii), P35_lutea)));
   35 0.000350 0.997520 14  (P10_amoena P11_ornata P12_ornata P13_lutea P14_ornata P17_arzae P18_davidii P19_arzae P20_quilapilun P32_arzae P33_ornata P35_lutea P8_amoena P9_amoena)  ((((P10_amoena, P8_amoena), P9_amoena), P11_ornata), (((P12_ornata, P13_lutea), ((P14_ornata, P33_ornata), P20_quilapilun)), (((P17_arzae, P19_arzae), (P18_davidii, P32_arzae)), P35_lutea)));
   34 0.000340 0.997860 14  (P10_amoena P11_ornata P12_ornata P13_lutea P14_ornata P17_arzae P18_davidii P19_arzae P20_quilapilun P32_arzae P33_ornata P35_lutea P8_amoena P9_amoena)  ((((P10_amoena, P9_amoena), P8_amoena), P11_ornata), (((P12_ornata, P13_lutea), ((P14_ornata, P33_ornata), P20_quilapilun)), (((P17_arzae, (P18_davidii, P19_arzae)), P32_arzae), P35_lutea)));
   33 0.000330 0.998190 13  (P10_amoenaP8_amoena P11_ornata P12_ornata P13_lutea P14_ornata P17_arzae P18_davidii P19_arzae P20_quilapilun P32_arzae P33_ornata P35_lutea P9_amoena)  (((P10_amoenaP8_amoena, P9_amoena), P11_ornata), (((P12_ornata, P13_lutea), ((P14_ornata, P33_ornata), P20_quilapilun)), ((((P17_arzae, P32_arzae), P18_davidii), P19_arzae), P35_lutea)));
   30 0.000300 0.998490 13  (P10_amoenaP8_amoena P11_ornata P12_ornata P13_lutea P14_ornata P17_arzae P18_davidii P19_arzae P20_quilapilun P32_arzae P33_ornata P35_lutea P9_amoena)  (((P10_amoenaP8_amoena, P9_amoena), P11_ornata), (((P12_ornata, P13_lutea), ((P14_ornata, P33_ornata), P20_quilapilun)), (((P17_arzae, (P18_davidii, P32_arzae)), P19_arzae), P35_lutea)));
   19 0.000190 0.998680 13  (P10_amoenaP8_amoena P11_ornata P12_ornata P13_lutea P14_ornata P17_arzae P18_davidii P19_arzae P20_quilapilun P32_arzae P33_ornata P35_lutea P9_amoena)  (((P10_amoenaP8_amoena, P9_amoena), P11_ornata), (((P12_ornata, P13_lutea), ((P14_ornata, P33_ornata), P20_quilapilun)), (((P17_arzae, P32_arzae), (P18_davidii, P19_arzae)), P35_lutea)));
   17 0.000170 0.998850 14  (P10_amoena P11_ornata P12_ornata P13_lutea P14_ornata P17_arzae P18_davidii P19_arzae P20_quilapilun P32_arzae P33_ornata P35_lutea P8_amoena P9_amoena)  (((P10_amoena, (P8_amoena, P9_amoena)), P11_ornata), (((P12_ornata, P13_lutea), ((P14_ornata, P33_ornata), P20_quilapilun)), (((P17_arzae, P18_davidii), (P19_arzae, P32_arzae)), P35_lutea)));
   16 0.000160 0.999010 14  (P10_amoena P11_ornata P12_ornata P13_lutea P14_ornata P17_arzae P18_davidii P19_arzae P20_quilapilun P32_arzae P33_ornata P35_lutea P8_amoena P9_amoena)  ((((P10_amoena, P8_amoena), P9_amoena), P11_ornata), (((P12_ornata, P13_lutea), ((P14_ornata, P33_ornata), P20_quilapilun)), ((P17_arzae, (P18_davidii, (P19_arzae, P32_arzae))), P35_lutea)));
   16 0.000160 0.999170 14  (P10_amoena P11_ornata P12_ornata P13_lutea P14_ornata P17_arzae P18_davidii P19_arzae P20_quilapilun P32_arzae P33_ornata P35_lutea P8_amoena P9_amoena)  ((((P10_amoena, P9_amoena), P8_amoena), P11_ornata), (((P12_ornata, P13_lutea), ((P14_ornata, P33_ornata), P20_quilapilun)), ((P17_arzae, ((P18_davidii, P19_arzae), P32_arzae)), P35_lutea)));
   15 0.000150 0.999320 14  (P10_amoena P11_ornata P12_ornata P13_lutea P14_ornata P17_arzae P18_davidii P19_arzae P20_quilapilun P32_arzae P33_ornata P35_lutea P8_amoena P9_amoena)  ((((P10_amoena, P8_amoena), P9_amoena), P11_ornata), (((P12_ornata, P13_lutea), ((P14_ornata, P33_ornata), P20_quilapilun)), (((P17_arzae, P18_davidii), (P19_arzae, P32_arzae)), P35_lutea)));
   14 0.000140 0.999460 13  (P10_amoenaP9_amoena P11_ornata P12_ornata P13_lutea P14_ornata P17_arzae P18_davidii P19_arzae P20_quilapilun P32_arzae P33_ornata P35_lutea P8_amoena)  (((P10_amoenaP9_amoena, P8_amoena), P11_ornata), (((P12_ornata, P13_lutea), ((P14_ornata, P33_ornata), P20_quilapilun)), ((((P17_arzae, P18_davidii), P32_arzae), P19_arzae), P35_lutea)));
   12 0.000120 0.999580 14  (P10_amoena P11_ornata P12_ornata P13_lutea P14_ornata P17_arzae P18_davidii P19_arzae P20_quilapilun P32_arzae P33_ornata P35_lutea P8_amoena P9_amoena)  ((((P10_amoena, P9_amoena), P8_amoena), P11_ornata), (((P12_ornata, P13_lutea), ((P14_ornata, P33_ornata), P20_quilapilun)), (((P17_arzae, P32_arzae), (P18_davidii, P19_arzae)), P35_lutea)));
    8 0.000080 0.999660 14  (P10_amoena P11_ornata P12_ornata P13_lutea P14_ornata P17_arzae P18_davidii P19_arzae P20_quilapilun P32_arzae P33_ornata P35_lutea P8_amoena P9_amoena)  ((((P10_amoena, P8_amoena), P9_amoena), P11_ornata), (((P12_ornata, P13_lutea), ((P14_ornata, P33_ornata), P20_quilapilun)), (((P17_arzae, (P18_davidii, P19_arzae)), P32_arzae), P35_lutea)));
    8 0.000080 0.999740 14  (P10_amoena P11_ornata P12_ornata P13_lutea P14_ornata P17_arzae P18_davidii P19_arzae P20_quilapilun P32_arzae P33_ornata P35_lutea P8_amoena P9_amoena)  (((P10_amoena, (P8_amoena, P9_amoena)), P11_ornata), (((P12_ornata, P13_lutea), ((P14_ornata, P33_ornata), P20_quilapilun)), ((((P17_arzae, P18_davidii), P19_arzae), P32_arzae), P35_lutea)));
    8 0.000080 0.999820 14  (P10_amoena P11_ornata P12_ornata P13_lutea P14_ornata P17_arzae P18_davidii P19_arzae P20_quilapilun P32_arzae P33_ornata P35_lutea P8_amoena P9_amoena)  (((P10_amoena, (P8_amoena, P9_amoena)), P11_ornata), (((P12_ornata, P13_lutea), ((P14_ornata, P33_ornata), P20_quilapilun)), (((P17_arzae, (P18_davidii, P19_arzae)), P32_arzae), P35_lutea)));
    6 0.000060 0.999880 13  (P10_amoenaP9_amoena P11_ornata P12_ornata P13_lutea P14_ornata P17_arzae P18_davidii P19_arzae P20_quilapilun P32_arzae P33_ornata P35_lutea P8_amoena)  (((P10_amoenaP9_amoena, P8_amoena), P11_ornata), (((P12_ornata, P13_lutea), ((P14_ornata, P33_ornata), P20_quilapilun)), (((P17_arzae, (P18_davidii, P32_arzae)), P19_arzae), P35_lutea)));
    5 0.000050 0.999930 14  (P10_amoena P11_ornata P12_ornata P13_lutea P14_ornata P17_arzae P18_davidii P19_arzae P20_quilapilun P32_arzae P33_ornata P35_lutea P8_amoena P9_amoena)  (((P10_amoena, (P8_amoena, P9_amoena)), P11_ornata), (((P12_ornata, P13_lutea), ((P14_ornata, P33_ornata), P20_quilapilun)), ((P17_arzae, ((P18_davidii, P19_arzae), P32_arzae)), P35_lutea)));
    3 0.000030 0.999960 14  (P10_amoena P11_ornata P12_ornata P13_lutea P14_ornata P17_arzae P18_davidii P19_arzae P20_quilapilun P32_arzae P33_ornata P35_lutea P8_amoena P9_amoena)  ((((P10_amoena, P9_amoena), P8_amoena), P11_ornata), (((P12_ornata, P13_lutea), ((P14_ornata, P33_ornata), P20_quilapilun)), ((P17_arzae, ((P18_davidii, P32_arzae), P19_arzae)), P35_lutea)));
    2 0.000020 0.999980 14  (P10_amoena P11_ornata P12_ornata P13_lutea P14_ornata P17_arzae P18_davidii P19_arzae P20_quilapilun P32_arzae P33_ornata P35_lutea P8_amoena P9_amoena)  ((((P10_amoena, P9_amoena), P8_amoena), P11_ornata), (((P12_ornata, P13_lutea), ((P14_ornata, P33_ornata), P20_quilapilun)), (((P17_arzae, P18_davidii), (P19_arzae, P32_arzae)), P35_lutea)));
    2 0.000020 1.000000 14  (P10_amoena P11_ornata P12_ornata P13_lutea P14_ornata P17_arzae P18_davidii P19_arzae P20_quilapilun P32_arzae P33_ornata P35_lutea P8_amoena P9_amoena)  ((((P10_amoena, P9_amoena), P8_amoena), P11_ornata), (((P12_ornata, P13_lutea), ((P14_ornata, P33_ornata), P20_quilapilun)), ((((P17_arzae, P18_davidii), P19_arzae), P32_arzae), P35_lutea)));

(B) 4 species delimitations & their posterior probabilities
51757 0.517570  13 (P10_amoenaP9_amoena P11_ornata P12_ornata P13_lutea P14_ornata P17_arzae P18_davidii P19_arzae P20_quilapilun P32_arzae P33_ornata P35_lutea P8_amoena)
27391 0.273910  13 (P10_amoenaP8_amoena P11_ornata P12_ornata P13_lutea P14_ornata P17_arzae P18_davidii P19_arzae P20_quilapilun P32_arzae P33_ornata P35_lutea P9_amoena)
17069 0.170690  13 (P10_amoena P11_ornata P12_ornata P13_lutea P14_ornata P17_arzae P18_davidii P19_arzae P20_quilapilun P32_arzae P33_ornata P35_lutea P8_amoenaP9_amoena)
 3783 0.037830  14 (P10_amoena P11_ornata P12_ornata P13_lutea P14_ornata P17_arzae P18_davidii P19_arzae P20_quilapilun P32_arzae P33_ornata P35_lutea P8_amoena P9_amoena)

(C) 17 delimited species & their posterior probabilities
100000 1.000000 P14_ornata
100000 1.000000 P32_arzae
100000 1.000000 P18_davidii
100000 1.000000 P17_arzae
100000 1.000000 P19_arzae
100000 1.000000 P35_lutea
100000 1.000000 P12_ornata
100000 1.000000 P33_ornata
100000 1.000000 P13_lutea
100000 1.000000 P11_ornata
100000 1.000000 P20_quilapilun
 55540 0.555400 P8_amoena
 51757 0.517570 P10_amoenaP9_amoena
 31174 0.311740 P9_amoena
 27391 0.273910 P10_amoenaP8_amoena
 20852 0.208520 P10_amoena
 17069 0.170690 P8_amoenaP9_amoena

(D) Posterior probability for # of species
P[ 1] = 0.000000  prior[ 1] = 0.013662
P[ 2] = 0.000000  prior[ 2] = 0.013662
P[ 3] = 0.000000  prior[ 3] = 0.019673
P[ 4] = 0.000000  prior[ 4] = 0.030056
P[ 5] = 0.000000  prior[ 5] = 0.045738
P[ 6] = 0.000000  prior[ 6] = 0.067359
P[ 7] = 0.000000  prior[ 7] = 0.094089
P[ 8] = 0.000000  prior[ 8] = 0.122316
P[ 9] = 0.000000  prior[ 9] = 0.144848
P[10] = 0.000000  prior[10] = 0.152001
P[11] = 0.000000  prior[11] = 0.135907
P[12] = 0.000000  prior[12] = 0.097297
P[13] = 0.962170  prior[13] = 0.049730
P[14] = 0.037830  prior[14] = 0.013662

