
================== ASTRAL ===================== 

This is ASTRAL version 5.7.8
Gene trees are treated as unrooted
162 trees read from all_gene_trees.bs10.tre
index0
All output trees will be *arbitrarily* rooted at Placea ornata

======== Running the main analysis
Number of taxa: 159 (29 species)
Taxa: {Placea lutea=[P35i3_Plute, P13i1_Plute, P35i4_Plute, P13i2_Plute, P35i1_Plute], Placea arzae=[P19i1_Parza, P17i2_Parza, P17i5_Parza, P32i2_Parza, P17i4_Parza, P32i1_Parza, P19i5_Parza, P19i2_Parza], Hippeastrum cipoanum=[H_cipoanum_119_cpgenome_annotated_3.0], Placea davidii=[P18i4_Pdavi, P18i1_Pdavi, P18i3_Pdavi, P18i2_Pdavi, P18i5_Pdavi], Phycella chilensis=[P38i1_Pchil, P43i3_Pchil, P28i3_Pchil, P44i1_Pchil, P38i3_Pchil, P42i2_Pchil, P41i5_Pchil, P42i1_Pchil, P43i2_Pchil, P41i3_Pchil, P41i1_Pchil, P44i2_Pchil, P43i5_Pchil, P28i1_Pchil], Placea quilapilun=[P20i3_Pquil, P20i5_Pquil, P20i1_Pquil, P20i2_Pquil], Phycella angustifolia=[P31i5_Pangu, P31i2_Pangu, P15i1_Pangu, P15i2_Pangu, P31i4_Pangu, P15i3_Pangu, P15i5_Pangu], Phycella maulensis=[P46i4_Pmaul, P47i2_Pmaul, P46i2_Pmaul, P47i3_Pmaul, P46i7_Pmaul], Rhodolirium laetum=[Rhodolirium_laetum], Rhodolirion andicola=[OG3I1_Randi, OG3i2_Randi], Zephyranthes tenuiflora=[NG4922i3_Ztenui], Zephyranthes montana=[NG243_Zmont], Griffinia nocturna=[Griffinia_nocturna], Traubia modesta=[Traubia_modesta, OG2i1_Tmode, OG2i3_Tmode, OG2i2_Tmode], Griffinia hyacinthina=[Griffinia_hyacinthina], Phycella fulgens=[P45i2_Pfulg, P45i5_Pfulg, P45i6_Pfulg], Rhodolirium montanum=[Rhodolirium_montanum, OG1i2_Rmont, OG1i4_Rmont, OG1i3_Rmont], Placea ornata=[P14i4_Porna, P14i1_Porna, P12i2_Porna, P11i4_Porna, P33i1_Porna, P11i2_Porna, P14i5_Porna, P14i2_Porna, P33i5_Porna, P12i3_Porna, P11i5_Porna, P33i3_Porna], Zephyranthes mesochloa=[BEL4494_Zmeso], Phycella scarlatina=[P34i3_Pscar, P6i1_Pscar, P34i1_Pscar, P6i4_Pscar, P6i3_Pscar, P6i5_Pscar, P6i2_Pscar, P34i2_Pscar], Phycella cyrtanthoides=[P26i2_Pcyrt, P3i2_Pcyrt, P4i3_Pcyrt, P25i1_Pcyrt, P30i4_Pcyrt, P2i1_Pcyrt, P29i1_Pcyrt, P24i3_Pcyrt, P1i3_Pcyrt, P23i2_Pcyrt, P2i4_Pcyrt, P7i2_Pcyrt, P27i5_Pcyrt, P25i2_Pcyrt, P4i2_Pcyrt, P22i1_Pcyrt, P3i3_Pcyrt, P26i1_Pcyrt, P29i2_Pcyrt, P2i5_Pcyrt, P7i4_Pcyrt, P5i1_Pcyrt, P16i4_Pcyrt, P21i4_Pcyrt, P1i1_Pcyrt, P30i3_Pcyrt, P16i3_Pcyrt, P1i5_Pcyrt, P23i1_Pcyrt, P22i3_Pcyrt, P27i4_Pcyrt, P7i1_Pcyrt, P4i1_Pcyrt, P26i3_Pcyrt, P30i2_Pcyrt, P21i2_Pcyrt, P4i4_Pcyrt, P5i2_Pcyrt, P4i5_Pcyrt, P27i2_Pcyrt, P24i1_Pcyrt, P16i2_Pcyrt, P3i1_Pcyrt, P24i2_Pcyrt], Phycella australis=[P37i2_Paust, P36i4_Paust, P36i1_Paust, P40i3_Paust, P39i3_Paust, P40i4_Paust, P39i4_Paust, P40i5_Paust, P36i5_Paust, P37i4_Paust, P39i1_Paust], Zephyranthes cf. monantha=[NG5471_Zmona], Griffinia rochae=[Griffinia_rochae], Eremolirion laetum=[NG1069_Elaet, NG1022_Elaet], Hippeastrum dutilhianum=[NG4400_Hduti], Zephyranthes cisandina=[NG2811_Zcisa], Placea amoena=[P10i4_Pamoe, P9i2_Pamoe, P9i1_Pamoe, P10i3_Pamoe, P8i3_Pamoe, P8i5_Pamoe, P8i2_Pamoe, P10i5_Pamoe, P9i4_Pamoe], Zephyranthes aff. advena=[NG4932I3_Zadve]}
Taxon occupancy: {P14i4_Porna=162, P26i2_Pcyrt=162, P38i1_Pchil=162, P20i3_Pquil=162, NG4400_Hduti=162, P3i2_Pcyrt=162, P37i2_Paust=162, P4i3_Pcyrt=162, P35i3_Plute=162, P14i1_Porna=162, P36i4_Paust=160, P25i1_Pcyrt=161, P34i3_Pscar=162, P30i4_Pcyrt=160, Traubia_modesta=162, P43i3_Pchil=162, P2i1_Pcyrt=162, P29i1_Pcyrt=162, NG2811_Zcisa=161, P36i1_Paust=162, P24i3_Pcyrt=162, P19i1_Parza=161, P6i1_Pscar=162, P28i3_Pchil=162, P1i3_Pcyrt=162, P13i1_Plute=162, P12i2_Porna=162, P31i5_Pangu=162, P18i4_Pdavi=162, Rhodolirium_laetum=162, P31i2_Pangu=161, P23i2_Pcyrt=162, P11i4_Porna=162, P2i4_Pcyrt=161, P7i2_Pcyrt=162, Griffinia_nocturna=162, P17i2_Parza=162, P27i5_Pcyrt=162, P44i1_Pchil=162, P17i5_Parza=162, P32i2_Parza=162, P40i3_Paust=162, P18i1_Pdavi=162, NG4922i3_Ztenui=160, P10i4_Pamoe=162, P45i2_Pfulg=162, P38i3_Pchil=162, P25i2_Pcyrt=162, P39i3_Paust=162, P15i1_Pangu=162, P18i3_Pdavi=162, P4i2_Pcyrt=162, Rhodolirium_montanum=162, P34i1_Pscar=162, P22i1_Pcyrt=162, P9i2_Pamoe=162, P46i4_Pmaul=162, NG243_Zmont=159, P42i2_Pchil=162, P40i4_Paust=162, P3i3_Pcyrt=162, P47i2_Pmaul=162, P6i4_Pscar=162, BEL4494_Zmeso=162, P29i2_Pcyrt=162, P26i1_Pcyrt=162, P2i5_Pcyrt=162, P33i1_Porna=162, P39i4_Paust=162, P7i4_Pcyrt=162, P18i2_Pdavi=162, P41i5_Pchil=161, Griffinia_hyacinthina=162, P11i2_Porna=162, P10i3_Pamoe=162, P9i1_Pamoe=162, P5i1_Pcyrt=162, P16i4_Pcyrt=162, P40i5_Paust=161, P20i5_Pquil=162, P35i4_Plute=162, P8i3_Pamoe=162, P6i3_Pscar=162, P21i4_Pcyrt=162, P30i3_Pcyrt=162, P1i1_Pcyrt=162, P15i2_Pangu=162, OG3I1_Randi=162, P17i4_Parza=162, P6i5_Pscar=162, P8i5_Pamoe=162, P31i4_Pangu=162, P16i3_Pcyrt=162, NG1069_Elaet=161, OG1i2_Rmont=162, P6i2_Pscar=162, P42i1_Pchil=162, OG2i1_Tmode=162, P1i5_Pcyrt=162, P18i5_Pdavi=162, P23i1_Pcyrt=162, P13i2_Plute=162, P8i2_Pamoe=161, P32i1_Parza=162, P15i3_Pangu=162, P22i3_Pcyrt=162, P43i2_Pchil=162, P27i4_Pcyrt=162, P7i1_Pcyrt=162, P34i2_Pscar=162, P30i2_Pcyrt=162, P14i5_Porna=162, P4i1_Pcyrt=162, P46i2_Pmaul=162, P26i3_Pcyrt=162, P21i2_Pcyrt=162, P4i4_Pcyrt=162, P5i2_Pcyrt=162, P14i2_Porna=162, P19i5_Parza=162, P41i3_Pchil=162, P33i5_Porna=162, P10i5_Pamoe=162, P47i3_Pmaul=162, OG1i4_Rmont=162, P35i1_Plute=162, P20i1_Pquil=162, P36i5_Paust=162, OG2i3_Tmode=162, P4i5_Pcyrt=162, P19i2_Parza=162, P27i2_Pcyrt=162, P41i1_Pchil=162, P24i1_Pcyrt=162, P12i3_Porna=162, P37i4_Paust=161, P44i2_Pchil=162, P16i2_Pcyrt=162, P11i5_Porna=162, P45i5_Pfulg=162, P3i1_Pcyrt=162, H_cipoanum_119_cpgenome_annotated_3.0=162, P15i5_Pangu=162, P46i7_Pmaul=162, P9i4_Pamoe=162, NG4932I3_Zadve=162, P43i5_Pchil=162, OG1i3_Rmont=162, OG2i2_Tmode=162, Griffinia_rochae=160, P33i3_Porna=162, P39i1_Paust=162, P28i1_Pchil=162, P45i6_Pfulg=162, P24i2_Pcyrt=160, NG5471_Zmona=156, NG1022_Elaet=162, OG3i2_Randi=162, P20i2_Pquil=162}
Number of gene trees: 162
12 trees have missing taxa
Calculating quartet distance matrix (for completion of X)
Species tree distances calculated ...
Will attempt to complete bipartitions from X before adding using a distance matrix.
Building set of clusters (X) from gene trees 
In second round sampling 4 rounds will be done
------------------------------
gradient0: 1187
------------------------------
gradient1: 170
------------------------------
gradient2: 52
------------------------------
gradient3: 112
Number of Clusters after addition by distance: 1521
calculating extra bipartitions to be added at level 1 ...
Adding to X using resolutions of greedy consensus ...
Limit for sigma of degrees:775
polytomy size limit : 9
discarded polytomies:  [3, 3, 3, 3, 3, 4, 4, 4, 4, 4, 4, 5, 5, 5, 5, 8, 9]
Threshold 0.0:
Threshold 0.01:
polytomy of size 3; rounds with additions with at least 5 support: 0; clusters: 1521
Threshold 0.02:
polytomy of size 4; rounds with additions with at least 5 support: 0; clusters: 1521
Threshold 0.05:
polytomy of size 5; rounds with additions with at least 5 support: 0; clusters: 1521
Threshold 0.1:
polytomy of size 3; rounds with additions with at least 5 support: 0; clusters: 1521
polytomy of size 3; rounds with additions with at least 5 support: 0; clusters: 1521
polytomy of size 5; rounds with additions with at least 5 support: 0; clusters: 1521
Threshold 0.2:
polytomy of size 4; rounds with additions with at least 5 support: 0; clusters: 1521
polytomy of size 4; rounds with additions with at least 5 support: 0; clusters: 1521
polytomy of size 3; rounds with additions with at least 5 support: 0; clusters: 1521
polytomy of size 4; rounds with additions with at least 5 support: 0; clusters: 1521
polytomy of size 8; rounds with additions with at least 5 support: 0; clusters: 1521
Threshold 0.3333333333333333:
polytomy of size 3; rounds with additions with at least 5 support: 0; clusters: 1521
polytomy of size 5; rounds with additions with at least 5 support: 0; clusters: 1521
polytomy of size 4; rounds with additions with at least 5 support: 0; clusters: 1521
polytomy of size 5; rounds with additions with at least 5 support: 0; clusters: 1521
polytomy of size 4; rounds with additions with at least 5 support: 0; clusters: 1521
polytomy of size 9; rounds with additions with at least 5 support: 0; clusters: 1521
max k is :0
Number of Clusters after addition by greedy: 1521
gradient0 in heuristiic: 1521
calculating extra bipartitions to be added at level 1 ...
Adding to X using resolutions of greedy consensus ...
Limit for sigma of degrees:775
polytomy size limit : 9
discarded polytomies:  [3, 3, 3, 3, 3, 3, 4, 4, 4, 4, 4, 5, 5, 5, 5, 8, 9]
Threshold 0.0:
Threshold 0.01:
polytomy of size 3; rounds with additions with at least 5 support: 0; clusters: 1521
Threshold 0.02:
polytomy of size 4; rounds with additions with at least 5 support: 0; clusters: 1521
Threshold 0.05:
polytomy of size 5; rounds with additions with at least 5 support: 0; clusters: 1521
Threshold 0.1:
polytomy of size 3; rounds with additions with at least 5 support: 0; clusters: 1521
polytomy of size 3; rounds with additions with at least 5 support: 0; clusters: 1521
polytomy of size 5; rounds with additions with at least 5 support: 0; clusters: 1521
Threshold 0.2:
polytomy of size 4; rounds with additions with at least 5 support: 0; clusters: 1521
polytomy of size 4; rounds with additions with at least 5 support: 0; clusters: 1521
polytomy of size 3; rounds with additions with at least 5 support: 0; clusters: 1521
polytomy of size 3; rounds with additions with at least 5 support: 0; clusters: 1521
polytomy of size 8; rounds with additions with at least 5 support: 0; clusters: 1521
Threshold 0.3333333333333333:
polytomy of size 3; rounds with additions with at least 5 support: 0; clusters: 1521
polytomy of size 5; rounds with additions with at least 5 support: 0; clusters: 1521
polytomy of size 4; rounds with additions with at least 5 support: 0; clusters: 1521
polytomy of size 5; rounds with additions with at least 5 support: 0; clusters: 1521
polytomy of size 4; rounds with additions with at least 5 support: 0; clusters: 1521
polytomy of size 9; rounds with additions with at least 5 support: 0; clusters: 1521
max k is :0
Number of Clusters after addition by greedy: 1521
gradient1 in heuristiic: 0
calculating extra bipartitions to be added at level 1 ...
Adding to X using resolutions of greedy consensus ...
Limit for sigma of degrees:775
polytomy size limit : 9
discarded polytomies:  [3, 3, 3, 3, 3, 4, 4, 4, 4, 5, 5, 5, 5, 8, 9]
Threshold 0.0:
Threshold 0.01:
Threshold 0.02:
Threshold 0.05:
polytomy of size 5; rounds with additions with at least 5 support: 0; clusters: 1521
Threshold 0.1:
polytomy of size 3; rounds with additions with at least 5 support: 0; clusters: 1521
polytomy of size 3; rounds with additions with at least 5 support: 0; clusters: 1521
polytomy of size 5; rounds with additions with at least 5 support: 0; clusters: 1521
Threshold 0.2:
polytomy of size 4; rounds with additions with at least 5 support: 0; clusters: 1521
polytomy of size 4; rounds with additions with at least 5 support: 0; clusters: 1521
polytomy of size 3; rounds with additions with at least 5 support: 0; clusters: 1521
polytomy of size 3; rounds with additions with at least 5 support: 0; clusters: 1521
polytomy of size 8; rounds with additions with at least 5 support: 0; clusters: 1523
Threshold 0.3333333333333333:
polytomy of size 3; rounds with additions with at least 5 support: 0; clusters: 1523
polytomy of size 5; rounds with additions with at least 5 support: 0; clusters: 1523
polytomy of size 4; rounds with additions with at least 5 support: 0; clusters: 1523
polytomy of size 5; rounds with additions with at least 5 support: 0; clusters: 1523
polytomy of size 4; rounds with additions with at least 5 support: 0; clusters: 1523
polytomy of size 9; rounds with additions with at least 5 support: 0; clusters: 1523
max k is :0
Number of Clusters after addition by greedy: 1523
gradient2 in heuristiic: 2
calculating extra bipartitions to be added at level 1 ...
Adding to X using resolutions of greedy consensus ...
Limit for sigma of degrees:775
polytomy size limit : 9
discarded polytomies:  [3, 3, 3, 3, 3, 4, 4, 4, 4, 4, 4, 4, 5, 5, 7, 9]
Threshold 0.0:
Threshold 0.01:
Threshold 0.02:
polytomy of size 4; rounds with additions with at least 5 support: 0; clusters: 1523
Threshold 0.05:
polytomy of size 4; rounds with additions with at least 5 support: 0; clusters: 1523
Threshold 0.1:
polytomy of size 3; rounds with additions with at least 5 support: 0; clusters: 1523
polytomy of size 3; rounds with additions with at least 5 support: 0; clusters: 1523
polytomy of size 4; rounds with additions with at least 5 support: 0; clusters: 1523
Threshold 0.2:
polytomy of size 3; rounds with additions with at least 5 support: 0; clusters: 1523
polytomy of size 4; rounds with additions with at least 5 support: 0; clusters: 1523
polytomy of size 4; rounds with additions with at least 5 support: 0; clusters: 1523
polytomy of size 3; rounds with additions with at least 5 support: 0; clusters: 1523
polytomy of size 7; rounds with additions with at least 5 support: 0; clusters: 1523
Threshold 0.3333333333333333:
polytomy of size 3; rounds with additions with at least 5 support: 0; clusters: 1523
polytomy of size 5; rounds with additions with at least 5 support: 0; clusters: 1523
polytomy of size 4; rounds with additions with at least 5 support: 0; clusters: 1523
polytomy of size 5; rounds with additions with at least 5 support: 0; clusters: 1523
polytomy of size 4; rounds with additions with at least 5 support: 0; clusters: 1523
polytomy of size 9; rounds with additions with at least 5 support: 0; clusters: 1523
max k is :0
Number of Clusters after addition by greedy: 1523
gradient3 in heuristiic: 0
partitions formed in 9.996 secs
Dynamic Programming starting after 9.996 secs
Using tree-based weight calculation.
Using polytree-based weight calculation.
Polytree max score: 1187654511
Polytree building time: 0.135 seconds.
Counting unresolvable quartets ... 123920846
Number of quartet trees in the gene trees: 1063733665
Size of largest cluster: 159
Greedy score: 606139227
estimationFactor: 1.9593757640107328
Sub-optimal score: 669405960
Total Number of elements weighted: 4679
Normalized score (portion of input quartet trees satisfied before correcting for multiple individuals): 0.6420531947722083
Optimization score: 682973598
Optimal tree inferred in 12.113 secs.
(Griffinia hyacinthina,((Griffinia nocturna,Griffinia rochae),(((Zephyranthes mesochloa,(Hippeastrum dutilhianum,Hippeastrum cipoanum)),(Zephyranthes tenuiflora,(Zephyranthes cf. monantha,(Zephyranthes montana,(Zephyranthes cisandina,Zephyranthes aff. advena))))),((Traubia modesta,(Rhodolirium laetum,Eremolirion laetum)),((Rhodolirium montanum,Rhodolirion andicola),(((Placea ornata,(Phycella scarlatina,Placea amoena)),(Placea lutea,((Phycella fulgens,Phycella maulensis),(Phycella chilensis,Phycella australis)))),(Phycella cyrtanthoides,(Phycella angustifolia,(Placea davidii,(Placea quilapilun,Placea arzae))))))))));
Final quartet score is: 861841986
Final normalized quartet score is: 0.8102046728021906
Extended species tree:
((P14i4_Porna,P14i1_Porna,P12i2_Porna,P11i4_Porna,P33i1_Porna,P11i2_Porna,P14i5_Porna,P14i2_Porna,P33i5_Porna,P12i3_Porna,P11i5_Porna,P33i3_Porna)0.72:0.11902925992490783,(((P34i3_Pscar,P6i1_Pscar,P34i1_Pscar,P6i4_Pscar,P6i3_Pscar,P6i5_Pscar,P6i2_Pscar,P34i2_Pscar)0.95:0.30892132647010356,(P10i4_Pamoe,P9i2_Pamoe,P9i1_Pamoe,P10i3_Pamoe,P8i3_Pamoe,P8i5_Pamoe,P8i2_Pamoe,P10i5_Pamoe,P9i4_Pamoe)0.61:0.09876974619207264)1:2.1262838250737124,(((P35i3_Plute,P13i1_Plute,P35i4_Plute,P13i2_Plute,P35i1_Plute)1:1.015149045725433,(((P45i2_Pfulg,P45i5_Pfulg,P45i6_Pfulg)1:1.7007935261949605,(P46i4_Pmaul,P47i2_Pmaul,P46i2_Pmaul,P47i3_Pmaul,P46i7_Pmaul)1:0.5424924789800263)0.66:0.12405729319555718,((P38i1_Pchil,P43i3_Pchil,P28i3_Pchil,P44i1_Pchil,P38i3_Pchil,P42i2_Pchil,P41i5_Pchil,P42i1_Pchil,P43i2_Pchil,P41i3_Pchil,P41i1_Pchil,P44i2_Pchil,P43i5_Pchil,P28i1_Pchil)0.69:0.14972757891699293,(P37i2_Paust,P36i4_Paust,P36i1_Paust,P40i3_Paust,P39i3_Paust,P40i4_Paust,P39i4_Paust,P40i5_Paust,P36i5_Paust,P37i4_Paust,P39i1_Paust)0.17:0.0)1:0.8557729012905722)1:2.887191692473997)0.59:0.12149972648649639,(((P26i2_Pcyrt,P3i2_Pcyrt,P4i3_Pcyrt,P25i1_Pcyrt,P30i4_Pcyrt,P2i1_Pcyrt,P29i1_Pcyrt,P24i3_Pcyrt,P1i3_Pcyrt,P23i2_Pcyrt,P2i4_Pcyrt,P7i2_Pcyrt,P27i5_Pcyrt,P25i2_Pcyrt,P4i2_Pcyrt,P22i1_Pcyrt,P3i3_Pcyrt,P26i1_Pcyrt,P29i2_Pcyrt,P2i5_Pcyrt,P7i4_Pcyrt,P5i1_Pcyrt,P16i4_Pcyrt,P21i4_Pcyrt,P1i1_Pcyrt,P30i3_Pcyrt,P16i3_Pcyrt,P1i5_Pcyrt,P23i1_Pcyrt,P22i3_Pcyrt,P27i4_Pcyrt,P7i1_Pcyrt,P4i1_Pcyrt,P26i3_Pcyrt,P30i2_Pcyrt,P21i2_Pcyrt,P4i4_Pcyrt,P5i2_Pcyrt,P4i5_Pcyrt,P27i2_Pcyrt,P24i1_Pcyrt,P16i2_Pcyrt,P3i1_Pcyrt,P24i2_Pcyrt)0.31:0.0,((P31i5_Pangu,P31i2_Pangu,P15i1_Pangu,P15i2_Pangu,P31i4_Pangu,P15i3_Pangu,P15i5_Pangu)0.83:0.17999712235434379,((P18i4_Pdavi,P18i1_Pdavi,P18i3_Pdavi,P18i2_Pdavi,P18i5_Pdavi)1:1.3937115680172525,((P20i3_Pquil,P20i5_Pquil,P20i1_Pquil,P20i2_Pquil)1:0.7942203342573014,(P19i1_Parza,P17i2_Parza,P17i5_Parza,P32i2_Parza,P17i4_Parza,P32i1_Parza,P19i5_Parza,P19i2_Parza)0.55:0.09250803656083435)0.7:0.1993298193830391)1:0.881558683792518)0.94:0.3002291418956161)0.82:0.27585184773444305,(((Rhodolirium_montanum,OG1i2_Rmont,OG1i4_Rmont,OG1i3_Rmont)1:1.3094415696993809,(OG3I1_Randi,OG3i2_Randi)1:1.7531072172625204)1:1.302693385663666,(((Traubia_modesta,OG2i1_Tmode,OG2i3_Tmode,OG2i2_Tmode)1:3.343781900259491,(Rhodolirium_laetum,(NG1069_Elaet,NG1022_Elaet)0:0.0)1:2.382403951288173)0.99:0.278604967803817,(((BEL4494_Zmeso,(NG4400_Hduti,H_cipoanum_119_cpgenome_annotated_3.0)0.51:0.060498610242980616)0.78:0.09441109128083273,(NG4922i3_Ztenui,(NG5471_Zmona,(NG243_Zmont,(NG2811_Zcisa,NG4932I3_Zadve)0.65:0.09021490381957056)0.79:0.10603681779654693)0.99:0.2511331622644659)1:1.333382647383424)1:1.9908519045383943,((Griffinia_nocturna,Griffinia_rochae)0.68:0.06652224166944525,Griffinia_hyacinthina)1:2.5848747726460295)1:1.5366349261586598)1:1.1583281167655097)1:2.6220392968969652)0.87:0.2584140747017163)0.98:0.38824510815427943));
Weight calculation took 7.665942349 secs
ASTRAL finished in 19.08 secs
