
================== ASTRAL ===================== 

This is ASTRAL version 5.7.8
Gene trees are treated as unrooted
162 trees read from all_gene_trees.bs10.tre
index0
All output trees will be *arbitrarily* rooted at P14_Placea ornata

======== Running the main analysis
Number of taxa: 159 (66 species)
Taxa: {P25_Phycella cyrtanthoides=[P25i1_Pcyrt, P25i2_Pcyrt], P8_Placea amoena=[P8i3_Pamoe, P8i5_Pamoe, P8i2_Pamoe], P11_Placea ornata=[P11i4_Porna, P11i2_Porna, P11i5_Porna], P21_Phycella cyrtanthoides=[P21i4_Pcyrt, P21i2_Pcyrt], OG1_Rhodolirium montanum=[OG1i2_Rmont, OG1i4_Rmont, OG1i3_Rmont], P15_Phycella angustifolia=[P15i1_Pangu, P15i2_Pangu, P15i3_Pangu, P15i5_Pangu], P29_Phycella cyrtanthoides=[P29i1_Pcyrt, P29i2_Pcyrt], P34_Phycella scarlatina=[P34i3_Pscar, P34i1_Pscar, P34i2_Pscar], P30_Phycella cyrtanthoides=[P30i4_Pcyrt, P30i3_Pcyrt, P30i2_Pcyrt], Griffinia nocturna=[Griffinia_nocturna], Traubia modesta=[Traubia_modesta], P2_Phycella cyrtanthoides=[P2i1_Pcyrt, P2i4_Pcyrt, P2i5_Pcyrt], P47_Phycella maulensis=[P47i2_Pmaul, P47i3_Pmaul], Griffinia hyacinthina=[Griffinia_hyacinthina], P24_Phycella cyrtanthoides=[P24i3_Pcyrt, P24i1_Pcyrt, P24i2_Pcyrt], P35_Phycella lutea=[P35i3_Plute, P35i4_Plute, P35i1_Plute], Rhodolirium montanum=[Rhodolirium_montanum], P42_Phycella chilensis=[P42i2_Pchil, P42i1_Pchil], OG3_Rhodolirion andicola=[OG3I1_Randi, OG3i2_Randi], P44_Phycella chilensis=[P44i1_Pchil, P44i2_Pchil], P41_Phycella chilensis=[P41i5_Pchil, P41i3_Pchil, P41i1_Pchil], P43_Phycella chilensis=[P43i3_Pchil, P43i2_Pchil, P43i5_Pchil], P38_Phycella chilensis=[P38i1_Pchil, P38i3_Pchil], NG243_Zephyranthes montana=[NG243_Zmont], P14_Placea ornata=[P14i4_Porna, P14i1_Porna, P14i5_Porna, P14i2_Porna], P31_Phycella angustifolia=[P31i5_Pangu, P31i2_Pangu, P31i4_Pangu], P33_Phycella ornata=[P33i1_Porna, P33i5_Porna, P33i3_Porna], Griffinia rochae=[Griffinia_rochae], P1_Phycella cyrtanthoides=[P1i3_Pcyrt, P1i1_Pcyrt, P1i5_Pcyrt], P37_Phycella australis=[P37i2_Paust, P37i4_Paust], P16_Phycella cyrtanthoides=[P16i4_Pcyrt, P16i3_Pcyrt, P16i2_Pcyrt], P39_Phycella australis=[P39i3_Paust, P39i4_Paust, P39i1_Paust], P32_Phycella arzae=[P32i2_Parza, P32i1_Parza], P5_Phycella cyrtanthoides=[P5i1_Pcyrt, P5i2_Pcyrt], NG1022_Eremolirion laetum=[NG1022_Elaet], P36_Phycella australis=[P36i4_Paust, P36i1_Paust, P36i5_Paust], P13_Placea lutea=[P13i1_Plute, P13i2_Plute], P27_Phycella cyrtanthoides=[P27i5_Pcyrt, P27i4_Pcyrt, P27i2_Pcyrt], NG1069_Eremolirion laetum=[NG1069_Elaet], P23_Phycella cyrtanthoides=[P23i2_Pcyrt, P23i1_Pcyrt], BEL4494_Zephyranthes mesochloa=[BEL4494_Zmeso], P40_Phycella australis=[P40i3_Paust, P40i4_Paust, P40i5_Paust], P4_Phycella cyrtanthoides=[P4i3_Pcyrt, P4i2_Pcyrt, P4i1_Pcyrt, P4i4_Pcyrt, P4i5_Pcyrt], NG4400_Hippeastrum dutilhianum=[NG4400_Hduti], OG2_Traubia modesta=[OG2i1_Tmode, OG2i3_Tmode, OG2i2_Tmode], P10_Placea amoena=[P10i4_Pamoe, P10i3_Pamoe, P10i5_Pamoe], Rhodolirium laetum=[Rhodolirium_laetum], NG4922i3_Zephyranthes tenuiflora=[NG4922i3_Ztenui], P28_Phycella chilensis=[P28i3_Pchil, P28i1_Pchil], P46_Phycella maulensis=[P46i4_Pmaul, P46i2_Pmaul, P46i7_Pmaul], P6_Phycella scarlatina=[P6i1_Pscar, P6i4_Pscar, P6i3_Pscar, P6i5_Pscar, P6i2_Pscar], P12_Placea ornata=[P12i2_Porna, P12i3_Porna], P26_Phycella cyrtanthoides=[P26i2_Pcyrt, P26i1_Pcyrt, P26i3_Pcyrt], P45_Phycella fulgens=[P45i2_Pfulg, P45i5_Pfulg, P45i6_Pfulg], P9_Placea amoena=[P9i2_Pamoe, P9i1_Pamoe, P9i4_Pamoe], P22_Phycella cyrtanthoides=[P22i1_Pcyrt, P22i3_Pcyrt], 119_Hippeastrum cipoanum=[H_cipoanum_119_cpgenome_annotated_3.0], P20_Placea quilapilun=[P20i3_Pquil, P20i5_Pquil, P20i1_Pquil, P20i2_Pquil], P18_Placea davidii=[P18i4_Pdavi, P18i1_Pdavi, P18i3_Pdavi, P18i2_Pdavi, P18i5_Pdavi], P17_Placea arzae=[P17i2_Parza, P17i5_Parza, P17i4_Parza], NG5471_Zephyranthes cf. monantha=[NG5471_Zmona], NG4932_Zephyranthes aff. advena=[NG4932I3_Zadve], P19_Placea arzae=[P19i1_Parza, P19i5_Parza, P19i2_Parza], P7_Phycella cyrtanthoides=[P7i2_Pcyrt, P7i4_Pcyrt, P7i1_Pcyrt], NG2811_Zephyranthes cisandina=[NG2811_Zcisa], P3_Phycella cyrtanthoides=[P3i2_Pcyrt, P3i3_Pcyrt, P3i1_Pcyrt]}
Taxon occupancy: {P14i4_Porna=162, P26i2_Pcyrt=162, P38i1_Pchil=162, P20i3_Pquil=162, NG4400_Hduti=162, P3i2_Pcyrt=162, P37i2_Paust=162, P4i3_Pcyrt=162, P35i3_Plute=162, P14i1_Porna=162, P36i4_Paust=160, P25i1_Pcyrt=161, P34i3_Pscar=162, P30i4_Pcyrt=160, Traubia_modesta=162, P43i3_Pchil=162, P2i1_Pcyrt=162, P29i1_Pcyrt=162, NG2811_Zcisa=161, P36i1_Paust=162, P24i3_Pcyrt=162, P19i1_Parza=161, P6i1_Pscar=162, P28i3_Pchil=162, P1i3_Pcyrt=162, P13i1_Plute=162, P12i2_Porna=162, P31i5_Pangu=162, P18i4_Pdavi=162, Rhodolirium_laetum=162, P31i2_Pangu=161, P23i2_Pcyrt=162, P11i4_Porna=162, P2i4_Pcyrt=161, P7i2_Pcyrt=162, Griffinia_nocturna=162, P17i2_Parza=162, P27i5_Pcyrt=162, P44i1_Pchil=162, P17i5_Parza=162, P32i2_Parza=162, P40i3_Paust=162, P18i1_Pdavi=162, NG4922i3_Ztenui=160, P10i4_Pamoe=162, P45i2_Pfulg=162, P38i3_Pchil=162, P25i2_Pcyrt=162, P39i3_Paust=162, P15i1_Pangu=162, P18i3_Pdavi=162, P4i2_Pcyrt=162, Rhodolirium_montanum=162, P34i1_Pscar=162, P22i1_Pcyrt=162, P9i2_Pamoe=162, P46i4_Pmaul=162, NG243_Zmont=159, P42i2_Pchil=162, P40i4_Paust=162, P3i3_Pcyrt=162, P47i2_Pmaul=162, P6i4_Pscar=162, BEL4494_Zmeso=162, P29i2_Pcyrt=162, P26i1_Pcyrt=162, P2i5_Pcyrt=162, P33i1_Porna=162, P39i4_Paust=162, P7i4_Pcyrt=162, P18i2_Pdavi=162, P41i5_Pchil=161, Griffinia_hyacinthina=162, P11i2_Porna=162, P10i3_Pamoe=162, P9i1_Pamoe=162, P5i1_Pcyrt=162, P16i4_Pcyrt=162, P40i5_Paust=161, P20i5_Pquil=162, P35i4_Plute=162, P8i3_Pamoe=162, P6i3_Pscar=162, P21i4_Pcyrt=162, P30i3_Pcyrt=162, P1i1_Pcyrt=162, P15i2_Pangu=162, OG3I1_Randi=162, P17i4_Parza=162, P6i5_Pscar=162, P8i5_Pamoe=162, P31i4_Pangu=162, P16i3_Pcyrt=162, NG1069_Elaet=161, OG1i2_Rmont=162, P6i2_Pscar=162, P42i1_Pchil=162, OG2i1_Tmode=162, P1i5_Pcyrt=162, P18i5_Pdavi=162, P23i1_Pcyrt=162, P13i2_Plute=162, P8i2_Pamoe=161, P32i1_Parza=162, P15i3_Pangu=162, P22i3_Pcyrt=162, P43i2_Pchil=162, P27i4_Pcyrt=162, P7i1_Pcyrt=162, P34i2_Pscar=162, P30i2_Pcyrt=162, P14i5_Porna=162, P4i1_Pcyrt=162, P46i2_Pmaul=162, P26i3_Pcyrt=162, P21i2_Pcyrt=162, P4i4_Pcyrt=162, P5i2_Pcyrt=162, P14i2_Porna=162, P19i5_Parza=162, P41i3_Pchil=162, P33i5_Porna=162, P10i5_Pamoe=162, P47i3_Pmaul=162, OG1i4_Rmont=162, P35i1_Plute=162, P20i1_Pquil=162, P36i5_Paust=162, OG2i3_Tmode=162, P4i5_Pcyrt=162, P19i2_Parza=162, P27i2_Pcyrt=162, P41i1_Pchil=162, P24i1_Pcyrt=162, P12i3_Porna=162, P37i4_Paust=161, P44i2_Pchil=162, P16i2_Pcyrt=162, P11i5_Porna=162, P45i5_Pfulg=162, P3i1_Pcyrt=162, H_cipoanum_119_cpgenome_annotated_3.0=162, P15i5_Pangu=162, P46i7_Pmaul=162, P9i4_Pamoe=162, NG4932I3_Zadve=162, P43i5_Pchil=162, OG1i3_Rmont=162, OG2i2_Tmode=162, Griffinia_rochae=160, P33i3_Porna=162, P39i1_Paust=162, P28i1_Pchil=162, P45i6_Pfulg=162, P24i2_Pcyrt=160, NG5471_Zmona=156, NG1022_Elaet=162, OG3i2_Randi=162, P20i2_Pquil=162}
Number of gene trees: 162
12 trees have missing taxa
Calculating quartet distance matrix (for completion of X)
Species tree distances calculated ...
Will attempt to complete bipartitions from X before adding using a distance matrix.
Building set of clusters (X) from gene trees 
In second round sampling 3 rounds will be done
------------------------------
gradient0: 4111
------------------------------
gradient1: 766
------------------------------
gradient2: 514
Number of Clusters after addition by distance: 5391
calculating extra bipartitions to be added at level 1 ...
Adding to X using resolutions of greedy consensus ...
Limit for sigma of degrees:1700
polytomy size limit : 47
discarded polytomies:  [3, 3, 3, 3, 3, 3, 4, 4, 4, 4, 4, 4, 4, 5, 5, 5, 5, 6, 6, 6, 6, 7, 10, 11, 12, 12, 13, 23, 47]
Threshold 0.0:
polytomy of size 3; rounds with additions with at least 5 support: 0; clusters: 5391
Threshold 0.01:
polytomy of size 4; rounds with additions with at least 5 support: 1; clusters: 5397
Threshold 0.02:
polytomy of size 3; rounds with additions with at least 5 support: 0; clusters: 5397
polytomy of size 5; rounds with additions with at least 5 support: 0; clusters: 5411
polytomy of size 3; rounds with additions with at least 5 support: 0; clusters: 5411
polytomy of size 4; rounds with additions with at least 5 support: 0; clusters: 5411
Threshold 0.05:
polytomy of size 10; rounds with additions with at least 5 support: 0; clusters: 5411
polytomy of size 7; rounds with additions with at least 5 support: 0; clusters: 5411
polytomy of size 4; rounds with additions with at least 5 support: 0; clusters: 5411
polytomy of size 4; rounds with additions with at least 5 support: 0; clusters: 5411
polytomy of size 6; rounds with additions with at least 5 support: 0; clusters: 5411
Threshold 0.1:
polytomy of size 12; rounds with additions with at least 5 support: 0; clusters: 5411
polytomy of size 5; rounds with additions with at least 5 support: 0; clusters: 5411
polytomy of size 5; rounds with additions with at least 5 support: 0; clusters: 5411
polytomy of size 3; rounds with additions with at least 5 support: 0; clusters: 5411
polytomy of size 11; rounds with additions with at least 5 support: 0; clusters: 5411
polytomy of size 12; rounds with additions with at least 5 support: 0; clusters: 5411
Threshold 0.2:
polytomy of size 13; rounds with additions with at least 5 support: 0; clusters: 5411
polytomy of size 6; rounds with additions with at least 5 support: 0; clusters: 5411
polytomy of size 6; rounds with additions with at least 5 support: 0; clusters: 5411
polytomy of size 4; rounds with additions with at least 5 support: 0; clusters: 5411
polytomy of size 4; rounds with additions with at least 5 support: 0; clusters: 5411
polytomy of size 3; rounds with additions with at least 5 support: 0; clusters: 5411
polytomy of size 23; rounds with additions with at least 5 support: 0; clusters: 5411
Threshold 0.3333333333333333:
polytomy of size 3; rounds with additions with at least 5 support: 0; clusters: 5411
polytomy of size 5; rounds with additions with at least 5 support: 0; clusters: 5411
polytomy of size 4; rounds with additions with at least 5 support: 0; clusters: 5411
polytomy of size 6; rounds with additions with at least 5 support: 0; clusters: 5411
polytomy of size 47; rounds with additions with at least 5 support: 0; clusters: 5411
max k is :2
Number of Clusters after addition by greedy: 5411
gradient0 in heuristiic: 5411
calculating extra bipartitions to be added at level 1 ...
Adding to X using resolutions of greedy consensus ...
Limit for sigma of degrees:1700
polytomy size limit : 47
discarded polytomies:  [3, 3, 3, 3, 3, 3, 3, 3, 4, 4, 4, 4, 4, 4, 4, 5, 5, 5, 5, 6, 6, 6, 6, 7, 10, 11, 12, 12, 13, 23, 47]
Threshold 0.0:
polytomy of size 3; rounds with additions with at least 5 support: 0; clusters: 5411
Threshold 0.01:
polytomy of size 4; rounds with additions with at least 5 support: 0; clusters: 5411
Threshold 0.02:
polytomy of size 5; rounds with additions with at least 5 support: 0; clusters: 5413
polytomy of size 3; rounds with additions with at least 5 support: 0; clusters: 5413
polytomy of size 4; rounds with additions with at least 5 support: 0; clusters: 5413
Threshold 0.05:
polytomy of size 10; rounds with additions with at least 5 support: 0; clusters: 5415
polytomy of size 3; rounds with additions with at least 5 support: 0; clusters: 5415
polytomy of size 7; rounds with additions with at least 5 support: 0; clusters: 5415
polytomy of size 3; rounds with additions with at least 5 support: 0; clusters: 5415
polytomy of size 4; rounds with additions with at least 5 support: 0; clusters: 5415
polytomy of size 3; rounds with additions with at least 5 support: 0; clusters: 5415
polytomy of size 6; rounds with additions with at least 5 support: 0; clusters: 5417
polytomy of size 4; rounds with additions with at least 5 support: 0; clusters: 5417
Threshold 0.1:
polytomy of size 12; rounds with additions with at least 5 support: 0; clusters: 5417
polytomy of size 5; rounds with additions with at least 5 support: 0; clusters: 5417
polytomy of size 5; rounds with additions with at least 5 support: 0; clusters: 5417
polytomy of size 3; rounds with additions with at least 5 support: 0; clusters: 5417
polytomy of size 11; rounds with additions with at least 5 support: 0; clusters: 5417
polytomy of size 12; rounds with additions with at least 5 support: 0; clusters: 5417
Threshold 0.2:
polytomy of size 13; rounds with additions with at least 5 support: 0; clusters: 5417
polytomy of size 6; rounds with additions with at least 5 support: 0; clusters: 5417
polytomy of size 6; rounds with additions with at least 5 support: 0; clusters: 5417
polytomy of size 4; rounds with additions with at least 5 support: 0; clusters: 5417
polytomy of size 4; rounds with additions with at least 5 support: 0; clusters: 5417
polytomy of size 3; rounds with additions with at least 5 support: 0; clusters: 5417
polytomy of size 23; rounds with additions with at least 5 support: 0; clusters: 5417
Threshold 0.3333333333333333:
polytomy of size 3; rounds with additions with at least 5 support: 0; clusters: 5417
polytomy of size 5; rounds with additions with at least 5 support: 0; clusters: 5417
polytomy of size 4; rounds with additions with at least 5 support: 0; clusters: 5417
polytomy of size 6; rounds with additions with at least 5 support: 0; clusters: 5417
polytomy of size 47; rounds with additions with at least 5 support: 0; clusters: 5417
max k is :0
Number of Clusters after addition by greedy: 5417
gradient1 in heuristiic: 6
calculating extra bipartitions to be added at level 1 ...
Adding to X using resolutions of greedy consensus ...
Limit for sigma of degrees:1700
polytomy size limit : 47
discarded polytomies:  [3, 3, 3, 3, 3, 3, 3, 3, 3, 4, 4, 4, 4, 5, 5, 5, 5, 5, 6, 6, 6, 6, 7, 9, 11, 12, 12, 13, 23, 47]
Threshold 0.0:
polytomy of size 3; rounds with additions with at least 5 support: 0; clusters: 5417
Threshold 0.01:
polytomy of size 5; rounds with additions with at least 5 support: 0; clusters: 5417
Threshold 0.02:
polytomy of size 5; rounds with additions with at least 5 support: 0; clusters: 5417
polytomy of size 3; rounds with additions with at least 5 support: 0; clusters: 5417
polytomy of size 4; rounds with additions with at least 5 support: 0; clusters: 5417
Threshold 0.05:
polytomy of size 9; rounds with additions with at least 5 support: 0; clusters: 5417
polytomy of size 3; rounds with additions with at least 5 support: 0; clusters: 5417
polytomy of size 7; rounds with additions with at least 5 support: 0; clusters: 5417
polytomy of size 3; rounds with additions with at least 5 support: 0; clusters: 5417
polytomy of size 3; rounds with additions with at least 5 support: 0; clusters: 5417
polytomy of size 6; rounds with additions with at least 5 support: 0; clusters: 5417
polytomy of size 3; rounds with additions with at least 5 support: 0; clusters: 5417
Threshold 0.1:
polytomy of size 12; rounds with additions with at least 5 support: 0; clusters: 5417
polytomy of size 5; rounds with additions with at least 5 support: 0; clusters: 5417
polytomy of size 5; rounds with additions with at least 5 support: 0; clusters: 5417
polytomy of size 3; rounds with additions with at least 5 support: 0; clusters: 5417
polytomy of size 11; rounds with additions with at least 5 support: 0; clusters: 5417
polytomy of size 12; rounds with additions with at least 5 support: 0; clusters: 5417
Threshold 0.2:
polytomy of size 13; rounds with additions with at least 5 support: 0; clusters: 5417
polytomy of size 6; rounds with additions with at least 5 support: 0; clusters: 5417
polytomy of size 6; rounds with additions with at least 5 support: 0; clusters: 5417
polytomy of size 4; rounds with additions with at least 5 support: 0; clusters: 5417
polytomy of size 4; rounds with additions with at least 5 support: 0; clusters: 5417
polytomy of size 3; rounds with additions with at least 5 support: 0; clusters: 5417
polytomy of size 23; rounds with additions with at least 5 support: 0; clusters: 5417
Threshold 0.3333333333333333:
polytomy of size 3; rounds with additions with at least 5 support: 0; clusters: 5417
polytomy of size 5; rounds with additions with at least 5 support: 0; clusters: 5417
polytomy of size 4; rounds with additions with at least 5 support: 0; clusters: 5417
polytomy of size 6; rounds with additions with at least 5 support: 0; clusters: 5417
polytomy of size 47; rounds with additions with at least 5 support: 0; clusters: 5417
max k is :0
Number of Clusters after addition by greedy: 5417
gradient2 in heuristiic: 0
partitions formed in 9.31 secs
Dynamic Programming starting after 9.31 secs
Using tree-based weight calculation.
Using polytree-based weight calculation.
Polytree max score: 1187654511
Polytree building time: 0.127 seconds.
Counting unresolvable quartets ... 275035
Number of quartet trees in the gene trees: 1187379476
Size of largest cluster: 159
Greedy score: 994907052
estimationFactor: 1.19373413688498
Sub-optimal score: 1036159585
Total Number of elements weighted: 14142
Normalized score (portion of input quartet trees satisfied before correcting for multiple individuals): 0.8810493882917679
Optimization score: 1046139961
Optimal tree inferred in 14.853 secs.
(NG4932_Zephyranthes aff. advena,(NG2811_Zephyranthes cisandina,(NG243_Zephyranthes montana,(NG5471_Zephyranthes cf. monantha,(NG4922i3_Zephyranthes tenuiflora,((BEL4494_Zephyranthes mesochloa,(NG4400_Hippeastrum dutilhianum,119_Hippeastrum cipoanum)),((Griffinia hyacinthina,(Griffinia nocturna,Griffinia rochae)),(((NG1069_Eremolirion laetum,(Rhodolirium laetum,NG1022_Eremolirion laetum)),(Traubia modesta,OG2_Traubia modesta)),((OG3_Rhodolirion andicola,(Rhodolirium montanum,OG1_Rhodolirium montanum)),((P22_Phycella cyrtanthoides,(P24_Phycella cyrtanthoides,(P26_Phycella cyrtanthoides,(P25_Phycella cyrtanthoides,(P23_Phycella cyrtanthoides,P7_Phycella cyrtanthoides))))),((P12_Placea ornata,P13_Placea lutea),((P11_Placea ornata,(P10_Placea amoena,(P34_Phycella scarlatina,(P8_Placea amoena,(P6_Phycella scarlatina,P9_Placea amoena))))),((P47_Phycella maulensis,((P45_Phycella fulgens,P46_Phycella maulensis),(P36_Phycella australis,((P44_Phycella chilensis,P39_Phycella australis),((P42_Phycella chilensis,(P37_Phycella australis,(P38_Phycella chilensis,P28_Phycella chilensis))),(P43_Phycella chilensis,(P40_Phycella australis,P41_Phycella chilensis))))))),(P35_Phycella lutea,(P27_Phycella cyrtanthoides,((P21_Phycella cyrtanthoides,(P29_Phycella cyrtanthoides,(P15_Phycella angustifolia,(P14_Placea ornata,(P2_Phycella cyrtanthoides,P33_Phycella ornata))))),((P20_Placea quilapilun,(P31_Phycella angustifolia,(P30_Phycella cyrtanthoides,P32_Phycella arzae))),((P18_Placea davidii,(P3_Phycella cyrtanthoides,P4_Phycella cyrtanthoides)),((P17_Placea arzae,P16_Phycella cyrtanthoides),(P19_Placea arzae,(P1_Phycella cyrtanthoides,P5_Phycella cyrtanthoides)))))))))))))))))))));
Final quartet score is: 1095031608
Final normalized quartet score is: 0.9222254806769121
Extended species tree:
((P14i4_Porna,P14i1_Porna,P14i5_Porna,P14i2_Porna)1:2.2226476498536187,(((P2i1_Pcyrt,P2i4_Pcyrt,P2i5_Pcyrt)0.89:0.2800012597777521,(P33i1_Porna,P33i5_Porna,P33i3_Porna)0.49:0.057440415413973475)0.54:0.11679053012436856,((P15i1_Pangu,P15i2_Pangu,P15i3_Pangu,P15i5_Pangu)1:2.069416322716154,((P29i1_Pcyrt,P29i2_Pcyrt)1:0.9400359884612998,((P21i4_Pcyrt,P21i2_Pcyrt)1:2.5296685227747604,((((P20i3_Pquil,P20i5_Pquil,P20i1_Pquil,P20i2_Pquil)0.98:0.4746508164738805,((P31i5_Pangu,P31i2_Pangu,P31i4_Pangu)0.13:0.0,((P30i4_Pcyrt,P30i3_Pcyrt,P30i2_Pcyrt)0.86:0.2731068766367476,(P32i2_Parza,P32i1_Parza)1:0.9462241700621267)0.55:0.15494294819450832)0.48:0.05988037759784577)0.96:0.4588750401627036,(((P18i4_Pdavi,P18i1_Pdavi,P18i3_Pdavi,P18i2_Pdavi,P18i5_Pdavi)1:1.239669891341251,((P3i2_Pcyrt,P3i3_Pcyrt,P3i1_Pcyrt)1:1.2907116194479826,(P4i3_Pcyrt,P4i2_Pcyrt,P4i1_Pcyrt,P4i4_Pcyrt,P4i5_Pcyrt)0.13:0.0)1:1.5739242278740149)0.66:0.18806969420225586,(((P17i2_Parza,P17i5_Parza,P17i4_Parza)0.33:0.0,(P16i4_Pcyrt,P16i3_Pcyrt,P16i2_Pcyrt)1:1.9948846589960914)0.99:0.6185555341034544,((P19i1_Parza,P19i5_Parza,P19i2_Parza)1:1.3767805278288057,((P1i3_Pcyrt,P1i1_Pcyrt,P1i5_Pcyrt)1:2.650255844157405,(P5i1_Pcyrt,P5i2_Pcyrt)0.98:0.5083840711081341)0.5:0.08345004459845029)0.43:0.026542722389509183)0.46:0.06697326604326245)0.5:0.09090061197928644)1:1.736931646922568,((P27i5_Pcyrt,P27i4_Pcyrt,P27i2_Pcyrt)1:2.2597640676129975,((P35i3_Plute,P35i4_Plute,P35i1_Plute)1:3.522038637872607,(((P47i2_Pmaul,P47i3_Pmaul)1:1.7357228086901355,(((P45i2_Pfulg,P45i5_Pfulg,P45i6_Pfulg)1:1.6508958543499939,(P46i4_Pmaul,P46i2_Pmaul,P46i7_Pmaul)1:1.5838773941279967)0.91:0.275175894124811,((P36i4_Paust,P36i1_Paust,P36i5_Paust)0.52:0.05999576929658006,(((P44i1_Pchil,P44i2_Pchil)0.99:0.44418414879999596,(P39i3_Paust,P39i4_Paust,P39i1_Paust)0.94:0.3453668238916515)1:1.1788921459825696,(((P42i2_Pchil,P42i1_Pchil)1:0.7456385682466369,((P37i2_Paust,P37i4_Paust)0.21:0.0,((P38i1_Pchil,P38i3_Pchil)0.95:0.43311205758873284,(P28i3_Pchil,P28i1_Pchil)1:1.0794545432997869)0.48:0.10326271774839917)0.88:0.2931207159403074)0.67:0.1502594580718429,((P43i3_Pchil,P43i2_Pchil,P43i5_Pchil)0.46:0.0395587165056479,((P40i3_Paust,P40i4_Paust,P40i5_Paust)0.69:0.17420139185694056,(P41i5_Pchil,P41i3_Pchil,P41i1_Pchil)0.16:0.0)0.79:0.24032415760896758)0.94:0.3523573015249915)0.52:0.0782522571084277)0.97:0.39979616284650754)0.99:0.4286952274483968)0.6:0.09705107691135215)1:2.6595592520267095,(((P11i4_Porna,P11i2_Porna,P11i5_Porna)1:1.5161258189403097,((P10i4_Pamoe,P10i3_Pamoe,P10i5_Pamoe)1:2.1979035404668563,((P34i3_Pscar,P34i1_Pscar,P34i2_Pscar)0.29:0.0,((P8i3_Pamoe,P8i5_Pamoe,P8i2_Pamoe)1:0.7418100340013376,((P6i1_Pscar,P6i4_Pscar,P6i3_Pscar,P6i5_Pscar,P6i2_Pscar)1:1.4697604184233342,(P9i2_Pamoe,P9i1_Pamoe,P9i4_Pamoe)0.3:0.0)0.56:0.08464926215327737)0.5:0.06480049225561323)0.89:0.2601680708015382)1:0.5801842110839253)1:2.626002368757819,(((P12i2_Porna,P12i3_Porna)1:0.7851997667481718,(P13i1_Plute,P13i2_Plute)1:0.5210076595511659)1:2.9056304945376614,(((P22i1_Pcyrt,P22i3_Pcyrt)1:1.040422396448104,((P24i3_Pcyrt,P24i1_Pcyrt,P24i2_Pcyrt)0.3:0.0,((P26i2_Pcyrt,P26i1_Pcyrt,P26i3_Pcyrt)0.16:0.0,((P25i1_Pcyrt,P25i2_Pcyrt)0.25:0.0,((P23i2_Pcyrt,P23i1_Pcyrt)0.68:0.1441428749588362,(P7i2_Pcyrt,P7i4_Pcyrt,P7i1_Pcyrt)0.96:0.38676969310654025)0.98:0.4084582937307798)0.42:0.032109881863865854)0.95:0.2873896786569295)0.99:0.3725295929136977)1:1.9828609032625637,(((OG3I1_Randi,OG3i2_Randi)1:1.7531072172625204,(Rhodolirium_montanum,(OG1i2_Rmont,OG1i4_Rmont,OG1i3_Rmont)1:0.33069700955205933)1:1.0346847390293854)1:1.302693385663666,(((NG1069_Elaet,(Rhodolirium_laetum,NG1022_Elaet)1:0.9754852189174548)1:1.9268040048801658,(Traubia_modesta,(OG2i1_Tmode,OG2i3_Tmode,OG2i2_Tmode)0.63:0.06237356231125324)1:3.050626791730473)0.99:0.27860496780381744,((Griffinia_hyacinthina,(Griffinia_nocturna,Griffinia_rochae)0.68:0.06652224166944525)1:2.5848747726460295,((BEL4494_Zmeso,(NG4400_Hduti,H_cipoanum_119_cpgenome_annotated_3.0)0.51:0.060498610242980616)0.78:0.09441109128083273,(NG4922i3_Ztenui,(NG5471_Zmona,(NG243_Zmont,(NG2811_Zcisa,NG4932I3_Zadve)0.65:0.09021490381957056)0.79:0.10603681779654693)0.99:0.2511331622644659)1:1.333382647383424)1:1.9908519045383943)1:1.5366349261586598)1:1.1583281167655097)1:1.590257091988728)1:1.8619424681601036)0.59:0.12131313456711457)0.63:0.14322435450235937)0.48:0.11816645280902732)0.43:0.03280808328204977)0.99:0.5120499116610051)1:0.5642283616057808)1:0.8471230923841344)1:0.7152720072802642)0.6:0.1264802165680538));
Weight calculation took 5.235910492 secs
ASTRAL finished in 15.885 secs
