bpp v4.2.9_osx_x86_64, 8GB RAM, 8 cores
https://github.com/bpp/bpp

Detected CPU features: mmx sse sse2 sse3 ssse3 sse4.1 sse4.2 popcnt avx avx2
Auto-selected SIMD ISA: AVX2


Starting timer..
Using seed: -1
Parsing species tree... Done
Parsing phylip file... Done

 Locus | Model | Sequences | Length | Ambiguous sites | Compressed | Base freqs 
-------+-------+-----------+--------+-----------------+------------+------------
     1 |  JC69 |        43 |   2116 |             640 |        194 |      Fixed 
     2 |  JC69 |        43 |   1770 |             625 |        184 |      Fixed 
     3 |  JC69 |        43 |   1794 |             386 |        140 |      Fixed 
     4 |  JC69 |        43 |   2561 |             814 |        249 |      Fixed 
     5 |  JC69 |        43 |   2504 |             802 |        292 |      Fixed 
     6 |  JC69 |        43 |   2499 |            1186 |        266 |      Fixed 
     7 |  JC69 |        43 |   1655 |             848 |        212 |      Fixed 
     8 |  JC69 |        43 |   1897 |             532 |        172 |      Fixed 
     9 |  JC69 |        43 |   3200 |             643 |        210 |      Fixed 
    10 |  JC69 |        43 |   1809 |             492 |        172 |      Fixed 
    11 |  JC69 |        43 |   1807 |            1497 |        239 |      Fixed 
    12 |  JC69 |        43 |   2686 |            1396 |        329 |      Fixed 
    13 |  JC69 |        43 |   1885 |             972 |        266 |      Fixed 
    14 |  JC69 |        42 |   3680 |             550 |        221 |      Fixed 
    15 |  JC69 |        43 |   1880 |             535 |        218 |      Fixed 
    16 |  JC69 |        43 |   1928 |             738 |        206 |      Fixed 
    17 |  JC69 |        43 |   2178 |             931 |        204 |      Fixed 
    18 |  JC69 |        43 |   1784 |             523 |        138 |      Fixed 
    19 |  JC69 |        43 |   2028 |             677 |        156 |      Fixed 
    20 |  JC69 |        43 |   2768 |             842 |        180 |      Fixed 
    21 |  JC69 |        43 |   2367 |             919 |        257 |      Fixed 
    22 |  JC69 |        43 |   1634 |            1093 |        276 |      Fixed 
    23 |  JC69 |        43 |   1841 |             549 |        234 |      Fixed 
    24 |  JC69 |        42 |   2676 |            1424 |        290 |      Fixed 
    25 |  JC69 |        43 |   2273 |            1268 |        234 |      Fixed 
    26 |  JC69 |        43 |   2442 |             432 |        203 |      Fixed 
    27 |  JC69 |        43 |   2103 |             530 |        140 |      Fixed 
    28 |  JC69 |        43 |   2197 |             545 |        224 |      Fixed 
    29 |  JC69 |        43 |   2686 |            1199 |        251 |      Fixed 
    30 |  JC69 |        43 |   2191 |             784 |        157 |      Fixed 
    31 |  JC69 |        43 |   2809 |             498 |        215 |      Fixed 
    32 |  JC69 |        43 |   2517 |            1088 |        251 |      Fixed 
    33 |  JC69 |        43 |   2796 |            1399 |        369 |      Fixed 
    34 |  JC69 |        43 |   2166 |            1054 |        283 |      Fixed 
    35 |  JC69 |        43 |   1893 |             519 |        193 |      Fixed 
    36 |  JC69 |        43 |   1728 |            1119 |        297 |      Fixed 
    37 |  JC69 |        43 |   2263 |            1199 |        363 |      Fixed 
    38 |  JC69 |        43 |   2120 |             721 |        232 |      Fixed 
    39 |  JC69 |        43 |   2428 |             893 |        222 |      Fixed 
    40 |  JC69 |        43 |   3234 |            2485 |        330 |      Fixed 
    41 |  JC69 |        43 |   2250 |             731 |        233 |      Fixed 
    42 |  JC69 |        43 |   2641 |            1171 |        283 |      Fixed 
    43 |  JC69 |        43 |   2632 |             571 |        227 |      Fixed 
    44 |  JC69 |        43 |   2269 |             469 |        224 |      Fixed 
    45 |  JC69 |        43 |   2467 |             804 |        246 |      Fixed 
    46 |  JC69 |        43 |   1764 |            1473 |        249 |      Fixed 
    47 |  JC69 |        43 |   1738 |             714 |        239 |      Fixed 
    48 |  JC69 |        43 |   2514 |             859 |        254 |      Fixed 
    49 |  JC69 |        43 |   1720 |            1118 |        267 |      Fixed 
    50 |  JC69 |        43 |   2547 |            1142 |        285 |      Fixed 

Parsing map file... Done

Per-locus sequences in data and 'species&tree' tag:
C.File | Data |                Status                | Population
-------+------+--------------------------------------+-----------
     3 |    3 | [OK]                                 | P11_ornata
     3 |    3 | [OK]                                 | P10_amoena
     3 |    3 | [OK]                                 | P8_amoena 
     3 |    3 | [OK]                                 | P9_amoena 
     2 |    2 | [OK]                                 | P12_ornata
     2 |    2 | [OK]                                 | P13_lutea 
     4 |    4 | [OK]                                 | P20_quilapilun
     4 |    4 | [OK]                                 | P14_ornata
     3 |    3 | [OK]                                 | P33_ornata
     3 |    3 | [OK]                                 | P35_lutea 
     2 |    2 | [OK]                                 | P32_arzae 
     3 |    3 | [OK]                                 | P17_arzae 
     3 |    3 | [OK]                                 | P19_arzae 
     5 |    5 | [OK]                                 | P18_davidii


Map of populations and ancestors (1 in map indicates ancestor):
   Species                                                                                                                                      1  2  3  4  5  6  7  8  9  10  11  12  13  14  15  16  17  18  19  20  21  22  23  24  25  26  27
 1 P11_ornata                                                                                                                                   1  0  0  0  0  0  0  0  0  0   0   0   0   0   1   1   0   0   0   0   0   0   0   0   0   0   0
 2 P10_amoena                                                                                                                                   0  1  0  0  0  0  0  0  0  0   0   0   0   0   1   1   1   0   0   0   0   0   0   0   0   0   0
 3 P8_amoena                                                                                                                                    0  0  1  0  0  0  0  0  0  0   0   0   0   0   1   1   1   1   0   0   0   0   0   0   0   0   0
 4 P9_amoena                                                                                                                                    0  0  0  1  0  0  0  0  0  0   0   0   0   0   1   1   1   1   0   0   0   0   0   0   0   0   0
 5 P12_ornata                                                                                                                                   0  0  0  0  1  0  0  0  0  0   0   0   0   0   1   0   0   0   1   0   0   0   0   0   0   0   0
 6 P13_lutea                                                                                                                                    0  0  0  0  0  1  0  0  0  0   0   0   0   0   1   0   0   0   1   1   1   0   0   0   0   0   0
 7 P20_quilapilun                                                                                                                               0  0  0  0  0  0  1  0  0  0   0   0   0   0   1   0   0   0   1   1   1   1   0   0   0   0   0
 8 P14_ornata                                                                                                                                   0  0  0  0  0  0  0  1  0  0   0   0   0   0   1   0   0   0   1   1   1   1   1   0   0   0   0
 9 P33_ornata                                                                                                                                   0  0  0  0  0  0  0  0  1  0   0   0   0   0   1   0   0   0   1   1   1   1   1   0   0   0   0
10 P35_lutea                                                                                                                                    0  0  0  0  0  0  0  0  0  1   0   0   0   0   1   0   0   0   1   1   0   0   0   1   0   0   0
11 P32_arzae                                                                                                                                    0  0  0  0  0  0  0  0  0  0   1   0   0   0   1   0   0   0   1   1   0   0   0   1   1   0   0
12 P17_arzae                                                                                                                                    0  0  0  0  0  0  0  0  0  0   0   1   0   0   1   0   0   0   1   1   0   0   0   1   1   1   0
13 P19_arzae                                                                                                                                    0  0  0  0  0  0  0  0  0  0   0   0   1   0   1   0   0   0   1   1   0   0   0   1   1   1   1
14 P18_davidii                                                                                                                                  0  0  0  0  0  0  0  0  0  0   0   0   0   1   1   0   0   0   1   1   0   0   0   1   1   1   1
15 P11_ornataP10_amoenaP8_amoenaP9_amoenaP12_ornataP13_luteaP20_quilapilunP14_ornataP33_ornataP35_luteaP32_arzaeP17_arzaeP19_arzaeP18_davidii   0  0  0  0  0  0  0  0  0  0   0   0   0   0   1   0   0   0   0   0   0   0   0   0   0   0   0
16 P11_ornataP10_amoenaP8_amoenaP9_amoena                                                                                                       0  0  0  0  0  0  0  0  0  0   0   0   0   0   1   1   0   0   0   0   0   0   0   0   0   0   0
17 P10_amoenaP8_amoenaP9_amoena                                                                                                                 0  0  0  0  0  0  0  0  0  0   0   0   0   0   1   1   1   0   0   0   0   0   0   0   0   0   0
18 P8_amoenaP9_amoena                                                                                                                           0  0  0  0  0  0  0  0  0  0   0   0   0   0   1   1   1   1   0   0   0   0   0   0   0   0   0
19 P12_ornataP13_luteaP20_quilapilunP14_ornataP33_ornataP35_luteaP32_arzaeP17_arzaeP19_arzaeP18_davidii                                         0  0  0  0  0  0  0  0  0  0   0   0   0   0   1   0   0   0   1   0   0   0   0   0   0   0   0
20 P13_luteaP20_quilapilunP14_ornataP33_ornataP35_luteaP32_arzaeP17_arzaeP19_arzaeP18_davidii                                                   0  0  0  0  0  0  0  0  0  0   0   0   0   0   1   0   0   0   1   1   0   0   0   0   0   0   0
21 P13_luteaP20_quilapilunP14_ornataP33_ornata                                                                                                  0  0  0  0  0  0  0  0  0  0   0   0   0   0   1   0   0   0   1   1   1   0   0   0   0   0   0
22 P20_quilapilunP14_ornataP33_ornata                                                                                                           0  0  0  0  0  0  0  0  0  0   0   0   0   0   1   0   0   0   1   1   1   1   0   0   0   0   0
23 P14_ornataP33_ornata                                                                                                                         0  0  0  0  0  0  0  0  0  0   0   0   0   0   1   0   0   0   1   1   1   1   1   0   0   0   0
24 P35_luteaP32_arzaeP17_arzaeP19_arzaeP18_davidii                                                                                              0  0  0  0  0  0  0  0  0  0   0   0   0   0   1   0   0   0   1   1   0   0   0   1   0   0   0
25 P32_arzaeP17_arzaeP19_arzaeP18_davidii                                                                                                       0  0  0  0  0  0  0  0  0  0   0   0   0   0   1   0   0   0   1   1   0   0   0   1   1   0   0
26 P17_arzaeP19_arzaeP18_davidii                                                                                                                0  0  0  0  0  0  0  0  0  0   0   0   0   0   1   0   0   0   1   1   0   0   0   1   1   1   0
27 P19_arzaeP18_davidii                                                                                                                         0  0  0  0  0  0  0  0  0  0   0   0   0   0   1   0   0   0   1   1   0   0   0   1   1   1   1

Counting delimitations...
[ 14 ]  1 1 1 1 1 1 1 1 1 1 1 1 1 1       nD =   1  Trees = 7905853580625  Guide =    1  pro=7905853580625
[ 13 ]  1 1 1 1 1 1 1 1 1 1 1 1 2         nD =  91  Trees = 316234143225  Guide =    1  pro=28777307033475
[ 12 ]  1 1 1 1 1 1 1 1 1 1 1 3           nD = 364  Trees = 13749310575  Guide =    3  pro=15014247147900
[ 12 ]  1 1 1 1 1 1 1 1 1 1 2 2           nD = 3003  Trees = 13749310575  Guide =    1  pro=41289179656725
[ 11 ]  1 1 1 1 1 1 1 1 1 1 4             nD = 1001  Trees = 654729075  Guide =   15  pro=9830757061125
[ 11 ]  1 1 1 1 1 1 1 1 1 2 3             nD = 20020  Trees = 654729075  Guide =    3  pro=39323028244500
[ 10 ]  1 1 1 1 1 1 1 1 1 5               nD = 2002  Trees = 34459425  Guide =  105  pro=7243715729250
[ 11 ]  1 1 1 1 1 1 1 1 2 2 2             nD = 45045  Trees = 654729075  Guide =    1  pro=29492271183375
[ 10 ]  1 1 1 1 1 1 1 1 2 4               nD = 45045  Trees = 34459425  Guide =   15  pro=23283371986875
[ 10 ]  1 1 1 1 1 1 1 1 3 3               nD = 30030  Trees = 34459425  Guide =    9  pro=9313348794750
[  9 ]  1 1 1 1 1 1 1 1 6                 nD = 3003  Trees = 2027025  Guide =  945  pro=5752362490875
[ 10 ]  1 1 1 1 1 1 1 2 2 3               nD = 360360  Trees = 34459425  Guide =    3  pro=37253395179000
[  9 ]  1 1 1 1 1 1 1 2 5                 nD = 72072  Trees = 2027025  Guide =  105  pro=15339633309000
[  9 ]  1 1 1 1 1 1 1 3 4                 nD = 120120  Trees = 2027025  Guide =   45  pro=10956880935000
[  8 ]  1 1 1 1 1 1 1 7                   nD = 3432  Trees = 135135  Guide = 10395  pro=4821027611400
[ 10 ]  1 1 1 1 1 1 2 2 2 2               nD = 315315  Trees = 34459425  Guide =    1  pro=10865573593875
[  9 ]  1 1 1 1 1 1 2 2 4                 nD = 630630  Trees = 2027025  Guide =   15  pro=19174541636250
[  9 ]  1 1 1 1 1 1 2 3 3                 nD = 840840  Trees = 2027025  Guide =    9  pro=15339633309000
[  8 ]  1 1 1 1 1 1 2 6                   nD = 84084  Trees = 135135  Guide =  945  pro=10737743316300
[  8 ]  1 1 1 1 1 1 3 5                   nD = 168168  Trees = 135135  Guide =  315  pro=7158495544200
[  8 ]  1 1 1 1 1 1 4 4                   nD = 105105  Trees = 135135  Guide =  225  pro=3195756939375
[  7 ]  1 1 1 1 1 1 8                     nD = 3003  Trees = 10395  Guide = 135135  pro=4218399159975
[  9 ]  1 1 1 1 1 2 2 2 3                 nD = 2522520  Trees = 2027025  Guide =    3  pro=15339633309000
[  8 ]  1 1 1 1 1 2 2 5                   nD = 756756  Trees = 135135  Guide =  105  pro=10737743316300
[  8 ]  1 1 1 1 1 2 3 4                   nD = 2522520  Trees = 135135  Guide =   45  pro=15339633309000
[  7 ]  1 1 1 1 1 2 7                     nD = 72072  Trees = 10395  Guide = 10395  pro=7787813833800
[  8 ]  1 1 1 1 1 3 3 3                   nD = 560560  Trees = 135135  Guide =   27  pro=2045284441200
[  7 ]  1 1 1 1 1 3 6                     nD = 168168  Trees = 10395  Guide = 2835  pro=4955881530600
[  7 ]  1 1 1 1 1 4 5                     nD = 252252  Trees = 10395  Guide = 1575  pro=4129901275500
[  6 ]  1 1 1 1 1 9                       nD = 2002  Trees =  945  Guide = 2027025  pro=3834908327250
[  9 ]  1 1 1 1 2 2 2 2 2                 nD = 945945  Trees = 2027025  Guide =    1  pro=1917454163625
[  8 ]  1 1 1 1 2 2 2 4                   nD = 3153150  Trees = 135135  Guide =   15  pro=6391513878750
[  8 ]  1 1 1 1 2 2 3 3                   nD = 6306300  Trees = 135135  Guide =    9  pro=7669816654500
[  7 ]  1 1 1 1 2 2 6                     nD = 630630  Trees = 10395  Guide =  945  pro=6194851913250
[  7 ]  1 1 1 1 2 3 5                     nD = 2522520  Trees = 10395  Guide =  315  pro=8259802551000
[  7 ]  1 1 1 1 2 4 4                     nD = 1576575  Trees = 10395  Guide =  225  pro=3687411853125
[  6 ]  1 1 1 1 2 8                       nD = 45045  Trees =  945  Guide = 135135  pro=5752362490875
[  7 ]  1 1 1 1 3 3 4                     nD = 2102100  Trees = 10395  Guide =  135  pro=2949929482500
[  6 ]  1 1 1 1 3 7                       nD = 120120  Trees =  945  Guide = 31185  pro=3539915379000
[  6 ]  1 1 1 1 4 6                       nD = 210210  Trees =  945  Guide = 14175  pro=2815841778750
[  6 ]  1 1 1 1 5 5                       nD = 126126  Trees =  945  Guide = 11025  pro=1314059496750
[  5 ]  1 1 1 1 10                         nD = 1001  Trees =  105  Guide = 34459425  pro=3621857864625
[  8 ]  1 1 1 2 2 2 2 3                   nD = 6306300  Trees = 135135  Guide =    3  pro=2556605551500
[  7 ]  1 1 1 2 2 2 5                     nD = 2522520  Trees = 10395  Guide =  105  pro=2753267517000
[  7 ]  1 1 1 2 2 3 4                     nD = 12612600  Trees = 10395  Guide =   45  pro=5899858965000
[  6 ]  1 1 1 2 2 7                       nD = 360360  Trees =  945  Guide = 10395  pro=3539915379000
[  7 ]  1 1 1 2 3 3 3                     nD = 5605600  Trees = 10395  Guide =   27  pro=1573295724000
[  6 ]  1 1 1 2 3 6                       nD = 1681680  Trees =  945  Guide = 2835  pro=4505346846000
[  6 ]  1 1 1 2 4 5                       nD = 2522520  Trees =  945  Guide = 1575  pro=3754455705000
[  5 ]  1 1 1 2 9                         nD = 20020  Trees =  105  Guide = 2027025  pro=4261009252500
[  6 ]  1 1 1 3 3 5                       nD = 1681680  Trees =  945  Guide =  945  pro=1501782282000
[  6 ]  1 1 1 3 4 4                       nD = 2102100  Trees =  945  Guide =  675  pro=1340877037500
[  5 ]  1 1 1 3 8                         nD = 60060  Trees =  105  Guide = 405405  pro=2556605551500
[  5 ]  1 1 1 4 7                         nD = 120120  Trees =  105  Guide = 155925  pro=1966619655000
[  5 ]  1 1 1 5 6                         nD = 168168  Trees =  105  Guide = 99225  pro=1752079329000
[  4 ]  1 1 1 11                           nD = 364  Trees =   15  Guide = 654729075  pro=3574820749500
[  8 ]  1 1 2 2 2 2 2 2                   nD = 945945  Trees = 135135  Guide =    1  pro=127830277575
[  7 ]  1 1 2 2 2 2 4                     nD = 4729725  Trees = 10395  Guide =   15  pro=737482370625
[  7 ]  1 1 2 2 2 3 3                     nD = 12612600  Trees = 10395  Guide =    9  pro=1179971793000
[  6 ]  1 1 2 2 2 6                       nD = 1261260  Trees =  945  Guide =  945  pro=1126336711500
[  6 ]  1 1 2 2 3 5                       nD = 7567560  Trees =  945  Guide =  315  pro=2252673423000
[  6 ]  1 1 2 2 4 4                       nD = 4729725  Trees =  945  Guide =  225  pro=1005657778125
[  5 ]  1 1 2 2 8                         nD = 135135  Trees =  105  Guide = 135135  pro=1917454163625
[  6 ]  1 1 2 3 3 4                       nD = 12612600  Trees =  945  Guide =  135  pro=1609052445000
[  5 ]  1 1 2 3 7                         nD = 720720  Trees =  105  Guide = 31185  pro=2359943586000
[  5 ]  1 1 2 4 6                         nD = 1261260  Trees =  105  Guide = 14175  pro=1877227852500
[  5 ]  1 1 2 5 5                         nD = 756756  Trees =  105  Guide = 11025  pro=876039664500
[  4 ]  1 1 2 10                           nD = 6006  Trees =   15  Guide = 34459425  pro=3104449598250
[  6 ]  1 1 3 3 3 3                       nD = 1401400  Trees =  945  Guide =   81  pro=107270163000
[  5 ]  1 1 3 3 6                         nD = 840840  Trees =  105  Guide = 8505  pro=750891141000
[  5 ]  1 1 3 4 5                         nD = 2522520  Trees =  105  Guide = 4725  pro=1251485235000
[  4 ]  1 1 3 9                           nD = 20020  Trees =   15  Guide = 6081075  pro=1826146822500
[  5 ]  1 1 4 4 4                         nD = 525525  Trees =  105  Guide = 3375  pro=186232921875
[  4 ]  1 1 4 8                           nD = 45045  Trees =   15  Guide = 2027025  pro=1369610116875
[  4 ]  1 1 5 7                           nD = 72072  Trees =   15  Guide = 1091475  pro=1179971793000
[  4 ]  1 1 6 6                           nD = 42042  Trees =   15  Guide = 893025  pro=563168355750
[  3 ]  1 1 12                             nD =  91  Trees =    3  Guide = 13749310575  pro=3753561786975
[  7 ]  1 2 2 2 2 2 3                     nD = 3783780  Trees = 10395  Guide =    3  pro=117997179300
[  6 ]  1 2 2 2 2 5                       nD = 1891890  Trees =  945  Guide =  105  pro=187722785250
[  6 ]  1 2 2 2 3 4                       nD = 12612600  Trees =  945  Guide =   45  pro=536350815000
[  5 ]  1 2 2 2 7                         nD = 360360  Trees =  105  Guide = 10395  pro=393323931000
[  6 ]  1 2 2 3 3 3                       nD = 8408400  Trees =  945  Guide =   27  pro=214540326000
[  5 ]  1 2 2 3 6                         nD = 2522520  Trees =  105  Guide = 2835  pro=750891141000
[  5 ]  1 2 2 4 5                         nD = 3783780  Trees =  105  Guide = 1575  pro=625742617500
[  4 ]  1 2 2 9                           nD = 30030  Trees =   15  Guide = 2027025  pro=913073411250
[  5 ]  1 2 3 3 5                         nD = 5045040  Trees =  105  Guide =  945  pro=500594094000
[  5 ]  1 2 3 4 4                         nD = 6306300  Trees =  105  Guide =  675  pro=446959012500
[  4 ]  1 2 3 8                           nD = 180180  Trees =   15  Guide = 405405  pro=1095688093500
[  4 ]  1 2 4 7                           nD = 360360  Trees =   15  Guide = 155925  pro=842836995000
[  4 ]  1 2 5 6                           nD = 504504  Trees =   15  Guide = 99225  pro=750891141000
[  3 ]  1 2 11                             nD = 1092  Trees =    3  Guide = 654729075  pro=2144892449700
[  5 ]  1 3 3 3 4                         nD = 2802800  Trees =  105  Guide =  405  pro=119189070000
[  4 ]  1 3 3 7                           nD = 240240  Trees =   15  Guide = 93555  pro=337134798000
[  4 ]  1 3 4 6                           nD = 840840  Trees =   15  Guide = 42525  pro=536350815000
[  4 ]  1 3 5 5                           nD = 504504  Trees =   15  Guide = 33075  pro=250297047000
[  3 ]  1 3 10                             nD = 4004  Trees =    3  Guide = 103378275  pro=1241779839300
[  4 ]  1 4 4 5                           nD = 630630  Trees =   15  Guide = 23625  pro=223479506250
[  3 ]  1 4 9                             nD = 10010  Trees =    3  Guide = 30405375  pro=913073411250
[  3 ]  1 5 8                             nD = 18018  Trees =    3  Guide = 14189175  pro=766981665450
[  3 ]  1 6 7                             nD = 24024  Trees =    3  Guide = 9823275  pro=707983075800
[  2 ]  1 13                               nD =  14  Trees =    1  Guide = 316234143225  pro=4427278005150
[  7 ]  2 2 2 2 2 2 2                     nD = 135135  Trees = 10395  Guide =    1  pro=1404728325
[  6 ]  2 2 2 2 2 4                       nD = 945945  Trees =  945  Guide =   15  pro=13408770375
[  6 ]  2 2 2 2 3 3                       nD = 3153150  Trees =  945  Guide =    9  pro=26817540750
[  5 ]  2 2 2 2 6                         nD = 315315  Trees =  105  Guide =  945  pro=31287130875
[  5 ]  2 2 2 3 5                         nD = 2522520  Trees =  105  Guide =  315  pro=83432349000
[  5 ]  2 2 2 4 4                         nD = 1576575  Trees =  105  Guide =  225  pro=37246584375
[  4 ]  2 2 2 8                           nD = 45045  Trees =   15  Guide = 135135  pro=91307341125
[  5 ]  2 2 3 3 4                         nD = 6306300  Trees =  105  Guide =  135  pro=89391802500
[  4 ]  2 2 3 7                           nD = 360360  Trees =   15  Guide = 31185  pro=168567399000
[  4 ]  2 2 4 6                           nD = 630630  Trees =   15  Guide = 14175  pro=134087703750
[  4 ]  2 2 5 5                           nD = 378378  Trees =   15  Guide = 11025  pro=62574261750
[  3 ]  2 2 10                             nD = 3003  Trees =    3  Guide = 34459425  pro=310444959825
[  5 ]  2 3 3 3 3                         nD = 1401400  Trees =  105  Guide =   81  pro=11918907000
[  4 ]  2 3 3 6                           nD = 840840  Trees =   15  Guide = 8505  pro=107270163000
[  4 ]  2 3 4 5                           nD = 2522520  Trees =   15  Guide = 4725  pro=178783605000
[  3 ]  2 3 9                             nD = 20020  Trees =    3  Guide = 6081075  pro=365229364500
[  4 ]  2 4 4 4                           nD = 525525  Trees =   15  Guide = 3375  pro=26604703125
[  3 ]  2 4 8                             nD = 45045  Trees =    3  Guide = 2027025  pro=273922023375
[  3 ]  2 5 7                             nD = 72072  Trees =    3  Guide = 1091475  pro=235994358600
[  3 ]  2 6 6                             nD = 42042  Trees =    3  Guide = 893025  pro=112633671150
[  2 ]  2 12                               nD =  91  Trees =    1  Guide = 13749310575  pro=1251187262325
[  4 ]  3 3 3 5                           nD = 560560  Trees =   15  Guide = 2835  pro=23837814000
[  4 ]  3 3 4 4                           nD = 1051050  Trees =   15  Guide = 2025  pro=31925643750
[  3 ]  3 3 8                             nD = 30030  Trees =    3  Guide = 1216215  pro=109568809350
[  3 ]  3 4 7                             nD = 120120  Trees =    3  Guide = 467775  pro=168567399000
[  3 ]  3 5 6                             nD = 168168  Trees =    3  Guide = 297675  pro=150178228200
[  2 ]  3 11                               nD = 364  Trees =    1  Guide = 1964187225  pro=714964149900
[  3 ]  4 4 6                             nD = 105105  Trees =    3  Guide = 212625  pro=67043851875
[  3 ]  4 5 5                             nD = 126126  Trees =    3  Guide = 165375  pro=62574261750
[  2 ]  4 10                               nD = 1001  Trees =    1  Guide = 516891375  pro=517408266375
[  2 ]  5 9                               nD = 2002  Trees =    1  Guide = 212837625  pro=426100925250
[  2 ]  6 8                               nD = 3003  Trees =    1  Guide = 127702575  pro=383490832725
[  2 ]  7 7                               nD = 1716  Trees =    1  Guide = 108056025  pro=185424138900
[  1 ]  14                                 nD =   1  Trees =    1  Guide = 7905853580625  pro=7905853580625
Generating gene trees.... Done

Initial MSC density and log-likelihood of observing data:
log-PG0 = 9395.435005   log-L0 = -430633.603853

0:00 taken to read and process data..
Restarting timer...


-*- Glossary of terms -*-

  Prgs: progress of MCMC run (negative progress means burnin)
  Gage: gene-tree age proposal
  Gspr: gene-tree SPR proposal
  thet: species tree theta proposal
   tau: species tree tau proposal
   mix: mixing proposal
    sp: number of delimited specices
    np: number of parameters
  mldp: most likelely delimitation and probability
mthet1: root node mean theta
 mtau1: root node mean tau
log-PG: log-probability of gene trees (MSC)
 log-L: mean log-L of observing data

     |     Acceptance proportions (pjump)     |
Prgs | Gage Gspr thet  tau  mix   Sspr     rj | sp np         mldp   mtau1       log-PG          log-L
------------------------------------------------------------------------------------------------------


                      Gage    Gspr    thet     tau     mix lrht  phi   pi qmat alfa mubr nubr mu_i nu_i brte
Current Pjump:     0.51699 0.00397 0.00000 0.11578 0.30600   -    -    -    -    -    -    -    -    -    - 
Current finetune:  0.02000 0.02000 0.02000 0.02000 0.02000   -    -    -    -    -    -    -    -    -    - 
New finetune:      0.04140 0.00024 0.00020 0.00722 0.02047   -    -    -    -    -    -    -    -    -    - 

  -0%  0.54 0.24 0.00 0.11 0.22 0.0120 0.0000   13 12 P[13]=0.9940 0.0047   8332.71220  -283795.14672

                      Gage    Gspr    thet     tau     mix lrht  phi   pi qmat alfa mubr nubr mu_i nu_i brte
Current Pjump:     0.54087 0.24007 0.00000 0.11076 0.21600   -    -    -    -    -    -    -    -    -    - 
Current finetune:  0.04140 0.00024 0.00020 0.00722 0.02047   -    -    -    -    -    -    -    -    -    - 
New finetune:      0.09243 0.00019 0.00000 0.00249 0.01418   -    -    -    -    -    -    -    -    -    - 



                      Gage    Gspr    thet     tau     mix lrht  phi   pi qmat alfa mubr nubr mu_i nu_i brte
Current Pjump:     0.54251 0.25181 0.00000 0.11042 0.45600   -    -    -    -    -    -    -    -    -    - 
Current finetune:  0.09243 0.00019 0.00000 0.00249 0.01418   -    -    -    -    -    -    -    -    -    - 
New finetune:      0.20740 0.00016 0.00000 0.00086 0.02422   -    -    -    -    -    -    -    -    -    - 

   0%  0.54 0.27 0.00 0.09 0.18 0.0180 0.0000   13 12 P[13]=1.0000 0.0046   8383.19170  -283439.61164  6:19


                      Gage    Gspr    thet     tau     mix lrht  phi   pi qmat alfa mubr nubr mu_i nu_i brte
Current Pjump:     0.54122 0.26732 0.00000 0.09033 0.18000   -    -    -    -    -    -    -    -    -    - 
Current finetune:  0.20740 0.00016 0.00000 0.00086 0.02422   -    -    -    -    -    -    -    -    -    - 
New finetune:      0.46348 0.00014 0.00000 0.00024 0.01381   -    -    -    -    -    -    -    -    -    - 

   1%  0.55 0.28 0.00 0.14 0.43 0.0020 0.0000   13 12 P[13]=0.9380 0.0048   8339   1%  0.55 0.28 0.00 0.14 0.43 0.0015 0.0000   13 12 P[13]=0.9690 0.0048   8327   2%  0.55 0.28 0.00 0.15 0.42 0.0023 0.0000   13 12 P[13]=0.9770 0.0048   8306   2%  0.55 0.28 0.00 0.14 0.43 0.0088 0.0000   13 12 P[13]=0.9828 0.0048   8383   3%  0.55 0.28 0.00 0.14 0.43 0.0102 0.0000   14 13 P[13]=0.9836 0.0048   8384   3%  0.55 0.28 0.00 0.14 0.43 0.0100 0.0000   14 13 P[13]=0.9822 0.0048   8409   4%  0.55 0.28 0.00 0.14 0.43 0.0100 0.0000   13 12 P[13]=0.8910 0.0048   8334   4%  0.55 0.28 0.00 0.14 0.43 0.0116 0.0000   13 12 P[13]=0.8912 0.0048   8397   5%  0.55 0.28 0.00 0.14 0.43 0.0116 0.0000   13 12 P[13]=0.8840 0.0049   8353   5%  0.55 0.28 0.00 0.14 0.43 0.0118 0.0000   13 12 P[13]=0.8930 0.0049   8336.09295  -283370.66280  1:05:55
   6%  0.55 0.28 0.00 0.14 0.43 0.0128 0.0000   13 12 P[13]=0.9019 0.0049   8335   6%  0.55 0.28 0.00 0.14 0.43 0.0128 0.0000   13 12 P[13]=0.9090 0.0049   8355   7%  0.55 0.28 0.00 0.14 0.43 0.0121 0.0000   13 12 P[13]=0.9033 0.0049   8448   7%  0.55 0.28 0.00 0.14 0.43 0.0129 0.0000   13 12 P[13]=0.9102 0.0049   8335   8%  0.55 0.28 0.00 0.14 0.43 0.0125 0.0000   13 12 P[13]=0.9157 0.0049   8332   8%  0.55 0.28 0.00 0.14 0.43 0.0123 0.0000   13 12 P[13]=0.9209 0.0049   8299   9%  0.55 0.28 0.00 0.14 0.43 0.0119 0.0000   13 12 P[13]=0.9256 0.0049   8407   9%  0.55 0.28 0.00 0.14 0.43 0.0113 0.0000   13 12 P[13]=0.9294 0.0049   8377  10%  0.55 0.28 0.00 0.14 0.43 0.0124 0.0000   13 12 P[13]=0.9323 0.0049   8309  10%  0.55 0.28 0.00 0.14 0.43 0.0121 0.0000   13 12 P[13]=0.9356 0.0049   8369.57288  -283365.48679  1:43:47
  11%  0.55 0.28 0.00 0.14 0.43 0.0125 0.0000   13 12 P[13]=0.9383 0.0049   8335  11%  0.55 0.28 0.00 0.14 0.43 0.0124 0.0000   13 12 P[13]=0.9405 0.0049   8317  12%  0.55 0.28 0.00 0.14 0.43 0.0126 0.0000   13 12 P[13]=0.9430 0.0049   8408  12%  0.55 0.28 0.00 0.14 0.43 0.0128 0.0000   13 12 P[13]=0.9447 0.0049   8348  13%  0.55 0.28 0.00 0.14 0.43 0.0130 0.0000   13 12 P[13]=0.9468 0.0049   8296  13%  0.55 0.28 0.00 0.14 0.43 0.0128 0.0000   13 12 P[13]=0.9483 0.0049   8332  14%  0.55 0.28 0.00 0.14 0.43 0.0126 0.0000   13 12 P[13]=0.9500 0.0048   8294  14%  0.55 0.28 0.00 0.14 0.43 0.0122 0.0000   13 12 P[13]=0.9518 0.0048   8367  15%  0.55 0.28 0.00 0.14 0.43 0.0120 0.0000   13 12 P[13]=0.9532 0.0048   8399  15%  0.55 0.28 0.00 0.14 0.43 0.0122 0.0000   13 12 P[13]=0.9548 0.0048   8379.14608  -283363.11683  2:21:26
  16%  0.55 0.28 0.00 0.14 0.43 0.0121 0.0000   13 12 P[13]=0.9563 0.0048   8383  16%  0.55 0.28 0.00 0.14 0.43 0.0120 0.0000   13 12 P[13]=0.9576 0.0048   8431  17%  0.55 0.28 0.00 0.14 0.43 0.0120 0.0000   13 12 P[13]=0.9587 0.0048   8236  17%  0.55 0.28 0.00 0.14 0.43 0.0118 0.0000   13 12 P[13]=0.9597 0.0048   8349  18%  0.55 0.28 0.00 0.14 0.43 0.0117 0.0000   13 12 P[13]=0.9604 0.0048   8411  18%  0.55 0.28 0.00 0.14 0.43 0.0119 0.0000   13 12 P[13]=0.9615 0.0048   8373  19%  0.55 0.28 0.00 0.14 0.43 0.0119 0.0000   13 12 P[13]=0.9624 0.0048   8341  19%  0.55 0.28 0.00 0.14 0.43 0.0119 0.0000   13 12 P[13]=0.9632 0.0048   8362  20%  0.55 0.28 0.00 0.14 0.43 0.0121 0.0000   13 12 P[13]=0.9639 0.0048   8340  20%  0.55 0.28 0.00 0.14 0.43 0.0123 0.0000   13 12 P[13]=0.9647 0.0048   8384.24450  -283364.05011  2:58:59
  21%  0.55 0.28 0.00 0.14 0.43 0.0122 0.0000   13 12 P[13]=0.9656 0.0048   8416  21%  0.55 0.28 0.00 0.14 0.43 0.0120 0.0000   13 12 P[13]=0.9662 0.0048   8304  22%  0.55 0.28 0.00 0.14 0.43 0.0122 0.0000   13 12 P[13]=0.9670 0.0048   8324  22%  0.55 0.28 0.00 0.14 0.43 0.0120 0.0000   13 12 P[13]=0.9677 0.0048   8350  23%  0.55 0.28 0.00 0.14 0.43 0.0123 0.0000   13 12 P[13]=0.9682 0.0048   8281  23%  0.55 0.28 0.00 0.14 0.43 0.0125 0.0000   13 12 P[13]=0.9689 0.0048   8380  24%  0.55 0.28 0.00 0.14 0.43 0.0126 0.0000   13 12 P[13]=0.9696 0.0048   8431  24%  0.55 0.28 0.00 0.14 0.43 0.0126 0.0000   13 12 P[13]=0.9699 0.0049   8384  25%  0.55 0.28 0.00 0.14 0.43 0.0126 0.0000   13 12 P[13]=0.9705 0.0049   8383  25%  0.55 0.28 0.00 0.14 0.43 0.0125 0.0000   13 12 P[13]=0.9710 0.0049   8345.36894  -283364.18477  3:36:35
  26%  0.55 0.28 0.00 0.14 0.43 0.0124 0.0000   13 12 P[13]=0.9706 0.0049   8405  26%  0.55 0.28 0.00 0.14 0.43 0.0123 0.0000   13 12 P[13]=0.9710 0.0049   8312  27%  0.55 0.28 0.00 0.14 0.43 0.0123 0.0000   13 12 P[13]=0.9716 0.0049   8350  27%  0.55 0.28 0.00 0.14 0.43 0.0125 0.0000   13 12 P[13]=0.9721 0.0049   8331  28%  0.55 0.28 0.00 0.14 0.43 0.0123 0.0000   13 12 P[13]=0.9725 0.0049   8356  28%  0.55 0.28 0.00 0.14 0.43 0.0124 0.0000   13 12 P[13]=0.9730 0.0049   8414  29%  0.55 0.28 0.00 0.14 0.43 0.0124 0.0000   13 12 P[13]=0.9719 0.0049   8378  29%  0.55 0.28 0.00 0.14 0.43 0.0124 0.0000   13 12 P[13]=0.9723 0.0049   8381  30%  0.55 0.28 0.00 0.14 0.43 0.0125 0.0000   13 12 P[13]=0.9726 0.0049   8287  30%  0.55 0.28 0.00 0.14 0.43 0.0128 0.0000   13 12 P[13]=0.9731 0.0049   8370.89967  -283364.47364  4:16:16
  31%  0.55 0.28 0.00 0.14 0.43 0.0130 0.0000   13 12 P[13]=0.9733 0.0049   8362  31%  0.55 0.28 0.00 0.14 0.43 0.0131 0.0000   13 12 P[13]=0.9721 0.0049   8422  32%  0.55 0.28 0.00 0.14 0.43 0.0131 0.0000   13 12 P[13]=0.9724 0.0049   8355  32%  0.55 0.28 0.00 0.14 0.43 0.0131 0.0000   13 12 P[13]=0.9728 0.0049   8424  33%  0.55 0.28 0.00 0.14 0.43 0.0130 0.0000   13 12 P[13]=0.9730 0.0049   8379  33%  0.55 0.28 0.00 0.14 0.43 0.0129 0.0000   13 12 P[13]=0.9734 0.0049   8341  34%  0.55 0.28 0.00 0.14 0.43 0.0129 0.0000   13 12 P[13]=0.9736 0.0049   8345  34%  0.55 0.28 0.00 0.14 0.43 0.0128 0.0000   13 12 P[13]=0.9738 0.0049   8345  35%  0.55 0.28 0.00 0.14 0.43 0.0127 0.0000   13 12 P[13]=0.9739 0.0049   8344  35%  0.55 0.28 0.00 0.14 0.43 0.0125 0.0000   13 12 P[13]=0.9742 0.0049   8427.88550  -283365.83814  4:57:29
  36%  0.55 0.28 0.00 0.14 0.43 0.0124 0.0000   13 12 P[13]=0.9743 0.0049   8380  36%  0.55 0.28 0.00 0.14 0.43 0.0127 0.0000   13 12 P[13]=0.9745 0.0049   8407  37%  0.55 0.28 0.00 0.14 0.43 0.0127 0.0000   13 12 P[13]=0.9744 0.0049   8351  37%  0.55 0.28 0.00 0.14 0.43 0.0126 0.0000   13 12 P[13]=0.9745 0.0049   8403  38%  0.55 0.28 0.00 0.14 0.43 0.0125 0.0000   13 12 P[13]=0.9749 0.0049   8410  38%  0.55 0.28 0.00 0.14 0.43 0.0127 0.0000   13 12 P[13]=0.9751 0.0049   8376  39%  0.55 0.28 0.00 0.14 0.43 0.0126 0.0000   13 12 P[13]=0.9753 0.0049   8416  39%  0.55 0.28 0.00 0.14 0.43 0.0126 0.0000   13 12 P[13]=0.9756 0.0049   8434  40%  0.55 0.28 0.00 0.14 0.43 0.0126 0.0000   13 12 P[13]=0.9756 0.0049   8316  40%  0.55 0.28 0.00 0.14 0.43 0.0125 0.0000   13 12 P[13]=0.9759 0.0049   8322.68509  -283365.70220  5:36:48
  41%  0.55 0.28 0.00 0.14 0.43 0.0126 0.0000   13 12 P[13]=0.9761 0.0049   8429  41%  0.55 0.28 0.00 0.14 0.43 0.0126 0.0000   13 12 P[13]=0.9764 0.0049   8383  42%  0.55 0.28 0.00 0.14 0.43 0.0125 0.0000   13 12 P[13]=0.9767 0.0049   8363  42%  0.55 0.28 0.00 0.14 0.43 0.0125 0.0000   13 12 P[13]=0.9767 0.0049   8431  43%  0.55 0.28 0.00 0.14 0.43 0.0128 0.0000   13 12 P[13]=0.9770 0.0049   8301  43%  0.55 0.28 0.00 0.14 0.43 0.0128 0.0000   13 12 P[13]=0.9772 0.0049   8422  44%  0.55 0.28 0.00 0.14 0.43 0.0131 0.0000   13 12 P[13]=0.9775 0.0049   8394  44%  0.55 0.28 0.00 0.14 0.43 0.0131 0.0000   13 12 P[13]=0.9776 0.0049   8395  45%  0.55 0.28 0.00 0.14 0.43 0.0132 0.0000   13 12 P[13]=0.9778 0.0049   8256  45%  0.55 0.28 0.00 0.14 0.43 0.0131 0.0000   13 12 P[13]=0.9781 0.0049   8343.63464  -283365.67043  6:16:05
  46%  0.55 0.28 0.00 0.14 0.43 0.0131 0.0000   13 12 P[13]=0.9783 0.0049   8261  46%  0.55 0.28 0.00 0.14 0.43 0.0129 0.0000   13 12 P[13]=0.9785 0.0049   8375  47%  0.55 0.28 0.00 0.14 0.43 0.0128 0.0000   13 12 P[13]=0.9786 0.0049   8401  47%  0.55 0.28 0.00 0.14 0.43 0.0128 0.0000   13 12 P[13]=0.9787 0.0049   8338  48%  0.55 0.28 0.00 0.14 0.43 0.0127 0.0000   13 12 P[13]=0.9789 0.0049   8334  48%  0.55 0.28 0.00 0.14 0.43 0.0126 0.0000   13 12 P[13]=0.9791 0.0049   8326  49%  0.55 0.28 0.00 0.14 0.43 0.0125 0.0000   13 12 P[13]=0.9791 0.0049   8335  49%  0.55 0.28 0.00 0.14 0.43 0.0125 0.0000   13 12 P[13]=0.9793 0.0049   8429  50%  0.55 0.28 0.00 0.14 0.43 0.0124 0.0000   13 12 P[13]=0.9795 0.0049   8299  50%  0.55 0.28 0.00 0.14 0.43 0.0124 0.0000   13 12 P[13]=0.9795 0.0049   8306.60155  -283365.30023  6:55:24
  51%  0.55 0.28 0.00 0.14 0.43 0.0123 0.0000   13 12 P[13]=0.9796 0.0049   8322  51%  0.55 0.28 0.00 0.14 0.43 0.0123 0.0000   13 12 P[13]=0.9798 0.0049   8295  52%  0.55 0.28 0.00 0.14 0.43 0.0122 0.0000   13 12 P[13]=0.9800 0.0049   8325  52%  0.55 0.28 0.00 0.14 0.43 0.0121 0.0000   13 12 P[13]=0.9801 0.0049   8337  53%  0.55 0.28 0.00 0.14 0.43 0.0121 0.0000   13 12 P[13]=0.9802 0.0049   8327  53%  0.55 0.28 0.00 0.14 0.43 0.0122 0.0000   13 12 P[13]=0.9804 0.0049   8420  54%  0.55 0.28 0.00 0.14 0.43 0.0121 0.0000   13 12 P[13]=0.9805 0.0049   8275  54%  0.55 0.28 0.00 0.14 0.43 0.0121 0.0000   13 12 P[13]=0.9806 0.0049   8336  55%  0.55 0.28 0.00 0.14 0.43 0.0120 0.0000   13 12 P[13]=0.9808 0.0049   8390  55%  0.55 0.28 0.00 0.14 0.43 0.0120 0.0000   13 12 P[13]=0.9810 0.0049   8272.56556  -283365.69650  7:34:46
  56%  0.55 0.28 0.00 0.14 0.43 0.0120 0.0000   13 12 P[13]=0.9811 0.0049   8410  56%  0.55 0.28 0.00 0.14 0.43 0.0120 0.0000   13 12 P[13]=0.9810 0.0049   8383  57%  0.55 0.28 0.00 0.14 0.43 0.0120 0.0000   13 12 P[13]=0.9811 0.0049   8443  57%  0.55 0.28 0.00 0.14 0.43 0.0123 0.0000   13 12 P[13]=0.9813 0.0049   8345  58%  0.55 0.28 0.00 0.14 0.43 0.0123 0.0000   13 12 P[13]=0.9815 0.0049   8358  58%  0.55 0.28 0.00 0.14 0.43 0.0124 0.0000   13 12 P[13]=0.9816 0.0049   8261  59%  0.55 0.28 0.00 0.14 0.43 0.0124 0.0000   13 12 P[13]=0.9817 0.0049   8427  59%  0.55 0.28 0.00 0.14 0.43 0.0127 0.0000   13 12 P[13]=0.9816 0.0049   8413  60%  0.55 0.28 0.00 0.14 0.43 0.0126 0.0000   13 12 P[13]=0.9816 0.0049   8377  60%  0.55 0.28 0.00 0.14 0.43 0.0126 0.0000   13 12 P[13]=0.9818 0.0049   8420.13433  -283365.57739  8:14:05
  61%  0.55 0.28 0.00 0.14 0.43 0.0126 0.0000   13 12 P[13]=0.9819 0.0049   8348  61%  0.55 0.28 0.00 0.14 0.43 0.0125 0.0000   13 12 P[13]=0.9820 0.0049   8312  62%  0.55 0.28 0.00 0.14 0.43 0.0125 0.0000   13 12 P[13]=0.9821 0.0049   8344  62%  0.55 0.28 0.00 0.14 0.43 0.0124 0.0000   13 12 P[13]=0.9819 0.0049   8337  63%  0.55 0.28 0.00 0.14 0.43 0.0124 0.0000   13 12 P[13]=0.9820 0.0049   8419  63%  0.55 0.28 0.00 0.14 0.43 0.0123 0.0000   13 12 P[13]=0.9821 0.0049   8335  64%  0.55 0.28 0.00 0.14 0.43 0.0124 0.0000   13 12 P[13]=0.9821 0.0049   8382  64%  0.55 0.28 0.00 0.14 0.43 0.0125 0.0000   13 12 P[13]=0.9823 0.0049   8426  65%  0.55 0.28 0.00 0.14 0.43 0.0126 0.0000   13 12 P[13]=0.9823 0.0049   8309  65%  0.55 0.28 0.00 0.14 0.43 0.0129 0.0000   13 12 P[13]=0.9824 0.0049   8323.46684  -283365.34297  8:36:52
  66%  0.55 0.28 0.00 0.14 0.43 0.0129 0.0000   13 12 P[13]=0.9808 0.0049   8346  66%  0.55 0.28 0.00 0.14 0.43 0.0129 0.0000   13 12 P[13]=0.9809 0.0049   8305  67%  0.55 0.28 0.00 0.14 0.43 0.0129 0.0000   13 12 P[13]=0.9808 0.0049   8266  67%  0.55 0.28 0.00 0.14 0.43 0.0130 0.0000   13 12 P[13]=0.9809 0.0049   8425  68%  0.55 0.28 0.00 0.14 0.43 0.0130 0.0000   13 12 P[13]=0.9810 0.0049   8278  68%  0.55 0.28 0.00 0.14 0.43 0.0130 0.0000   13 12 P[13]=0.9811 0.0049   8357  69%  0.55 0.28 0.00 0.14 0.43 0.0130 0.0000   13 12 P[13]=0.9811 0.0049   8262  69%  0.55 0.28 0.00 0.14 0.43 0.0130 0.0000   13 12 P[13]=0.9809 0.0049   8381  70%  0.55 0.28 0.00 0.14 0.43 0.0130 0.0000   13 12 P[13]=0.9810 0.0049   8478  70%  0.55 0.28 0.00 0.14 0.43 0.0129 0.0000   13 12 P[13]=0.9811 0.0049   8305.49050  -283365.39105  8:57:43
  71%  0.55 0.28 0.00 0.14 0.43 0.0129 0.0000   13 12 P[13]=0.9812 0.0049   8352  71%  0.55 0.28 0.00 0.14 0.43 0.0128 0.0000   13 12 P[13]=0.9813 0.0049   8441  72%  0.55 0.28 0.00 0.14 0.43 0.0129 0.0000   13 12 P[13]=0.9812 0.0049   8346  72%  0.55 0.28 0.00 0.14 0.43 0.0129 0.0000   13 12 P[13]=0.9784 0.0049   8373  73%  0.55 0.28 0.00 0.14 0.43 0.0130 0.0000   13 12 P[13]=0.9784 0.0049   8315  73%  0.55 0.28 0.00 0.14 0.43 0.0130 0.0000   13 12 P[13]=0.9786 0.0049   8336  74%  0.55 0.28 0.00 0.14 0.43 0.0129 0.0000   13 12 P[13]=0.9787 0.0049   8420  74%  0.55 0.28 0.00 0.14 0.43 0.0130 0.0000   13 12 P[13]=0.9781 0.0049   8375  75%  0.55 0.28 0.00 0.14 0.43 0.0129 0.0000   13 12 P[13]=0.9781 0.0049   8348  75%  0.55 0.28 0.00 0.14 0.43 0.0129 0.0000   13 12 P[13]=0.9783 0.0049   8354.17318  -283366.03081  9:18:36
  76%  0.55 0.28 0.00 0.14 0.43 0.0128 0.0000   13 12 P[13]=0.9781 0.0049   8370  76%  0.55 0.28 0.00 0.14 0.43 0.0128 0.0000   13 12 P[13]=0.9781 0.0049   8386  77%  0.55 0.28 0.00 0.14 0.43 0.0128 0.0000   13 12 P[13]=0.9781 0.0049   8345  77%  0.55 0.28 0.00 0.14 0.43 0.0127 0.0000   13 12 P[13]=0.9768 0.0049   8367  78%  0.55 0.28 0.00 0.14 0.43 0.0127 0.0000   13 12 P[13]=0.9769 0.0049   8347  78%  0.55 0.28 0.00 0.14 0.43 0.0127 0.0000   13 12 P[13]=0.9770 0.0049   8287  79%  0.55 0.28 0.00 0.14 0.43 0.0127 0.0000   13 12 P[13]=0.9771 0.0049   8471  79%  0.55 0.28 0.00 0.14 0.43 0.0128 0.0000   13 12 P[13]=0.9772 0.0049   8350  80%  0.55 0.28 0.00 0.14 0.43 0.0127 0.0000   13 12 P[13]=0.9773 0.0049   8425  80%  0.55 0.28 0.00 0.14 0.43 0.0127 0.0000   13 12 P[13]=0.9774 0.0049   8346.86151  -283366.35846  9:39:30
  81%  0.55 0.28 0.00 0.14 0.43 0.0128 0.0000   13 12 P[13]=0.9775 0.0049   8359  81%  0.55 0.28 0.00 0.14 0.43 0.0127 0.0000   13 12 P[13]=0.9776 0.0049   8317  82%  0.55 0.28 0.00 0.14 0.43 0.0127 0.0000   13 12 P[13]=0.9777 0.0049   8438  82%  0.55 0.28 0.00 0.14 0.43 0.0127 0.0000   13 12 P[13]=0.9775 0.0049   8400  83%  0.55 0.28 0.00 0.14 0.43 0.0127 0.0000   13 12 P[13]=0.9776 0.0049   8382  83%  0.55 0.28 0.00 0.14 0.43 0.0126 0.0000   13 12 P[13]=0.9777 0.0049   8310  84%  0.55 0.28 0.00 0.14 0.43 0.0126 0.0000   13 12 P[13]=0.9779 0.0049   8442  84%  0.55 0.28 0.00 0.14 0.43 0.0126 0.0000   13 12 P[13]=0.9780 0.0049   8325  85%  0.55 0.28 0.00 0.14 0.43 0.0125 0.0000   13 12 P[13]=0.9781 0.0049   8308  85%  0.55 0.28 0.00 0.14 0.43 0.0126 0.0000   14 13 P[13]=0.9780 0.0049   8386.13971  -283366.28680  10:00:25
  86%  0.55 0.28 0.00 0.14 0.43 0.0126 0.0000   13 12 P[13]=0.9781 0.0049   8411  86%  0.55 0.28 0.00 0.14 0.43 0.0125 0.0000   13 12 P[13]=0.9781 0.0049   8382  87%  0.55 0.28 0.00 0.14 0.43 0.0126 0.0000   13 12 P[13]=0.9780 0.0049   8332  87%  0.55 0.28 0.00 0.14 0.43 0.0125 0.0000   13 12 P[13]=0.9781 0.0049   8376  88%  0.55 0.28 0.00 0.14 0.43 0.0125 0.0000   13 12 P[13]=0.9782 0.0049   8329  88%  0.55 0.28 0.00 0.14 0.43 0.0125 0.0000   13 12 P[13]=0.9782 0.0049   8348  89%  0.55 0.28 0.00 0.14 0.43 0.0125 0.0000   13 12 P[13]=0.9781 0.0049   8288  89%  0.55 0.28 0.00 0.14 0.43 0.0125 0.0000   14 13 P[13]=0.9779 0.0049   8334  90%  0.55 0.28 0.00 0.14 0.43 0.0126 0.0000   13 12 P[13]=0.9780 0.0049   8436  90%  0.55 0.28 0.00 0.14 0.43 0.0126 0.0000   13 12 P[13]=0.9780 0.0049   8366.90727  -283366.18863  10:21:17
  91%  0.55 0.28 0.00 0.14 0.43 0.0127 0.0000   13 12 P[13]=0.9782 0.0049   8346  91%  0.55 0.28 0.00 0.14 0.43 0.0127 0.0000   13 12 P[13]=0.9782 0.0049   8342  92%  0.55 0.28 0.00 0.14 0.43 0.0127 0.0000   13 12 P[13]=0.9783 0.0049   8334  92%  0.55 0.28 0.00 0.14 0.43 0.0127 0.0000   13 12 P[13]=0.9784 0.0049   8316  93%  0.55 0.28 0.00 0.14 0.43 0.0127 0.0000   13 12 P[13]=0.9783 0.0049   8388  93%  0.55 0.28 0.00 0.14 0.43 0.0127 0.0000   13 12 P[13]=0.9783 0.0049   8420  94%  0.55 0.28 0.00 0.14 0.43 0.0127 0.0000   13 12 P[13]=0.9785 0.0049   8380  94%  0.55 0.28 0.00 0.14 0.43 0.0127 0.0000   13 12 P[13]=0.9785 0.0049   8383  95%  0.55 0.28 0.00 0.14 0.43 0.0127 0.0000   13 12 P[13]=0.9786 0.0049   8406  95%  0.55 0.28 0.00 0.14 0.43 0.0127 0.0000   13 12 P[13]=0.9787 0.0049   8305.35028  -283365.59732  10:42:15
  96%  0.55 0.28 0.00 0.14 0.43 0.0127 0.0000   13 12 P[13]=0.9787 0.0049   8372  96%  0.55 0.28 0.00 0.14 0.43 0.0128 0.0000   13 12 P[13]=0.9787 0.0049   8350  97%  0.55 0.28 0.00 0.14 0.43 0.0128 0.0000   13 12 P[13]=0.9787 0.0049   8376  97%  0.55 0.28 0.00 0.14 0.43 0.0128 0.0000   13 12 P[13]=0.9787 0.0049   8324  98%  0.55 0.28 0.00 0.14 0.43 0.0127 0.0000   13 12 P[13]=0.9786 0.0049   8393  98%  0.55 0.28 0.00 0.14 0.43 0.0127 0.0000   13 12 P[13]=0.9787 0.0049   8388  99%  0.55 0.28 0.00 0.14 0.43 0.0126 0.0000   13 12 P[13]=0.9788 0.0049   8406  99%  0.55 0.28 0.00 0.14 0.43 0.0126 0.0000   13 12 P[13]=0.9788 0.0049   8435 100%  0.55 0.28 0.00 0.14 0.43 0.0126 0.0000   13 12 P[13]=0.9789 0.0049   8413 100%  0.55 0.28 0.00 0.14 0.43 0.0126 0.0000   13 12 P[13]=0.9790 0.0049   8343.17476  -283365.50591  11:03:09

11:03:09 spent in MCMC


(A) List of best models (count postP #species SpeciesTree)
20436 0.204360 0.204360 13  (P10_amoenaP9_amoena P11_ornata P12_ornata P13_lutea P14_ornata P17_arzae P18_davidii P19_arzae P20_quilapilun P32_arzae P33_ornata P35_lutea P8_amoena)  (((P10_amoenaP9_amoena, P8_amoena), P11_ornata), (((P12_ornata, P13_lutea), ((P14_ornata, P33_ornata), P20_quilapilun)), ((((P17_arzae, P19_arzae), P32_arzae), P18_davidii), P35_lutea)));
15052 0.150520 0.354880 13  (P10_amoenaP9_amoena P11_ornata P12_ornata P13_lutea P14_ornata P17_arzae P18_davidii P19_arzae P20_quilapilun P32_arzae P33_ornata P35_lutea P8_amoena)  (((P10_amoenaP9_amoena, P8_amoena), P11_ornata), (((P12_ornata, P13_lutea), ((P14_ornata, P33_ornata), P20_quilapilun)), ((((P17_arzae, P19_arzae), P18_davidii), P32_arzae), P35_lutea)));
14789 0.147890 0.502770 13  (P10_amoenaP9_amoena P11_ornata P12_ornata P13_lutea P14_ornata P17_arzae P18_davidii P19_arzae P20_quilapilun P32_arzae P33_ornata P35_lutea P8_amoena)  (((P10_amoenaP9_amoena, P8_amoena), P11_ornata), (((P12_ornata, P13_lutea), ((P14_ornata, P33_ornata), P20_quilapilun)), (((P17_arzae, (P19_arzae, P32_arzae)), P18_davidii), P35_lutea)));
 6626 0.066260 0.569030 13  (P10_amoenaP9_amoena P11_ornata P12_ornata P13_lutea P14_ornata P17_arzae P18_davidii P19_arzae P20_quilapilun P32_arzae P33_ornata P35_lutea P8_amoena)  (((P10_amoenaP9_amoena, P8_amoena), P11_ornata), (((P12_ornata, P13_lutea), ((P14_ornata, P33_ornata), P20_quilapilun)), (((P17_arzae, (P18_davidii, P19_arzae)), P32_arzae), P35_lutea)));
 5202 0.052020 0.621050 13  (P10_amoenaP9_amoena P11_ornata P12_ornata P13_lutea P14_ornata P17_arzae P18_davidii P19_arzae P20_quilapilun P32_arzae P33_ornata P35_lutea P8_amoena)  (((P10_amoenaP9_amoena, P8_amoena), P11_ornata), (((P12_ornata, P13_lutea), ((P14_ornata, P33_ornata), P20_quilapilun)), ((P17_arzae, (P18_davidii, (P19_arzae, P32_arzae))), P35_lutea)));
 4506 0.045060 0.666110 13  (P10_amoena P11_ornata P12_ornata P13_lutea P14_ornata P17_arzae P18_davidii P19_arzae P20_quilapilun P32_arzae P33_ornata P35_lutea P8_amoenaP9_amoena)  (((P10_amoena, P8_amoenaP9_amoena), P11_ornata), (((P12_ornata, P13_lutea), ((P14_ornata, P33_ornata), P20_quilapilun)), ((((P17_arzae, P19_arzae), P32_arzae), P18_davidii), P35_lutea)));
 4064 0.040640 0.706750 13  (P10_amoenaP9_amoena P11_ornata P12_ornata P13_lutea P14_ornata P17_arzae P18_davidii P19_arzae P20_quilapilun P32_arzae P33_ornata P35_lutea P8_amoena)  (((P10_amoenaP9_amoena, P8_amoena), P11_ornata), (((P12_ornata, P13_lutea), ((P14_ornata, P33_ornata), P20_quilapilun)), ((((P17_arzae, P32_arzae), P19_arzae), P18_davidii), P35_lutea)));
 3368 0.033680 0.740430 13  (P10_amoenaP9_amoena P11_ornata P12_ornata P13_lutea P14_ornata P17_arzae P18_davidii P19_arzae P20_quilapilun P32_arzae P33_ornata P35_lutea P8_amoena)  (((P10_amoenaP9_amoena, P8_amoena), P11_ornata), (((P12_ornata, P13_lutea), ((P14_ornata, P33_ornata), P20_quilapilun)), ((P17_arzae, ((P18_davidii, P19_arzae), P32_arzae)), P35_lutea)));
 3255 0.032550 0.772980 13  (P10_amoenaP9_amoena P11_ornata P12_ornata P13_lutea P14_ornata P17_arzae P18_davidii P19_arzae P20_quilapilun P32_arzae P33_ornata P35_lutea P8_amoena)  (((P10_amoenaP9_amoena, P8_amoena), P11_ornata), (((P12_ornata, P13_lutea), ((P14_ornata, P33_ornata), P20_quilapilun)), (((P17_arzae, P32_arzae), (P18_davidii, P19_arzae)), P35_lutea)));
 3211 0.032110 0.805090 13  (P10_amoenaP9_amoena P11_ornata P12_ornata P13_lutea P14_ornata P17_arzae P18_davidii P19_arzae P20_quilapilun P32_arzae P33_ornata P35_lutea P8_amoena)  (((P10_amoenaP9_amoena, P8_amoena), P11_ornata), (((P12_ornata, P13_lutea), ((P14_ornata, P33_ornata), P20_quilapilun)), (((P17_arzae, P18_davidii), (P19_arzae, P32_arzae)), P35_lutea)));
 2986 0.029860 0.834950 13  (P10_amoena P11_ornata P12_ornata P13_lutea P14_ornata P17_arzae P18_davidii P19_arzae P20_quilapilun P32_arzae P33_ornata P35_lutea P8_amoenaP9_amoena)  (((P10_amoena, P8_amoenaP9_amoena), P11_ornata), (((P12_ornata, P13_lutea), ((P14_ornata, P33_ornata), P20_quilapilun)), ((((P17_arzae, P19_arzae), P18_davidii), P32_arzae), P35_lutea)));
 2738 0.027380 0.862330 13  (P10_amoenaP9_amoena P11_ornata P12_ornata P13_lutea P14_ornata P17_arzae P18_davidii P19_arzae P20_quilapilun P32_arzae P33_ornata P35_lutea P8_amoena)  (((P10_amoenaP9_amoena, P8_amoena), P11_ornata), (((P12_ornata, P13_lutea), ((P14_ornata, P33_ornata), P20_quilapilun)), (((P17_arzae, P19_arzae), (P18_davidii, P32_arzae)), P35_lutea)));
 2066 0.020660 0.882990 13  (P10_amoena P11_ornata P12_ornata P13_lutea P14_ornata P17_arzae P18_davidii P19_arzae P20_quilapilun P32_arzae P33_ornata P35_lutea P8_amoenaP9_amoena)  (((P10_amoena, P8_amoenaP9_amoena), P11_ornata), (((P12_ornata, P13_lutea), ((P14_ornata, P33_ornata), P20_quilapilun)), ((P17_arzae, (P18_davidii, (P19_arzae, P32_arzae))), P35_lutea)));
 1696 0.016960 0.899950 13  (P10_amoena P11_ornata P12_ornata P13_lutea P14_ornata P17_arzae P18_davidii P19_arzae P20_quilapilun P32_arzae P33_ornata P35_lutea P8_amoenaP9_amoena)  (((P10_amoena, P8_amoenaP9_amoena), P11_ornata), (((P12_ornata, P13_lutea), ((P14_ornata, P33_ornata), P20_quilapilun)), (((P17_arzae, (P19_arzae, P32_arzae)), P18_davidii), P35_lutea)));
 1633 0.016330 0.916280 13  (P10_amoenaP9_amoena P11_ornata P12_ornata P13_lutea P14_ornata P17_arzae P18_davidii P19_arzae P20_quilapilun P32_arzae P33_ornata P35_lutea P8_amoena)  (((P10_amoenaP9_amoena, P8_amoena), P11_ornata), (((P12_ornata, P13_lutea), ((P14_ornata, P33_ornata), P20_quilapilun)), ((((P17_arzae, P18_davidii), P19_arzae), P32_arzae), P35_lutea)));
 1550 0.015500 0.931780 13  (P10_amoena P11_ornata P12_ornata P13_lutea P14_ornata P17_arzae P18_davidii P19_arzae P20_quilapilun P32_arzae P33_ornata P35_lutea P8_amoenaP9_amoena)  (((P10_amoena, P8_amoenaP9_amoena), P11_ornata), (((P12_ornata, P13_lutea), ((P14_ornata, P33_ornata), P20_quilapilun)), (((P17_arzae, P19_arzae), (P18_davidii, P32_arzae)), P35_lutea)));
 1091 0.010910 0.942690 13  (P10_amoena P11_ornata P12_ornata P13_lutea P14_ornata P17_arzae P18_davidii P19_arzae P20_quilapilun P32_arzae P33_ornata P35_lutea P8_amoenaP9_amoena)  (((P10_amoena, P8_amoenaP9_amoena), P11_ornata), (((P12_ornata, P13_lutea), ((P14_ornata, P33_ornata), P20_quilapilun)), ((((P17_arzae, P32_arzae), P19_arzae), P18_davidii), P35_lutea)));
  628 0.006280 0.948970 13  (P10_amoenaP9_amoena P11_ornata P12_ornata P13_lutea P14_ornata P17_arzae P18_davidii P19_arzae P20_quilapilun P32_arzae P33_ornata P35_lutea P8_amoena)  (((P10_amoenaP9_amoena, P8_amoena), P11_ornata), (((P12_ornata, P13_lutea), ((P14_ornata, P33_ornata), P20_quilapilun)), ((P17_arzae, ((P18_davidii, P32_arzae), P19_arzae)), P35_lutea)));
  517 0.005170 0.954140 13  (P10_amoena P11_ornata P12_ornata P13_lutea P14_ornata P17_arzae P18_davidii P19_arzae P20_quilapilun P32_arzae P33_ornata P35_lutea P8_amoenaP9_amoena)  (((P10_amoena, P8_amoenaP9_amoena), P11_ornata), (((P12_ornata, P13_lutea), ((P14_ornata, P33_ornata), P20_quilapilun)), (((P17_arzae, P18_davidii), (P19_arzae, P32_arzae)), P35_lutea)));
  502 0.005020 0.959160 13  (P10_amoena P11_ornata P12_ornata P13_lutea P14_ornata P17_arzae P18_davidii P19_arzae P20_quilapilun P32_arzae P33_ornata P35_lutea P8_amoenaP9_amoena)  (((P10_amoena, P8_amoenaP9_amoena), P11_ornata), (((P12_ornata, P13_lutea), ((P14_ornata, P33_ornata), P20_quilapilun)), (((P17_arzae, P32_arzae), (P18_davidii, P19_arzae)), P35_lutea)));
  479 0.004790 0.963950 13  (P10_amoena P11_ornata P12_ornata P13_lutea P14_ornata P17_arzae P18_davidii P19_arzae P20_quilapilun P32_arzae P33_ornata P35_lutea P8_amoenaP9_amoena)  (((P10_amoena, P8_amoenaP9_amoena), P11_ornata), (((P12_ornata, P13_lutea), ((P14_ornata, P33_ornata), P20_quilapilun)), ((P17_arzae, ((P18_davidii, P19_arzae), P32_arzae)), P35_lutea)));
  428 0.004280 0.968230 13  (P10_amoena P11_ornata P12_ornata P13_lutea P14_ornata P17_arzae P18_davidii P19_arzae P20_quilapilun P32_arzae P33_ornata P35_lutea P8_amoenaP9_amoena)  (((P10_amoena, P8_amoenaP9_amoena), P11_ornata), (((P12_ornata, P13_lutea), ((P14_ornata, P33_ornata), P20_quilapilun)), (((P17_arzae, (P18_davidii, P19_arzae)), P32_arzae), P35_lutea)));
  358 0.003580 0.971810 13  (P10_amoena P11_ornata P12_ornata P13_lutea P14_ornata P17_arzae P18_davidii P19_arzae P20_quilapilun P32_arzae P33_ornata P35_lutea P8_amoenaP9_amoena)  (((P10_amoena, P8_amoenaP9_amoena), P11_ornata), (((P12_ornata, P13_lutea), ((P14_ornata, P33_ornata), P20_quilapilun)), ((P17_arzae, ((P18_davidii, P32_arzae), P19_arzae)), P35_lutea)));
  328 0.003280 0.975090 14  (P10_amoena P11_ornata P12_ornata P13_lutea P14_ornata P17_arzae P18_davidii P19_arzae P20_quilapilun P32_arzae P33_ornata P35_lutea P8_amoena P9_amoena)  (((P10_amoena, (P8_amoena, P9_amoena)), P11_ornata), (((P12_ornata, P13_lutea), ((P14_ornata, P33_ornata), P20_quilapilun)), ((P17_arzae, (P18_davidii, (P19_arzae, P32_arzae))), P35_lutea)));
  293 0.002930 0.978020 13  (P10_amoenaP9_amoena P11_ornata P12_ornata P13_lutea P14_ornata P17_arzae P18_davidii P19_arzae P20_quilapilun P32_arzae P33_ornata P35_lutea P8_amoena)  (((P10_amoenaP9_amoena, P8_amoena), P11_ornata), (((P12_ornata, P13_lutea), ((P14_ornata, P33_ornata), P20_quilapilun)), ((((P17_arzae, P18_davidii), P32_arzae), P19_arzae), P35_lutea)));
  278 0.002780 0.980800 14  (P10_amoena P11_ornata P12_ornata P13_lutea P14_ornata P17_arzae P18_davidii P19_arzae P20_quilapilun P32_arzae P33_ornata P35_lutea P8_amoena P9_amoena)  ((((P10_amoena, P9_amoena), P8_amoena), P11_ornata), (((P12_ornata, P13_lutea), ((P14_ornata, P33_ornata), P20_quilapilun)), ((((P17_arzae, P19_arzae), P32_arzae), P18_davidii), P35_lutea)));
  268 0.002680 0.983480 14  (P10_amoena P11_ornata P12_ornata P13_lutea P14_ornata P17_arzae P18_davidii P19_arzae P20_quilapilun P32_arzae P33_ornata P35_lutea P8_amoena P9_amoena)  (((P10_amoena, (P8_amoena, P9_amoena)), P11_ornata), (((P12_ornata, P13_lutea), ((P14_ornata, P33_ornata), P20_quilapilun)), ((((P17_arzae, P19_arzae), P32_arzae), P18_davidii), P35_lutea)));
  227 0.002270 0.985750 14  (P10_amoena P11_ornata P12_ornata P13_lutea P14_ornata P17_arzae P18_davidii P19_arzae P20_quilapilun P32_arzae P33_ornata P35_lutea P8_amoena P9_amoena)  (((P10_amoena, (P8_amoena, P9_amoena)), P11_ornata), (((P12_ornata, P13_lutea), ((P14_ornata, P33_ornata), P20_quilapilun)), ((((P17_arzae, P19_arzae), P18_davidii), P32_arzae), P35_lutea)));
  222 0.002220 0.987970 13  (P10_amoena P11_ornata P12_ornata P13_lutea P14_ornata P17_arzae P18_davidii P19_arzae P20_quilapilun P32_arzae P33_ornata P35_lutea P8_amoenaP9_amoena)  (((P10_amoena, P8_amoenaP9_amoena), P11_ornata), (((P12_ornata, P13_lutea), ((P14_ornata, P33_ornata), P20_quilapilun)), ((((P17_arzae, P18_davidii), P19_arzae), P32_arzae), P35_lutea)));
  178 0.001780 0.989750 14  (P10_amoena P11_ornata P12_ornata P13_lutea P14_ornata P17_arzae P18_davidii P19_arzae P20_quilapilun P32_arzae P33_ornata P35_lutea P8_amoena P9_amoena)  ((((P10_amoena, P9_amoena), P8_amoena), P11_ornata), (((P12_ornata, P13_lutea), ((P14_ornata, P33_ornata), P20_quilapilun)), (((P17_arzae, (P18_davidii, P19_arzae)), P32_arzae), P35_lutea)));
  163 0.001630 0.991380 14  (P10_amoena P11_ornata P12_ornata P13_lutea P14_ornata P17_arzae P18_davidii P19_arzae P20_quilapilun P32_arzae P33_ornata P35_lutea P8_amoena P9_amoena)  ((((P10_amoena, P9_amoena), P8_amoena), P11_ornata), (((P12_ornata, P13_lutea), ((P14_ornata, P33_ornata), P20_quilapilun)), ((((P17_arzae, P19_arzae), P18_davidii), P32_arzae), P35_lutea)));
  115 0.001150 0.992530 14  (P10_amoena P11_ornata P12_ornata P13_lutea P14_ornata P17_arzae P18_davidii P19_arzae P20_quilapilun P32_arzae P33_ornata P35_lutea P8_amoena P9_amoena)  ((((P10_amoena, P9_amoena), P8_amoena), P11_ornata), (((P12_ornata, P13_lutea), ((P14_ornata, P33_ornata), P20_quilapilun)), (((P17_arzae, (P19_arzae, P32_arzae)), P18_davidii), P35_lutea)));
  110 0.001100 0.993630 14  (P10_amoena P11_ornata P12_ornata P13_lutea P14_ornata P17_arzae P18_davidii P19_arzae P20_quilapilun P32_arzae P33_ornata P35_lutea P8_amoena P9_amoena)  ((((P10_amoena, P9_amoena), P8_amoena), P11_ornata), (((P12_ornata, P13_lutea), ((P14_ornata, P33_ornata), P20_quilapilun)), ((((P17_arzae, P32_arzae), P19_arzae), P18_davidii), P35_lutea)));
   79 0.000790 0.994420 13  (P10_amoenaP9_amoena P11_ornata P12_ornata P13_lutea P14_ornata P17_arzae P18_davidii P19_arzae P20_quilapilun P32_arzae P33_ornata P35_lutea P8_amoena)  (((P10_amoenaP9_amoena, P8_amoena), P11_ornata), (((P12_ornata, P13_lutea), ((P14_ornata, P33_ornata), P20_quilapilun)), (((P17_arzae, (P18_davidii, P32_arzae)), P19_arzae), P35_lutea)));
   74 0.000740 0.995160 13  (P10_amoena P11_ornata P12_ornata P13_lutea P14_ornata P17_arzae P18_davidii P19_arzae P20_quilapilun P32_arzae P33_ornata P35_lutea P8_amoenaP9_amoena)  (((P10_amoena, P8_amoenaP9_amoena), P11_ornata), (((P12_ornata, P13_lutea), ((P14_ornata, P33_ornata), P20_quilapilun)), ((((P17_arzae, P32_arzae), P18_davidii), P19_arzae), P35_lutea)));
   67 0.000670 0.995830 14  (P10_amoena P11_ornata P12_ornata P13_lutea P14_ornata P17_arzae P18_davidii P19_arzae P20_quilapilun P32_arzae P33_ornata P35_lutea P8_amoena P9_amoena)  (((P10_amoena, (P8_amoena, P9_amoena)), P11_ornata), (((P12_ornata, P13_lutea), ((P14_ornata, P33_ornata), P20_quilapilun)), ((((P17_arzae, P32_arzae), P19_arzae), P18_davidii), P35_lutea)));
   57 0.000570 0.996400 14  (P10_amoena P11_ornata P12_ornata P13_lutea P14_ornata P17_arzae P18_davidii P19_arzae P20_quilapilun P32_arzae P33_ornata P35_lutea P8_amoena P9_amoena)  ((((P10_amoena, P9_amoena), P8_amoena), P11_ornata), (((P12_ornata, P13_lutea), ((P14_ornata, P33_ornata), P20_quilapilun)), ((P17_arzae, (P18_davidii, (P19_arzae, P32_arzae))), P35_lutea)));
   45 0.000450 0.996850 13  (P10_amoenaP9_amoena P11_ornata P12_ornata P13_lutea P14_ornata P17_arzae P18_davidii P19_arzae P20_quilapilun P32_arzae P33_ornata P35_lutea P8_amoena)  (((P10_amoenaP9_amoena, P8_amoena), P11_ornata), (((P12_ornata, P13_lutea), ((P14_ornata, P33_ornata), P20_quilapilun)), ((((P17_arzae, P32_arzae), P18_davidii), P19_arzae), P35_lutea)));
   45 0.000450 0.997300 14  (P10_amoena P11_ornata P12_ornata P13_lutea P14_ornata P17_arzae P18_davidii P19_arzae P20_quilapilun P32_arzae P33_ornata P35_lutea P8_amoena P9_amoena)  (((P10_amoena, (P8_amoena, P9_amoena)), P11_ornata), (((P12_ornata, P13_lutea), ((P14_ornata, P33_ornata), P20_quilapilun)), (((P17_arzae, (P19_arzae, P32_arzae)), P18_davidii), P35_lutea)));
   40 0.000400 0.997700 14  (P10_amoena P11_ornata P12_ornata P13_lutea P14_ornata P17_arzae P18_davidii P19_arzae P20_quilapilun P32_arzae P33_ornata P35_lutea P8_amoena P9_amoena)  (((P10_amoena, (P8_amoena, P9_amoena)), P11_ornata), (((P12_ornata, P13_lutea), ((P14_ornata, P33_ornata), P20_quilapilun)), (((P17_arzae, P19_arzae), (P18_davidii, P32_arzae)), P35_lutea)));
   35 0.000350 0.998050 14  (P10_amoena P11_ornata P12_ornata P13_lutea P14_ornata P17_arzae P18_davidii P19_arzae P20_quilapilun P32_arzae P33_ornata P35_lutea P8_amoena P9_amoena)  ((((P10_amoena, P9_amoena), P8_amoena), P11_ornata), (((P12_ornata, P13_lutea), ((P14_ornata, P33_ornata), P20_quilapilun)), ((P17_arzae, ((P18_davidii, P19_arzae), P32_arzae)), P35_lutea)));
   30 0.000300 0.998350 14  (P10_amoena P11_ornata P12_ornata P13_lutea P14_ornata P17_arzae P18_davidii P19_arzae P20_quilapilun P32_arzae P33_ornata P35_lutea P8_amoena P9_amoena)  ((((P10_amoena, P9_amoena), P8_amoena), P11_ornata), (((P12_ornata, P13_lutea), ((P14_ornata, P33_ornata), P20_quilapilun)), (((P17_arzae, P32_arzae), (P18_davidii, P19_arzae)), P35_lutea)));
   29 0.000290 0.998640 14  (P10_amoena P11_ornata P12_ornata P13_lutea P14_ornata P17_arzae P18_davidii P19_arzae P20_quilapilun P32_arzae P33_ornata P35_lutea P8_amoena P9_amoena)  (((P10_amoena, (P8_amoena, P9_amoena)), P11_ornata), (((P12_ornata, P13_lutea), ((P14_ornata, P33_ornata), P20_quilapilun)), (((P17_arzae, P18_davidii), (P19_arzae, P32_arzae)), P35_lutea)));
   20 0.000200 0.998840 14  (P10_amoena P11_ornata P12_ornata P13_lutea P14_ornata P17_arzae P18_davidii P19_arzae P20_quilapilun P32_arzae P33_ornata P35_lutea P8_amoena P9_amoena)  ((((P10_amoena, P8_amoena), P9_amoena), P11_ornata), (((P12_ornata, P13_lutea), ((P14_ornata, P33_ornata), P20_quilapilun)), (((P17_arzae, (P19_arzae, P32_arzae)), P18_davidii), P35_lutea)));
   18 0.000180 0.999020 13  (P10_amoena P11_ornata P12_ornata P13_lutea P14_ornata P17_arzae P18_davidii P19_arzae P20_quilapilun P32_arzae P33_ornata P35_lutea P8_amoenaP9_amoena)  (((P10_amoena, P8_amoenaP9_amoena), P11_ornata), (((P12_ornata, P13_lutea), ((P14_ornata, P33_ornata), P20_quilapilun)), (((P17_arzae, (P18_davidii, P32_arzae)), P19_arzae), P35_lutea)));
   17 0.000170 0.999190 14  (P10_amoena P11_ornata P12_ornata P13_lutea P14_ornata P17_arzae P18_davidii P19_arzae P20_quilapilun P32_arzae P33_ornata P35_lutea P8_amoena P9_amoena)  (((P10_amoena, (P8_amoena, P9_amoena)), P11_ornata), (((P12_ornata, P13_lutea), ((P14_ornata, P33_ornata), P20_quilapilun)), (((P17_arzae, (P18_davidii, P19_arzae)), P32_arzae), P35_lutea)));
   16 0.000160 0.999350 14  (P10_amoena P11_ornata P12_ornata P13_lutea P14_ornata P17_arzae P18_davidii P19_arzae P20_quilapilun P32_arzae P33_ornata P35_lutea P8_amoena P9_amoena)  (((P10_amoena, (P8_amoena, P9_amoena)), P11_ornata), (((P12_ornata, P13_lutea), ((P14_ornata, P33_ornata), P20_quilapilun)), ((P17_arzae, ((P18_davidii, P19_arzae), P32_arzae)), P35_lutea)));
   16 0.000160 0.999510 14  (P10_amoena P11_ornata P12_ornata P13_lutea P14_ornata P17_arzae P18_davidii P19_arzae P20_quilapilun P32_arzae P33_ornata P35_lutea P8_amoena P9_amoena)  (((P10_amoena, (P8_amoena, P9_amoena)), P11_ornata), (((P12_ornata, P13_lutea), ((P14_ornata, P33_ornata), P20_quilapilun)), ((P17_arzae, ((P18_davidii, P32_arzae), P19_arzae)), P35_lutea)));
   14 0.000140 0.999650 14  (P10_amoena P11_ornata P12_ornata P13_lutea P14_ornata P17_arzae P18_davidii P19_arzae P20_quilapilun P32_arzae P33_ornata P35_lutea P8_amoena P9_amoena)  ((((P10_amoena, P8_amoena), P9_amoena), P11_ornata), (((P12_ornata, P13_lutea), ((P14_ornata, P33_ornata), P20_quilapilun)), ((((P17_arzae, P19_arzae), P32_arzae), P18_davidii), P35_lutea)));
   13 0.000130 0.999780 14  (P10_amoena P11_ornata P12_ornata P13_lutea P14_ornata P17_arzae P18_davidii P19_arzae P20_quilapilun P32_arzae P33_ornata P35_lutea P8_amoena P9_amoena)  (((P10_amoena, (P8_amoena, P9_amoena)), P11_ornata), (((P12_ornata, P13_lutea), ((P14_ornata, P33_ornata), P20_quilapilun)), (((P17_arzae, P32_arzae), (P18_davidii, P19_arzae)), P35_lutea)));
   12 0.000120 0.999900 14  (P10_amoena P11_ornata P12_ornata P13_lutea P14_ornata P17_arzae P18_davidii P19_arzae P20_quilapilun P32_arzae P33_ornata P35_lutea P8_amoena P9_amoena)  ((((P10_amoena, P9_amoena), P8_amoena), P11_ornata), (((P12_ornata, P13_lutea), ((P14_ornata, P33_ornata), P20_quilapilun)), (((P17_arzae, P18_davidii), (P19_arzae, P32_arzae)), P35_lutea)));
    5 0.000050 0.999950 14  (P10_amoena P11_ornata P12_ornata P13_lutea P14_ornata P17_arzae P18_davidii P19_arzae P20_quilapilun P32_arzae P33_ornata P35_lutea P8_amoena P9_amoena)  ((((P10_amoena, P9_amoena), P8_amoena), P11_ornata), (((P12_ornata, P13_lutea), ((P14_ornata, P33_ornata), P20_quilapilun)), ((((P17_arzae, P18_davidii), P19_arzae), P32_arzae), P35_lutea)));
    2 0.000020 0.999970 14  (P10_amoena P11_ornata P12_ornata P13_lutea P14_ornata P17_arzae P18_davidii P19_arzae P20_quilapilun P32_arzae P33_ornata P35_lutea P8_amoena P9_amoena)  (((P10_amoena, (P8_amoena, P9_amoena)), P11_ornata), (((P12_ornata, P13_lutea), ((P14_ornata, P33_ornata), P20_quilapilun)), ((((P17_arzae, P18_davidii), P19_arzae), P32_arzae), P35_lutea)));
    2 0.000020 0.999990 14  (P10_amoena P11_ornata P12_ornata P13_lutea P14_ornata P17_arzae P18_davidii P19_arzae P20_quilapilun P32_arzae P33_ornata P35_lutea P8_amoena P9_amoena)  ((((P10_amoena, P9_amoena), P8_amoena), P11_ornata), (((P12_ornata, P13_lutea), ((P14_ornata, P33_ornata), P20_quilapilun)), (((P17_arzae, P19_arzae), (P18_davidii, P32_arzae)), P35_lutea)));
    1 0.000010 1.000000 14  (P10_amoena P11_ornata P12_ornata P13_lutea P14_ornata P17_arzae P18_davidii P19_arzae P20_quilapilun P32_arzae P33_ornata P35_lutea P8_amoena P9_amoena)  ((((P10_amoena, P9_amoena), P8_amoena), P11_ornata), (((P12_ornata, P13_lutea), ((P14_ornata, P33_ornata), P20_quilapilun)), ((P17_arzae, ((P18_davidii, P32_arzae), P19_arzae)), P35_lutea)));

(B) 3 species delimitations & their posterior probabilities
81419 0.814190  13 (P10_amoenaP9_amoena P11_ornata P12_ornata P13_lutea P14_ornata P17_arzae P18_davidii P19_arzae P20_quilapilun P32_arzae P33_ornata P35_lutea P8_amoena)
16493 0.164930  13 (P10_amoena P11_ornata P12_ornata P13_lutea P14_ornata P17_arzae P18_davidii P19_arzae P20_quilapilun P32_arzae P33_ornata P35_lutea P8_amoenaP9_amoena)
 2088 0.020880  14 (P10_amoena P11_ornata P12_ornata P13_lutea P14_ornata P17_arzae P18_davidii P19_arzae P20_quilapilun P32_arzae P33_ornata P35_lutea P8_amoena P9_amoena)

(C) 16 delimited species & their posterior probabilities
100000 1.000000 P14_ornata
100000 1.000000 P32_arzae
100000 1.000000 P18_davidii
100000 1.000000 P17_arzae
100000 1.000000 P19_arzae
100000 1.000000 P35_lutea
100000 1.000000 P12_ornata
100000 1.000000 P33_ornata
100000 1.000000 P13_lutea
100000 1.000000 P11_ornata
100000 1.000000 P20_quilapilun
 83507 0.835070 P8_amoena
 81419 0.814190 P10_amoenaP9_amoena
 18581 0.185810 P10_amoena
 16493 0.164930 P8_amoenaP9_amoena
  2088 0.020880 P9_amoena

(D) Posterior probability for # of species
P[ 1] = 0.000000  prior[ 1] = 0.013662
P[ 2] = 0.000000  prior[ 2] = 0.013662
P[ 3] = 0.000000  prior[ 3] = 0.019673
P[ 4] = 0.000000  prior[ 4] = 0.030056
P[ 5] = 0.000000  prior[ 5] = 0.045738
P[ 6] = 0.000000  prior[ 6] = 0.067359
P[ 7] = 0.000000  prior[ 7] = 0.094089
P[ 8] = 0.000000  prior[ 8] = 0.122316
P[ 9] = 0.000000  prior[ 9] = 0.144848
P[10] = 0.000000  prior[10] = 0.152001
P[11] = 0.000000  prior[11] = 0.135907
P[12] = 0.000000  prior[12] = 0.097297
P[13] = 0.979120  prior[13] = 0.049730
P[14] = 0.020880  prior[14] = 0.013662
