
  5% 0.53 0.24 0.37 0.28 0.32 0.76  23 0.0000 1100111101000  25.31066 -280542.13 -26.26 3:53:36
 10% 0.53 0.24 0.37 0.28 0.31 0.76  23 0.0000 1100111101000  35.32055 -280481.62 -26.11 7:42:33
 15% 0.53 0.24 0.37 0.28 0.31 0.76  23 0.0000 1100111101000  38.76986 -280540.81 -26.25 11:42:14
 20% 0.53 0.24 0.37 0.28 0.31 0.76  23 0.0000 1100111101000  39.48592 -280533.49 -26.50 15:05:40
 25% 0.53 0.24 0.37 0.28 0.31 0.76  23 0.0000 1100111101000  37.98363 -280580.32 -26.72 18:52:20
 30% 0.53 0.24 0.37 0.28 0.31 0.77  23 0.0000 1100111101000  38.24396 -280468.46 -26.22 22:55:26
 35% 0.53 0.24 0.37 0.28 0.31 0.77  23 0.0000 1100111101000  36.78933 -280489.37 -26.25 26:43:40
 40% 0.53 0.24 0.37 0.28 0.31 0.77  23 0.0000 1100111101000  34.47022 -280453.75 -26.12 30:23:59
 45% 0.53 0.24 0.37 0.28 0.30 0.77  23 0.0000 1100111101000  34.18964 -280509.03 -26.13 34:12:28
 50% 0.53 0.24 0.37 0.28 0.30 0.77  23 0.0000 1100111101000  32.96762 -280471.33 -26.05 38:04:01
 55% 0.53 0.24 0.37 0.28 0.30 0.77  23 0.0000 1100111101000  33.47952 -280443.60 -26.08 41:49:34
 60% 0.53 0.24 0.37 0.28 0.30 0.77  23 0.0000 1100111101000  33.05961 -280490.24 -26.72 45:19:50
 65% 0.53 0.24 0.37 0.28 0.30 0.77  23 0.0000 1100111101000  32.04367 -280454.90 -26.44 48:47:48
 70% 0.53 0.24 0.37 0.28 0.30 0.77  23 0.0000 1100111101000  32.44290 -280511.10 -26.31 52:17:07
 75% 0.53 0.24 0.37 0.28 0.30 0.77  23 0.0000 1100111101000  33.72170 -280535.70 -26.27 55:40:16
 80% 0.53 0.24 0.37 0.28 0.30 0.77  23 0.0000 1100111101000  34.15722 -280462.28 -26.20 58:39:07
 85% 0.53 0.24 0.37 0.28 0.30 0.77  23 0.0000 1100111101000  35.09100 -280510.02 -26.05 61:17:34
 90% 0.53 0.24 0.37 0.28 0.30 0.77  23 0.0000 1100111101000  35.49924 -280469.45 -26.13 63:53:48
 95% 0.53 0.24 0.37 0.28 0.30 0.77  23 0.0000 1100111101000  36.30875 -280446.05 -26.59 66:30:48
100% 0.53 0.24 0.37 0.28 0.30 0.77  23 0.0000 1100111101000  38.65254 -280413.98 -26.22 69:08:34

Time used: 69:08:34
PrSplit = 0.500000
rj algorithm 1: new theta from G(a=2.00, m=1.00)

Tree frequencies (Ancestral nodes in order:  15 P11P10P8P9P12P13P20P14P33P35P32P17P19P18 16 P11P10P8P9 17 P10P8P9 18 P8P9 19 P12P13P20P14P33P35P32P17P19P18 20 P13P20P14P33P35P32P17P19P18 21 P13P20P14P33 22 P20P14P33 23 P14P33 24 P35P32P17P19P18 25 P32P17P19P18 26 P17P19P18 27 P19P18)
 6632  1100111101000   200000  1.000000

Guide tree with posterior probability for presence of nodes
((P11, (P10, (P8, P9)))'#1', (P12, ((P13, (P20, (P14, P33))'#1')'#1', (P35, (P32, (P17, (P19, P18))))'#1')'#1')'#1')'#1';

Summarizing parameters for the MAP tree 1100111101000

100001 records, 28 variables
   Collecting min, max, and mean  69:08:35
   Collecting median, percentiles

