  5% 0.54 0.22 0.43 0.30 0.33 0.68  11 0.0000 110001000  53.53784 -220119.66 -24.15 1:03:19
 10% 0.54 0.22 0.43 0.29 0.33 0.68  11 0.0000 110001000  76.18911 -220101.51 -24.10 2:01:44
 15% 0.54 0.22 0.43 0.28 0.34 0.68  11 0.0000 110001000  100.43293 -220069.35 -26.01 3:00:33
 20% 0.54 0.22 0.45 0.30 0.34 0.68  11 0.0000 110001000  131.45389 -220157.99 -25.92 4:00:04
 25% 0.54 0.22 0.48 0.32 0.33 0.68  11 0.0000 110001000  150.79294 -220168.19 -24.15 4:59:32
 30% 0.54 0.22 0.49 0.33 0.33 0.68  11 0.0000 110001000  155.10567 -220110.78 -24.25 6:03:28
 35% 0.54 0.22 0.50 0.34 0.33 0.68  11 0.0000 110001000  160.64295 -220118.97 -23.90 7:16:09
 40% 0.54 0.22 0.51 0.35 0.33 0.68  11 0.0000 110001000  168.98105 -220063.81 -24.10 8:30:35
 45% 0.54 0.22 0.52 0.36 0.33 0.68  11 0.0000 110001000  168.57341 -220095.86 -23.97 9:41:55
 50% 0.54 0.22 0.52 0.36 0.33 0.68  11 0.0000 110001000  165.88050 -220051.15 -24.20 10:49:51
 55% 0.54 0.22 0.53 0.36 0.34 0.68  11 0.0000 110001000  161.63702 -220071.72 -24.10 11:54:15
 60% 0.54 0.22 0.53 0.37 0.34 0.68  11 0.0000 110001000  162.28798 -220072.97 -23.93 12:51:56
 65% 0.54 0.22 0.53 0.37 0.34 0.68  11 0.0000 110001000  165.84693 -220154.01 -24.06 13:50:10
 70% 0.54 0.22 0.54 0.37 0.34 0.68  11 0.0000 110001000  167.54680 -220114.20 -23.97 14:50:46
 75% 0.54 0.22 0.54 0.37 0.34 0.68  11 0.0000 110001000  169.47477 -220149.15 -24.08 15:52:22
 80% 0.54 0.22 0.54 0.37 0.34 0.68  11 0.0000 110001000  173.86349 -220084.19 -24.52 16:57:03
 85% 0.54 0.22 0.54 0.37 0.34 0.68  11 0.0000 110001000  177.20739 -220045.34 -23.88 18:03:51
 90% 0.54 0.22 0.55 0.38 0.34 0.68  11 0.0000 110001000  179.33355 -220066.25 -23.91 19:12:24
 95% 0.54 0.22 0.55 0.38 0.34 0.68  11 0.0000 110001000  179.12834 -220098.75 -23.90 20:23:21
100% 0.54 0.22 0.55 0.38 0.34 0.68  11 0.0000 110001000  177.92880 -220025.33 -24.36 21:34:45

Time used: 21:34:45
PrSplit = 0.500000
rj algorithm 1: new theta from G(a=2.00, m=1.00)

Tree frequencies (Ancestral nodes in order:  11 P21P15P31P6P34P5P27P3P1P4 12 P15P31P6P34P5P27P3P1P4 13 P15P31P6P34 14 P15P31 15 P6P34 16 P5P27P3P1P4 17 P27P3P1P4 18 P3P1P4 19 P1P4)
  392  110001000   200000  1.000000

Guide tree with posterior probability for presence of nodes
(P21, (((P15, P31), (P6, P34)), (P5, (P27, (P3, (P1, P4))))'#1')'#1')'#1';

Summarizing parameters for the MAP tree 110001000

100001 records, 16 variables
   Collecting min, max, and mean  21:34:46
   Collecting median, percentiles

