  5% 0.52 0.24 0.33 0.17 0.43 0.76  26 0.0004 1100111101100  40.90062 -280559.25 -26.10 3:57:27
 10% 0.52 0.24 0.34 0.20 0.43 0.77  32 0.0003 1100111101111  61.62188 -280636.20 -26.45 7:53:07
 15% 0.52 0.25 0.35 0.21 0.43 0.76  32 0.0002 1100111101111  69.70910 -280634.11 -26.75 11:54:58
 20% 0.52 0.25 0.35 0.21 0.43 0.76  32 0.0001 1100111101111  69.48307 -280608.17 -26.38 15:24:59
 25% 0.52 0.25 0.36 0.21 0.43 0.77  32 0.0001 1100111101111  69.86091 -280513.67 -27.07 19:21:43
 30% 0.52 0.25 0.36 0.22 0.43 0.77  32 0.0001 1100111101111  70.39311 -280564.11 -26.08 23:29:17
 35% 0.52 0.25 0.37 0.22 0.43 0.77  32 0.0001 1100111101111  72.70585 -280528.09 -26.08 27:21:01
 40% 0.52 0.25 0.37 0.22 0.43 0.77  32 0.0001 1100111101111  74.00591 -280528.18 -26.51 31:05:34
 45% 0.52 0.25 0.37 0.22 0.43 0.77  32 0.0001 1100111101111  74.25851 -280566.67 -26.15 35:03:39
 50% 0.52 0.25 0.37 0.22 0.43 0.77  32 0.0001 1100111101111  73.98633 -280530.40 -26.05 39:00:20
 55% 0.52 0.25 0.37 0.22 0.43 0.77  32 0.0001 1100111101111  73.24729 -280556.33 -26.09 42:47:35
 60% 0.52 0.25 0.37 0.22 0.43 0.77  32 0.0001 1100111101111  74.53633 -280688.88 -26.19 46:24:09
 65% 0.52 0.25 0.37 0.22 0.43 0.77  32 0.0000 1100111101111  76.90128 -280557.06 -26.16 50:00:14
 70% 0.52 0.25 0.37 0.22 0.43 0.77  32 0.0000 1100111101111  79.13963 -280500.63 -26.31 53:34:42
 75% 0.52 0.25 0.37 0.22 0.43 0.77  32 0.0000 1100111101111  78.79116 -280550.50 -26.11 56:53:28
 80% 0.52 0.25 0.37 0.22 0.43 0.77  32 0.0000 1100111101111  78.64662 -280607.39 -26.06 59:47:36
 85% 0.52 0.25 0.37 0.22 0.43 0.77  32 0.0000 1100111101111  79.39898 -280615.63 -26.74 62:28:36
 90% 0.52 0.25 0.37 0.22 0.43 0.77  32 0.0000 1100111101111  82.00753 -280554.46 -26.09 65:09:40
 95% 0.52 0.25 0.37 0.22 0.43 0.77  32 0.0000 1100111101111  85.58067 -280575.51 -26.32 67:51:38
100% 0.52 0.25 0.37 0.22 0.43 0.77  32 0.0000 1100111101111  89.11557 -280623.71 -26.13 70:31:30

Time used: 70:31:30
PrSplit = 0.500000
rj algorithm 1: new theta from G(a=2.00, m=1.00)

Tree frequencies (Ancestral nodes in order:  15 P11P10P8P9P12P13P20P14P33P35P32P17P19P18 16 P11P10P8P9 17 P10P8P9 18 P8P9 19 P12P13P20P14P33P35P32P17P19P18 20 P13P20P14P33P35P32P17P19P18 21 P13P20P14P33 22 P20P14P33 23 P14P33 24 P35P32P17P19P18 25 P32P17P19P18 26 P17P19P18 27 P19P18)
 6636  1100111101100    11928  0.059640
 6638  1100111101110     3134  0.015670
 6639  1100111101111   184938  0.924690

Guide tree with posterior probability for presence of nodes
((P11, (P10, (P8, P9)))'#1.00000', (P12, ((P13, (P20, (P14, P33))'#1.00000')'#1.00000', (P35, (P32, (P17, (P19, P18)'#0.92469')'#0.94036')'#1.00000')'#1.00000')'#1.00000')'#1.00000')'#1.00000';

Summarizing parameters for the MAP tree 1100111101111

92469 records, 37 variables
   Collecting min, max, and mean  70:31:31
   Collecting median, percentiles

