
RAxML-NG v. 0.7.0 BETA released on 22.10.2018 by The Exelixis Lab.
Authors: Alexey Kozlov, Alexandros Stamatakis, Diego Darriba, Tomas Flouri, Benoit Morel.
Latest version: https://github.com/amkozlov/raxml-ng
Questions/problems/suggestions? Please visit: https://groups.google.com/forum/#!forum/raxml

WARNING: This is a BETA release, please use at your own risk!

RAxML-NG was called as follows:

raxml-ng --model cpDNA_6part.txt --msa cpDNA_6IV2020_codnoncod.phy --prefix besttree_8 --seed 22654 --tree pars{1} --threads 24

Analysis options:
  run mode: ML tree search
  start tree(s): parsimony (1)
  random seed: 22654
  tip-inner: OFF
  pattern compression: ON
  per-rate scalers: OFF
  site repeats: ON
  fast spr radius: AUTO
  spr subtree cutoff: 1.000000
  branch lengths: linked (ML estimate, algorithm: NR-FAST)
  SIMD kernels: AVX2
  parallelization: PTHREADS (24 threads), thread pinning: OFF

[00:00:00] Reading alignment from file: cpDNA_6IV2020_codnoncod.phy
[00:00:00] Loaded alignment with 161 taxa and 132374 sites

WARNING: Fully undetermined columns found: 15

NOTE: Reduced alignment (with duplicates and gap-only sites/taxa removed) 
NOTE: was saved to: /mnt/scratch/folklab/rfolk/nicolas_concatenatedchloroplast_redo/besttree/besttree_8.raxml.reduced.phy

NOTE: The corresponding reduced partition file was saved to:
/mnt/scratch/folklab/rfolk/nicolas_concatenatedchloroplast_redo/besttree/besttree_8.raxml.reduced.partition

Alignment comprises 6 partitions and 22713 patterns

Partition 0: codLSC
Model: GTR+FO+G4m
Alignment sites / patterns: 42860 / 3139
Gaps: 0.88 %
Invariant sites: 5.02 %

Partition 1: codSSC
Model: GTR+FO+G4m
Alignment sites / patterns: 13892 / 4018
Gaps: 7.06 %
Invariant sites: 22.45 %

Partition 2: codIR
Model: GTR+FO+G4m
Alignment sites / patterns: 11511 / 405
Gaps: 0.68 %
Invariant sites: 2.14 %

Partition 3: noncodLSC
Model: GTR+FO+G4m
Alignment sites / patterns: 43708 / 12208
Gaps: 7.71 %
Invariant sites: 21.56 %

Partition 4: noncodSSC
Model: GTR+FO+G4m
Alignment sites / patterns: 4913 / 2606
Gaps: 17.42 %
Invariant sites: 42.03 %

Partition 5: noncodIR
Model: GTR+FO+G4m
Alignment sites / patterns: 15475 / 337
Gaps: 1.09 %
Invariant sites: 1.12 %


NOTE: Binary MSA file created: besttree_8.raxml.rba


WARNING: You might be using too many threads (24) for your alignment with 132359 unique patterns.
NOTE:    For the optimal throughput, please consider using fewer threads 
NOTE:    and parallelize across starting trees/bootstrap replicates.
NOTE:    As a general rule-of-thumb, please assign at least 200-1000 alignment patterns per thread.

[00:00:01] Generating 1 parsimony starting tree(s) with 161 taxa
[00:00:03] Data distribution: max. partitions/sites/weight per thread: 2 / 947 / 15152

Starting ML tree search with 1 distinct starting trees

[00:00:03 -962213.816709] Initial branch length optimization
[00:00:04 -255846.772152] Model parameter optimization (eps = 10.000000)
[00:00:08 -248095.948469] AUTODETECT spr round 1 (radius: 5)
[00:00:15 -248024.309018] AUTODETECT spr round 2 (radius: 10)
[00:00:29 -248024.309011] SPR radius for FAST iterations: 5 (autodetect)
[00:00:29 -248024.309011] Model parameter optimization (eps = 3.000000)
[00:00:30 -248024.195360] FAST spr round 1 (radius: 5)
[00:00:36 -248021.887536] FAST spr round 2 (radius: 5)
[00:00:41 -248021.887536] Model parameter optimization (eps = 1.000000)
[00:00:42 -248021.885136] SLOW spr round 1 (radius: 5)
[00:01:01 -248019.805637] SLOW spr round 2 (radius: 5)
[00:01:19 -248016.970340] SLOW spr round 3 (radius: 5)
[00:01:37 -248016.970340] SLOW spr round 4 (radius: 10)
[00:01:55 -248016.970340] SLOW spr round 5 (radius: 15)
[00:02:36 -248016.970340] SLOW spr round 6 (radius: 20)
[00:03:11 -248016.970340] SLOW spr round 7 (radius: 25)
[00:03:17 -248016.970340] Model parameter optimization (eps = 0.100000)

[00:03:18] ML tree search #1, logLikelihood: -248016.970195


Final LogLikelihood: -248016.970195

AIC score: 496779.940390 / AICc score: 496782.054297 / BIC score: 500432.831296
Free parameters (model + branch lengths): 373

Best ML tree saved to: /mnt/scratch/folklab/rfolk/nicolas_concatenatedchloroplast_redo/besttree/besttree_8.raxml.bestTree
Optimized model saved to: /mnt/scratch/folklab/rfolk/nicolas_concatenatedchloroplast_redo/besttree/besttree_8.raxml.bestModel

Execution log saved to: /mnt/scratch/folklab/rfolk/nicolas_concatenatedchloroplast_redo/besttree/besttree_8.raxml.log

Analysis started: 10-Aug-2022 08:14:41 / finished: 10-Aug-2022 08:17:59

Elapsed time: 198.136 seconds

