
RAxML-NG v. 0.7.0 BETA released on 22.10.2018 by The Exelixis Lab.
Authors: Alexey Kozlov, Alexandros Stamatakis, Diego Darriba, Tomas Flouri, Benoit Morel.
Latest version: https://github.com/amkozlov/raxml-ng
Questions/problems/suggestions? Please visit: https://groups.google.com/forum/#!forum/raxml

WARNING: This is a BETA release, please use at your own risk!

RAxML-NG was called as follows:

raxml-ng --model cpDNA_6part.txt --msa cpDNA_6IV2020_codnoncod.phy --prefix besttree_10 --seed 8823 --tree pars{1} --threads 24

Analysis options:
  run mode: ML tree search
  start tree(s): parsimony (1)
  random seed: 8823
  tip-inner: OFF
  pattern compression: ON
  per-rate scalers: OFF
  site repeats: ON
  fast spr radius: AUTO
  spr subtree cutoff: 1.000000
  branch lengths: linked (ML estimate, algorithm: NR-FAST)
  SIMD kernels: AVX2
  parallelization: PTHREADS (24 threads), thread pinning: OFF

[00:00:00] Reading alignment from file: cpDNA_6IV2020_codnoncod.phy
[00:00:00] Loaded alignment with 161 taxa and 132374 sites

WARNING: Fully undetermined columns found: 15

NOTE: Reduced alignment (with duplicates and gap-only sites/taxa removed) 
NOTE: was saved to: /mnt/scratch/folklab/rfolk/nicolas_concatenatedchloroplast_redo/besttree/besttree_10.raxml.reduced.phy

NOTE: The corresponding reduced partition file was saved to:
/mnt/scratch/folklab/rfolk/nicolas_concatenatedchloroplast_redo/besttree/besttree_10.raxml.reduced.partition

Alignment comprises 6 partitions and 22713 patterns

Partition 0: codLSC
Model: GTR+FO+G4m
Alignment sites / patterns: 42860 / 3139
Gaps: 0.88 %
Invariant sites: 5.02 %

Partition 1: codSSC
Model: GTR+FO+G4m
Alignment sites / patterns: 13892 / 4018
Gaps: 7.06 %
Invariant sites: 22.45 %

Partition 2: codIR
Model: GTR+FO+G4m
Alignment sites / patterns: 11511 / 405
Gaps: 0.68 %
Invariant sites: 2.14 %

Partition 3: noncodLSC
Model: GTR+FO+G4m
Alignment sites / patterns: 43708 / 12208
Gaps: 7.71 %
Invariant sites: 21.56 %

Partition 4: noncodSSC
Model: GTR+FO+G4m
Alignment sites / patterns: 4913 / 2606
Gaps: 17.42 %
Invariant sites: 42.03 %

Partition 5: noncodIR
Model: GTR+FO+G4m
Alignment sites / patterns: 15475 / 337
Gaps: 1.09 %
Invariant sites: 1.12 %


NOTE: Binary MSA file created: besttree_10.raxml.rba


WARNING: You might be using too many threads (24) for your alignment with 132359 unique patterns.
NOTE:    For the optimal throughput, please consider using fewer threads 
NOTE:    and parallelize across starting trees/bootstrap replicates.
NOTE:    As a general rule-of-thumb, please assign at least 200-1000 alignment patterns per thread.

[00:00:01] Generating 1 parsimony starting tree(s) with 161 taxa
[00:00:02] Data distribution: max. partitions/sites/weight per thread: 2 / 947 / 15152

Starting ML tree search with 1 distinct starting trees

[00:00:02 -962279.374961] Initial branch length optimization
[00:00:02 -255927.188707] Model parameter optimization (eps = 10.000000)
[00:00:08 -248168.706361] AUTODETECT spr round 1 (radius: 5)
[00:00:14 -248040.598804] AUTODETECT spr round 2 (radius: 10)
[00:00:28 -248040.598804] SPR radius for FAST iterations: 5 (autodetect)
[00:00:28 -248040.598804] Model parameter optimization (eps = 3.000000)
[00:00:29 -248040.489637] FAST spr round 1 (radius: 5)
[00:00:35 -248038.184764] FAST spr round 2 (radius: 5)
[00:00:41 -248038.184764] Model parameter optimization (eps = 1.000000)
[00:00:41 -248038.183180] SLOW spr round 1 (radius: 5)
[00:01:01 -248037.881644] SLOW spr round 2 (radius: 5)
[00:01:20 -248037.881644] SLOW spr round 3 (radius: 10)
[00:01:38 -248037.881644] SLOW spr round 4 (radius: 15)
[00:02:18 -248037.881644] SLOW spr round 5 (radius: 20)
[00:02:53 -248037.881644] SLOW spr round 6 (radius: 25)
[00:03:00 -248037.881644] Model parameter optimization (eps = 0.100000)

[00:03:00] ML tree search #1, logLikelihood: -248037.881510


Final LogLikelihood: -248037.881510

AIC score: 496821.763021 / AICc score: 496823.876928 / BIC score: 500474.653927
Free parameters (model + branch lengths): 373

Best ML tree saved to: /mnt/scratch/folklab/rfolk/nicolas_concatenatedchloroplast_redo/besttree/besttree_10.raxml.bestTree
Optimized model saved to: /mnt/scratch/folklab/rfolk/nicolas_concatenatedchloroplast_redo/besttree/besttree_10.raxml.bestModel

Execution log saved to: /mnt/scratch/folklab/rfolk/nicolas_concatenatedchloroplast_redo/besttree/besttree_10.raxml.log

Analysis started: 10-Aug-2022 08:17:56 / finished: 10-Aug-2022 08:20:56

Elapsed time: 180.803 seconds

