
RAxML-NG v. 0.7.0 BETA released on 22.10.2018 by The Exelixis Lab.
Authors: Alexey Kozlov, Alexandros Stamatakis, Diego Darriba, Tomas Flouri, Benoit Morel.
Latest version: https://github.com/amkozlov/raxml-ng
Questions/problems/suggestions? Please visit: https://groups.google.com/forum/#!forum/raxml

WARNING: This is a BETA release, please use at your own risk!

RAxML-NG was called as follows:

raxml-ng --model cpDNA_6part.txt --msa cpDNA_6IV2020_codnoncod.phy --prefix besttree_6 --seed 14138 --tree pars{1} --threads 24

Analysis options:
  run mode: ML tree search
  start tree(s): parsimony (1)
  random seed: 14138
  tip-inner: OFF
  pattern compression: ON
  per-rate scalers: OFF
  site repeats: ON
  fast spr radius: AUTO
  spr subtree cutoff: 1.000000
  branch lengths: linked (ML estimate, algorithm: NR-FAST)
  SIMD kernels: AVX2
  parallelization: PTHREADS (24 threads), thread pinning: OFF

[00:00:00] Reading alignment from file: cpDNA_6IV2020_codnoncod.phy
[00:00:00] Loaded alignment with 161 taxa and 132374 sites

WARNING: Fully undetermined columns found: 15

NOTE: Reduced alignment (with duplicates and gap-only sites/taxa removed) 
NOTE: was saved to: /mnt/scratch/folklab/rfolk/nicolas_concatenatedchloroplast_redo/besttree/besttree_6.raxml.reduced.phy

NOTE: The corresponding reduced partition file was saved to:
/mnt/scratch/folklab/rfolk/nicolas_concatenatedchloroplast_redo/besttree/besttree_6.raxml.reduced.partition

Alignment comprises 6 partitions and 22713 patterns

Partition 0: codLSC
Model: GTR+FO+G4m
Alignment sites / patterns: 42860 / 3139
Gaps: 0.88 %
Invariant sites: 5.02 %

Partition 1: codSSC
Model: GTR+FO+G4m
Alignment sites / patterns: 13892 / 4018
Gaps: 7.06 %
Invariant sites: 22.45 %

Partition 2: codIR
Model: GTR+FO+G4m
Alignment sites / patterns: 11511 / 405
Gaps: 0.68 %
Invariant sites: 2.14 %

Partition 3: noncodLSC
Model: GTR+FO+G4m
Alignment sites / patterns: 43708 / 12208
Gaps: 7.71 %
Invariant sites: 21.56 %

Partition 4: noncodSSC
Model: GTR+FO+G4m
Alignment sites / patterns: 4913 / 2606
Gaps: 17.42 %
Invariant sites: 42.03 %

Partition 5: noncodIR
Model: GTR+FO+G4m
Alignment sites / patterns: 15475 / 337
Gaps: 1.09 %
Invariant sites: 1.12 %


NOTE: Binary MSA file created: besttree_6.raxml.rba


WARNING: You might be using too many threads (24) for your alignment with 132359 unique patterns.
NOTE:    For the optimal throughput, please consider using fewer threads 
NOTE:    and parallelize across starting trees/bootstrap replicates.
NOTE:    As a general rule-of-thumb, please assign at least 200-1000 alignment patterns per thread.

[00:00:01] Generating 1 parsimony starting tree(s) with 161 taxa
[00:00:02] Data distribution: max. partitions/sites/weight per thread: 2 / 947 / 15152

Starting ML tree search with 1 distinct starting trees

[00:00:03 -962275.927388] Initial branch length optimization
[00:00:04 -255924.257234] Model parameter optimization (eps = 10.000000)
[00:00:09 -248166.685870] AUTODETECT spr round 1 (radius: 5)
[00:00:14 -248049.624630] AUTODETECT spr round 2 (radius: 10)
[00:00:28 -248049.624630] SPR radius for FAST iterations: 5 (autodetect)
[00:00:28 -248049.624630] Model parameter optimization (eps = 3.000000)
[00:00:29 -248049.471042] FAST spr round 1 (radius: 5)
[00:00:35 -248040.677208] FAST spr round 2 (radius: 5)
[00:00:41 -248040.677208] Model parameter optimization (eps = 1.000000)
[00:00:42 -248040.651616] SLOW spr round 1 (radius: 5)
[00:01:02 -248038.780110] SLOW spr round 2 (radius: 5)
[00:01:21 -248035.944380] SLOW spr round 3 (radius: 5)
[00:01:39 -248035.944380] SLOW spr round 4 (radius: 10)
[00:01:59 -248035.944380] SLOW spr round 5 (radius: 15)
[00:02:40 -248035.944380] SLOW spr round 6 (radius: 20)
[00:03:17 -248035.944380] SLOW spr round 7 (radius: 25)
[00:03:24 -248035.944380] Model parameter optimization (eps = 0.100000)

[00:03:25] ML tree search #1, logLikelihood: -248035.943644


Final LogLikelihood: -248035.943644

AIC score: 496817.887288 / AICc score: 496820.001195 / BIC score: 500470.778195
Free parameters (model + branch lengths): 373

Best ML tree saved to: /mnt/scratch/folklab/rfolk/nicolas_concatenatedchloroplast_redo/besttree/besttree_6.raxml.bestTree
Optimized model saved to: /mnt/scratch/folklab/rfolk/nicolas_concatenatedchloroplast_redo/besttree/besttree_6.raxml.bestModel

Execution log saved to: /mnt/scratch/folklab/rfolk/nicolas_concatenatedchloroplast_redo/besttree/besttree_6.raxml.log

Analysis started: 10-Aug-2022 08:14:25 / finished: 10-Aug-2022 08:17:50

Elapsed time: 205.119 seconds

