  5% 0.53 0.22 0.61 0.39 0.31 0.69  14 0.0969 110001100  16.95912 -220181.66 -25.95 1:02:46
 10% 0.53 0.22 0.63 0.43 0.31 0.68  20 0.1369 110001111  29.34651 -220155.19 -24.04 2:02:09
 15% 0.53 0.22 0.64 0.44 0.30 0.68  17 0.1341 110001110  39.16346 -220120.24 -24.11 3:01:50
 20% 0.53 0.22 0.64 0.44 0.30 0.68  17 0.1584 110001110  41.34730 -220191.39 -24.21 4:02:30
 25% 0.53 0.22 0.65 0.45 0.30 0.68  11 0.1763 110001000  45.64061 -220106.57 -23.90 5:04:27
 30% 0.53 0.22 0.65 0.46 0.30 0.68  14 0.1873 110001100  46.44847 -220162.78 -23.91 6:11:52
 35% 0.53 0.22 0.65 0.46 0.30 0.68  11 0.1946 110001000  48.95090 -220085.84 -24.53 7:28:17
 40% 0.53 0.22 0.65 0.46 0.30 0.68  14 0.2024 110001100  50.54828 -220145.17 -24.01 8:44:44
 45% 0.53 0.22 0.66 0.47 0.30 0.68  14 0.2043 110001100  47.99211 -220124.09 -24.05 9:57:21
 50% 0.53 0.22 0.66 0.47 0.30 0.68  20 0.2032 110001111  46.39545 -220056.79 -24.26 11:07:07
 55% 0.53 0.22 0.66 0.47 0.30 0.68  14 0.2019 110001100  44.05517 -220049.00 -24.19 12:10:36
 60% 0.53 0.22 0.66 0.47 0.30 0.68  14 0.2026 110001100  43.06648 -220121.76 -24.00 13:10:29
 65% 0.54 0.22 0.66 0.47 0.30 0.68  20 0.1983 110001111  44.07034 -220132.40 -24.53 14:10:51
 70% 0.54 0.22 0.66 0.47 0.30 0.68  14 0.1998 110001100  43.10505 -220030.15 -24.02 15:14:19
 75% 0.54 0.22 0.66 0.47 0.30 0.68  14 0.2026 110001100  42.35491 -220073.43 -23.97 16:17:59
 80% 0.54 0.22 0.66 0.47 0.30 0.68  14 0.2043 110001100  43.13821 -220057.73 -24.25 17:26:21
 85% 0.54 0.22 0.66 0.47 0.30 0.68  17 0.2046 110001110  43.42775 -220078.93 -24.89 18:36:42
 90% 0.54 0.22 0.66 0.47 0.30 0.68  14 0.2059 110001100  42.29584 -220055.88 -23.90 19:48:33
 95% 0.54 0.22 0.66 0.47 0.30 0.68  17 0.2085 110001110  41.18381 -220071.82 -23.92 21:02:42
100% 0.54 0.22 0.66 0.47 0.30 0.68  11 0.2114 110001000  41.77119 -220081.64 -24.47 22:15:09

Time used: 22:15:09
PrSplit = 0.500000
rj algorithm 1: new theta from G(a=2.00, m=1.00)

Tree frequencies (Ancestral nodes in order:  11 P21P15P31P6P34P5P27P3P1P4 12 P15P31P6P34P5P27P3P1P4 13 P15P31P6P34 14 P15P31 15 P6P34 16 P5P27P3P1P4 17 P27P3P1P4 18 P3P1P4 19 P1P4)
  392  110001000    65545  0.327725
  396  110001100    67870  0.339350
  398  110001110    43154  0.215770
  399  110001111    23431  0.117155

Guide tree with posterior probability for presence of nodes
(P21, (((P15, P31), (P6, P34)), (P5, (P27, (P3, (P1, P4)'#0.11715')'#0.33292')'#0.67227')'#1.00000')'#1.00000')'#1.00000';

Summarizing parameters for the MAP tree 110001100

33934 records, 19 variables
   Collecting min, max, and mean  22:15:09
   Collecting median, percentiles

