bpp v4.2.9_osx_x86_64, 8GB RAM, 8 cores
https://github.com/bpp/bpp

Detected CPU features: mmx sse sse2 sse3 ssse3 sse4.1 sse4.2 popcnt avx avx2
Auto-selected SIMD ISA: AVX2


Starting timer..
Using seed: -1
Parsing species tree... Done
Parsing phylip file... Done

 Locus | Model | Sequences | Length | Ambiguous sites | Compressed | Base freqs 
-------+-------+-----------+--------+-----------------+------------+------------
     1 |  JC69 |        36 |   2116 |             683 |        137 |      Fixed 
     2 |  JC69 |        36 |   1770 |             453 |         95 |      Fixed 
     3 |  JC69 |        36 |   1794 |             609 |        104 |      Fixed 
     4 |  JC69 |        36 |   2561 |             838 |        204 |      Fixed 
     5 |  JC69 |        35 |   2504 |             560 |        178 |      Fixed 
     6 |  JC69 |        36 |   2499 |             645 |        165 |      Fixed 
     7 |  JC69 |        36 |   1655 |            1448 |        138 |      Fixed 
     8 |  JC69 |        36 |   1897 |            1560 |        119 |      Fixed 
     9 |  JC69 |        36 |   3200 |            1422 |        207 |      Fixed 
    10 |  JC69 |        36 |   1809 |            1078 |        144 |      Fixed 
    11 |  JC69 |        36 |   1807 |            1440 |        158 |      Fixed 
    12 |  JC69 |        36 |   2686 |            1124 |        215 |      Fixed 
    13 |  JC69 |        36 |   1885 |             927 |        163 |      Fixed 
    14 |  JC69 |        36 |   3680 |            1662 |        183 |      Fixed 
    15 |  JC69 |        36 |   1880 |             376 |        142 |      Fixed 
    16 |  JC69 |        36 |   1928 |             844 |        157 |      Fixed 
    17 |  JC69 |        36 |   2178 |             994 |        142 |      Fixed 
    18 |  JC69 |        36 |   1784 |             463 |        108 |      Fixed 
    19 |  JC69 |        36 |   2028 |             524 |        117 |      Fixed 
    20 |  JC69 |        36 |   2768 |             503 |        121 |      Fixed 
    21 |  JC69 |        36 |   2367 |             786 |        168 |      Fixed 
    22 |  JC69 |        36 |   1634 |             654 |        201 |      Fixed 
    23 |  JC69 |        36 |   1841 |             238 |        123 |      Fixed 
    24 |  JC69 |        35 |   2676 |            1808 |        206 |      Fixed 
    25 |  JC69 |        36 |   2273 |            1169 |        178 |      Fixed 
    26 |  JC69 |        36 |   2442 |             444 |        146 |      Fixed 
    27 |  JC69 |        36 |   2103 |             469 |        106 |      Fixed 
    28 |  JC69 |        36 |   2197 |             578 |        143 |      Fixed 
    29 |  JC69 |        36 |   2686 |             982 |        157 |      Fixed 
    30 |  JC69 |        36 |   2191 |             452 |        102 |      Fixed 
    31 |  JC69 |        36 |   2809 |             658 |        181 |      Fixed 
    32 |  JC69 |        36 |   2517 |            1350 |        200 |      Fixed 
    33 |  JC69 |        36 |   2796 |            1256 |        230 |      Fixed 
    34 |  JC69 |        36 |   2166 |             960 |        183 |      Fixed 
    35 |  JC69 |        36 |   1893 |             450 |        157 |      Fixed 
    36 |  JC69 |        36 |   1728 |            1096 |        179 |      Fixed 
    37 |  JC69 |        36 |   2263 |            1262 |        265 |      Fixed 
    38 |  JC69 |        36 |   2120 |             506 |        170 |      Fixed 
    39 |  JC69 |        36 |   2428 |             462 |        161 |      Fixed 
    40 |  JC69 |        36 |   3234 |            1621 |        213 |      Fixed 
    41 |  JC69 |        36 |   2250 |             533 |        176 |      Fixed 
    42 |  JC69 |        36 |   2641 |             775 |        220 |      Fixed 
    43 |  JC69 |        36 |   2632 |             423 |        156 |      Fixed 
    44 |  JC69 |        36 |   2269 |             672 |        151 |      Fixed 
    45 |  JC69 |        36 |   2467 |             898 |        163 |      Fixed 
    46 |  JC69 |        36 |   1764 |             821 |        145 |      Fixed 
    47 |  JC69 |        36 |   1738 |            1210 |        166 |      Fixed 
    48 |  JC69 |        36 |   2514 |             703 |        175 |      Fixed 
    49 |  JC69 |        36 |   1720 |             641 |        197 |      Fixed 
    50 |  JC69 |        36 |   2547 |            1795 |        151 |      Fixed 

Parsing map file... Done

Per-locus sequences in data and 'species&tree' tag:
C.File | Data |                Status                | Population
-------+------+--------------------------------------+-----------
     2 |    2 | [OK]                                 | P21_cyrtan
     4 |    4 | [OK]                                 | P15_angust
     3 |    3 | [OK]                                 | P31_angust
     5 |    5 | [OK]                                 | P6_scarla 
     3 |    3 | [OK]                                 | P34_scarla
     2 |    2 | [OK]                                 | P5_cyrtan 
     3 |    3 | [OK]                                 | P16_cyrtan
     3 |    3 | [OK]                                 | P27_cyrtan
     3 |    3 | [OK]                                 | P3_cyrtan 
     3 |    3 | [OK]                                 | P1_cyrtan 
     5 |    5 | [OK]                                 | P4_cyrtan 


Map of populations and ancestors (1 in map indicates ancestor):
   Species                                                                                                     1  2  3  4  5  6  7  8  9  10  11  12  13  14  15  16  17  18  19  20  21
 1 P21_cyrtan                                                                                                  1  0  0  0  0  0  0  0  0  0   0   1   0   0   0   0   0   0   0   0   0
 2 P15_angust                                                                                                  0  1  0  0  0  0  0  0  0  0   0   1   1   1   1   0   0   0   0   0   0
 3 P31_angust                                                                                                  0  0  1  0  0  0  0  0  0  0   0   1   1   1   1   0   0   0   0   0   0
 4 P6_scarla                                                                                                   0  0  0  1  0  0  0  0  0  0   0   1   1   1   0   1   0   0   0   0   0
 5 P34_scarla                                                                                                  0  0  0  0  1  0  0  0  0  0   0   1   1   1   0   1   0   0   0   0   0
 6 P5_cyrtan                                                                                                   0  0  0  0  0  1  0  0  0  0   0   1   1   0   0   0   1   0   0   0   0
 7 P16_cyrtan                                                                                                  0  0  0  0  0  0  1  0  0  0   0   1   1   0   0   0   1   1   0   0   0
 8 P27_cyrtan                                                                                                  0  0  0  0  0  0  0  1  0  0   0   1   1   0   0   0   1   1   1   0   0
 9 P3_cyrtan                                                                                                   0  0  0  0  0  0  0  0  1  0   0   1   1   0   0   0   1   1   1   1   0
10 P1_cyrtan                                                                                                   0  0  0  0  0  0  0  0  0  1   0   1   1   0   0   0   1   1   1   1   1
11 P4_cyrtan                                                                                                   0  0  0  0  0  0  0  0  0  0   1   1   1   0   0   0   1   1   1   1   1
12 P21_cyrtanP15_angustP31_angustP6_scarlaP34_scarlaP5_cyrtanP16_cyrtanP27_cyrtanP3_cyrtanP1_cyrtanP4_cyrtan   0  0  0  0  0  0  0  0  0  0   0   1   0   0   0   0   0   0   0   0   0
13 P15_angustP31_angustP6_scarlaP34_scarlaP5_cyrtanP16_cyrtanP27_cyrtanP3_cyrtanP1_cyrtanP4_cyrtan             0  0  0  0  0  0  0  0  0  0   0   1   1   0   0   0   0   0   0   0   0
14 P15_angustP31_angustP6_scarlaP34_scarla                                                                     0  0  0  0  0  0  0  0  0  0   0   1   1   1   0   0   0   0   0   0   0
15 P15_angustP31_angust                                                                                        0  0  0  0  0  0  0  0  0  0   0   1   1   1   1   0   0   0   0   0   0
16 P6_scarlaP34_scarla                                                                                         0  0  0  0  0  0  0  0  0  0   0   1   1   1   0   1   0   0   0   0   0
17 P5_cyrtanP16_cyrtanP27_cyrtanP3_cyrtanP1_cyrtanP4_cyrtan                                                    0  0  0  0  0  0  0  0  0  0   0   1   1   0   0   0   1   0   0   0   0
18 P16_cyrtanP27_cyrtanP3_cyrtanP1_cyrtanP4_cyrtan                                                             0  0  0  0  0  0  0  0  0  0   0   1   1   0   0   0   1   1   0   0   0
19 P27_cyrtanP3_cyrtanP1_cyrtanP4_cyrtan                                                                       0  0  0  0  0  0  0  0  0  0   0   1   1   0   0   0   1   1   1   0   0
20 P3_cyrtanP1_cyrtanP4_cyrtan                                                                                 0  0  0  0  0  0  0  0  0  0   0   1   1   0   0   0   1   1   1   1   0
21 P1_cyrtanP4_cyrtan                                                                                          0  0  0  0  0  0  0  0  0  0   0   1   1   0   0   0   1   1   1   1   1

Counting delimitations...
[ 11 ]  1 1 1 1 1 1 1 1 1 1 1       nD =   1  Trees = 654729075  Guide =    1  pro=654729075
[ 10 ]  1 1 1 1 1 1 1 1 1 2         nD =  55  Trees = 34459425  Guide =    1  pro=1895268375
[  9 ]  1 1 1 1 1 1 1 1 3           nD = 165  Trees = 2027025  Guide =    3  pro=1003377375
[  9 ]  1 1 1 1 1 1 1 2 2           nD = 990  Trees = 2027025  Guide =    1  pro=2006754750
[  8 ]  1 1 1 1 1 1 1 4             nD = 330  Trees = 135135  Guide =   15  pro=668918250
[  8 ]  1 1 1 1 1 1 2 3             nD = 4620  Trees = 135135  Guide =    3  pro=1872971100
[  7 ]  1 1 1 1 1 1 5               nD = 462  Trees = 10395  Guide =  105  pro=504261450
[  8 ]  1 1 1 1 1 2 2 2             nD = 6930  Trees = 135135  Guide =    1  pro=936485550
[  7 ]  1 1 1 1 1 2 4               nD = 6930  Trees = 10395  Guide =   15  pro=1080560250
[  7 ]  1 1 1 1 1 3 3               nD = 4620  Trees = 10395  Guide =    9  pro=432224100
[  6 ]  1 1 1 1 1 6                 nD = 462  Trees =  945  Guide =  945  pro=412577550
[  7 ]  1 1 1 1 2 2 3               nD = 34650  Trees = 10395  Guide =    3  pro=1080560250
[  6 ]  1 1 1 1 2 5                 nD = 6930  Trees =  945  Guide =  105  pro=687629250
[  6 ]  1 1 1 1 3 4                 nD = 11550  Trees =  945  Guide =   45  pro=491163750
[  5 ]  1 1 1 1 7                   nD = 330  Trees =  105  Guide = 10395  pro=360186750
[  7 ]  1 1 1 2 2 2 2               nD = 17325  Trees = 10395  Guide =    1  pro=180093375
[  6 ]  1 1 1 2 2 4                 nD = 34650  Trees =  945  Guide =   15  pro=491163750
[  6 ]  1 1 1 2 3 3                 nD = 46200  Trees =  945  Guide =    9  pro=392931000
[  5 ]  1 1 1 2 6                   nD = 4620  Trees =  105  Guide =  945  pro=458419500
[  5 ]  1 1 1 3 5                   nD = 9240  Trees =  105  Guide =  315  pro=305613000
[  5 ]  1 1 1 4 4                   nD = 5775  Trees =  105  Guide =  225  pro=136434375
[  4 ]  1 1 1 8                     nD = 165  Trees =   15  Guide = 135135  pro=334459125
[  6 ]  1 1 2 2 2 3                 nD = 69300  Trees =  945  Guide =    3  pro=196465500
[  5 ]  1 1 2 2 5                   nD = 20790  Trees =  105  Guide =  105  pro=229209750
[  5 ]  1 1 2 3 4                   nD = 69300  Trees =  105  Guide =   45  pro=327442500
[  4 ]  1 1 2 7                     nD = 1980  Trees =   15  Guide = 10395  pro=308731500
[  5 ]  1 1 3 3 3                   nD = 15400  Trees =  105  Guide =   27  pro=43659000
[  4 ]  1 1 3 6                     nD = 4620  Trees =   15  Guide = 2835  pro=196465500
[  4 ]  1 1 4 5                     nD = 6930  Trees =   15  Guide = 1575  pro=163721250
[  3 ]  1 1 9                       nD =  55  Trees =    3  Guide = 2027025  pro=334459125
[  6 ]  1 2 2 2 2 2                 nD = 10395  Trees =  945  Guide =    1  pro=9823275
[  5 ]  1 2 2 2 4                   nD = 34650  Trees =  105  Guide =   15  pro=54573750
[  5 ]  1 2 2 3 3                   nD = 69300  Trees =  105  Guide =    9  pro=65488500
[  4 ]  1 2 2 6                     nD = 6930  Trees =   15  Guide =  945  pro=98232750
[  4 ]  1 2 3 5                     nD = 27720  Trees =   15  Guide =  315  pro=130977000
[  4 ]  1 2 4 4                     nD = 17325  Trees =   15  Guide =  225  pro=58471875
[  3 ]  1 2 8                       nD = 495  Trees =    3  Guide = 135135  pro=200675475
[  4 ]  1 3 3 4                     nD = 23100  Trees =   15  Guide =  135  pro=46777500
[  3 ]  1 3 7                       nD = 1320  Trees =    3  Guide = 31185  pro=123492600
[  3 ]  1 4 6                       nD = 2310  Trees =    3  Guide = 14175  pro=98232750
[  3 ]  1 5 5                       nD = 1386  Trees =    3  Guide = 11025  pro=45841950
[  2 ]  1 10                         nD =  11  Trees =    1  Guide = 34459425  pro=379053675
[  5 ]  2 2 2 2 3                   nD = 17325  Trees =  105  Guide =    3  pro=5457375
[  4 ]  2 2 2 5                     nD = 6930  Trees =   15  Guide =  105  pro=10914750
[  4 ]  2 2 3 4                     nD = 34650  Trees =   15  Guide =   45  pro=23388750
[  3 ]  2 2 7                       nD = 990  Trees =    3  Guide = 10395  pro=30873150
[  4 ]  2 3 3 3                     nD = 15400  Trees =   15  Guide =   27  pro=6237000
[  3 ]  2 3 6                       nD = 4620  Trees =    3  Guide = 2835  pro=39293100
[  3 ]  2 4 5                       nD = 6930  Trees =    3  Guide = 1575  pro=32744250
[  2 ]  2 9                         nD =  55  Trees =    1  Guide = 2027025  pro=111486375
[  3 ]  3 3 5                       nD = 4620  Trees =    3  Guide =  945  pro=13097700
[  3 ]  3 4 4                       nD = 5775  Trees =    3  Guide =  675  pro=11694375
[  2 ]  3 8                         nD = 165  Trees =    1  Guide = 405405  pro=66891825
[  2 ]  4 7                         nD = 330  Trees =    1  Guide = 155925  pro=51455250
[  2 ]  5 6                         nD = 462  Trees =    1  Guide = 99225  pro=45841950
[  1 ]  11                           nD =   1  Trees =    1  Guide = 654729075  pro=654729075
Generating gene trees.... Done

Initial MSC density and log-likelihood of observing data:
log-PG0 = 7853.090555   log-L0 = -356931.678886

0:00 taken to read and process data..
Restarting timer...


-*- Glossary of terms -*-

  Prgs: progress of MCMC run (negative progress means burnin)
  Gage: gene-tree age proposal
  Gspr: gene-tree SPR proposal
  thet: species tree theta proposal
   tau: species tree tau proposal
   mix: mixing proposal
    sp: number of delimited specices
    np: number of parameters
  mldp: most likelely delimitation and probability
mthet1: root node mean theta
 mtau1: root node mean tau
log-PG: log-probability of gene trees (MSC)
 log-L: mean log-L of observing data

     |     Acceptance proportions (pjump)     |
Prgs | Gage Gspr thet  tau  mix   Sspr     rj | sp np         mldp   mtau1       log-PG          log-L
------------------------------------------------------------------------------------------------------


                      Gage    Gspr    thet     tau     mix lrht  phi   pi qmat alfa mubr nubr mu_i nu_i brte
Current Pjump:     0.53995 0.00321 0.00000 0.08476 0.32800   -    -    -    -    -    -    -    -    -    - 
Current finetune:  0.02000 0.02000 0.02000 0.02000 0.02000   -    -    -    -    -    -    -    -    -    - 
New finetune:      0.04452 0.00020 0.00020 0.00526 0.02223   -    -    -    -    -    -    -    -    -    - 

  -0%  0.56 0.16 0.00 0.11 0.29 0.0020 0.0000    7  6  P[8]=0.8960 0.0030   6378.38570  -245187.04990

                      Gage    Gspr    thet     tau     mix lrht  phi   pi qmat alfa mubr nubr mu_i nu_i brte
Current Pjump:     0.56326 0.16447 0.00000 0.10705 0.29200   -    -    -    -    -    -    -    -    -    - 
Current finetune:  0.04452 0.00020 0.00020 0.00526 0.02223   -    -    -    -    -    -    -    -    -    - 
New finetune:      0.10672 0.00010 0.00000 0.00175 0.02154   -    -    -    -    -    -    -    -    -    - 



                      Gage    Gspr    thet     tau     mix lrht  phi   pi qmat alfa mubr nubr mu_i nu_i brte
Current Pjump:     0.54382 0.17825 0.00000 0.09847 0.32400   -    -    -    -    -    -    -    -    -    - 
Current finetune:  0.10672 0.00010 0.00000 0.00175 0.02154   -    -    -    -    -    -    -    -    -    - 
New finetune:      0.24046 0.00006 0.00000 0.00054 0.02359   -    -    -    -    -    -    -    -    -    - 

   0%  0.54 0.19 0.00 0.08 0.28 0.0000 0.0000    7  6  P[7]=1.0000 0.0026   6282.91930  -244526.39928  4:43


                      Gage    Gspr    thet     tau     mix lrht  phi   pi qmat alfa mubr nubr mu_i nu_i brte
Current Pjump:     0.54395 0.19023 0.00000 0.07733 0.28200   -    -    -    -    -    -    -    -    -    - 
Current finetune:  0.24046 0.00006 0.00000 0.00054 0.02359   -    -    -    -    -    -    -    -    -    - 
New finetune:      0.54204 0.00004 0.00000 0.00013 0.02196   -    -    -    -    -    -    -    -    -    - 

   1%  0.54 0.20 0.00 0.21 0.30 0.0000 0.0000    7  6  P[7]=0.7840 0.0025   6212   1%  0.54 0.20 0.00 0.21 0.30 0.0015 0.0000    7  6  P[7]=0.8920 0.0025   6263   2%  0.55 0.20 0.00 0.23 0.31 0.0010 0.0000    7  6  P[7]=0.8450 0.0025   6344   2%  0.55 0.20 0.00 0.23 0.32 0.0013 0.0000    6  5  P[7]=0.7175 0.0026   6230   3%  0.55 0.20 0.00 0.23 0.31 0.0018 0.0000    6  5  P[7]=0.6218 0.0026   6257   3%  0.55 0.20 0.00 0.23 0.31 0.0015 0.0000    5  4  P[7]=0.5245 0.0026   6140   4%  0.55 0.20 0.00 0.23 0.31 0.0013 0.0000    6  5  P[6]=0.4687 0.0026   6178   4%  0.56 0.20 0.00 0.23 0.31 0.0011 0.0000    6  5  P[6]=0.4446 0.0026   6271   5%  0.56 0.20 0.00 0.23 0.31 0.0010 0.0000    6  5  P[6]=0.5046 0.0026   6207   5%  0.56 0.20 0.00 0.23 0.32 0.0009 0.0000    6  5  P[6]=0.5294 0.0026   6245.29435  -244477.72396  49:08
   6%  0.56 0.20 0.00 0.23 0.31 0.0008 0.0000    5  4  P[6]=0.5451 0.0026   6164   6%  0.56 0.20 0.00 0.23 0.31 0.0008 0.0000    6  5  P[6]=0.5296 0.0026   6328   7%  0.56 0.20 0.00 0.23 0.31 0.0008 0.0000    6  5  P[6]=0.5637 0.0026   6322   7%  0.56 0.20 0.00 0.23 0.31 0.0008 0.0000    6  5  P[6]=0.5904 0.0026   6297   8%  0.56 0.20 0.00 0.23 0.31 0.0007 0.0000    6  5  P[6]=0.6085 0.0026   6249   8%  0.56 0.20 0.00 0.23 0.31 0.0007 0.0000    6  5  P[6]=0.6020 0.0026   6273   9%  0.56 0.20 0.00 0.23 0.31 0.0006 0.0000    5  4  P[6]=0.6031 0.0026   6223   9%  0.56 0.20 0.00 0.23 0.31 0.0006 0.0000    6  5  P[6]=0.6021 0.0026   6276  10%  0.56 0.20 0.00 0.23 0.31 0.0006 0.0000    6  5  P[6]=0.5977 0.0026   6224  10%  0.56 0.20 0.00 0.23 0.31 0.0006 0.0000    6  5  P[6]=0.6000 0.0026   6194.71430  -244470.63909  1:12:53
  11%  0.56 0.20 0.00 0.23 0.31 0.0005 0.0000    5  4  P[6]=0.6000 0.0026   6141  11%  0.56 0.20 0.00 0.23 0.31 0.0005 0.0000    5  4  P[6]=0.5825 0.0026   6201  12%  0.56 0.20 0.00 0.23 0.31 0.0005 0.0000    6  5  P[6]=0.5726 0.0026   6195  12%  0.56 0.20 0.00 0.23 0.31 0.0022 0.0000    6  5  P[6]=0.5617 0.0026   6245  13%  0.56 0.20 0.00 0.23 0.31 0.0022 0.0000    4  3  P[6]=0.5549 0.0026   6111  13%  0.56 0.20 0.00 0.23 0.31 0.0021 0.0000    5  4  P[6]=0.5476 0.0026   6232  14%  0.56 0.20 0.00 0.23 0.31 0.0029 0.0000    6  5  P[6]=0.5514 0.0026   6226  14%  0.56 0.20 0.00 0.23 0.31 0.0030 0.0000    6  5  P[6]=0.5614 0.0026   6251  15%  0.56 0.20 0.00 0.23 0.31 0.0029 0.0000    6  5  P[6]=0.5490 0.0026   6209  15%  0.56 0.20 0.00 0.23 0.31 0.0028 0.0000    5  4  P[6]=0.5503 0.0026   6089.69928  -244467.06687  1:35:37
  16%  0.56 0.20 0.00 0.23 0.31 0.0027 0.0000    6  5  P[6]=0.5392 0.0026   6191  16%  0.56 0.20 0.00 0.23 0.31 0.0026 0.0000    5  4  P[6]=0.5496 0.0026   6218  17%  0.56 0.20 0.00 0.23 0.31 0.0027 0.0000    5  4  P[6]=0.5424 0.0026   6195  17%  0.56 0.20 0.00 0.23 0.31 0.0026 0.0000    6  5  P[6]=0.5370 0.0026   6234  18%  0.56 0.20 0.00 0.23 0.31 0.0025 0.0000    4  3  P[6]=0.5279 0.0026   6158  18%  0.56 0.20 0.00 0.23 0.31 0.0024 0.0000    5  4  P[6]=0.5169 0.0027   6237  19%  0.56 0.20 0.00 0.23 0.31 0.0024 0.0000    5  4  P[6]=0.5186 0.0027   6240  19%  0.56 0.20 0.00 0.23 0.31 0.0023 0.0000    6  5  P[6]=0.5218 0.0027   6278  20%  0.56 0.20 0.00 0.23 0.31 0.0023 0.0000    6  5  P[6]=0.5258 0.0027   6237  20%  0.56 0.20 0.00 0.23 0.31 0.0022 0.0000    5  4  P[6]=0.5193 0.0027   6183.74257  -244467.41951  1:58:26
  21%  0.56 0.20 0.00 0.23 0.31 0.0021 0.0000    6  5  P[6]=0.5198 0.0027   6299  21%  0.56 0.20 0.00 0.23 0.31 0.0021 0.0000    6  5  P[6]=0.5312 0.0027   6259  22%  0.56 0.20 0.00 0.23 0.31 0.0020 0.0000    5  4  P[6]=0.5335 0.0027   6143  22%  0.56 0.20 0.00 0.23 0.31 0.0020 0.0000    5  4  P[6]=0.5300 0.0027   6162  23%  0.56 0.20 0.00 0.23 0.31 0.0020 0.0000    5  4  P[6]=0.5272 0.0027   6156  23%  0.56 0.20 0.00 0.23 0.31 0.0019 0.0000    6  5  P[6]=0.5360 0.0027   6246  24%  0.56 0.20 0.00 0.23 0.31 0.0019 0.0000    6  5  P[6]=0.5456 0.0027   6254  24%  0.56 0.20 0.00 0.23 0.31 0.0018 0.0000    6  5  P[6]=0.5530 0.0027   6220  25%  0.56 0.20 0.00 0.23 0.31 0.0018 0.0000    5  4  P[6]=0.5554 0.0027   6198  25%  0.56 0.20 0.00 0.23 0.31 0.0018 0.0000    5  4  P[6]=0.5559 0.0027   6207.90492  -244469.63557  2:21:17
  26%  0.56 0.20 0.00 0.23 0.31 0.0017 0.0000    6  5  P[6]=0.5572 0.0027   6226  26%  0.56 0.20 0.00 0.23 0.31 0.0017 0.0000    6  5  P[6]=0.5636 0.0027   6235  27%  0.56 0.20 0.00 0.23 0.31 0.0017 0.0000    5  4  P[6]=0.5614 0.0027   6173  27%  0.56 0.20 0.00 0.23 0.31 0.0016 0.0000    6  5  P[6]=0.5607 0.0027   6347  28%  0.55 0.20 0.00 0.23 0.31 0.0016 0.0000    5  4  P[6]=0.5600 0.0027   6211  28%  0.55 0.20 0.00 0.23 0.31 0.0016 0.0000    6  5  P[6]=0.5588 0.0027   6312  29%  0.55 0.20 0.00 0.23 0.31 0.0015 0.0000    6  5  P[6]=0.5653 0.0027   6245  29%  0.55 0.20 0.00 0.23 0.31 0.0015 0.0000    4  3  P[6]=0.5661 0.0027   6273  30%  0.55 0.20 0.00 0.23 0.31 0.0015 0.0000    6  5  P[6]=0.5648 0.0027   6246  30%  0.55 0.20 0.00 0.23 0.31 0.0015 0.0000    6  5  P[6]=0.5651 0.0027   6253.84540  -244469.98788  2:44:03
  31%  0.55 0.20 0.00 0.23 0.31 0.0014 0.0000    6  5  P[6]=0.5681 0.0027   6104  31%  0.55 0.20 0.00 0.23 0.31 0.0014 0.0000    5  4  P[6]=0.5702 0.0027   6102  32%  0.55 0.20 0.00 0.23 0.31 0.0014 0.0000    6  5  P[6]=0.5746 0.0027   6298  32%  0.55 0.20 0.00 0.23 0.31 0.0014 0.0000    6  5  P[6]=0.5812 0.0027   6205  33%  0.55 0.20 0.00 0.23 0.31 0.0014 0.0000    6  5  P[6]=0.5868 0.0027   6344  33%  0.55 0.20 0.00 0.23 0.31 0.0013 0.0000    6  5  P[6]=0.5893 0.0027   6284  34%  0.55 0.20 0.00 0.23 0.31 0.0013 0.0000    6  5  P[6]=0.5955 0.0027   6262  34%  0.55 0.20 0.00 0.23 0.31 0.0013 0.0000    6  5  P[6]=0.6014 0.0027   6236  35%  0.55 0.20 0.00 0.23 0.31 0.0013 0.0000    5  4  P[6]=0.6056 0.0027   6205  35%  0.55 0.20 0.00 0.23 0.31 0.0013 0.0000    6  5  P[6]=0.6082 0.0027   6238.57739  -244469.24932  3:06:57
  36%  0.55 0.20 0.00 0.23 0.31 0.0012 0.0000    6  5  P[6]=0.6065 0.0027   6231  36%  0.55 0.20 0.00 0.23 0.31 0.0012 0.0000    6  5  P[6]=0.6119 0.0027   6257  37%  0.55 0.20 0.00 0.23 0.31 0.0012 0.0000    6  5  P[6]=0.6157 0.0027   6186  37%  0.55 0.20 0.00 0.23 0.31 0.0012 0.0000    5  4  P[6]=0.6155 0.0027   6181  38%  0.55 0.20 0.00 0.23 0.31 0.0012 0.0000    6  5  P[6]=0.6148 0.0027   6202  38%  0.55 0.20 0.00 0.23 0.31 0.0012 0.0000    6  5  P[6]=0.6176 0.0027   6261  39%  0.55 0.20 0.00 0.23 0.31 0.0011 0.0000    6  5  P[6]=0.6226 0.0027   6137  39%  0.55 0.20 0.00 0.23 0.31 0.0011 0.0000    5  4  P[6]=0.6239 0.0027   6195  40%  0.55 0.20 0.00 0.23 0.31 0.0011 0.0000    6  5  P[6]=0.6221 0.0027   6281  40%  0.55 0.20 0.00 0.23 0.31 0.0011 0.0000    6  5  P[6]=0.6210 0.0027   6266.74057  -244468.68990  3:29:50
  41%  0.55 0.20 0.00 0.23 0.31 0.0011 0.0000    6  5  P[6]=0.6245 0.0027   6260  41%  0.55 0.20 0.00 0.23 0.31 0.0011 0.0000    5  4  P[6]=0.6230 0.0027   6213  42%  0.55 0.20 0.00 0.23 0.31 0.0011 0.0000    6  5  P[6]=0.6181 0.0027   6316  42%  0.55 0.20 0.00 0.23 0.31 0.0011 0.0000    5  4  P[6]=0.6136 0.0027   6121  43%  0.55 0.20 0.00 0.23 0.31 0.0011 0.0000    5  4  P[6]=0.6081 0.0027   6167  43%  0.55 0.20 0.00 0.23 0.31 0.0011 0.0000    4  3  P[6]=0.6068 0.0027   6160  44%  0.55 0.20 0.00 0.23 0.31 0.0011 0.0000    6  5  P[6]=0.6090 0.0027   6150  44%  0.55 0.20 0.00 0.23 0.31 0.0011 0.0000    5  4  P[6]=0.6084 0.0027   6241  45%  0.55 0.20 0.00 0.23 0.31 0.0010 0.0000    6  5  P[6]=0.6062 0.0027   6247  45%  0.55 0.20 0.00 0.23 0.31 0.0010 0.0000    4  3  P[6]=0.6019 0.0027   6175.31853  -244469.51978  3:52:39
  46%  0.55 0.20 0.00 0.23 0.31 0.0010 0.0000    6  5  P[6]=0.5979 0.0027   6264  46%  0.55 0.20 0.00 0.23 0.31 0.0010 0.0000    6  5  P[6]=0.6023 0.0027   6250  47%  0.55 0.20 0.00 0.23 0.31 0.0010 0.0000    6  5  P[6]=0.6028 0.0027   6340  47%  0.55 0.20 0.00 0.23 0.31 0.0010 0.0000    4  3  P[6]=0.6033 0.0027   6177  48%  0.55 0.20 0.00 0.23 0.31 0.0010 0.0000    5  4  P[6]=0.5974 0.0027   6202  48%  0.55 0.20 0.00 0.23 0.31 0.0010 0.0000    5  4  P[6]=0.5955 0.0027   6229  49%  0.55 0.20 0.00 0.23 0.31 0.0010 0.0000    6  5  P[6]=0.5963 0.0027   6303  49%  0.55 0.20 0.00 0.23 0.31 0.0009 0.0000    6  5  P[6]=0.5942 0.0027   6311  50%  0.55 0.20 0.00 0.23 0.31 0.0009 0.0000    6  5  P[6]=0.5945 0.0027   6288  50%  0.55 0.20 0.00 0.23 0.31 0.0009 0.0000    5  4  P[6]=0.5971 0.0027   6177.91572  -244470.50283  4:17:53
  51%  0.55 0.20 0.00 0.23 0.31 0.0009 0.0000    4  3  P[6]=0.5979 0.0027   6206  51%  0.55 0.20 0.00 0.23 0.31 0.0009 0.0000    6  5  P[6]=0.6004 0.0027   6271  52%  0.55 0.20 0.00 0.23 0.31 0.0009 0.0000    6  5  P[6]=0.6020 0.0027   6208  52%  0.55 0.20 0.00 0.23 0.31 0.0009 0.0000    6  5  P[6]=0.6042 0.0027   6220  53%  0.55 0.20 0.00 0.23 0.31 0.0009 0.0000    6  5  P[6]=0.6037 0.0027   6266  53%  0.55 0.20 0.00 0.23 0.31 0.0009 0.0000    6  5  P[6]=0.6063 0.0027   6219  54%  0.55 0.20 0.00 0.23 0.31 0.0009 0.0000    5  4  P[6]=0.6093 0.0027   6247  54%  0.55 0.20 0.00 0.23 0.31 0.0009 0.0000    5  4  P[6]=0.6044 0.0027   6236  55%  0.55 0.20 0.00 0.23 0.31 0.0009 0.0000    4  3  P[6]=0.6023 0.0027   6191  55%  0.55 0.20 0.00 0.23 0.31 0.0008 0.0000    6  5  P[6]=0.6022 0.0027   6260.59231  -244469.93495  4:43:15
  56%  0.55 0.20 0.00 0.23 0.31 0.0008 0.0000    6  5  P[6]=0.6024 0.0027   6223  56%  0.55 0.20 0.00 0.23 0.31 0.0008 0.0000    5  4  P[6]=0.6006 0.0027   6186  57%  0.55 0.20 0.00 0.23 0.31 0.0008 0.0000    6  5  P[6]=0.6021 0.0027   6186  57%  0.55 0.20 0.00 0.23 0.31 0.0008 0.0000    6  5  P[6]=0.6032 0.0027   6266  58%  0.55 0.20 0.00 0.23 0.31 0.0008 0.0000    5  4  P[6]=0.6021 0.0027   6119  58%  0.55 0.20 0.00 0.23 0.31 0.0008 0.0000    6  5  P[6]=0.6002 0.0027   6198  59%  0.55 0.20 0.00 0.23 0.31 0.0009 0.0000    5  4  P[6]=0.6016 0.0027   6237  59%  0.55 0.20 0.00 0.23 0.31 0.0010 0.0000    6  5  P[6]=0.6009 0.0027   6313  60%  0.55 0.20 0.00 0.23 0.31 0.0009 0.0000    5  4  P[6]=0.6000 0.0027   6125  60%  0.55 0.20 0.00 0.23 0.31 0.0009 0.0000    6  5  P[6]=0.5956 0.0027   6178.67213  -244467.82872  5:07:08
  61%  0.55 0.20 0.00 0.23 0.31 0.0009 0.0000    5  4  P[6]=0.5962 0.0027   6222  61%  0.55 0.20 0.00 0.23 0.31 0.0009 0.0000    5  4  P[6]=0.5949 0.0027   6266  62%  0.55 0.20 0.00 0.23 0.31 0.0009 0.0000    7  6  P[6]=0.5908 0.0027   6240  62%  0.55 0.20 0.00 0.23 0.31 0.0009 0.0000    5  4  P[6]=0.5905 0.0027   6178  63%  0.55 0.20 0.00 0.23 0.31 0.0009 0.0000    6  5  P[6]=0.5884 0.0027   6229  63%  0.55 0.20 0.00 0.23 0.31 0.0009 0.0000    5  4  P[6]=0.5844 0.0027   6113  64%  0.55 0.20 0.00 0.23 0.31 0.0009 0.0000    6  5  P[6]=0.5852 0.0027   6238  64%  0.55 0.20 0.00 0.23 0.31 0.0009 0.0000    6  5  P[6]=0.5860 0.0027   6183  65%  0.55 0.20 0.00 0.23 0.31 0.0009 0.0000    5  4  P[6]=0.5833 0.0027   6125  65%  0.55 0.20 0.00 0.23 0.31 0.0009 0.0000    5  4  P[6]=0.5824 0.0027   6146.76358  -244467.02409  5:30:58
  66%  0.55 0.20 0.00 0.23 0.31 0.0009 0.0000    6  5  P[6]=0.5826 0.0027   6156  66%  0.55 0.20 0.00 0.23 0.31 0.0009 0.0000    6  5  P[6]=0.5835 0.0027   6203  67%  0.55 0.20 0.00 0.23 0.31 0.0009 0.0000    6  5  P[6]=0.5831 0.0027   6191  67%  0.55 0.20 0.00 0.23 0.31 0.0009 0.0000    5  4  P[6]=0.5821 0.0027   6156  68%  0.55 0.20 0.00 0.23 0.31 0.0008 0.0000    4  3  P[6]=0.5802 0.0027   6189  68%  0.55 0.20 0.00 0.23 0.31 0.0008 0.0000    5  4  P[6]=0.5766 0.0027   6231  69%  0.55 0.20 0.00 0.23 0.31 0.0008 0.0000    5  4  P[6]=0.5739 0.0027   6232  69%  0.55 0.20 0.00 0.23 0.31 0.0008 0.0000    5  4  P[6]=0.5717 0.0027   6134  70%  0.55 0.20 0.00 0.23 0.31 0.0008 0.0000    5  4  P[6]=0.5678 0.0027   6160  70%  0.55 0.20 0.00 0.23 0.31 0.0008 0.0000    6  5  P[6]=0.5643 0.0027   6268.83647  -244466.71008  5:54:46
  71%  0.55 0.20 0.00 0.22 0.31 0.0008 0.0000    4  3  P[6]=0.5630 0.0027   6158  71%  0.55 0.20 0.00 0.22 0.31 0.0008 0.0000    5  4  P[6]=0.5623 0.0027   6196  72%  0.55 0.20 0.00 0.23 0.31 0.0008 0.0000    6  5  P[6]=0.5637 0.0027   6233  72%  0.55 0.20 0.00 0.23 0.31 0.0008 0.0000    6  5  P[6]=0.5650 0.0027   6216  73%  0.55 0.20 0.00 0.23 0.31 0.0008 0.0000    5  4  P[6]=0.5619 0.0027   6185  73%  0.55 0.20 0.00 0.22 0.31 0.0008 0.0000    6  5  P[6]=0.5588 0.0027   6206  74%  0.55 0.20 0.00 0.22 0.31 0.0008 0.0000    5  4  P[6]=0.5562 0.0027   6132  74%  0.55 0.20 0.00 0.22 0.31 0.0008 0.0000    5  4  P[6]=0.5565 0.0027   6232  75%  0.55 0.20 0.00 0.22 0.31 0.0008 0.0000    5  4  P[6]=0.5551 0.0027   6197  75%  0.55 0.20 0.00 0.22 0.31 0.0008 0.0000    6  5  P[6]=0.5562 0.0027   6129.90695  -244467.02208  6:18:33
  76%  0.55 0.20 0.00 0.22 0.31 0.0008 0.0000    5  4  P[6]=0.5551 0.0027   6335  76%  0.55 0.20 0.00 0.22 0.31 0.0008 0.0000    5  4  P[6]=0.5540 0.0027   6172  77%  0.55 0.20 0.00 0.22 0.31 0.0007 0.0000    5  4  P[6]=0.5505 0.0027   6164  77%  0.55 0.20 0.00 0.22 0.31 0.0007 0.0000    5  4  P[6]=0.5478 0.0027   6227  78%  0.55 0.20 0.00 0.22 0.31 0.0007 0.0000    5  4  P[6]=0.5488 0.0027   6202  78%  0.55 0.20 0.00 0.22 0.31 0.0007 0.0000    5  4  P[6]=0.5470 0.0027   6216  79%  0.55 0.20 0.00 0.22 0.31 0.0007 0.0000    6  5  P[6]=0.5475 0.0027   6176  79%  0.55 0.20 0.00 0.22 0.31 0.0007 0.0000    5  4  P[6]=0.5492 0.0027   6156  80%  0.55 0.20 0.00 0.22 0.31 0.0007 0.0000    6  5  P[6]=0.5467 0.0027   6213  80%  0.55 0.20 0.00 0.22 0.31 0.0007 0.0000    5  4  P[6]=0.5494 0.0027   6164.82467  -244467.89802  6:42:23
  81%  0.55 0.20 0.00 0.22 0.31 0.0007 0.0000    5  4  P[6]=0.5481 0.0027   6207  81%  0.55 0.20 0.00 0.22 0.31 0.0007 0.0000    5  4  P[6]=0.5449 0.0027   6279  82%  0.55 0.20 0.00 0.22 0.31 0.0007 0.0000    5  4  P[6]=0.5444 0.0027   6176  82%  0.55 0.20 0.00 0.22 0.31 0.0007 0.0000    5  4  P[6]=0.5430 0.0027   6253  83%  0.55 0.20 0.00 0.22 0.31 0.0008 0.0000    5  4  P[6]=0.5425 0.0027   6306  83%  0.55 0.20 0.00 0.22 0.31 0.0008 0.0000    6  5  P[6]=0.5428 0.0027   6267  84%  0.55 0.20 0.00 0.22 0.31 0.0008 0.0000    6  5  P[6]=0.5438 0.0027   6274  84%  0.55 0.20 0.00 0.22 0.31 0.0008 0.0000    6  5  P[6]=0.5447 0.0027   6247  85%  0.55 0.20 0.00 0.22 0.31 0.0008 0.0000    5  4  P[6]=0.5460 0.0027   6237  85%  0.55 0.20 0.00 0.22 0.31 0.0008 0.0000    5  4  P[6]=0.5457 0.0027   6243.35010  -244469.00905  7:06:12
  86%  0.55 0.20 0.00 0.22 0.31 0.0008 0.0000    6  5  P[6]=0.5462 0.0027   6263  86%  0.55 0.20 0.00 0.22 0.31 0.0008 0.0000    5  4  P[6]=0.5439 0.0027   6214  87%  0.55 0.20 0.00 0.22 0.31 0.0008 0.0000    5  4  P[6]=0.5421 0.0027   6153  87%  0.55 0.20 0.00 0.22 0.31 0.0008 0.0000    5  4  P[6]=0.5411 0.0027   6212  88%  0.55 0.20 0.00 0.22 0.31 0.0008 0.0000    6  5  P[6]=0.5387 0.0027   6259  88%  0.55 0.20 0.00 0.22 0.31 0.0008 0.0000    5  4  P[6]=0.5394 0.0027   6237  89%  0.55 0.20 0.00 0.22 0.31 0.0007 0.0000    6  5  P[6]=0.5386 0.0027   6318  89%  0.55 0.20 0.00 0.22 0.31 0.0007 0.0000    4  3  P[6]=0.5397 0.0027   6174  90%  0.55 0.20 0.00 0.22 0.31 0.0007 0.0000    6  5  P[6]=0.5385 0.0027   6283  90%  0.55 0.20 0.00 0.22 0.31 0.0007 0.0000    6  5  P[6]=0.5390 0.0027   6170.35332  -244469.05184  7:30:05
  91%  0.55 0.20 0.00 0.22 0.31 0.0007 0.0000    4  3  P[6]=0.5368 0.0027   6228  91%  0.55 0.20 0.00 0.22 0.31 0.0007 0.0000    6  5  P[6]=0.5383 0.0027   6161  92%  0.55 0.20 0.00 0.22 0.31 0.0007 0.0000    5  4  P[6]=0.5386 0.0027   6176  92%  0.55 0.20 0.00 0.22 0.31 0.0007 0.0000    6  5  P[6]=0.5379 0.0027   6340  93%  0.55 0.20 0.00 0.22 0.31 0.0007 0.0000    6  5  P[6]=0.5404 0.0027   6321  93%  0.55 0.20 0.00 0.22 0.31 0.0007 0.0000    6  5  P[6]=0.5396 0.0027   6246  94%  0.55 0.20 0.00 0.22 0.31 0.0007 0.0000    6  5  P[6]=0.5396 0.0027   6320  94%  0.55 0.20 0.00 0.22 0.31 0.0007 0.0000    5  4  P[6]=0.5418 0.0027   6162  95%  0.55 0.20 0.00 0.22 0.31 0.0007 0.0000    6  5  P[6]=0.5409 0.0027   6215  95%  0.55 0.20 0.00 0.22 0.31 0.0007 0.0000    5  4  P[6]=0.5427 0.0027   6116.34808  -244469.47434  7:53:57
  96%  0.55 0.20 0.00 0.22 0.31 0.0007 0.0000    5  4  P[6]=0.5413 0.0027   6186  96%  0.55 0.20 0.00 0.22 0.31 0.0007 0.0000    6  5  P[6]=0.5406 0.0027   6211  97%  0.55 0.20 0.00 0.22 0.31 0.0007 0.0000    5  4  P[6]=0.5384 0.0027   6231  97%  0.55 0.20 0.00 0.22 0.31 0.0007 0.0000    6  5  P[6]=0.5374 0.0027   6095  98%  0.55 0.20 0.00 0.22 0.31 0.0007 0.0000    5  4  P[6]=0.5381 0.0027   6184  98%  0.55 0.20 0.00 0.22 0.31 0.0007 0.0000    6  5  P[6]=0.5383 0.0027   6252  99%  0.55 0.20 0.00 0.22 0.31 0.0007 0.0000    5  4  P[6]=0.5396 0.0027   6327  99%  0.55 0.20 0.00 0.22 0.31 0.0007 0.0000    6  5  P[6]=0.5414 0.0027   6280 100%  0.55 0.20 0.00 0.22 0.31 0.0007 0.0000    6  5  P[6]=0.5427 0.0027   6262 100%  0.55 0.20 0.00 0.22 0.31 0.0007 0.0000    6  5  P[6]=0.5435 0.0027   6317.82424  -244469.31965  8:17:15

8:17:15 spent in MCMC


(A) List of best models (count postP #species SpeciesTree)
29381 0.293810 0.293810 6  (P15_angust P16_cyrtanP1_cyrtanP27_cyrtanP3_cyrtanP4_cyrtanP5_cyrtan P21_cyrtan P31_angust P34_scarla P6_scarla)  (((P15_angust, P31_angust), (P34_scarla, P6_scarla)), (P16_cyrtanP1_cyrtanP27_cyrtanP3_cyrtanP4_cyrtanP5_cyrtan, P21_cyrtan));
17712 0.177120 0.470930 6  (P15_angust P16_cyrtanP1_cyrtanP21_cyrtanP27_cyrtanP3_cyrtanP4_cyrtan P31_angust P34_scarla P5_cyrtan P6_scarla)  (((P15_angust, P31_angust), (P34_scarla, P6_scarla)), (P16_cyrtanP1_cyrtanP21_cyrtanP27_cyrtanP3_cyrtanP4_cyrtan, P5_cyrtan));
13301 0.133010 0.603940 5  (P15_angust P16_cyrtanP1_cyrtanP21_cyrtanP27_cyrtanP3_cyrtanP4_cyrtan P31_angust P34_scarlaP6_scarla P5_cyrtan)  (((P15_angust, P31_angust), P34_scarlaP6_scarla), (P16_cyrtanP1_cyrtanP21_cyrtanP27_cyrtanP3_cyrtanP4_cyrtan, P5_cyrtan));
12585 0.125850 0.729790 5  (P15_angust P16_cyrtanP1_cyrtanP27_cyrtanP3_cyrtanP4_cyrtanP5_cyrtan P21_cyrtan P31_angust P34_scarlaP6_scarla)  (((P15_angust, P31_angust), P34_scarlaP6_scarla), (P16_cyrtanP1_cyrtanP27_cyrtanP3_cyrtanP4_cyrtanP5_cyrtan, P21_cyrtan));
 5883 0.058830 0.788620 6  (P15_angust P16_cyrtanP1_cyrtanP27_cyrtanP3_cyrtanP4_cyrtan P21_cyrtanP5_cyrtan P31_angust P34_scarla P6_scarla)  (((P15_angust, P31_angust), (P34_scarla, P6_scarla)), (P16_cyrtanP1_cyrtanP27_cyrtanP3_cyrtanP4_cyrtan, P21_cyrtanP5_cyrtan));
 4914 0.049140 0.837760 5  (P15_angustP31_angust P16_cyrtanP1_cyrtanP27_cyrtanP3_cyrtanP4_cyrtanP5_cyrtan P21_cyrtan P34_scarla P6_scarla)  ((P15_angustP31_angust, (P34_scarla, P6_scarla)), (P16_cyrtanP1_cyrtanP27_cyrtanP3_cyrtanP4_cyrtanP5_cyrtan, P21_cyrtan));
 4290 0.042900 0.880660 5  (P15_angustP31_angust P16_cyrtanP1_cyrtanP21_cyrtanP27_cyrtanP3_cyrtanP4_cyrtan P34_scarla P5_cyrtan P6_scarla)  ((P15_angustP31_angust, (P34_scarla, P6_scarla)), (P16_cyrtanP1_cyrtanP21_cyrtanP27_cyrtanP3_cyrtanP4_cyrtan, P5_cyrtan));
 2504 0.025040 0.905700 4  (P15_angustP31_angust P16_cyrtanP1_cyrtanP21_cyrtanP27_cyrtanP3_cyrtanP4_cyrtan P34_scarlaP6_scarla P5_cyrtan)  ((P15_angustP31_angust, P34_scarlaP6_scarla), (P16_cyrtanP1_cyrtanP21_cyrtanP27_cyrtanP3_cyrtanP4_cyrtan, P5_cyrtan));
 1997 0.019970 0.925670 5  (P15_angust P16_cyrtanP1_cyrtanP27_cyrtanP3_cyrtanP4_cyrtan P21_cyrtanP5_cyrtan P31_angust P34_scarlaP6_scarla)  (((P15_angust, P31_angust), P34_scarlaP6_scarla), (P16_cyrtanP1_cyrtanP27_cyrtanP3_cyrtanP4_cyrtan, P21_cyrtanP5_cyrtan));
 1692 0.016920 0.942590 4  (P15_angustP31_angust P16_cyrtanP1_cyrtanP27_cyrtanP3_cyrtanP4_cyrtanP5_cyrtan P21_cyrtan P34_scarlaP6_scarla)  ((P15_angustP31_angust, P34_scarlaP6_scarla), (P16_cyrtanP1_cyrtanP27_cyrtanP3_cyrtanP4_cyrtanP5_cyrtan, P21_cyrtan));
  881 0.008810 0.951400 7  (P15_angust P16_cyrtanP1_cyrtanP27_cyrtanP3_cyrtanP4_cyrtan P21_cyrtan P31_angust P34_scarla P5_cyrtan P6_scarla)  ((((P15_angust, P31_angust), (P34_scarla, P6_scarla)), (P16_cyrtanP1_cyrtanP27_cyrtanP3_cyrtanP4_cyrtan, P5_cyrtan)), P21_cyrtan);
  849 0.008490 0.959890 5  (P15_angustP31_angust P16_cyrtanP1_cyrtanP27_cyrtanP3_cyrtanP4_cyrtan P21_cyrtanP5_cyrtan P34_scarla P6_scarla)  ((P15_angustP31_angust, (P34_scarla, P6_scarla)), (P16_cyrtanP1_cyrtanP27_cyrtanP3_cyrtanP4_cyrtan, P21_cyrtanP5_cyrtan));
  801 0.008010 0.967900 7  (P15_angust P16_cyrtanP1_cyrtanP27_cyrtanP3_cyrtanP4_cyrtan P21_cyrtan P31_angust P34_scarla P5_cyrtan P6_scarla)  (((P15_angust, P31_angust), (P34_scarla, P6_scarla)), ((P16_cyrtanP1_cyrtanP27_cyrtanP3_cyrtanP4_cyrtan, P5_cyrtan), P21_cyrtan));
  721 0.007210 0.975110 7  (P15_angust P16_cyrtanP1_cyrtanP27_cyrtanP3_cyrtanP4_cyrtan P21_cyrtan P31_angust P34_scarla P5_cyrtan P6_scarla)  (((P15_angust, P31_angust), (P34_scarla, P6_scarla)), (P16_cyrtanP1_cyrtanP27_cyrtanP3_cyrtanP4_cyrtan, (P21_cyrtan, P5_cyrtan)));
  419 0.004190 0.979300 5  (P15_angust P16_cyrtanP1_cyrtanP27_cyrtanP3_cyrtanP4_cyrtanP5_cyrtan P21_cyrtan P31_angust P34_scarlaP6_scarla)  (((P15_angust, P34_scarlaP6_scarla), P31_angust), (P16_cyrtanP1_cyrtanP27_cyrtanP3_cyrtanP4_cyrtanP5_cyrtan, P21_cyrtan));
  300 0.003000 0.982300 6  (P15_angust P16_cyrtanP1_cyrtanP27_cyrtanP3_cyrtanP4_cyrtan P21_cyrtanP5_cyrtan P31_angust P34_scarla P6_scarla)  (((P15_angust, (P34_scarla, P6_scarla)), P31_angust), (P16_cyrtanP1_cyrtanP27_cyrtanP3_cyrtanP4_cyrtan, P21_cyrtanP5_cyrtan));
  283 0.002830 0.985130 6  (P15_angust P16_cyrtanP1_cyrtanP27_cyrtanP3_cyrtanP4_cyrtan P21_cyrtan P31_angust P34_scarlaP6_scarla P5_cyrtan)  (((P15_angust, P31_angust), P34_scarlaP6_scarla), (P16_cyrtanP1_cyrtanP27_cyrtanP3_cyrtanP4_cyrtan, (P21_cyrtan, P5_cyrtan)));
  162 0.001620 0.986750 6  (P15_angust P16_cyrtanP1_cyrtanP27_cyrtanP3_cyrtanP4_cyrtanP5_cyrtan P21_cyrtan P31_angust P34_scarla P6_scarla)  (((P15_angust, (P34_scarla, P6_scarla)), P31_angust), (P16_cyrtanP1_cyrtanP27_cyrtanP3_cyrtanP4_cyrtanP5_cyrtan, P21_cyrtan));
  160 0.001600 0.988350 6  (P15_angust P16_cyrtanP1_cyrtanP21_cyrtanP27_cyrtanP3_cyrtanP4_cyrtan P31_angust P34_scarla P5_cyrtan P6_scarla)  (((P15_angust, (P34_scarla, P6_scarla)), P31_angust), (P16_cyrtanP1_cyrtanP21_cyrtanP27_cyrtanP3_cyrtanP4_cyrtan, P5_cyrtan));
  159 0.001590 0.989940 5  (P15_angust P16_cyrtanP1_cyrtanP27_cyrtanP3_cyrtanP4_cyrtanP5_cyrtan P21_cyrtan P31_angust P34_scarlaP6_scarla)  ((P15_angust, (P31_angust, P34_scarlaP6_scarla)), (P16_cyrtanP1_cyrtanP27_cyrtanP3_cyrtanP4_cyrtanP5_cyrtan, P21_cyrtan));
  156 0.001560 0.991500 5  (P15_angust P16_cyrtanP1_cyrtanP21_cyrtanP27_cyrtanP3_cyrtanP4_cyrtan P31_angust P34_scarlaP6_scarla P5_cyrtan)  (((P15_angust, P34_scarlaP6_scarla), P31_angust), (P16_cyrtanP1_cyrtanP21_cyrtanP27_cyrtanP3_cyrtanP4_cyrtan, P5_cyrtan));
  114 0.001140 0.992640 4  (P15_angustP31_angust P16_cyrtanP1_cyrtanP27_cyrtanP3_cyrtanP4_cyrtan P21_cyrtanP5_cyrtan P34_scarlaP6_scarla)  ((P15_angustP31_angust, P34_scarlaP6_scarla), (P16_cyrtanP1_cyrtanP27_cyrtanP3_cyrtanP4_cyrtan, P21_cyrtanP5_cyrtan));
  112 0.001120 0.993760 7  (P15_angust P16_cyrtanP1_cyrtanP27_cyrtanP3_cyrtanP4_cyrtan P21_cyrtan P31_angust P34_scarla P5_cyrtan P6_scarla)  (((P15_angust, P31_angust), (P34_scarla, P6_scarla)), ((P16_cyrtanP1_cyrtanP27_cyrtanP3_cyrtanP4_cyrtan, P21_cyrtan), P5_cyrtan));
  108 0.001080 0.994840 6  (P15_angustP31_angust P16_cyrtanP1_cyrtanP27_cyrtanP3_cyrtanP4_cyrtan P21_cyrtan P34_scarla P5_cyrtan P6_scarla)  (((P15_angustP31_angust, (P34_scarla, P6_scarla)), (P16_cyrtanP1_cyrtanP27_cyrtanP3_cyrtanP4_cyrtan, P5_cyrtan)), P21_cyrtan);
   97 0.000970 0.995810 6  (P15_angustP31_angust P16_cyrtanP1_cyrtanP27_cyrtanP3_cyrtanP4_cyrtan P21_cyrtan P34_scarla P5_cyrtan P6_scarla)  ((P15_angustP31_angust, (P34_scarla, P6_scarla)), ((P16_cyrtanP1_cyrtanP27_cyrtanP3_cyrtanP4_cyrtan, P5_cyrtan), P21_cyrtan));
   93 0.000930 0.996740 7  (P15_angust P16_cyrtan P1_cyrtanP21_cyrtanP27_cyrtanP3_cyrtanP4_cyrtan P31_angust P34_scarla P5_cyrtan P6_scarla)  (((P15_angust, P31_angust), (P34_scarla, P6_scarla)), ((P16_cyrtan, P1_cyrtanP21_cyrtanP27_cyrtanP3_cyrtanP4_cyrtan), P5_cyrtan));
   88 0.000880 0.997620 6  (P15_angust P16_cyrtanP1_cyrtanP27_cyrtanP3_cyrtanP4_cyrtan P21_cyrtan P31_angust P34_scarlaP6_scarla P5_cyrtan)  (((P15_angust, P31_angust), P34_scarlaP6_scarla), ((P16_cyrtanP1_cyrtanP27_cyrtanP3_cyrtanP4_cyrtan, P21_cyrtan), P5_cyrtan));
   64 0.000640 0.998260 6  (P15_angust P16_cyrtanP1_cyrtanP21_cyrtanP27_cyrtanP3_cyrtanP4_cyrtan P31_angust P34_scarla P5_cyrtan P6_scarla)  ((P15_angust, (P31_angust, (P34_scarla, P6_scarla))), (P16_cyrtanP1_cyrtanP21_cyrtanP27_cyrtanP3_cyrtanP4_cyrtan, P5_cyrtan));
   60 0.000600 0.998860 6  (P15_angust P16_cyrtanP1_cyrtanP27_cyrtanP3_cyrtanP4_cyrtanP5_cyrtan P21_cyrtan P31_angust P34_scarla P6_scarla)  ((P15_angust, (P31_angust, (P34_scarla, P6_scarla))), (P16_cyrtanP1_cyrtanP27_cyrtanP3_cyrtanP4_cyrtanP5_cyrtan, P21_cyrtan));
   35 0.000350 0.999210 6  (P15_angust P16_cyrtanP1_cyrtanP27_cyrtanP3_cyrtanP4_cyrtan P21_cyrtan P31_angust P34_scarlaP6_scarla P5_cyrtan)  (((P15_angust, P31_angust), P34_scarlaP6_scarla), ((P16_cyrtanP1_cyrtanP27_cyrtanP3_cyrtanP4_cyrtan, P5_cyrtan), P21_cyrtan));
   25 0.000250 0.999460 6  (P15_angustP31_angust P16_cyrtanP1_cyrtanP27_cyrtanP3_cyrtanP4_cyrtan P21_cyrtan P34_scarla P5_cyrtan P6_scarla)  ((P15_angustP31_angust, (P34_scarla, P6_scarla)), (P16_cyrtanP1_cyrtanP27_cyrtanP3_cyrtanP4_cyrtan, (P21_cyrtan, P5_cyrtan)));
   22 0.000220 0.999680 7  (P15_angust P16_cyrtanP1_cyrtanP27_cyrtanP3_cyrtanP4_cyrtan P21_cyrtan P31_angust P34_scarla P5_cyrtan P6_scarla)  (((P15_angust, (P34_scarla, P6_scarla)), P31_angust), (P16_cyrtanP1_cyrtanP27_cyrtanP3_cyrtanP4_cyrtan, (P21_cyrtan, P5_cyrtan)));
   17 0.000170 0.999850 5  (P15_angustP31_angust P16_cyrtanP1_cyrtanP27_cyrtanP3_cyrtanP4_cyrtan P21_cyrtan P34_scarlaP6_scarla P5_cyrtan)  ((P15_angustP31_angust, P34_scarlaP6_scarla), ((P16_cyrtanP1_cyrtanP27_cyrtanP3_cyrtanP4_cyrtan, P5_cyrtan), P21_cyrtan));
    7 0.000070 0.999920 5  (P15_angustP31_angust P16_cyrtanP1_cyrtanP27_cyrtanP3_cyrtanP4_cyrtan P21_cyrtan P34_scarlaP6_scarla P5_cyrtan)  ((P15_angustP31_angust, P34_scarlaP6_scarla), (P16_cyrtanP1_cyrtanP27_cyrtanP3_cyrtanP4_cyrtan, (P21_cyrtan, P5_cyrtan)));
    4 0.000040 0.999960 6  (P15_angust P16_cyrtan P1_cyrtanP21_cyrtanP27_cyrtanP3_cyrtanP4_cyrtan P31_angust P34_scarlaP6_scarla P5_cyrtan)  (((P15_angust, P31_angust), P34_scarlaP6_scarla), ((P16_cyrtan, P1_cyrtanP21_cyrtanP27_cyrtanP3_cyrtanP4_cyrtan), P5_cyrtan));
    2 0.000020 0.999980 7  (P15_angust P16_cyrtanP1_cyrtanP27_cyrtanP3_cyrtanP4_cyrtan P21_cyrtan P31_angust P34_scarla P5_cyrtan P6_scarla)  ((((P15_angust, P31_angust), (P34_scarla, P6_scarla)), P21_cyrtan), (P16_cyrtanP1_cyrtanP27_cyrtanP3_cyrtanP4_cyrtan, P5_cyrtan));
    1 0.000010 0.999990 5  (P15_angustP31_angust P16_cyrtanP1_cyrtanP27_cyrtanP3_cyrtanP4_cyrtan P21_cyrtan P34_scarlaP6_scarla P5_cyrtan)  ((P15_angustP31_angust, P34_scarlaP6_scarla), ((P16_cyrtanP1_cyrtanP27_cyrtanP3_cyrtanP4_cyrtan, P21_cyrtan), P5_cyrtan));
    1 0.000010 1.000000 8  (P15_angust P16_cyrtan P1_cyrtanP27_cyrtanP3_cyrtanP4_cyrtan P21_cyrtan P31_angust P34_scarla P5_cyrtan P6_scarla)  (((P15_angust, P31_angust), (P34_scarla, P6_scarla)), ((P16_cyrtan, (P1_cyrtanP27_cyrtanP3_cyrtanP4_cyrtan, P21_cyrtan)), P5_cyrtan));

(B) 19 species delimitations & their posterior probabilities
29603 0.296030   6 (P15_angust P16_cyrtanP1_cyrtanP27_cyrtanP3_cyrtanP4_cyrtanP5_cyrtan P21_cyrtan P31_angust P34_scarla P6_scarla)
17936 0.179360   6 (P15_angust P16_cyrtanP1_cyrtanP21_cyrtanP27_cyrtanP3_cyrtanP4_cyrtan P31_angust P34_scarla P5_cyrtan P6_scarla)
13457 0.134570   5 (P15_angust P16_cyrtanP1_cyrtanP21_cyrtanP27_cyrtanP3_cyrtanP4_cyrtan P31_angust P34_scarlaP6_scarla P5_cyrtan)
13163 0.131630   5 (P15_angust P16_cyrtanP1_cyrtanP27_cyrtanP3_cyrtanP4_cyrtanP5_cyrtan P21_cyrtan P31_angust P34_scarlaP6_scarla)
 6183 0.061830   6 (P15_angust P16_cyrtanP1_cyrtanP27_cyrtanP3_cyrtanP4_cyrtan P21_cyrtanP5_cyrtan P31_angust P34_scarla P6_scarla)
 4914 0.049140   5 (P15_angustP31_angust P16_cyrtanP1_cyrtanP27_cyrtanP3_cyrtanP4_cyrtanP5_cyrtan P21_cyrtan P34_scarla P6_scarla)
 4290 0.042900   5 (P15_angustP31_angust P16_cyrtanP1_cyrtanP21_cyrtanP27_cyrtanP3_cyrtanP4_cyrtan P34_scarla P5_cyrtan P6_scarla)
 2539 0.025390   7 (P15_angust P16_cyrtanP1_cyrtanP27_cyrtanP3_cyrtanP4_cyrtan P21_cyrtan P31_angust P34_scarla P5_cyrtan P6_scarla)
 2504 0.025040   4 (P15_angustP31_angust P16_cyrtanP1_cyrtanP21_cyrtanP27_cyrtanP3_cyrtanP4_cyrtan P34_scarlaP6_scarla P5_cyrtan)
 1997 0.019970   5 (P15_angust P16_cyrtanP1_cyrtanP27_cyrtanP3_cyrtanP4_cyrtan P21_cyrtanP5_cyrtan P31_angust P34_scarlaP6_scarla)
 1692 0.016920   4 (P15_angustP31_angust P16_cyrtanP1_cyrtanP27_cyrtanP3_cyrtanP4_cyrtanP5_cyrtan P21_cyrtan P34_scarlaP6_scarla)
  849 0.008490   5 (P15_angustP31_angust P16_cyrtanP1_cyrtanP27_cyrtanP3_cyrtanP4_cyrtan P21_cyrtanP5_cyrtan P34_scarla P6_scarla)
  406 0.004060   6 (P15_angust P16_cyrtanP1_cyrtanP27_cyrtanP3_cyrtanP4_cyrtan P21_cyrtan P31_angust P34_scarlaP6_scarla P5_cyrtan)
  230 0.002300   6 (P15_angustP31_angust P16_cyrtanP1_cyrtanP27_cyrtanP3_cyrtanP4_cyrtan P21_cyrtan P34_scarla P5_cyrtan P6_scarla)
  114 0.001140   4 (P15_angustP31_angust P16_cyrtanP1_cyrtanP27_cyrtanP3_cyrtanP4_cyrtan P21_cyrtanP5_cyrtan P34_scarlaP6_scarla)
   93 0.000930   7 (P15_angust P16_cyrtan P1_cyrtanP21_cyrtanP27_cyrtanP3_cyrtanP4_cyrtan P31_angust P34_scarla P5_cyrtan P6_scarla)
   25 0.000250   5 (P15_angustP31_angust P16_cyrtanP1_cyrtanP27_cyrtanP3_cyrtanP4_cyrtan P21_cyrtan P34_scarlaP6_scarla P5_cyrtan)
    4 0.000040   6 (P15_angust P16_cyrtan P1_cyrtanP21_cyrtanP27_cyrtanP3_cyrtanP4_cyrtan P31_angust P34_scarlaP6_scarla P5_cyrtan)
    1 0.000010   8 (P15_angust P16_cyrtan P1_cyrtanP27_cyrtanP3_cyrtanP4_cyrtan P21_cyrtan P31_angust P34_scarla P5_cyrtan P6_scarla)

(C) 15 delimited species & their posterior probabilities
85382 0.853820 P31_angust
85382 0.853820 P15_angust
66638 0.666380 P34_scarla
66638 0.666380 P6_scarla
52573 0.525730 P21_cyrtan
49372 0.493720 P16_cyrtanP1_cyrtanP27_cyrtanP3_cyrtanP4_cyrtanP5_cyrtan
41485 0.414850 P5_cyrtan
38187 0.381870 P16_cyrtanP1_cyrtanP21_cyrtanP27_cyrtanP3_cyrtanP4_cyrtan
33362 0.333620 P34_scarlaP6_scarla
14618 0.146180 P15_angustP31_angust
12343 0.123430 P16_cyrtanP1_cyrtanP27_cyrtanP3_cyrtanP4_cyrtan
 9143 0.091430 P21_cyrtanP5_cyrtan
   98 0.000980 P16_cyrtan
   97 0.000970 P1_cyrtanP21_cyrtanP27_cyrtanP3_cyrtanP4_cyrtan
    1 0.000010 P1_cyrtanP27_cyrtanP3_cyrtanP4_cyrtan

(D) Posterior probability for # of species
P[ 1] = 0.000000  prior[ 1] = 0.031779
P[ 2] = 0.000000  prior[ 2] = 0.031779
P[ 3] = 0.000000  prior[ 3] = 0.045159
P[ 4] = 0.043100  prior[ 4] = 0.066903
P[ 5] = 0.386950  prior[ 5] = 0.096419
P[ 6] = 0.543620  prior[ 6] = 0.130165
P[ 7] = 0.026320  prior[ 7] = 0.159091
P[ 8] = 0.000010  prior[ 8] = 0.168831
P[ 9] = 0.000000  prior[ 9] = 0.146104
P[10] = 0.000000  prior[10] = 0.091991
P[11] = 0.000000  prior[11] = 0.031779

