5% 0.52 0.25 0.29 0.16 0.38 0.76  23 0.0000 1100111101000  18.39589 -274846.12 -26.04 5:15:19
10% 0.52 0.25 0.29 0.15 0.38 0.76  23 0.0000 1100111101000  18.51063 -274878.00 -26.17 9:40:43
15% 0.52 0.25 0.29 0.15 0.38 0.76  23 0.0000 1100111101000  15.08421 -274813.42 -26.05 13:24:58
20% 0.52 0.25 0.29 0.16 0.38 0.76  23 0.0000 1100111101000  16.07523 -274820.32 -26.08 17:04:40
25% 0.52 0.25 0.29 0.16 0.38 0.76  23 0.0000 1100111101000  18.25374 -274786.25 -26.01 20:29:57
30% 0.52 0.25 0.29 0.16 0.38 0.76  23 0.0000 1100111101000  22.08291 -274834.68 -26.04 23:46:28
35% 0.52 0.25 0.29 0.16 0.38 0.76  23 0.0000 1100111101000  26.09396 -274823.04 -26.06 27:08:13
40% 0.52 0.25 0.29 0.16 0.38 0.76  23 0.0000 1100111101000  27.61410 -274912.53 -26.21 30:34:12
45% 0.52 0.25 0.29 0.16 0.38 0.76  23 0.0000 1100111101000  30.06436 -274898.02 -26.01 34:02:17
50% 0.52 0.25 0.29 0.16 0.38 0.76  23 0.0000 1100111101000  31.73071 -274816.33 -26.13 37:16:18
55% 0.52 0.25 0.29 0.16 0.38 0.76  23 0.0000 1100111101000  33.03928 -274824.73 -26.08 40:22:17
60% 0.52 0.25 0.29 0.16 0.38 0.76  23 0.0000 1100111101000  33.96361 -274855.87 -26.07 43:29:29
65% 0.52 0.25 0.29 0.16 0.38 0.76  23 0.0000 1100111101000  34.56880 -274752.99 -26.01 46:35:37
70% 0.52 0.25 0.29 0.16 0.38 0.76  23 0.0000 1100111101000  34.79670 -274782.03 -27.12 49:37:53
75% 0.52 0.25 0.29 0.16 0.38 0.76  23 0.0000 1100111101000  34.80643 -274856.01 -26.16 52:20:32
80% 0.52 0.25 0.29 0.16 0.38 0.76  23 0.0000 1100111101000  34.34148 -274839.67 -26.03 54:43:24
85% 0.52 0.25 0.29 0.16 0.38 0.76  23 0.0000 1100111101000  33.96675 -274730.43 -26.25 57:02:20
90% 0.52 0.25 0.29 0.16 0.38 0.76  23 0.0000 1100111101000  33.81848 -274841.07 -26.21 59:21:59
95% 0.52 0.25 0.29 0.16 0.38 0.76  23 0.0000 1100111101000  34.25540 -274873.83 -26.22 61:41:36
100% 0.52 0.25 0.29 0.16 0.38 0.76  23 0.0000 1100111101000  35.64604 -274848.38 -26.74 64:01:23



Time used: 64:01:23

PrSplit = 0.500000

rj algorithm 1: new theta from G(a=2.00, m=1.00)

Tree frequencies (Ancestral nodes in order:  15 P11P10P8P9P12P13P20P14P33P35P32P17P19P18 16 P11P10P8P9 17 P10P8P9 18 P8P9 19 P12P13P20P14P33P35P32P17P19P18 20 P13P20P14P33P35P32P17P19P18 21 P13P20P14P33 22 P20P14P33 23 P14P33 24 P35P32P17P19P18 25 P32P17P19P18 26 P17P19P18 27 P19P18)

6632  1100111101000   200000  1.000000

Guide tree with posterior probability for presence of nodes
((P11, (P10, (P8, P9)))'#1', (P12, ((P13, (P20, (P14, P33))'#1')'#1', (P35, (P32, (P17, (P19, P18))))'#1')'#1')'#1')'#1';

Summarizing parameters for the MAP tree 1100111101000

100001 records, 28 variables

Collecting min, max, and mean  64:01:24

Collecting median, percentiles
