  5% 0.53 0.25 0.39 0.32 0.42 0.76  26 0.0000 1100111101100  51.86453 -274867.98 -26.70 5:16:59
 10% 0.53 0.24 0.40 0.34 0.41 0.76  26 0.0000 1100111101100  92.55305 -274843.59 -26.97 9:18:10
 15% 0.53 0.24 0.40 0.35 0.41 0.77  26 0.0000 1100111101100  115.67879 -274775.80 -26.13 12:41:21
 20% 0.53 0.24 0.41 0.35 0.41 0.77  26 0.0000 1100111101100  122.65272 -274864.12 -26.79 16:23:04
 25% 0.53 0.24 0.41 0.35 0.41 0.77  26 0.0000 1100111101100  128.51347 -274782.06 -26.91 19:49:17
 30% 0.53 0.24 0.41 0.35 0.40 0.77  26 0.0000 1100111101100  133.37911 -274879.72 -26.10 23:09:18
 35% 0.53 0.24 0.41 0.35 0.40 0.77  26 0.0000 1100111101100  128.64147 -274793.61 -26.08 26:31:22
 40% 0.53 0.24 0.41 0.36 0.40 0.77  26 0.0000 1100111101100  122.12712 -274904.70 -26.10 29:56:44
 45% 0.53 0.24 0.41 0.36 0.40 0.77  26 0.0000 1100111101100  120.57709 -274810.34 -26.60 33:22:55
 50% 0.53 0.24 0.41 0.35 0.40 0.77  29 0.0001 1100111101110  116.17109 -274885.61 -26.61 36:43:25
 55% 0.53 0.24 0.40 0.35 0.40 0.77  29 0.0000 1100111101110  115.91421 -274923.83 -26.37 39:52:30
 60% 0.53 0.25 0.40 0.35 0.40 0.77  29 0.0000 1100111101110  120.74254 -274891.90 -26.47 43:00:10
 65% 0.53 0.25 0.40 0.35 0.40 0.77  32 0.0000 1100111101111  126.52447 -274802.39 -26.54 46:08:32
 70% 0.53 0.25 0.40 0.34 0.40 0.77  32 0.0000 1100111101111  131.65223 -274894.65 -26.80 49:14:14
 75% 0.53 0.25 0.40 0.34 0.40 0.77  32 0.0000 1100111101111  134.15053 -274810.48 -27.03 52:01:51
 80% 0.53 0.25 0.39 0.34 0.40 0.77  32 0.0000 1100111101111  139.14362 -274897.42 -26.07 54:30:18
 85% 0.53 0.25 0.39 0.34 0.40 0.77  32 0.0000 1100111101111  145.16646 -274873.49 -26.12 56:52:12
 90% 0.53 0.25 0.39 0.34 0.40 0.77  32 0.0000 1100111101111  150.98884 -274863.32 -26.51 59:14:19
 95% 0.53 0.25 0.39 0.34 0.40 0.77  32 0.0000 1100111101111  156.95857 -274946.17 -26.29 61:36:48
100% 0.53 0.25 0.39 0.34 0.40 0.77  32 0.0000 1100111101111  161.75407 -274887.24 -26.07 63:59:19

Time used: 63:59:19
PrSplit = 0.500000
rj algorithm 1: new theta from G(a=2.00, m=1.00)

Tree frequencies (Ancestral nodes in order:  15 P11P10P8P9P12P13P20P14P33P35P32P17P19P18 16 P11P10P8P9 17 P10P8P9 18 P8P9 19 P12P13P20P14P33P35P32P17P19P18 20 P13P20P14P33P35P32P17P19P18 21 P13P20P14P33 22 P20P14P33 23 P14P33 24 P35P32P17P19P18 25 P32P17P19P18 26 P17P19P18 27 P19P18)
 6636  1100111101100    92577  0.462885
 6638  1100111101110    28715  0.143575
 6639  1100111101111    78708  0.393540

Guide tree with posterior probability for presence of nodes
((P11, (P10, (P8, P9)))'#1.00000', (P12, ((P13, (P20, (P14, P33))'#1.00000')'#1.00000', (P35, (P32, (P17, (P19, P18)'#0.39354')'#0.53712')'#1.00000')'#1.00000')'#1.00000')'#1.00000')'#1.00000';

Summarizing parameters for the MAP tree 1100111101100

46289 records, 31 variables
   Collecting min, max, and mean  63:59:20
   Collecting median, percentiles
