  5% 0.52 0.25 0.27 0.17 0.47 0.76  23 0.0000 1100111101000  11.87678 -274824.36 -26.73 5:12:08
 10% 0.52 0.25 0.27 0.17 0.47 0.75  23 0.0000 1100111101000  19.36558 -274829.54 -26.09 9:38:45
 15% 0.52 0.25 0.28 0.17 0.47 0.76  23 0.0000 1100111101000  24.23282 -274848.52 -26.08 14:27:30
 20% 0.52 0.25 0.28 0.17 0.47 0.76  23 0.0000 1100111101000  24.02496 -274811.17 -26.52 18:01:26
 25% 0.52 0.25 0.28 0.18 0.47 0.76  23 0.0000 1100111101000  25.99292 -274844.49 -26.03 21:22:03
 30% 0.52 0.25 0.28 0.17 0.47 0.76  23 0.0000 1100111101000  29.32923 -274841.69 -26.24 24:37:04
 35% 0.52 0.25 0.28 0.17 0.47 0.76  23 0.0000 1100111101000  34.29919 -274832.69 -25.98 28:00:47
 40% 0.52 0.25 0.28 0.17 0.47 0.76  23 0.0000 1100111101000  38.57376 -274837.04 -26.01 31:28:53
 45% 0.52 0.25 0.28 0.17 0.47 0.76  23 0.0000 1100111101000  41.11702 -274875.69 -26.02 34:52:57
 50% 0.52 0.25 0.28 0.17 0.47 0.76  23 0.0000 1100111101000  43.79484 -274821.05 -26.21 38:02:02
 55% 0.52 0.25 0.28 0.17 0.47 0.76  23 0.0000 1100111101000  45.51297 -274857.59 -26.33 41:09:14
 60% 0.52 0.25 0.28 0.17 0.47 0.76  23 0.0000 1100111101000  49.37249 -274807.71 -26.06 44:13:35
 65% 0.52 0.25 0.28 0.17 0.47 0.76  23 0.0000 1100111101000  52.89310 -274755.98 -26.17 47:20:02
 70% 0.52 0.25 0.28 0.17 0.47 0.76  23 0.0000 1100111101000  55.63945 -274736.74 -26.26 50:16:52
 75% 0.52 0.25 0.28 0.17 0.47 0.76  23 0.0000 1100111101000  58.72522 -274813.88 -26.00 52:54:55
 80% 0.52 0.25 0.28 0.17 0.47 0.76  23 0.0000 1100111101000  62.04622 -274854.05 -26.15 55:15:29
 85% 0.52 0.25 0.28 0.17 0.47 0.76  23 0.0000 1100111101000  65.15309 -274727.99 -26.07 57:34:13
 90% 0.52 0.25 0.28 0.17 0.47 0.76  23 0.0000 1100111101000  68.61436 -274806.27 -26.26 59:53:02
 95% 0.52 0.25 0.28 0.17 0.47 0.76  23 0.0000 1100111101000  72.34664 -274738.63 -27.28 62:11:55
100% 0.52 0.25 0.28 0.17 0.47 0.76  23 0.0000 1100111101000  75.16969 -274808.43 -26.00 64:30:06

Time used: 64:30:06
PrSplit = 0.500000
rj algorithm 1: new theta from G(a=2.00, m=1.00)

Tree frequencies (Ancestral nodes in order:  15 P11P10P8P9P12P13P20P14P33P35P32P17P19P18 16 P11P10P8P9 17 P10P8P9 18 P8P9 19 P12P13P20P14P33P35P32P17P19P18 20 P13P20P14P33P35P32P17P19P18 21 P13P20P14P33 22 P20P14P33 23 P14P33 24 P35P32P17P19P18 25 P32P17P19P18 26 P17P19P18 27 P19P18)
 6632  1100111101000   200000  1.000000

Guide tree with posterior probability for presence of nodes
((P11, (P10, (P8, P9)))'#1', (P12, ((P13, (P20, (P14, P33))'#1')'#1', (P35, (P32, (P17, (P19, P18))))'#1')'#1')'#1')'#1';

Summarizing parameters for the MAP tree 1100111101000

100001 records, 28 variables
   Collecting min, max, and mean  64:30:08
   Collecting median, percentiles

