bpp v4.2.9_osx_x86_64, 8GB RAM, 8 cores
https://github.com/bpp/bpp

Detected CPU features: mmx sse sse2 sse3 ssse3 sse4.1 sse4.2 popcnt avx avx2
Auto-selected SIMD ISA: AVX2


Starting timer..
Using seed: -1
Parsing species tree... Done
Parsing phylip file... Done

 Locus | Model | Sequences | Length | Ambiguous sites | Compressed | Base freqs 
-------+-------+-----------+--------+-----------------+------------+------------
     1 |  JC69 |        43 |   2116 |             640 |        194 |      Fixed 
     2 |  JC69 |        43 |   1770 |             625 |        184 |      Fixed 
     3 |  JC69 |        43 |   1794 |             386 |        140 |      Fixed 
     4 |  JC69 |        43 |   2561 |             814 |        249 |      Fixed 
     5 |  JC69 |        43 |   2504 |             802 |        292 |      Fixed 
     6 |  JC69 |        43 |   2499 |            1186 |        266 |      Fixed 
     7 |  JC69 |        43 |   1655 |             848 |        212 |      Fixed 
     8 |  JC69 |        43 |   1897 |             532 |        172 |      Fixed 
     9 |  JC69 |        43 |   3200 |             643 |        210 |      Fixed 
    10 |  JC69 |        43 |   1809 |             492 |        172 |      Fixed 
    11 |  JC69 |        43 |   1807 |            1497 |        239 |      Fixed 
    12 |  JC69 |        43 |   2686 |            1396 |        329 |      Fixed 
    13 |  JC69 |        43 |   1885 |             972 |        266 |      Fixed 
    14 |  JC69 |        42 |   3680 |             550 |        221 |      Fixed 
    15 |  JC69 |        43 |   1880 |             535 |        218 |      Fixed 
    16 |  JC69 |        43 |   1928 |             738 |        206 |      Fixed 
    17 |  JC69 |        43 |   2178 |             931 |        204 |      Fixed 
    18 |  JC69 |        43 |   1784 |             523 |        138 |      Fixed 
    19 |  JC69 |        43 |   2028 |             677 |        156 |      Fixed 
    20 |  JC69 |        43 |   2768 |             842 |        180 |      Fixed 
    21 |  JC69 |        43 |   2367 |             919 |        257 |      Fixed 
    22 |  JC69 |        43 |   1634 |            1093 |        276 |      Fixed 
    23 |  JC69 |        43 |   1841 |             549 |        234 |      Fixed 
    24 |  JC69 |        42 |   2676 |            1424 |        290 |      Fixed 
    25 |  JC69 |        43 |   2273 |            1268 |        234 |      Fixed 
    26 |  JC69 |        43 |   2442 |             432 |        203 |      Fixed 
    27 |  JC69 |        43 |   2103 |             530 |        140 |      Fixed 
    28 |  JC69 |        43 |   2197 |             545 |        224 |      Fixed 
    29 |  JC69 |        43 |   2686 |            1199 |        251 |      Fixed 
    30 |  JC69 |        43 |   2191 |             784 |        157 |      Fixed 
    31 |  JC69 |        43 |   2809 |             498 |        215 |      Fixed 
    32 |  JC69 |        43 |   2517 |            1088 |        251 |      Fixed 
    33 |  JC69 |        43 |   2796 |            1399 |        369 |      Fixed 
    34 |  JC69 |        43 |   2166 |            1054 |        283 |      Fixed 
    35 |  JC69 |        43 |   1893 |             519 |        193 |      Fixed 
    36 |  JC69 |        43 |   1728 |            1119 |        297 |      Fixed 
    37 |  JC69 |        43 |   2263 |            1199 |        363 |      Fixed 
    38 |  JC69 |        43 |   2120 |             721 |        232 |      Fixed 
    39 |  JC69 |        43 |   2428 |             893 |        222 |      Fixed 
    40 |  JC69 |        43 |   3234 |            2485 |        330 |      Fixed 
    41 |  JC69 |        43 |   2250 |             731 |        233 |      Fixed 
    42 |  JC69 |        43 |   2641 |            1171 |        283 |      Fixed 
    43 |  JC69 |        43 |   2632 |             571 |        227 |      Fixed 
    44 |  JC69 |        43 |   2269 |             469 |        224 |      Fixed 
    45 |  JC69 |        43 |   2467 |             804 |        246 |      Fixed 
    46 |  JC69 |        43 |   1764 |            1473 |        249 |      Fixed 
    47 |  JC69 |        43 |   1738 |             714 |        239 |      Fixed 
    48 |  JC69 |        43 |   2514 |             859 |        254 |      Fixed 
    49 |  JC69 |        43 |   1720 |            1118 |        267 |      Fixed 
    50 |  JC69 |        43 |   2547 |            1142 |        285 |      Fixed 

Parsing map file... Done
bpp v4.2.9_osx_x86_64, 8GB RAM, 8 cores

Per-locus sequences in data and 'species&tree' tag:
C.File | Data |                Status                | Population
-------+------+--------------------------------------+-----------
     3 |    3 | [OK]                                 | P11_ornata
     3 |    3 | [OK]                                 | P10_amoena
     3 |    3 | [OK]                                 | P8_amoena 
     3 |    3 | [OK]                                 | P9_amoena 
     2 |    2 | [OK]                                 | P12_ornata
     2 |    2 | [OK]                                 | P13_lutea 
     4 |    4 | [OK]                                 | P20_quilapilun
     4 |    4 | [OK]                                 | P14_ornata
     3 |    3 | [OK]                                 | P33_ornata
     3 |    3 | [OK]                                 | P35_lutea 
     2 |    2 | [OK]                                 | P32_arzae 
     3 |    3 | [OK]                                 | P17_arzae 
     3 |    3 | [OK]                                 | P19_arzae 
     5 |    5 | [OK]                                 | P18_davidii


Map of populations and ancestors (1 in map indicates ancestor):
   Species                                                                                                                                      1  2  3  4  5  6  7  8  9  10  11  12  13  14  15  16  17  18  19  20  21  22  23  24  25  26  27
 1 P11_ornata                                                                                                                                   1  0  0  0  0  0  0  0  0  0   0   0   0   0   1   1   0   0   0   0   0   0   0   0   0   0   0
 2 P10_amoena                                                                                                                                   0  1  0  0  0  0  0  0  0  0   0   0   0   0   1   1   1   0   0   0   0   0   0   0   0   0   0
 3 P8_amoena                                                                                                                                    0  0  1  0  0  0  0  0  0  0   0   0   0   0   1   1   1   1   0   0   0   0   0   0   0   0   0
 4 P9_amoena                                                                                                                                    0  0  0  1  0  0  0  0  0  0   0   0   0   0   1   1   1   1   0   0   0   0   0   0   0   0   0
 5 P12_ornata                                                                                                                                   0  0  0  0  1  0  0  0  0  0   0   0   0   0   1   0   0   0   1   0   0   0   0   0   0   0   0
 6 P13_lutea                                                                                                                                    0  0  0  0  0  1  0  0  0  0   0   0   0   0   1   0   0   0   1   1   1   0   0   0   0   0   0
 7 P20_quilapilun                                                                                                                               0  0  0  0  0  0  1  0  0  0   0   0   0   0   1   0   0   0   1   1   1   1   0   0   0   0   0
 8 P14_ornata                                                                                                                                   0  0  0  0  0  0  0  1  0  0   0   0   0   0   1   0   0   0   1   1   1   1   1   0   0   0   0
 9 P33_ornata                                                                                                                                   0  0  0  0  0  0  0  0  1  0   0   0   0   0   1   0   0   0   1   1   1   1   1   0   0   0   0
10 P35_lutea                                                                                                                                    0  0  0  0  0  0  0  0  0  1   0   0   0   0   1   0   0   0   1   1   0   0   0   1   0   0   0
11 P32_arzae                                                                                                                                    0  0  0  0  0  0  0  0  0  0   1   0   0   0   1   0   0   0   1   1   0   0   0   1   1   0   0
12 P17_arzae                                                                                                                                    0  0  0  0  0  0  0  0  0  0   0   1   0   0   1   0   0   0   1   1   0   0   0   1   1   1   0
13 P19_arzae                                                                                                                                    0  0  0  0  0  0  0  0  0  0   0   0   1   0   1   0   0   0   1   1   0   0   0   1   1   1   1
14 P18_davidii                                                                                                                                  0  0  0  0  0  0  0  0  0  0   0   0   0   1   1   0   0   0   1   1   0   0   0   1   1   1   1
15 P11_ornataP10_amoenaP8_amoenaP9_amoenaP12_ornataP13_luteaP20_quilapilunP14_ornataP33_ornataP35_luteaP32_arzaeP17_arzaeP19_arzaeP18_davidii   0  0  0  0  0  0  0  0  0  0   0   0   0   0   1   0   0   0   0   0   0   0   0   0   0   0   0
16 P11_ornataP10_amoenaP8_amoenaP9_amoena                                                                                                       0  0  0  0  0  0  0  0  0  0   0   0   0   0   1   1   0   0   0   0   0   0   0   0   0   0   0
17 P10_amoenaP8_amoenaP9_amoena                                                                                                                 0  0  0  0  0  0  0  0  0  0   0   0   0   0   1   1   1   0   0   0   0   0   0   0   0   0   0
18 P8_amoenaP9_amoena                                                                                                                           0  0  0  0  0  0  0  0  0  0   0   0   0   0   1   1   1   1   0   0   0   0   0   0   0   0   0
19 P12_ornataP13_luteaP20_quilapilunP14_ornataP33_ornataP35_luteaP32_arzaeP17_arzaeP19_arzaeP18_davidii                                         0  0  0  0  0  0  0  0  0  0   0   0   0   0   1   0   0   0   1   0   0   0   0   0   0   0   0
20 P13_luteaP20_quilapilunP14_ornataP33_ornataP35_luteaP32_arzaeP17_arzaeP19_arzaeP18_davidii                                                   0  0  0  0  0  0  0  0  0  0   0   0   0   0   1   0   0   0   1   1   0   0   0   0   0   0   0
21 P13_luteaP20_quilapilunP14_ornataP33_ornata                                                                                                  0  0  0  0  0  0  0  0  0  0   0   0   0   0   1   0   0   0   1   1   1   0   0   0   0   0   0
22 P20_quilapilunP14_ornataP33_ornata                                                                                                           0  0  0  0  0  0  0  0  0  0   0   0   0   0   1   0   0   0   1   1   1   1   0   0   0   0   0
23 P14_ornataP33_ornata                                                                                                                         0  0  0  0  0  0  0  0  0  0   0   0   0   0   1   0   0   0   1   1   1   1   1   0   0   0   0
24 P35_luteaP32_arzaeP17_arzaeP19_arzaeP18_davidii                                                                                              0  0  0  0  0  0  0  0  0  0   0   0   0   0   1   0   0   0   1   1   0   0   0   1   0   0   0
25 P32_arzaeP17_arzaeP19_arzaeP18_davidii                                                                                                       0  0  0  0  0  0  0  0  0  0   0   0   0   0   1   0   0   0   1   1   0   0   0   1   1   0   0
26 P17_arzaeP19_arzaeP18_davidii                                                                                                                0  0  0  0  0  0  0  0  0  0   0   0   0   0   1   0   0   0   1   1   0   0   0   1   1   1   0
27 P19_arzaeP18_davidii                                                                                                                         0  0  0  0  0  0  0  0  0  0   0   0   0   0   1   0   0   0   1   1   0   0   0   1   1   1   1

Counting delimitations...
[ 14 ]  1 1 1 1 1 1 1 1 1 1 1 1 1 1       nD =   1  Trees = 7905853580625  Guide =    1  pro=7905853580625
[ 13 ]  1 1 1 1 1 1 1 1 1 1 1 1 2         nD =  91  Trees = 316234143225  Guide =    1  pro=28777307033475
[ 12 ]  1 1 1 1 1 1 1 1 1 1 1 3           nD = 364  Trees = 13749310575  Guide =    3  pro=15014247147900
[ 12 ]  1 1 1 1 1 1 1 1 1 1 2 2           nD = 3003  Trees = 13749310575  Guide =    1  pro=41289179656725
[ 11 ]  1 1 1 1 1 1 1 1 1 1 4             nD = 1001  Trees = 654729075  Guide =   15  pro=9830757061125
[ 11 ]  1 1 1 1 1 1 1 1 1 2 3             nD = 20020  Trees = 654729075  Guide =    3  pro=39323028244500
[ 10 ]  1 1 1 1 1 1 1 1 1 5               nD = 2002  Trees = 34459425  Guide =  105  pro=7243715729250
[ 11 ]  1 1 1 1 1 1 1 1 2 2 2             nD = 45045  Trees = 654729075  Guide =    1  pro=29492271183375
[ 10 ]  1 1 1 1 1 1 1 1 2 4               nD = 45045  Trees = 34459425  Guide =   15  pro=23283371986875
[ 10 ]  1 1 1 1 1 1 1 1 3 3               nD = 30030  Trees = 34459425  Guide =    9  pro=9313348794750
[  9 ]  1 1 1 1 1 1 1 1 6                 nD = 3003  Trees = 2027025  Guide =  945  pro=5752362490875
[ 10 ]  1 1 1 1 1 1 1 2 2 3               nD = 360360  Trees = 34459425  Guide =    3  pro=37253395179000
[  9 ]  1 1 1 1 1 1 1 2 5                 nD = 72072  Trees = 2027025  Guide =  105  pro=15339633309000
[  9 ]  1 1 1 1 1 1 1 3 4                 nD = 120120  Trees = 2027025  Guide =   45  pro=10956880935000
[  8 ]  1 1 1 1 1 1 1 7                   nD = 3432  Trees = 135135  Guide = 10395  pro=4821027611400
[ 10 ]  1 1 1 1 1 1 2 2 2 2               nD = 315315  Trees = 34459425  Guide =    1  pro=10865573593875
[  9 ]  1 1 1 1 1 1 2 2 4                 nD = 630630  Trees = 2027025  Guide =   15  pro=19174541636250
[  9 ]  1 1 1 1 1 1 2 3 3                 nD = 840840  Trees = 2027025  Guide =    9  pro=15339633309000
[  8 ]  1 1 1 1 1 1 2 6                   nD = 84084  Trees = 135135  Guide =  945  pro=10737743316300
[  8 ]  1 1 1 1 1 1 3 5                   nD = 168168  Trees = 135135  Guide =  315  pro=7158495544200
[  8 ]  1 1 1 1 1 1 4 4                   nD = 105105  Trees = 135135  Guide =  225  pro=3195756939375
[  7 ]  1 1 1 1 1 1 8                     nD = 3003  Trees = 10395  Guide = 135135  pro=4218399159975
[  9 ]  1 1 1 1 1 2 2 2 3                 nD = 2522520  Trees = 2027025  Guide =    3  pro=15339633309000
[  8 ]  1 1 1 1 1 2 2 5                   nD = 756756  Trees = 135135  Guide =  105  pro=10737743316300
[  8 ]  1 1 1 1 1 2 3 4                   nD = 2522520  Trees = 135135  Guide =   45  pro=15339633309000
[  7 ]  1 1 1 1 1 2 7                     nD = 72072  Trees = 10395  Guide = 10395  pro=7787813833800
[  8 ]  1 1 1 1 1 3 3 3                   nD = 560560  Trees = 135135  Guide =   27  pro=2045284441200
[  7 ]  1 1 1 1 1 3 6                     nD = 168168  Trees = 10395  Guide = 2835  pro=4955881530600
[  7 ]  1 1 1 1 1 4 5                     nD = 252252  Trees = 10395  Guide = 1575  pro=4129901275500
[  6 ]  1 1 1 1 1 9                       nD = 2002  Trees =  945  Guide = 2027025  pro=3834908327250
[  9 ]  1 1 1 1 2 2 2 2 2                 nD = 945945  Trees = 2027025  Guide =    1  pro=1917454163625
[  8 ]  1 1 1 1 2 2 2 4                   nD = 3153150  Trees = 135135  Guide =   15  pro=6391513878750
[  8 ]  1 1 1 1 2 2 3 3                   nD = 6306300  Trees = 135135  Guide =    9  pro=7669816654500
[  7 ]  1 1 1 1 2 2 6                     nD = 630630  Trees = 10395  Guide =  945  pro=6194851913250
[  7 ]  1 1 1 1 2 3 5                     nD = 2522520  Trees = 10395  Guide =  315  pro=8259802551000
[  7 ]  1 1 1 1 2 4 4                     nD = 1576575  Trees = 10395  Guide =  225  pro=3687411853125
[  6 ]  1 1 1 1 2 8                       nD = 45045  Trees =  945  Guide = 135135  pro=5752362490875
[  7 ]  1 1 1 1 3 3 4                     nD = 2102100  Trees = 10395  Guide =  135  pro=2949929482500
[  6 ]  1 1 1 1 3 7                       nD = 120120  Trees =  945  Guide = 31185  pro=3539915379000
[  6 ]  1 1 1 1 4 6                       nD = 210210  Trees =  945  Guide = 14175  pro=2815841778750
[  6 ]  1 1 1 1 5 5                       nD = 126126  Trees =  945  Guide = 11025  pro=1314059496750
[  5 ]  1 1 1 1 10                         nD = 1001  Trees =  105  Guide = 34459425  pro=3621857864625
[  8 ]  1 1 1 2 2 2 2 3                   nD = 6306300  Trees = 135135  Guide =    3  pro=2556605551500
[  7 ]  1 1 1 2 2 2 5                     nD = 2522520  Trees = 10395  Guide =  105  pro=2753267517000
[  7 ]  1 1 1 2 2 3 4                     nD = 12612600  Trees = 10395  Guide =   45  pro=5899858965000
[  6 ]  1 1 1 2 2 7                       nD = 360360  Trees =  945  Guide = 10395  pro=3539915379000
[  7 ]  1 1 1 2 3 3 3                     nD = 5605600  Trees = 10395  Guide =   27  pro=1573295724000
[  6 ]  1 1 1 2 3 6                       nD = 1681680  Trees =  945  Guide = 2835  pro=4505346846000
[  6 ]  1 1 1 2 4 5                       nD = 2522520  Trees =  945  Guide = 1575  pro=3754455705000
[  5 ]  1 1 1 2 9                         nD = 20020  Trees =  105  Guide = 2027025  pro=4261009252500
[  6 ]  1 1 1 3 3 5                       nD = 1681680  Trees =  945  Guide =  945  pro=1501782282000
[  6 ]  1 1 1 3 4 4                       nD = 2102100  Trees =  945  Guide =  675  pro=1340877037500
[  5 ]  1 1 1 3 8                         nD = 60060  Trees =  105  Guide = 405405  pro=2556605551500
[  5 ]  1 1 1 4 7                         nD = 120120  Trees =  105  Guide = 155925  pro=1966619655000
[  5 ]  1 1 1 5 6                         nD = 168168  Trees =  105  Guide = 99225  pro=1752079329000
[  4 ]  1 1 1 11                           nD = 364  Trees =   15  Guide = 654729075  pro=3574820749500
[  8 ]  1 1 2 2 2 2 2 2                   nD = 945945  Trees = 135135  Guide =    1  pro=127830277575
[  7 ]  1 1 2 2 2 2 4                     nD = 4729725  Trees = 10395  Guide =   15  pro=737482370625
[  7 ]  1 1 2 2 2 3 3                     nD = 12612600  Trees = 10395  Guide =    9  pro=1179971793000
[  6 ]  1 1 2 2 2 6                       nD = 1261260  Trees =  945  Guide =  945  pro=1126336711500
[  6 ]  1 1 2 2 3 5                       nD = 7567560  Trees =  945  Guide =  315  pro=2252673423000
[  6 ]  1 1 2 2 4 4                       nD = 4729725  Trees =  945  Guide =  225  pro=1005657778125
[  5 ]  1 1 2 2 8                         nD = 135135  Trees =  105  Guide = 135135  pro=1917454163625
[  6 ]  1 1 2 3 3 4                       nD = 12612600  Trees =  945  Guide =  135  pro=1609052445000
[  5 ]  1 1 2 3 7                         nD = 720720  Trees =  105  Guide = 31185  pro=2359943586000
[  5 ]  1 1 2 4 6                         nD = 1261260  Trees =  105  Guide = 14175  pro=1877227852500
[  5 ]  1 1 2 5 5                         nD = 756756  Trees =  105  Guide = 11025  pro=876039664500
[  4 ]  1 1 2 10                           nD = 6006  Trees =   15  Guide = 34459425  pro=3104449598250
[  6 ]  1 1 3 3 3 3                       nD = 1401400  Trees =  945  Guide =   81  pro=107270163000
[  5 ]  1 1 3 3 6                         nD = 840840  Trees =  105  Guide = 8505  pro=750891141000
[  5 ]  1 1 3 4 5                         nD = 2522520  Trees =  105  Guide = 4725  pro=1251485235000
[  4 ]  1 1 3 9                           nD = 20020  Trees =   15  Guide = 6081075  pro=1826146822500
[  5 ]  1 1 4 4 4                         nD = 525525  Trees =  105  Guide = 3375  pro=186232921875
[  4 ]  1 1 4 8                           nD = 45045  Trees =   15  Guide = 2027025  pro=1369610116875
[  4 ]  1 1 5 7                           nD = 72072  Trees =   15  Guide = 1091475  pro=1179971793000
[  4 ]  1 1 6 6                           nD = 42042  Trees =   15  Guide = 893025  pro=563168355750
[  3 ]  1 1 12                             nD =  91  Trees =    3  Guide = 13749310575  pro=3753561786975
[  7 ]  1 2 2 2 2 2 3                     nD = 3783780  Trees = 10395  Guide =    3  pro=117997179300
[  6 ]  1 2 2 2 2 5                       nD = 1891890  Trees =  945  Guide =  105  pro=187722785250
[  6 ]  1 2 2 2 3 4                       nD = 12612600  Trees =  945  Guide =   45  pro=536350815000
[  5 ]  1 2 2 2 7                         nD = 360360  Trees =  105  Guide = 10395  pro=393323931000
[  6 ]  1 2 2 3 3 3                       nD = 8408400  Trees =  945  Guide =   27  pro=214540326000
[  5 ]  1 2 2 3 6                         nD = 2522520  Trees =  105  Guide = 2835  pro=750891141000
[  5 ]  1 2 2 4 5                         nD = 3783780  Trees =  105  Guide = 1575  pro=625742617500
[  4 ]  1 2 2 9                           nD = 30030  Trees =   15  Guide = 2027025  pro=913073411250
[  5 ]  1 2 3 3 5                         nD = 5045040  Trees =  105  Guide =  945  pro=500594094000
[  5 ]  1 2 3 4 4                         nD = 6306300  Trees =  105  Guide =  675  pro=446959012500
[  4 ]  1 2 3 8                           nD = 180180  Trees =   15  Guide = 405405  pro=1095688093500
[  4 ]  1 2 4 7                           nD = 360360  Trees =   15  Guide = 155925  pro=842836995000
[  4 ]  1 2 5 6                           nD = 504504  Trees =   15  Guide = 99225  pro=750891141000
[  3 ]  1 2 11                             nD = 1092  Trees =    3  Guide = 654729075  pro=2144892449700
[  5 ]  1 3 3 3 4                         nD = 2802800  Trees =  105  Guide =  405  pro=119189070000
[  4 ]  1 3 3 7                           nD = 240240  Trees =   15  Guide = 93555  pro=337134798000
[  4 ]  1 3 4 6                           nD = 840840  Trees =   15  Guide = 42525  pro=536350815000
[  4 ]  1 3 5 5                           nD = 504504  Trees =   15  Guide = 33075  pro=250297047000
[  3 ]  1 3 10                             nD = 4004  Trees =    3  Guide = 103378275  pro=1241779839300
[  4 ]  1 4 4 5                           nD = 630630  Trees =   15  Guide = 23625  pro=223479506250
[  3 ]  1 4 9                             nD = 10010  Trees =    3  Guide = 30405375  pro=913073411250
[  3 ]  1 5 8                             nD = 18018  Trees =    3  Guide = 14189175  pro=766981665450
[  3 ]  1 6 7                             nD = 24024  Trees =    3  Guide = 9823275  pro=707983075800
[  2 ]  1 13                               nD =  14  Trees =    1  Guide = 316234143225  pro=4427278005150
[  7 ]  2 2 2 2 2 2 2                     nD = 135135  Trees = 10395  Guide =    1  pro=1404728325
[  6 ]  2 2 2 2 2 4                       nD = 945945  Trees =  945  Guide =   15  pro=13408770375
[  6 ]  2 2 2 2 3 3                       nD = 3153150  Trees =  945  Guide =    9  pro=26817540750
[  5 ]  2 2 2 2 6                         nD = 315315  Trees =  105  Guide =  945  pro=31287130875
[  5 ]  2 2 2 3 5                         nD = 2522520  Trees =  105  Guide =  315  pro=83432349000
[  5 ]  2 2 2 4 4                         nD = 1576575  Trees =  105  Guide =  225  pro=37246584375
[  4 ]  2 2 2 8                           nD = 45045  Trees =   15  Guide = 135135  pro=91307341125
[  5 ]  2 2 3 3 4                         nD = 6306300  Trees =  105  Guide =  135  pro=89391802500
[  4 ]  2 2 3 7                           nD = 360360  Trees =   15  Guide = 31185  pro=168567399000
[  4 ]  2 2 4 6                           nD = 630630  Trees =   15  Guide = 14175  pro=134087703750
[  4 ]  2 2 5 5                           nD = 378378  Trees =   15  Guide = 11025  pro=62574261750
[  3 ]  2 2 10                             nD = 3003  Trees =    3  Guide = 34459425  pro=310444959825
[  5 ]  2 3 3 3 3                         nD = 1401400  Trees =  105  Guide =   81  pro=11918907000
[  4 ]  2 3 3 6                           nD = 840840  Trees =   15  Guide = 8505  pro=107270163000
[  4 ]  2 3 4 5                           nD = 2522520  Trees =   15  Guide = 4725  pro=178783605000
[  3 ]  2 3 9                             nD = 20020  Trees =    3  Guide = 6081075  pro=365229364500
[  4 ]  2 4 4 4                           nD = 525525  Trees =   15  Guide = 3375  pro=26604703125
[  3 ]  2 4 8                             nD = 45045  Trees =    3  Guide = 2027025  pro=273922023375
[  3 ]  2 5 7                             nD = 72072  Trees =    3  Guide = 1091475  pro=235994358600
[  3 ]  2 6 6                             nD = 42042  Trees =    3  Guide = 893025  pro=112633671150
[  2 ]  2 12                               nD =  91  Trees =    1  Guide = 13749310575  pro=1251187262325
[  4 ]  3 3 3 5                           nD = 560560  Trees =   15  Guide = 2835  pro=23837814000
[  4 ]  3 3 4 4                           nD = 1051050  Trees =   15  Guide = 2025  pro=31925643750
[  3 ]  3 3 8                             nD = 30030  Trees =    3  Guide = 1216215  pro=109568809350
[  3 ]  3 4 7                             nD = 120120  Trees =    3  Guide = 467775  pro=168567399000
[  3 ]  3 5 6                             nD = 168168  Trees =    3  Guide = 297675  pro=150178228200
[  2 ]  3 11                               nD = 364  Trees =    1  Guide = 1964187225  pro=714964149900
[  3 ]  4 4 6                             nD = 105105  Trees =    3  Guide = 212625  pro=67043851875
[  3 ]  4 5 5                             nD = 126126  Trees =    3  Guide = 165375  pro=62574261750
[  2 ]  4 10                               nD = 1001  Trees =    1  Guide = 516891375  pro=517408266375
[  2 ]  5 9                               nD = 2002  Trees =    1  Guide = 212837625  pro=426100925250
[  2 ]  6 8                               nD = 3003  Trees =    1  Guide = 127702575  pro=383490832725
[  2 ]  7 7                               nD = 1716  Trees =    1  Guide = 108056025  pro=185424138900
[  1 ]  14                                 nD =   1  Trees =    1  Guide = 7905853580625  pro=7905853580625
Generating gene trees.... Done

Initial MSC density and log-likelihood of observing data:
log-PG0 = 9263.834927   log-L0 = -450275.395263

0:00 taken to read and process data..
Restarting timer...


-*- Glossary of terms -*-

  Prgs: progress of MCMC run (negative progress means burnin)
  Gage: gene-tree age proposal
  Gspr: gene-tree SPR proposal
  thet: species tree theta proposal
   tau: species tree tau proposal
   mix: mixing proposal
    sp: number of delimited specices
    np: number of parameters
  mldp: most likelely delimitation and probability
mthet1: root node mean theta
 mtau1: root node mean tau
log-PG: log-probability of gene trees (MSC)
 log-L: mean log-L of observing data

     |     Acceptance proportions (pjump)     |
Prgs | Gage Gspr thet  tau  mix   Sspr     rj | sp np         mldp   mtau1       log-PG          log-L
------------------------------------------------------------------------------------------------------


                      Gage    Gspr    thet     tau     mix lrht  phi   pi qmat alfa mubr nubr mu_i nu_i brte
Current Pjump:     0.50125 0.00485 0.00000 0.12959 0.32800   -    -    -    -    -    -    -    -    -    - 
Current finetune:  0.02000 0.02000 0.02000 0.02000 0.02000   -    -    -    -    -    -    -    -    -    - 
New finetune:      0.03941 0.00030 0.00020 0.00810 0.02223   -    -    -    -    -    -    -    -    -    - 

  -0%  0.54 0.23 0.00 0.10 0.19 0.0060 0.0000   13 12 P[13]=0.8320 0.0052   8438.95149  -283714.71816

                      Gage    Gspr    thet     tau     mix lrht  phi   pi qmat alfa mubr nubr mu_i nu_i brte
Current Pjump:     0.54234 0.23046 0.00000 0.09933 0.18800   -    -    -    -    -    -    -    -    -    - 
Current finetune:  0.03941 0.00030 0.00020 0.00810 0.02223   -    -    -    -    -    -    -    -    -    - 
New finetune:      0.08838 0.00022 0.00000 0.00250 0.01327   -    -    -    -    -    -    -    -    -    - 



                      Gage    Gspr    thet     tau     mix lrht  phi   pi qmat alfa mubr nubr mu_i nu_i brte
Current Pjump:     0.54742 0.24985 0.00000 0.08085 0.50200   -    -    -    -    -    -    -    -    -    - 
Current finetune:  0.08838 0.00022 0.00000 0.00250 0.01327   -    -    -    -    -    -    -    -    -    - 
New finetune:      0.20142 0.00018 0.00000 0.00063 0.02621   -    -    -    -    -    -    -    -    -    - 

   0%  0.54 0.26 0.00 0.08 0.14 0.0000 0.0000   13 12 P[13]=0.9920 0.0050   8356.28596  -283437.44945  7:25


                      Gage    Gspr    thet     tau     mix lrht  phi   pi qmat alfa mubr nubr mu_i nu_i brte
Current Pjump:     0.54300 0.26173 0.00000 0.08079 0.14400   -    -    -    -    -    -    -    -    -    - 
Current finetune:  0.20142 0.00018 0.00000 0.00063 0.02621   -    -    -    -    -    -    -    -    -    - 
New finetune:      0.45269 0.00015 0.00000 0.00016 0.01184   -    -    -    -    -    -    -    -    -    - 

   1%  0.54 0.27 0.00 0.24 0.47 0.0090 0.0000   13 12 P[13]=1.0000 0.0050   8374   1%  0.55 0.27 0.00 0.24 0.47 0.0090 0.0000   13 12 P[13]=0.9880 0.0050   8342   2%  0.54 0.27 0.00 0.24 0.49 0.0087 0.0000   14 13 P[13]=0.9853 0.0050   8432   2%  0.54 0.27 0.00 0.24 0.49 0.0073 0.0000   13 12 P[13]=0.9443 0.0049   8293   3%  0.54 0.27 0.00 0.24 0.49 0.0084 0.0000   13 12 P[13]=0.9522 0.0049   8432   3%  0.54 0.27 0.00 0.24 0.49 0.0078 0.0000   14 13 P[13]=0.9117 0.0049   8411   4%  0.55 0.27 0.00 0.24 0.49 0.0077 0.0000   13 12 P[13]=0.8891 0.0049   8364   4%  0.55 0.27 0.00 0.24 0.49 0.0118 0.0000   13 12 P[13]=0.8968 0.0049   8414   5%  0.55 0.27 0.00 0.24 0.49 0.0110 0.0000   13 12 P[13]=0.9082 0.0049   8385   5%  0.55 0.27 0.00 0.24 0.49 0.0115 0.0000   13 12 P[13]=0.9174 0.0049   8420.17620  -283419.79604  1:07:03
   6%  0.55 0.27 0.00 0.24 0.49 0.0119 0.0000   13 12 P[13]=0.9236 0.0049   8395   6%  0.55 0.27 0.00 0.24 0.49 0.0120 0.0000   14 13 P[13]=0.9107 0.0049   8455   7%  0.55 0.27 0.00 0.24 0.49 0.0136 0.0000   13 12 P[13]=0.8610 0.0049   8312   7%  0.55 0.27 0.00 0.24 0.49 0.0134 0.0000   13 12 P[13]=0.8707 0.0049   8371   8%  0.55 0.27 0.00 0.24 0.49 0.0143 0.0000   13 12 P[13]=0.8782 0.0049   8367   8%  0.55 0.27 0.00 0.24 0.49 0.0140 0.0000   13 12 P[13]=0.8844 0.0049   8369   9%  0.55 0.27 0.00 0.24 0.49 0.0141 0.0000   13 12 P[13]=0.8912 0.0049   8371   9%  0.55 0.27 0.00 0.24 0.49 0.0141 0.0000   13 12 P[13]=0.8964 0.0049   8402  10%  0.55 0.27 0.00 0.24 0.49 0.0145 0.0000   13 12 P[13]=0.9013 0.0049   8412  10%  0.55 0.27 0.00 0.24 0.49 0.0141 0.0000   13 12 P[13]=0.9059 0.0049   8363.02338  -283410.18357  1:44:44
  11%  0.55 0.27 0.00 0.24 0.49 0.0135 0.0000   13 12 P[13]=0.9097 0.0049   8293  11%  0.55 0.27 0.00 0.24 0.49 0.0130 0.0000   13 12 P[13]=0.9124 0.0049   8369  12%  0.55 0.27 0.00 0.24 0.49 0.0137 0.0000   13 12 P[13]=0.9160 0.0049   8331  12%  0.55 0.27 0.00 0.24 0.49 0.0134 0.0000   13 12 P[13]=0.9195 0.0049   8450  13%  0.55 0.27 0.00 0.24 0.49 0.0136 0.0000   13 12 P[13]=0.9226 0.0049   8311  13%  0.55 0.27 0.00 0.24 0.49 0.0135 0.0000   13 12 P[13]=0.9246 0.0049   8357  14%  0.55 0.27 0.00 0.24 0.49 0.0130 0.0000   13 12 P[13]=0.9272 0.0049   8234  14%  0.55 0.27 0.00 0.24 0.49 0.0132 0.0000   13 12 P[13]=0.9293 0.0049   8295  15%  0.55 0.27 0.00 0.24 0.49 0.0127 0.0000   13 12 P[13]=0.9298 0.0049   8469  15%  0.55 0.27 0.00 0.24 0.49 0.0127 0.0000   13 12 P[13]=0.9321 0.0049   8290.47363  -283398.87348  2:22:25
  16%  0.55 0.27 0.00 0.24 0.49 0.0127 0.0000   13 12 P[13]=0.9342 0.0049   8340  16%  0.55 0.27 0.00 0.24 0.49 0.0128 0.0000   13 12 P[13]=0.9360 0.0049   8338  17%  0.55 0.27 0.00 0.24 0.49 0.0127 0.0000   13 12 P[13]=0.9379 0.0049   8425  17%  0.55 0.27 0.00 0.24 0.49 0.0124 0.0000   13 12 P[13]=0.9367 0.0049   8371  18%  0.55 0.27 0.00 0.24 0.49 0.0129 0.0000   13 12 P[13]=0.9382 0.0049   8438  18%  0.55 0.27 0.00 0.24 0.49 0.0132 0.0000   13 12 P[13]=0.9399 0.0049   8375  19%  0.55 0.27 0.00 0.24 0.49 0.0134 0.0000   13 12 P[13]=0.9411 0.0049   8408  19%  0.55 0.27 0.00 0.24 0.49 0.0134 0.0000   13 12 P[13]=0.9427 0.0049   8438  20%  0.55 0.27 0.00 0.24 0.49 0.0131 0.0000   13 12 P[13]=0.9442 0.0049   8365  20%  0.55 0.27 0.00 0.24 0.49 0.0128 0.0000   13 12 P[13]=0.9455 0.0049   8425.00174  -283394.11040  3:00:00
  21%  0.55 0.27 0.00 0.24 0.49 0.0126 0.0000   13 12 P[13]=0.9463 0.0049   8360  21%  0.55 0.27 0.00 0.24 0.49 0.0123 0.0000   13 12 P[13]=0.9470 0.0049   8377  22%  0.55 0.27 0.00 0.24 0.49 0.0123 0.0000   13 12 P[13]=0.9479 0.0049   8398  22%  0.55 0.27 0.00 0.24 0.49 0.0124 0.0000   13 12 P[13]=0.9491 0.0049   8444  23%  0.55 0.27 0.00 0.24 0.49 0.0123 0.0000   13 12 P[13]=0.9496 0.0049   8428  23%  0.55 0.27 0.00 0.24 0.49 0.0122 0.0000   13 12 P[13]=0.9507 0.0049   8343  24%  0.55 0.27 0.00 0.24 0.49 0.0122 0.0000   13 12 P[13]=0.9514 0.0049   8427  24%  0.55 0.27 0.00 0.24 0.49 0.0123 0.0000   13 12 P[13]=0.9524 0.0049   8425  25%  0.55 0.27 0.00 0.24 0.49 0.0123 0.0000   13 12 P[13]=0.9534 0.0049   8369  25%  0.55 0.27 0.00 0.24 0.49 0.0123 0.0000   13 12 P[13]=0.9542 0.0049   8408.31619  -283390.95675  3:37:44
  26%  0.55 0.27 0.00 0.24 0.49 0.0121 0.0000   13 12 P[13]=0.9551 0.0049   8390  26%  0.55 0.27 0.00 0.24 0.49 0.0124 0.0000   13 12 P[13]=0.9560 0.0049   8392  27%  0.55 0.27 0.00 0.24 0.49 0.0125 0.0000   13 12 P[13]=0.9567 0.0049   8368  27%  0.55 0.27 0.00 0.24 0.49 0.0124 0.0000   13 12 P[13]=0.9575 0.0049   8332  28%  0.55 0.27 0.00 0.24 0.49 0.0123 0.0000   13 12 P[13]=0.9583 0.0049   8457  28%  0.55 0.27 0.00 0.24 0.49 0.0122 0.0000   13 12 P[13]=0.9590 0.0049   8367  29%  0.55 0.27 0.00 0.24 0.49 0.0124 0.0000   13 12 P[13]=0.9597 0.0049   8318  29%  0.55 0.27 0.00 0.24 0.49 0.0125 0.0000   13 12 P[13]=0.9601 0.0049   8318  30%  0.55 0.27 0.00 0.24 0.49 0.0124 0.0000   13 12 P[13]=0.9608 0.0049   8438  30%  0.55 0.27 0.00 0.24 0.49 0.0125 0.0000   13 12 P[13]=0.9613 0.0049   8383.28086  -283389.32419  4:17:42
  31%  0.55 0.27 0.00 0.24 0.49 0.0128 0.0000   13 12 P[13]=0.9619 0.0049   8342  31%  0.55 0.27 0.00 0.24 0.49 0.0126 0.0000   13 12 P[13]=0.9625 0.0049   8356  32%  0.55 0.27 0.00 0.24 0.49 0.0126 0.0000   13 12 P[13]=0.9631 0.0049   8420  32%  0.55 0.27 0.00 0.24 0.49 0.0126 0.0000   13 12 P[13]=0.9637 0.0049   8363  33%  0.55 0.27 0.00 0.24 0.49 0.0126 0.0000   13 12 P[13]=0.9643 0.0049   8399  33%  0.55 0.27 0.00 0.24 0.49 0.0126 0.0000   13 12 P[13]=0.9648 0.0049   8402  34%  0.55 0.27 0.00 0.24 0.49 0.0126 0.0000   13 12 P[13]=0.9653 0.0049   8327  34%  0.55 0.27 0.00 0.24 0.49 0.0124 0.0000   13 12 P[13]=0.9658 0.0049   8261  35%  0.55 0.27 0.00 0.24 0.49 0.0123 0.0000   13 12 P[13]=0.9658 0.0049   8324  35%  0.55 0.27 0.00 0.24 0.49 0.0122 0.0000   13 12 P[13]=0.9658 0.0049   8395.92230  -283386.38108  4:58:42
  36%  0.55 0.27 0.00 0.24 0.49 0.0122 0.0000   13 12 P[13]=0.9663 0.0049   8346  36%  0.55 0.27 0.00 0.24 0.49 0.0121 0.0000   13 12 P[13]=0.9668 0.0049   8292  37%  0.55 0.27 0.00 0.24 0.49 0.0122 0.0000   13 12 P[13]=0.9669 0.0049   8250  37%  0.55 0.27 0.00 0.24 0.49 0.0121 0.0000   13 12 P[13]=0.9673 0.0049   8405  38%  0.55 0.27 0.00 0.24 0.49 0.0122 0.0000   13 12 P[13]=0.9677 0.0049   8297  38%  0.55 0.27 0.00 0.24 0.49 0.0121 0.0000   13 12 P[13]=0.9680 0.0049   8452  39%  0.55 0.27 0.00 0.24 0.49 0.0120 0.0000   13 12 P[13]=0.9683 0.0049   8418  39%  0.55 0.27 0.00 0.24 0.49 0.0120 0.0000   13 12 P[13]=0.9686 0.0049   8349  40%  0.55 0.27 0.00 0.24 0.49 0.0120 0.0000   13 12 P[13]=0.9686 0.0049   8322  40%  0.55 0.27 0.00 0.24 0.49 0.0121 0.0000   13 12 P[13]=0.9689 0.0049   8326.58765  -283383.07456  5:37:59
  41%  0.55 0.27 0.00 0.24 0.49 0.0121 0.0000   13 12 P[13]=0.9680 0.0049   8357  41%  0.55 0.27 0.00 0.24 0.49 0.0120 0.0000   13 12 P[13]=0.9683 0.0049   8388  42%  0.55 0.27 0.00 0.24 0.49 0.0120 0.0000   13 12 P[13]=0.9685 0.0049   8321  42%  0.55 0.27 0.00 0.24 0.49 0.0120 0.0000   13 12 P[13]=0.9688 0.0049   8463  43%  0.55 0.27 0.00 0.24 0.49 0.0119 0.0000   13 12 P[13]=0.9687 0.0049   8389  43%  0.55 0.27 0.00 0.24 0.49 0.0120 0.0000   13 12 P[13]=0.9686 0.0049   8412  44%  0.55 0.27 0.00 0.24 0.49 0.0119 0.0000   13 12 P[13]=0.9689 0.0049   8331  44%  0.55 0.27 0.00 0.24 0.49 0.0120 0.0000   13 12 P[13]=0.9691 0.0049   8285  45%  0.55 0.27 0.00 0.24 0.49 0.0118 0.0000   13 12 P[13]=0.9691 0.0049   8333  45%  0.55 0.27 0.00 0.24 0.49 0.0121 0.0000   13 12 P[13]=0.9695 0.0049   8353.92911  -283381.23383  6:17:15
  46%  0.55 0.27 0.00 0.24 0.49 0.0122 0.0000   13 12 P[13]=0.9697 0.0049   8291  46%  0.55 0.27 0.00 0.24 0.49 0.0120 0.0000   13 12 P[13]=0.9701 0.0049   8339  47%  0.55 0.27 0.00 0.24 0.49 0.0119 0.0000   13 12 P[13]=0.9702 0.0049   8357  47%  0.55 0.27 0.00 0.24 0.49 0.0119 0.0000   13 12 P[13]=0.9703 0.0049   8461  48%  0.55 0.27 0.00 0.24 0.49 0.0119 0.0000   13 12 P[13]=0.9706 0.0049   8317  48%  0.55 0.27 0.00 0.24 0.49 0.0118 0.0000   13 12 P[13]=0.9708 0.0049   8449  49%  0.55 0.27 0.00 0.24 0.49 0.0119 0.0000   13 12 P[13]=0.9705 0.0049   8305  49%  0.55 0.27 0.00 0.24 0.49 0.0120 0.0000   13 12 P[13]=0.9707 0.0049   8380  50%  0.55 0.27 0.00 0.24 0.49 0.0119 0.0000   13 12 P[13]=0.9710 0.0049   8339  50%  0.55 0.27 0.00 0.24 0.49 0.0121 0.0000   13 12 P[13]=0.9713 0.0049   8356.72513  -283379.44571  6:56:34
  51%  0.55 0.27 0.00 0.24 0.49 0.0125 0.0000   13 12 P[13]=0.9712 0.0049   8338  51%  0.55 0.27 0.00 0.24 0.49 0.0124 0.0000   13 12 P[13]=0.9712 0.0049   8358  52%  0.55 0.27 0.00 0.24 0.49 0.0123 0.0000   13 12 P[13]=0.9715 0.0049   8352  52%  0.55 0.27 0.00 0.24 0.49 0.0123 0.0000   13 12 P[13]=0.9716 0.0049   8362  53%  0.55 0.27 0.00 0.24 0.49 0.0122 0.0000   13 12 P[13]=0.9717 0.0049   8464  53%  0.55 0.27 0.00 0.24 0.49 0.0121 0.0000   13 12 P[13]=0.9717 0.0049   8371  54%  0.55 0.27 0.00 0.24 0.49 0.0121 0.0000   13 12 P[13]=0.9719 0.0049   8318  54%  0.55 0.27 0.00 0.24 0.49 0.0122 0.0000   13 12 P[13]=0.9722 0.0049   8264  55%  0.55 0.27 0.00 0.24 0.49 0.0121 0.0000   13 12 P[13]=0.9719 0.0049   8372  55%  0.55 0.27 0.00 0.24 0.49 0.0121 0.0000   13 12 P[13]=0.9720 0.0049   8340.57106  -283378.36836  7:35:57
  56%  0.55 0.27 0.00 0.24 0.49 0.0121 0.0000   13 12 P[13]=0.9721 0.0049   8352  56%  0.55 0.27 0.00 0.24 0.49 0.0121 0.0000   13 12 P[13]=0.9724 0.0049   8313  57%  0.55 0.27 0.00 0.24 0.49 0.0120 0.0000   13 12 P[13]=0.9724 0.0049   8337  57%  0.55 0.27 0.00 0.24 0.49 0.0120 0.0000   13 12 P[13]=0.9726 0.0049   8312  58%  0.55 0.27 0.00 0.24 0.49 0.0120 0.0000   13 12 P[13]=0.9728 0.0049   8362  58%  0.55 0.27 0.00 0.24 0.49 0.0120 0.0000   13 12 P[13]=0.9730 0.0049   8405  59%  0.55 0.27 0.00 0.24 0.49 0.0119 0.0000   13 12 P[13]=0.9731 0.0049   8418  59%  0.55 0.27 0.00 0.24 0.49 0.0119 0.0000   13 12 P[13]=0.9730 0.0049   8343  60%  0.55 0.27 0.00 0.24 0.49 0.0119 0.0000   13 12 P[13]=0.9728 0.0049   8370  60%  0.55 0.27 0.00 0.24 0.49 0.0120 0.0000   13 12 P[13]=0.9730 0.0049   8276.50438  -283376.96696  8:15:18
  61%  0.55 0.27 0.00 0.24 0.49 0.0120 0.0000   13 12 P[13]=0.9732 0.0049   8398  61%  0.55 0.27 0.00 0.24 0.49 0.0120 0.0000   13 12 P[13]=0.9733 0.0049   8435  62%  0.55 0.27 0.00 0.24 0.49 0.0119 0.0000   13 12 P[13]=0.9734 0.0049   8348  62%  0.55 0.27 0.00 0.24 0.49 0.0119 0.0000   13 12 P[13]=0.9736 0.0049   8474  63%  0.55 0.27 0.00 0.24 0.49 0.0118 0.0000   14 13 P[13]=0.9737 0.0049   8376  63%  0.55 0.27 0.00 0.24 0.49 0.0118 0.0000   13 12 P[13]=0.9737 0.0049   8360  64%  0.55 0.27 0.00 0.24 0.49 0.0117 0.0000   13 12 P[13]=0.9738 0.0049   8425  64%  0.55 0.27 0.00 0.24 0.49 0.0117 0.0000   13 12 P[13]=0.9738 0.0049   8301  65%  0.55 0.27 0.00 0.24 0.49 0.0118 0.0000   13 12 P[13]=0.9740 0.0049   8287  65%  0.55 0.27 0.00 0.24 0.49 0.0118 0.0000   13 12 P[13]=0.9737 0.0049   8334.26063  -283375.81758  8:37:05
  66%  0.55 0.27 0.00 0.24 0.49 0.0118 0.0000   13 12 P[13]=0.9738 0.0049   8288  66%  0.55 0.27 0.00 0.24 0.49 0.0119 0.0000   13 12 P[13]=0.9739 0.0049   8337  67%  0.55 0.27 0.00 0.24 0.49 0.0119 0.0000   13 12 P[13]=0.9740 0.0049   8314  67%  0.55 0.27 0.00 0.24 0.49 0.0120 0.0000   13 12 P[13]=0.9741 0.0049   8399  68%  0.55 0.27 0.00 0.24 0.49 0.0121 0.0000   13 12 P[13]=0.9742 0.0049   8412  68%  0.55 0.27 0.00 0.24 0.49 0.0120 0.0000   13 12 P[13]=0.9743 0.0049   8349  69%  0.55 0.27 0.00 0.24 0.49 0.0120 0.0000   13 12 P[13]=0.9742 0.0049   8326  69%  0.55 0.27 0.00 0.24 0.49 0.0120 0.0000   13 12 P[13]=0.9744 0.0049   8317  70%  0.55 0.27 0.00 0.24 0.49 0.0121 0.0000   13 12 P[13]=0.9746 0.0049   8395  70%  0.55 0.27 0.00 0.24 0.49 0.0121 0.0000   13 12 P[13]=0.9746 0.0049   8427.21326  -283374.23314  8:58:03
  71%  0.55 0.27 0.00 0.24 0.49 0.0121 0.0000   13 12 P[13]=0.9748 0.0049   8383  71%  0.55 0.27 0.00 0.24 0.49 0.0121 0.0000   13 12 P[13]=0.9749 0.0049   8385  72%  0.55 0.27 0.00 0.24 0.49 0.0121 0.0000   13 12 P[13]=0.9751 0.0049   8294  72%  0.55 0.27 0.00 0.24 0.49 0.0121 0.0000   13 12 P[13]=0.9753 0.0049   8383  73%  0.55 0.27 0.00 0.24 0.49 0.0121 0.0000   13 12 P[13]=0.9754 0.0049   8343  73%  0.55 0.27 0.00 0.24 0.49 0.0122 0.0000   13 12 P[13]=0.9756 0.0049   8404  74%  0.55 0.27 0.00 0.24 0.49 0.0122 0.0000   13 12 P[13]=0.9756 0.0049   8473  74%  0.55 0.27 0.00 0.24 0.49 0.0121 0.0000   13 12 P[13]=0.9753 0.0049   8406  75%  0.55 0.27 0.00 0.24 0.49 0.0121 0.0000   13 12 P[13]=0.9753 0.0049   8301  75%  0.55 0.27 0.00 0.24 0.49 0.0121 0.0000   13 12 P[13]=0.9755 0.0049   8345.00919  -283373.27037  9:19:00
  76%  0.55 0.27 0.00 0.24 0.49 0.0121 0.0000   13 12 P[13]=0.9754 0.0049   8285  76%  0.55 0.27 0.00 0.24 0.49 0.0121 0.0000   13 12 P[13]=0.9755 0.0049   8349  77%  0.55 0.27 0.00 0.24 0.49 0.0122 0.0000   13 12 P[13]=0.9755 0.0049   8423  77%  0.55 0.27 0.00 0.24 0.49 0.0122 0.0000   13 12 P[13]=0.9756 0.0049   8371  78%  0.55 0.27 0.00 0.24 0.49 0.0122 0.0000   13 12 P[13]=0.9755 0.0049   8277  78%  0.55 0.27 0.00 0.24 0.49 0.0123 0.0000   13 12 P[13]=0.9757 0.0049   8356  79%  0.55 0.27 0.00 0.24 0.49 0.0124 0.0000   13 12 P[13]=0.9755 0.0049   8326  79%  0.55 0.27 0.00 0.24 0.49 0.0123 0.0000   13 12 P[13]=0.9756 0.0049   8324  80%  0.55 0.27 0.00 0.24 0.49 0.0123 0.0000   13 12 P[13]=0.9757 0.0049   8338  80%  0.55 0.27 0.00 0.24 0.49 0.0125 0.0000   13 12 P[13]=0.9757 0.0049   8416.49435  -283372.75259  9:39:57
  81%  0.55 0.27 0.00 0.24 0.49 0.0124 0.0000   13 12 P[13]=0.9759 0.0049   8355  81%  0.55 0.27 0.00 0.24 0.49 0.0124 0.0000   13 12 P[13]=0.9760 0.0049   8437  82%  0.55 0.27 0.00 0.24 0.49 0.0125 0.0000   13 12 P[13]=0.9762 0.0049   8371  82%  0.55 0.27 0.00 0.24 0.49 0.0126 0.0000   13 12 P[13]=0.9762 0.0049   8347  83%  0.55 0.27 0.00 0.24 0.49 0.0125 0.0000   13 12 P[13]=0.9763 0.0049   8330  83%  0.55 0.27 0.00 0.24 0.49 0.0125 0.0000   13 12 P[13]=0.9764 0.0049   8335  84%  0.55 0.27 0.00 0.24 0.49 0.0125 0.0000   13 12 P[13]=0.9764 0.0049   8410  84%  0.55 0.27 0.00 0.24 0.49 0.0125 0.0000   13 12 P[13]=0.9765 0.0049   8374  85%  0.55 0.27 0.00 0.24 0.49 0.0124 0.0000   13 12 P[13]=0.9766 0.0049   8394  85%  0.55 0.27 0.00 0.24 0.49 0.0124 0.0000   13 12 P[13]=0.9759 0.0049   8365.56086  -283371.84343  10:00:52
  86%  0.55 0.27 0.00 0.24 0.49 0.0124 0.0000   13 12 P[13]=0.9761 0.0049   8285  86%  0.55 0.27 0.00 0.24 0.49 0.0124 0.0000   13 12 P[13]=0.9761 0.0049   8398  87%  0.55 0.27 0.00 0.24 0.49 0.0123 0.0000   13 12 P[13]=0.9762 0.0049   8441  87%  0.55 0.27 0.00 0.24 0.49 0.0123 0.0000   13 12 P[13]=0.9762 0.0049   8384  88%  0.55 0.27 0.00 0.24 0.49 0.0123 0.0000   13 12 P[13]=0.9763 0.0049   8350  88%  0.55 0.27 0.00 0.24 0.49 0.0124 0.0000   14 13 P[13]=0.9763 0.0049   8413  89%  0.55 0.27 0.00 0.24 0.49 0.0124 0.0000   13 12 P[13]=0.9754 0.0049   8316  89%  0.55 0.27 0.00 0.24 0.49 0.0123 0.0000   13 12 P[13]=0.9753 0.0049   8331  90%  0.55 0.27 0.00 0.24 0.49 0.0123 0.0000   13 12 P[13]=0.9745 0.0049   8352  90%  0.55 0.27 0.00 0.24 0.49 0.0124 0.0000   13 12 P[13]=0.9746 0.0049   8287.67562  -283371.49327  10:21:46
  91%  0.55 0.27 0.00 0.24 0.49 0.0123 0.0000   14 13 P[13]=0.9737 0.0049   8415  91%  0.55 0.27 0.00 0.24 0.49 0.0123 0.0000   13 12 P[13]=0.9735 0.0049   8329  92%  0.55 0.27 0.00 0.24 0.49 0.0123 0.0000   13 12 P[13]=0.9737 0.0049   8354  92%  0.55 0.27 0.00 0.24 0.49 0.0123 0.0000   13 12 P[13]=0.9738 0.0049   8268  93%  0.55 0.27 0.00 0.24 0.49 0.0123 0.0000   13 12 P[13]=0.9738 0.0049   8406  93%  0.55 0.27 0.00 0.24 0.49 0.0123 0.0000   13 12 P[13]=0.9737 0.0049   8469  94%  0.55 0.27 0.00 0.24 0.49 0.0122 0.0000   13 12 P[13]=0.9738 0.0049   8398  94%  0.55 0.27 0.00 0.24 0.49 0.0123 0.0000   13 12 P[13]=0.9738 0.0049   8390  95%  0.55 0.27 0.00 0.24 0.49 0.0123 0.0000   13 12 P[13]=0.9739 0.0049   8381  95%  0.55 0.27 0.00 0.24 0.49 0.0123 0.0000   13 12 P[13]=0.9740 0.0049   8383.14496  -283370.81197  10:42:42
  96%  0.55 0.27 0.00 0.24 0.49 0.0124 0.0000   13 12 P[13]=0.9742 0.0049   8385  96%  0.55 0.27 0.00 0.24 0.49 0.0125 0.0000   13 12 P[13]=0.9743 0.0049   8301  97%  0.55 0.27 0.00 0.24 0.49 0.0125 0.0000   13 12 P[13]=0.9744 0.0049   8347  97%  0.55 0.27 0.00 0.24 0.49 0.0124 0.0000   13 12 P[13]=0.9744 0.0049   8356  98%  0.55 0.27 0.00 0.24 0.49 0.0124 0.0000   13 12 P[13]=0.9745 0.0049   8378  98%  0.55 0.27 0.00 0.24 0.49 0.0125 0.0000   13 12 P[13]=0.9744 0.0049   8404  99%  0.55 0.27 0.00 0.24 0.49 0.0124 0.0000   13 12 P[13]=0.9745 0.0049   8357  99%  0.55 0.27 0.00 0.24 0.49 0.0125 0.0000   13 12 P[13]=0.9745 0.0049   8301 100%  0.55 0.27 0.00 0.24 0.49 0.0125 0.0000   13 12 P[13]=0.9746 0.0049   8371 100%  0.55 0.27 0.00 0.24 0.49 0.0124 0.0000   13 12 P[13]=0.9746 0.0049   8374.02895  -283370.32445  11:03:25

11:03:25 spent in MCMC


(A) List of best models (count postP #species SpeciesTree)
16811 0.168110 0.168110 13  (P10_amoenaP9_amoena P11_ornata P12_ornata P13_lutea P14_ornata P17_arzae P18_davidii P19_arzae P20_quilapilun P32_arzae P33_ornata P35_lutea P8_amoena)  (((P10_amoenaP9_amoena, P8_amoena), P11_ornata), (((P12_ornata, P13_lutea), ((P14_ornata, P33_ornata), P20_quilapilun)), ((((P17_arzae, P19_arzae), P32_arzae), P18_davidii), P35_lutea)));
16303 0.163030 0.331140 13  (P10_amoenaP9_amoena P11_ornata P12_ornata P13_lutea P14_ornata P17_arzae P18_davidii P19_arzae P20_quilapilun P32_arzae P33_ornata P35_lutea P8_amoena)  (((P10_amoenaP9_amoena, P8_amoena), P11_ornata), (((P12_ornata, P13_lutea), ((P14_ornata, P33_ornata), P20_quilapilun)), (((P17_arzae, (P19_arzae, P32_arzae)), P18_davidii), P35_lutea)));
15517 0.155170 0.486310 13  (P10_amoenaP9_amoena P11_ornata P12_ornata P13_lutea P14_ornata P17_arzae P18_davidii P19_arzae P20_quilapilun P32_arzae P33_ornata P35_lutea P8_amoena)  (((P10_amoenaP9_amoena, P8_amoena), P11_ornata), (((P12_ornata, P13_lutea), ((P14_ornata, P33_ornata), P20_quilapilun)), ((((P17_arzae, P19_arzae), P18_davidii), P32_arzae), P35_lutea)));
 6722 0.067220 0.553530 13  (P10_amoenaP8_amoena P11_ornata P12_ornata P13_lutea P14_ornata P17_arzae P18_davidii P19_arzae P20_quilapilun P32_arzae P33_ornata P35_lutea P9_amoena)  (((P10_amoenaP8_amoena, P9_amoena), P11_ornata), (((P12_ornata, P13_lutea), ((P14_ornata, P33_ornata), P20_quilapilun)), ((((P17_arzae, P19_arzae), P32_arzae), P18_davidii), P35_lutea)));
 5328 0.053280 0.606810 13  (P10_amoenaP9_amoena P11_ornata P12_ornata P13_lutea P14_ornata P17_arzae P18_davidii P19_arzae P20_quilapilun P32_arzae P33_ornata P35_lutea P8_amoena)  (((P10_amoenaP9_amoena, P8_amoena), P11_ornata), (((P12_ornata, P13_lutea), ((P14_ornata, P33_ornata), P20_quilapilun)), (((P17_arzae, (P18_davidii, P19_arzae)), P32_arzae), P35_lutea)));
 4769 0.047690 0.654500 13  (P10_amoenaP9_amoena P11_ornata P12_ornata P13_lutea P14_ornata P17_arzae P18_davidii P19_arzae P20_quilapilun P32_arzae P33_ornata P35_lutea P8_amoena)  (((P10_amoenaP9_amoena, P8_amoena), P11_ornata), (((P12_ornata, P13_lutea), ((P14_ornata, P33_ornata), P20_quilapilun)), ((P17_arzae, (P18_davidii, (P19_arzae, P32_arzae))), P35_lutea)));
 4482 0.044820 0.699320 13  (P10_amoenaP9_amoena P11_ornata P12_ornata P13_lutea P14_ornata P17_arzae P18_davidii P19_arzae P20_quilapilun P32_arzae P33_ornata P35_lutea P8_amoena)  (((P10_amoenaP9_amoena, P8_amoena), P11_ornata), (((P12_ornata, P13_lutea), ((P14_ornata, P33_ornata), P20_quilapilun)), ((((P17_arzae, P32_arzae), P19_arzae), P18_davidii), P35_lutea)));
 3644 0.036440 0.735760 13  (P10_amoenaP8_amoena P11_ornata P12_ornata P13_lutea P14_ornata P17_arzae P18_davidii P19_arzae P20_quilapilun P32_arzae P33_ornata P35_lutea P9_amoena)  (((P10_amoenaP8_amoena, P9_amoena), P11_ornata), (((P12_ornata, P13_lutea), ((P14_ornata, P33_ornata), P20_quilapilun)), ((((P17_arzae, P19_arzae), P18_davidii), P32_arzae), P35_lutea)));
 3312 0.033120 0.768880 13  (P10_amoenaP9_amoena P11_ornata P12_ornata P13_lutea P14_ornata P17_arzae P18_davidii P19_arzae P20_quilapilun P32_arzae P33_ornata P35_lutea P8_amoena)  (((P10_amoenaP9_amoena, P8_amoena), P11_ornata), (((P12_ornata, P13_lutea), ((P14_ornata, P33_ornata), P20_quilapilun)), (((P17_arzae, P19_arzae), (P18_davidii, P32_arzae)), P35_lutea)));
 3229 0.032290 0.801170 13  (P10_amoenaP8_amoena P11_ornata P12_ornata P13_lutea P14_ornata P17_arzae P18_davidii P19_arzae P20_quilapilun P32_arzae P33_ornata P35_lutea P9_amoena)  (((P10_amoenaP8_amoena, P9_amoena), P11_ornata), (((P12_ornata, P13_lutea), ((P14_ornata, P33_ornata), P20_quilapilun)), (((P17_arzae, (P19_arzae, P32_arzae)), P18_davidii), P35_lutea)));
 3208 0.032080 0.833250 13  (P10_amoenaP9_amoena P11_ornata P12_ornata P13_lutea P14_ornata P17_arzae P18_davidii P19_arzae P20_quilapilun P32_arzae P33_ornata P35_lutea P8_amoena)  (((P10_amoenaP9_amoena, P8_amoena), P11_ornata), (((P12_ornata, P13_lutea), ((P14_ornata, P33_ornata), P20_quilapilun)), (((P17_arzae, P18_davidii), (P19_arzae, P32_arzae)), P35_lutea)));
 2914 0.029140 0.862390 13  (P10_amoenaP9_amoena P11_ornata P12_ornata P13_lutea P14_ornata P17_arzae P18_davidii P19_arzae P20_quilapilun P32_arzae P33_ornata P35_lutea P8_amoena)  (((P10_amoenaP9_amoena, P8_amoena), P11_ornata), (((P12_ornata, P13_lutea), ((P14_ornata, P33_ornata), P20_quilapilun)), (((P17_arzae, P32_arzae), (P18_davidii, P19_arzae)), P35_lutea)));
 2534 0.025340 0.887730 13  (P10_amoenaP9_amoena P11_ornata P12_ornata P13_lutea P14_ornata P17_arzae P18_davidii P19_arzae P20_quilapilun P32_arzae P33_ornata P35_lutea P8_amoena)  (((P10_amoenaP9_amoena, P8_amoena), P11_ornata), (((P12_ornata, P13_lutea), ((P14_ornata, P33_ornata), P20_quilapilun)), ((P17_arzae, ((P18_davidii, P19_arzae), P32_arzae)), P35_lutea)));
 1160 0.011600 0.899330 13  (P10_amoenaP9_amoena P11_ornata P12_ornata P13_lutea P14_ornata P17_arzae P18_davidii P19_arzae P20_quilapilun P32_arzae P33_ornata P35_lutea P8_amoena)  (((P10_amoenaP9_amoena, P8_amoena), P11_ornata), (((P12_ornata, P13_lutea), ((P14_ornata, P33_ornata), P20_quilapilun)), ((((P17_arzae, P18_davidii), P19_arzae), P32_arzae), P35_lutea)));
 1086 0.010860 0.910190 13  (P10_amoenaP8_amoena P11_ornata P12_ornata P13_lutea P14_ornata P17_arzae P18_davidii P19_arzae P20_quilapilun P32_arzae P33_ornata P35_lutea P9_amoena)  (((P10_amoenaP8_amoena, P9_amoena), P11_ornata), (((P12_ornata, P13_lutea), ((P14_ornata, P33_ornata), P20_quilapilun)), ((((P17_arzae, P32_arzae), P19_arzae), P18_davidii), P35_lutea)));
 1000 0.010000 0.920190 13  (P10_amoena P11_ornata P12_ornata P13_lutea P14_ornata P17_arzae P18_davidii P19_arzae P20_quilapilun P32_arzae P33_ornata P35_lutea P8_amoenaP9_amoena)  (((P10_amoena, P8_amoenaP9_amoena), P11_ornata), (((P12_ornata, P13_lutea), ((P14_ornata, P33_ornata), P20_quilapilun)), (((P17_arzae, (P18_davidii, P19_arzae)), P32_arzae), P35_lutea)));
  847 0.008470 0.928660 13  (P10_amoenaP8_amoena P11_ornata P12_ornata P13_lutea P14_ornata P17_arzae P18_davidii P19_arzae P20_quilapilun P32_arzae P33_ornata P35_lutea P9_amoena)  (((P10_amoenaP8_amoena, P9_amoena), P11_ornata), (((P12_ornata, P13_lutea), ((P14_ornata, P33_ornata), P20_quilapilun)), (((P17_arzae, P19_arzae), (P18_davidii, P32_arzae)), P35_lutea)));
  793 0.007930 0.936590 13  (P10_amoenaP8_amoena P11_ornata P12_ornata P13_lutea P14_ornata P17_arzae P18_davidii P19_arzae P20_quilapilun P32_arzae P33_ornata P35_lutea P9_amoena)  (((P10_amoenaP8_amoena, P9_amoena), P11_ornata), (((P12_ornata, P13_lutea), ((P14_ornata, P33_ornata), P20_quilapilun)), ((P17_arzae, (P18_davidii, (P19_arzae, P32_arzae))), P35_lutea)));
  781 0.007810 0.944400 13  (P10_amoena P11_ornata P12_ornata P13_lutea P14_ornata P17_arzae P18_davidii P19_arzae P20_quilapilun P32_arzae P33_ornata P35_lutea P8_amoenaP9_amoena)  (((P10_amoena, P8_amoenaP9_amoena), P11_ornata), (((P12_ornata, P13_lutea), ((P14_ornata, P33_ornata), P20_quilapilun)), ((P17_arzae, ((P18_davidii, P19_arzae), P32_arzae)), P35_lutea)));
  483 0.004830 0.949230 13  (P10_amoena P11_ornata P12_ornata P13_lutea P14_ornata P17_arzae P18_davidii P19_arzae P20_quilapilun P32_arzae P33_ornata P35_lutea P8_amoenaP9_amoena)  (((P10_amoena, P8_amoenaP9_amoena), P11_ornata), (((P12_ornata, P13_lutea), ((P14_ornata, P33_ornata), P20_quilapilun)), ((P17_arzae, (P18_davidii, (P19_arzae, P32_arzae))), P35_lutea)));
  467 0.004670 0.953900 13  (P10_amoenaP9_amoena P11_ornata P12_ornata P13_lutea P14_ornata P17_arzae P18_davidii P19_arzae P20_quilapilun P32_arzae P33_ornata P35_lutea P8_amoena)  (((P10_amoenaP9_amoena, P8_amoena), P11_ornata), (((P12_ornata, P13_lutea), ((P14_ornata, P33_ornata), P20_quilapilun)), ((P17_arzae, ((P18_davidii, P32_arzae), P19_arzae)), P35_lutea)));
  338 0.003380 0.957280 13  (P10_amoenaP8_amoena P11_ornata P12_ornata P13_lutea P14_ornata P17_arzae P18_davidii P19_arzae P20_quilapilun P32_arzae P33_ornata P35_lutea P9_amoena)  (((P10_amoenaP8_amoena, P9_amoena), P11_ornata), (((P12_ornata, P13_lutea), ((P14_ornata, P33_ornata), P20_quilapilun)), (((P17_arzae, P18_davidii), (P19_arzae, P32_arzae)), P35_lutea)));
  328 0.003280 0.960560 14  (P10_amoena P11_ornata P12_ornata P13_lutea P14_ornata P17_arzae P18_davidii P19_arzae P20_quilapilun P32_arzae P33_ornata P35_lutea P8_amoena P9_amoena)  ((((P10_amoena, P9_amoena), P8_amoena), P11_ornata), (((P12_ornata, P13_lutea), ((P14_ornata, P33_ornata), P20_quilapilun)), ((((P17_arzae, P19_arzae), P32_arzae), P18_davidii), P35_lutea)));
  315 0.003150 0.963710 13  (P10_amoenaP8_amoena P11_ornata P12_ornata P13_lutea P14_ornata P17_arzae P18_davidii P19_arzae P20_quilapilun P32_arzae P33_ornata P35_lutea P9_amoena)  (((P10_amoenaP8_amoena, P9_amoena), P11_ornata), (((P12_ornata, P13_lutea), ((P14_ornata, P33_ornata), P20_quilapilun)), (((P17_arzae, (P18_davidii, P19_arzae)), P32_arzae), P35_lutea)));
  276 0.002760 0.966470 14  (P10_amoena P11_ornata P12_ornata P13_lutea P14_ornata P17_arzae P18_davidii P19_arzae P20_quilapilun P32_arzae P33_ornata P35_lutea P8_amoena P9_amoena)  (((P10_amoena, (P8_amoena, P9_amoena)), P11_ornata), (((P12_ornata, P13_lutea), ((P14_ornata, P33_ornata), P20_quilapilun)), ((((P17_arzae, P19_arzae), P32_arzae), P18_davidii), P35_lutea)));
  243 0.002430 0.968900 14  (P10_amoena P11_ornata P12_ornata P13_lutea P14_ornata P17_arzae P18_davidii P19_arzae P20_quilapilun P32_arzae P33_ornata P35_lutea P8_amoena P9_amoena)  ((((P10_amoena, P8_amoena), P9_amoena), P11_ornata), (((P12_ornata, P13_lutea), ((P14_ornata, P33_ornata), P20_quilapilun)), ((((P17_arzae, P19_arzae), P18_davidii), P32_arzae), P35_lutea)));
  237 0.002370 0.971270 13  (P10_amoenaP8_amoena P11_ornata P12_ornata P13_lutea P14_ornata P17_arzae P18_davidii P19_arzae P20_quilapilun P32_arzae P33_ornata P35_lutea P9_amoena)  (((P10_amoenaP8_amoena, P9_amoena), P11_ornata), (((P12_ornata, P13_lutea), ((P14_ornata, P33_ornata), P20_quilapilun)), (((P17_arzae, P32_arzae), (P18_davidii, P19_arzae)), P35_lutea)));
  214 0.002140 0.973410 14  (P10_amoena P11_ornata P12_ornata P13_lutea P14_ornata P17_arzae P18_davidii P19_arzae P20_quilapilun P32_arzae P33_ornata P35_lutea P8_amoena P9_amoena)  ((((P10_amoena, P9_amoena), P8_amoena), P11_ornata), (((P12_ornata, P13_lutea), ((P14_ornata, P33_ornata), P20_quilapilun)), ((((P17_arzae, P19_arzae), P18_davidii), P32_arzae), P35_lutea)));
  210 0.002100 0.975510 14  (P10_amoena P11_ornata P12_ornata P13_lutea P14_ornata P17_arzae P18_davidii P19_arzae P20_quilapilun P32_arzae P33_ornata P35_lutea P8_amoena P9_amoena)  ((((P10_amoena, P8_amoena), P9_amoena), P11_ornata), (((P12_ornata, P13_lutea), ((P14_ornata, P33_ornata), P20_quilapilun)), ((((P17_arzae, P19_arzae), P32_arzae), P18_davidii), P35_lutea)));
  209 0.002090 0.977600 14  (P10_amoena P11_ornata P12_ornata P13_lutea P14_ornata P17_arzae P18_davidii P19_arzae P20_quilapilun P32_arzae P33_ornata P35_lutea P8_amoena P9_amoena)  ((((P10_amoena, P9_amoena), P8_amoena), P11_ornata), (((P12_ornata, P13_lutea), ((P14_ornata, P33_ornata), P20_quilapilun)), (((P17_arzae, (P19_arzae, P32_arzae)), P18_davidii), P35_lutea)));
  209 0.002090 0.979690 13  (P10_amoena P11_ornata P12_ornata P13_lutea P14_ornata P17_arzae P18_davidii P19_arzae P20_quilapilun P32_arzae P33_ornata P35_lutea P8_amoenaP9_amoena)  (((P10_amoena, P8_amoenaP9_amoena), P11_ornata), (((P12_ornata, P13_lutea), ((P14_ornata, P33_ornata), P20_quilapilun)), (((P17_arzae, (P19_arzae, P32_arzae)), P18_davidii), P35_lutea)));
  160 0.001600 0.981290 13  (P10_amoenaP8_amoena P11_ornata P12_ornata P13_lutea P14_ornata P17_arzae P18_davidii P19_arzae P20_quilapilun P32_arzae P33_ornata P35_lutea P9_amoena)  (((P10_amoenaP8_amoena, P9_amoena), P11_ornata), (((P12_ornata, P13_lutea), ((P14_ornata, P33_ornata), P20_quilapilun)), ((P17_arzae, ((P18_davidii, P19_arzae), P32_arzae)), P35_lutea)));
  127 0.001270 0.982560 13  (P10_amoenaP8_amoena P11_ornata P12_ornata P13_lutea P14_ornata P17_arzae P18_davidii P19_arzae P20_quilapilun P32_arzae P33_ornata P35_lutea P9_amoena)  (((P10_amoenaP8_amoena, P9_amoena), P11_ornata), (((P12_ornata, P13_lutea), ((P14_ornata, P33_ornata), P20_quilapilun)), ((((P17_arzae, P18_davidii), P19_arzae), P32_arzae), P35_lutea)));
  125 0.001250 0.983810 14  (P10_amoena P11_ornata P12_ornata P13_lutea P14_ornata P17_arzae P18_davidii P19_arzae P20_quilapilun P32_arzae P33_ornata P35_lutea P8_amoena P9_amoena)  ((((P10_amoena, P8_amoena), P9_amoena), P11_ornata), (((P12_ornata, P13_lutea), ((P14_ornata, P33_ornata), P20_quilapilun)), (((P17_arzae, (P19_arzae, P32_arzae)), P18_davidii), P35_lutea)));
  125 0.001250 0.985060 14  (P10_amoena P11_ornata P12_ornata P13_lutea P14_ornata P17_arzae P18_davidii P19_arzae P20_quilapilun P32_arzae P33_ornata P35_lutea P8_amoena P9_amoena)  (((P10_amoena, (P8_amoena, P9_amoena)), P11_ornata), (((P12_ornata, P13_lutea), ((P14_ornata, P33_ornata), P20_quilapilun)), ((P17_arzae, (P18_davidii, (P19_arzae, P32_arzae))), P35_lutea)));
  120 0.001200 0.986260 14  (P10_amoena P11_ornata P12_ornata P13_lutea P14_ornata P17_arzae P18_davidii P19_arzae P20_quilapilun P32_arzae P33_ornata P35_lutea P8_amoena P9_amoena)  ((((P10_amoena, P9_amoena), P8_amoena), P11_ornata), (((P12_ornata, P13_lutea), ((P14_ornata, P33_ornata), P20_quilapilun)), (((P17_arzae, (P18_davidii, P19_arzae)), P32_arzae), P35_lutea)));
  117 0.001170 0.987430 13  (P10_amoenaP9_amoena P11_ornata P12_ornata P13_lutea P14_ornata P17_arzae P18_davidii P19_arzae P20_quilapilun P32_arzae P33_ornata P35_lutea P8_amoena)  (((P10_amoenaP9_amoena, P8_amoena), P11_ornata), (((P12_ornata, P13_lutea), ((P14_ornata, P33_ornata), P20_quilapilun)), ((((P17_arzae, P18_davidii), P32_arzae), P19_arzae), P35_lutea)));
   92 0.000920 0.988350 13  (P10_amoenaP8_amoena P11_ornata P12_ornata P13_lutea P14_ornata P17_arzae P18_davidii P19_arzae P20_quilapilun P32_arzae P33_ornata P35_lutea P9_amoena)  (((P10_amoenaP8_amoena, P9_amoena), P11_ornata), (((P12_ornata, P13_lutea), ((P14_ornata, P33_ornata), P20_quilapilun)), ((P17_arzae, ((P18_davidii, P32_arzae), P19_arzae)), P35_lutea)));
   88 0.000880 0.989230 13  (P10_amoenaP9_amoena P11_ornata P12_ornata P13_lutea P14_ornata P17_arzae P18_davidii P19_arzae P20_quilapilun P32_arzae P33_ornata P35_lutea P8_amoena)  (((P10_amoenaP9_amoena, P8_amoena), P11_ornata), (((P12_ornata, P13_lutea), ((P14_ornata, P33_ornata), P20_quilapilun)), ((((P17_arzae, P32_arzae), P18_davidii), P19_arzae), P35_lutea)));
   81 0.000810 0.990040 14  (P10_amoena P11_ornata P12_ornata P13_lutea P14_ornata P17_arzae P18_davidii P19_arzae P20_quilapilun P32_arzae P33_ornata P35_lutea P8_amoena P9_amoena)  (((P10_amoena, (P8_amoena, P9_amoena)), P11_ornata), (((P12_ornata, P13_lutea), ((P14_ornata, P33_ornata), P20_quilapilun)), (((P17_arzae, (P18_davidii, P19_arzae)), P32_arzae), P35_lutea)));
   78 0.000780 0.990820 13  (P10_amoena P11_ornata P12_ornata P13_lutea P14_ornata P17_arzae P18_davidii P19_arzae P20_quilapilun P32_arzae P33_ornata P35_lutea P8_amoenaP9_amoena)  (((P10_amoena, P8_amoenaP9_amoena), P11_ornata), (((P12_ornata, P13_lutea), ((P14_ornata, P33_ornata), P20_quilapilun)), (((P17_arzae, P32_arzae), (P18_davidii, P19_arzae)), P35_lutea)));
   78 0.000780 0.991600 14  (P10_amoena P11_ornata P12_ornata P13_lutea P14_ornata P17_arzae P18_davidii P19_arzae P20_quilapilun P32_arzae P33_ornata P35_lutea P8_amoena P9_amoena)  ((((P10_amoena, P9_amoena), P8_amoena), P11_ornata), (((P12_ornata, P13_lutea), ((P14_ornata, P33_ornata), P20_quilapilun)), (((P17_arzae, P19_arzae), (P18_davidii, P32_arzae)), P35_lutea)));
   72 0.000720 0.992320 14  (P10_amoena P11_ornata P12_ornata P13_lutea P14_ornata P17_arzae P18_davidii P19_arzae P20_quilapilun P32_arzae P33_ornata P35_lutea P8_amoena P9_amoena)  (((P10_amoena, (P8_amoena, P9_amoena)), P11_ornata), (((P12_ornata, P13_lutea), ((P14_ornata, P33_ornata), P20_quilapilun)), ((((P17_arzae, P19_arzae), P18_davidii), P32_arzae), P35_lutea)));
   72 0.000720 0.993040 13  (P10_amoena P11_ornata P12_ornata P13_lutea P14_ornata P17_arzae P18_davidii P19_arzae P20_quilapilun P32_arzae P33_ornata P35_lutea P8_amoenaP9_amoena)  (((P10_amoena, P8_amoenaP9_amoena), P11_ornata), (((P12_ornata, P13_lutea), ((P14_ornata, P33_ornata), P20_quilapilun)), ((P17_arzae, ((P18_davidii, P32_arzae), P19_arzae)), P35_lutea)));
   71 0.000710 0.993750 13  (P10_amoena P11_ornata P12_ornata P13_lutea P14_ornata P17_arzae P18_davidii P19_arzae P20_quilapilun P32_arzae P33_ornata P35_lutea P8_amoenaP9_amoena)  (((P10_amoena, P8_amoenaP9_amoena), P11_ornata), (((P12_ornata, P13_lutea), ((P14_ornata, P33_ornata), P20_quilapilun)), ((((P17_arzae, P19_arzae), P32_arzae), P18_davidii), P35_lutea)));
   57 0.000570 0.994320 14  (P10_amoena P11_ornata P12_ornata P13_lutea P14_ornata P17_arzae P18_davidii P19_arzae P20_quilapilun P32_arzae P33_ornata P35_lutea P8_amoena P9_amoena)  (((P10_amoena, (P8_amoena, P9_amoena)), P11_ornata), (((P12_ornata, P13_lutea), ((P14_ornata, P33_ornata), P20_quilapilun)), (((P17_arzae, P18_davidii), (P19_arzae, P32_arzae)), P35_lutea)));
   54 0.000540 0.994860 14  (P10_amoena P11_ornata P12_ornata P13_lutea P14_ornata P17_arzae P18_davidii P19_arzae P20_quilapilun P32_arzae P33_ornata P35_lutea P8_amoena P9_amoena)  (((P10_amoena, (P8_amoena, P9_amoena)), P11_ornata), (((P12_ornata, P13_lutea), ((P14_ornata, P33_ornata), P20_quilapilun)), ((P17_arzae, ((P18_davidii, P32_arzae), P19_arzae)), P35_lutea)));
   50 0.000500 0.995360 14  (P10_amoena P11_ornata P12_ornata P13_lutea P14_ornata P17_arzae P18_davidii P19_arzae P20_quilapilun P32_arzae P33_ornata P35_lutea P8_amoena P9_amoena)  ((((P10_amoena, P8_amoena), P9_amoena), P11_ornata), (((P12_ornata, P13_lutea), ((P14_ornata, P33_ornata), P20_quilapilun)), ((P17_arzae, (P18_davidii, (P19_arzae, P32_arzae))), P35_lutea)));
   47 0.000470 0.995830 14  (P10_amoena P11_ornata P12_ornata P13_lutea P14_ornata P17_arzae P18_davidii P19_arzae P20_quilapilun P32_arzae P33_ornata P35_lutea P8_amoena P9_amoena)  ((((P10_amoena, P9_amoena), P8_amoena), P11_ornata), (((P12_ornata, P13_lutea), ((P14_ornata, P33_ornata), P20_quilapilun)), (((P17_arzae, P32_arzae), (P18_davidii, P19_arzae)), P35_lutea)));
   44 0.000440 0.996270 13  (P10_amoena P11_ornata P12_ornata P13_lutea P14_ornata P17_arzae P18_davidii P19_arzae P20_quilapilun P32_arzae P33_ornata P35_lutea P8_amoenaP9_amoena)  (((P10_amoena, P8_amoenaP9_amoena), P11_ornata), (((P12_ornata, P13_lutea), ((P14_ornata, P33_ornata), P20_quilapilun)), (((P17_arzae, P18_davidii), (P19_arzae, P32_arzae)), P35_lutea)));
   41 0.000410 0.996680 14  (P10_amoena P11_ornata P12_ornata P13_lutea P14_ornata P17_arzae P18_davidii P19_arzae P20_quilapilun P32_arzae P33_ornata P35_lutea P8_amoena P9_amoena)  ((((P10_amoena, P9_amoena), P8_amoena), P11_ornata), (((P12_ornata, P13_lutea), ((P14_ornata, P33_ornata), P20_quilapilun)), ((((P17_arzae, P32_arzae), P19_arzae), P18_davidii), P35_lutea)));
   37 0.000370 0.997050 13  (P10_amoenaP9_amoena P11_ornata P12_ornata P13_lutea P14_ornata P17_arzae P18_davidii P19_arzae P20_quilapilun P32_arzae P33_ornata P35_lutea P8_amoena)  (((P10_amoenaP9_amoena, P8_amoena), P11_ornata), (((P12_ornata, P13_lutea), ((P14_ornata, P33_ornata), P20_quilapilun)), (((P17_arzae, (P18_davidii, P32_arzae)), P19_arzae), P35_lutea)));
   36 0.000360 0.997410 14  (P10_amoena P11_ornata P12_ornata P13_lutea P14_ornata P17_arzae P18_davidii P19_arzae P20_quilapilun P32_arzae P33_ornata P35_lutea P8_amoena P9_amoena)  ((((P10_amoena, P9_amoena), P8_amoena), P11_ornata), (((P12_ornata, P13_lutea), ((P14_ornata, P33_ornata), P20_quilapilun)), ((P17_arzae, ((P18_davidii, P19_arzae), P32_arzae)), P35_lutea)));
   28 0.000280 0.997690 14  (P10_amoena P11_ornata P12_ornata P13_lutea P14_ornata P17_arzae P18_davidii P19_arzae P20_quilapilun P32_arzae P33_ornata P35_lutea P8_amoena P9_amoena)  ((((P10_amoena, P9_amoena), P8_amoena), P11_ornata), (((P12_ornata, P13_lutea), ((P14_ornata, P33_ornata), P20_quilapilun)), ((P17_arzae, (P18_davidii, (P19_arzae, P32_arzae))), P35_lutea)));
   28 0.000280 0.997970 14  (P10_amoena P11_ornata P12_ornata P13_lutea P14_ornata P17_arzae P18_davidii P19_arzae P20_quilapilun P32_arzae P33_ornata P35_lutea P8_amoena P9_amoena)  ((((P10_amoena, P9_amoena), P8_amoena), P11_ornata), (((P12_ornata, P13_lutea), ((P14_ornata, P33_ornata), P20_quilapilun)), (((P17_arzae, P18_davidii), (P19_arzae, P32_arzae)), P35_lutea)));
   27 0.000270 0.998240 13  (P10_amoenaP9_amoena P11_ornata P12_ornata P13_lutea P14_ornata P17_arzae P18_davidii P19_arzae P20_quilapilun P32_arzae P33_ornata P35_lutea P8_amoena)  (((P10_amoenaP9_amoena, P8_amoena), P11_ornata), (((P12_ornata, P13_lutea), ((P14_ornata, P33_ornata), P20_quilapilun)), (((P17_arzae, (P18_davidii, P19_arzae)), P35_lutea), P32_arzae)));
   23 0.000230 0.998470 14  (P10_amoena P11_ornata P12_ornata P13_lutea P14_ornata P17_arzae P18_davidii P19_arzae P20_quilapilun P32_arzae P33_ornata P35_lutea P8_amoena P9_amoena)  ((((P10_amoena, P9_amoena), P8_amoena), P11_ornata), (((P12_ornata, P13_lutea), ((P14_ornata, P33_ornata), P20_quilapilun)), ((((P17_arzae, P18_davidii), P19_arzae), P32_arzae), P35_lutea)));
   19 0.000190 0.998660 13  (P10_amoenaP9_amoena P11_ornata P12_ornata P13_lutea P14_ornata P17_arzae P18_davidii P19_arzae P20_quilapilun P32_arzae P33_ornata P35_lutea P8_amoena)  (((P10_amoenaP9_amoena, P8_amoena), P11_ornata), (((P12_ornata, P13_lutea), ((P14_ornata, P33_ornata), P20_quilapilun)), ((((P17_arzae, P19_arzae), P18_davidii), P35_lutea), P32_arzae)));
   18 0.000180 0.998840 13  (P10_amoenaP9_amoena P11_ornata P12_ornata P13_lutea P14_ornata P17_arzae P18_davidii P19_arzae P20_quilapilun P32_arzae P33_ornata P35_lutea P8_amoena)  (((P10_amoenaP9_amoena, P8_amoena), P11_ornata), (((P12_ornata, P13_lutea), ((P14_ornata, P33_ornata), P20_quilapilun)), ((P17_arzae, (P18_davidii, P19_arzae)), (P32_arzae, P35_lutea))));
   17 0.000170 0.999010 14  (P10_amoena P11_ornata P12_ornata P13_lutea P14_ornata P17_arzae P18_davidii P19_arzae P20_quilapilun P32_arzae P33_ornata P35_lutea P8_amoena P9_amoena)  (((P10_amoena, (P8_amoena, P9_amoena)), P11_ornata), (((P12_ornata, P13_lutea), ((P14_ornata, P33_ornata), P20_quilapilun)), (((P17_arzae, P19_arzae), (P18_davidii, P32_arzae)), P35_lutea)));
   14 0.000140 0.999150 14  (P10_amoena P11_ornata P12_ornata P13_lutea P14_ornata P17_arzae P18_davidii P19_arzae P20_quilapilun P32_arzae P33_ornata P35_lutea P8_amoena P9_amoena)  ((((P10_amoena, P8_amoena), P9_amoena), P11_ornata), (((P12_ornata, P13_lutea), ((P14_ornata, P33_ornata), P20_quilapilun)), ((((P17_arzae, P32_arzae), P19_arzae), P18_davidii), P35_lutea)));
   12 0.000120 0.999270 14  (P10_amoena P11_ornata P12_ornata P13_lutea P14_ornata P17_arzae P18_davidii P19_arzae P20_quilapilun P32_arzae P33_ornata P35_lutea P8_amoena P9_amoena)  ((((P10_amoena, P8_amoena), P9_amoena), P11_ornata), (((P12_ornata, P13_lutea), ((P14_ornata, P33_ornata), P20_quilapilun)), ((P17_arzae, ((P18_davidii, P19_arzae), P32_arzae)), P35_lutea)));
   11 0.000110 0.999380 14  (P10_amoena P11_ornata P12_ornata P13_lutea P14_ornata P17_arzae P18_davidii P19_arzae P20_quilapilun P32_arzae P33_ornata P35_lutea P8_amoena P9_amoena)  ((((P10_amoena, P8_amoena), P9_amoena), P11_ornata), (((P12_ornata, P13_lutea), ((P14_ornata, P33_ornata), P20_quilapilun)), (((P17_arzae, P19_arzae), (P18_davidii, P32_arzae)), P35_lutea)));
   10 0.000100 0.999480 13  (P10_amoenaP9_amoena P11_ornata P12_ornata P13_lutea P14_ornata P17_arzae P18_davidii P19_arzae P20_quilapilun P32_arzae P33_ornata P35_lutea P8_amoena)  (((P10_amoenaP9_amoena, P8_amoena), P11_ornata), (((P12_ornata, P13_lutea), ((P14_ornata, P33_ornata), P20_quilapilun)), (((P17_arzae, P18_davidii), P19_arzae), (P32_arzae, P35_lutea))));
   10 0.000100 0.999580 13  (P10_amoena P11_ornata P12_ornata P13_lutea P14_ornata P17_arzae P18_davidii P19_arzae P20_quilapilun P32_arzae P33_ornata P35_lutea P8_amoenaP9_amoena)  (((P10_amoena, P8_amoenaP9_amoena), P11_ornata), (((P12_ornata, P13_lutea), ((P14_ornata, P33_ornata), P20_quilapilun)), ((((P17_arzae, P32_arzae), P19_arzae), P18_davidii), P35_lutea)));
    9 0.000090 0.999670 14  (P10_amoena P11_ornata P12_ornata P13_lutea P14_ornata P17_arzae P18_davidii P19_arzae P20_quilapilun P32_arzae P33_ornata P35_lutea P8_amoena P9_amoena)  (((P10_amoena, (P8_amoena, P9_amoena)), P11_ornata), (((P12_ornata, P13_lutea), ((P14_ornata, P33_ornata), P20_quilapilun)), ((P17_arzae, ((P18_davidii, P19_arzae), P32_arzae)), P35_lutea)));
    8 0.000080 0.999750 14  (P10_amoena P11_ornata P12_ornata P13_lutea P14_ornata P17_arzae P18_davidii P19_arzae P20_quilapilun P32_arzae P33_ornata P35_lutea P8_amoena P9_amoena)  ((((P10_amoena, P8_amoena), P9_amoena), P11_ornata), (((P12_ornata, P13_lutea), ((P14_ornata, P33_ornata), P20_quilapilun)), ((P17_arzae, ((P18_davidii, P32_arzae), P19_arzae)), P35_lutea)));
    8 0.000080 0.999830 14  (P10_amoena P11_ornata P12_ornata P13_lutea P14_ornata P17_arzae P18_davidii P19_arzae P20_quilapilun P32_arzae P33_ornata P35_lutea P8_amoena P9_amoena)  ((((P10_amoena, P9_amoena), P8_amoena), P11_ornata), (((P12_ornata, P13_lutea), ((P14_ornata, P33_ornata), P20_quilapilun)), ((P17_arzae, ((P18_davidii, P32_arzae), P19_arzae)), P35_lutea)));
    7 0.000070 0.999900 14  (P10_amoena P11_ornata P12_ornata P13_lutea P14_ornata P17_arzae P18_davidii P19_arzae P20_quilapilun P32_arzae P33_ornata P35_lutea P8_amoena P9_amoena)  ((((P10_amoena, P8_amoena), P9_amoena), P11_ornata), (((P12_ornata, P13_lutea), ((P14_ornata, P33_ornata), P20_quilapilun)), (((P17_arzae, (P18_davidii, P19_arzae)), P32_arzae), P35_lutea)));
    5 0.000050 0.999950 14  (P10_amoena P11_ornata P12_ornata P13_lutea P14_ornata P17_arzae P18_davidii P19_arzae P20_quilapilun P32_arzae P33_ornata P35_lutea P8_amoena P9_amoena)  ((((P10_amoena, P8_amoena), P9_amoena), P11_ornata), (((P12_ornata, P13_lutea), ((P14_ornata, P33_ornata), P20_quilapilun)), (((P17_arzae, P18_davidii), (P19_arzae, P32_arzae)), P35_lutea)));
    2 0.000020 0.999970 13  (P10_amoenaP9_amoena P11_ornata P12_ornata P13_lutea P14_ornata P17_arzae P18_davidii P19_arzae P20_quilapilun P32_arzae P33_ornata P35_lutea P8_amoena)  (((P10_amoenaP9_amoena, P8_amoena), P11_ornata), (((P12_ornata, P13_lutea), ((P14_ornata, P33_ornata), P20_quilapilun)), (((P17_arzae, P19_arzae), P18_davidii), (P32_arzae, P35_lutea))));
    1 0.000010 0.999980 14  (P10_amoena P11_ornata P12_ornata P13_lutea P14_ornata P17_arzae P18_davidii P19_arzae P20_quilapilun P32_arzae P33_ornata P35_lutea P8_amoena P9_amoena)  ((((P10_amoena, P8_amoena), P9_amoena), P11_ornata), (((P12_ornata, P13_lutea), ((P14_ornata, P33_ornata), P20_quilapilun)), (((P17_arzae, P32_arzae), (P18_davidii, P19_arzae)), P35_lutea)));
    1 0.000010 0.999990 14  (P10_amoena P11_ornata P12_ornata P13_lutea P14_ornata P17_arzae P18_davidii P19_arzae P20_quilapilun P32_arzae P33_ornata P35_lutea P8_amoena P9_amoena)  ((((P10_amoena, P9_amoena), P8_amoena), P11_ornata), (((P12_ornata, P13_lutea), ((P14_ornata, P33_ornata), P20_quilapilun)), ((((P17_arzae, P18_davidii), P32_arzae), P19_arzae), P35_lutea)));
    1 0.000010 1.000000 13  (P10_amoenaP8_amoena P11_ornata P12_ornata P13_lutea P14_ornata P17_arzae P18_davidii P19_arzae P20_quilapilun P32_arzae P33_ornata P35_lutea P9_amoena)  (((P10_amoenaP8_amoena, P9_amoena), P11_ornata), (((P12_ornata, P13_lutea), ((P14_ornata, P33_ornata), P20_quilapilun)), ((((P17_arzae, P32_arzae), P18_davidii), P19_arzae), P35_lutea)));

(B) 4 species delimitations & their posterior probabilities
77123 0.771230  13 (P10_amoenaP9_amoena P11_ornata P12_ornata P13_lutea P14_ornata P17_arzae P18_davidii P19_arzae P20_quilapilun P32_arzae P33_ornata P35_lutea P8_amoena)
17591 0.175910  13 (P10_amoenaP8_amoena P11_ornata P12_ornata P13_lutea P14_ornata P17_arzae P18_davidii P19_arzae P20_quilapilun P32_arzae P33_ornata P35_lutea P9_amoena)
 2748 0.027480  13 (P10_amoena P11_ornata P12_ornata P13_lutea P14_ornata P17_arzae P18_davidii P19_arzae P20_quilapilun P32_arzae P33_ornata P35_lutea P8_amoenaP9_amoena)
 2538 0.025380  14 (P10_amoena P11_ornata P12_ornata P13_lutea P14_ornata P17_arzae P18_davidii P19_arzae P20_quilapilun P32_arzae P33_ornata P35_lutea P8_amoena P9_amoena)

(C) 17 delimited species & their posterior probabilities
100000 1.000000 P14_ornata
100000 1.000000 P32_arzae
100000 1.000000 P18_davidii
100000 1.000000 P17_arzae
100000 1.000000 P19_arzae
100000 1.000000 P35_lutea
100000 1.000000 P12_ornata
100000 1.000000 P33_ornata
100000 1.000000 P13_lutea
100000 1.000000 P11_ornata
100000 1.000000 P20_quilapilun
 79661 0.796610 P8_amoena
 77123 0.771230 P10_amoenaP9_amoena
 20129 0.201290 P9_amoena
 17591 0.175910 P10_amoenaP8_amoena
  5286 0.052860 P10_amoena
  2748 0.027480 P8_amoenaP9_amoena

(D) Posterior probability for # of species
P[ 1] = 0.000000  prior[ 1] = 0.013662
P[ 2] = 0.000000  prior[ 2] = 0.013662
P[ 3] = 0.000000  prior[ 3] = 0.019673
P[ 4] = 0.000000  prior[ 4] = 0.030056
P[ 5] = 0.000000  prior[ 5] = 0.045738
P[ 6] = 0.000000  prior[ 6] = 0.067359
P[ 7] = 0.000000  prior[ 7] = 0.094089
P[ 8] = 0.000000  prior[ 8] = 0.122316
P[ 9] = 0.000000  prior[ 9] = 0.144848
P[10] = 0.000000  prior[10] = 0.152001
P[11] = 0.000000  prior[11] = 0.135907
P[12] = 0.000000  prior[12] = 0.097297
P[13] = 0.974620  prior[13] = 0.049730
P[14] = 0.025380  prior[14] = 0.013662

