bpp v4.2.9_osx_x86_64, 8GB RAM, 8 cores
https://github.com/bpp/bpp

Detected CPU features: mmx sse sse2 sse3 ssse3 sse4.1 sse4.2 popcnt avx avx2
Auto-selected SIMD ISA: AVX2


Starting timer..
Using seed: -1
Parsing species tree... Done
Parsing phylip file... Done

 Locus | Model | Sequences | Length | Ambiguous sites | Compressed | Base freqs 
-------+-------+-----------+--------+-----------------+------------+------------
     1 |  JC69 |        36 |   2116 |             683 |        137 |      Fixed 
     2 |  JC69 |        36 |   1770 |             453 |         95 |      Fixed 
     3 |  JC69 |        36 |   1794 |             609 |        104 |      Fixed 
     4 |  JC69 |        36 |   2561 |             838 |        204 |      Fixed 
     5 |  JC69 |        35 |   2504 |             560 |        178 |      Fixed 
     6 |  JC69 |        36 |   2499 |             645 |        165 |      Fixed 
     7 |  JC69 |        36 |   1655 |            1448 |        138 |      Fixed 
     8 |  JC69 |        36 |   1897 |            1560 |        119 |      Fixed 
     9 |  JC69 |        36 |   3200 |            1422 |        207 |      Fixed 
    10 |  JC69 |        36 |   1809 |            1078 |        144 |      Fixed 
    11 |  JC69 |        36 |   1807 |            1440 |        158 |      Fixed 
    12 |  JC69 |        36 |   2686 |            1124 |        215 |      Fixed 
    13 |  JC69 |        36 |   1885 |             927 |        163 |      Fixed 
    14 |  JC69 |        36 |   3680 |            1662 |        183 |      Fixed 
    15 |  JC69 |        36 |   1880 |             376 |        142 |      Fixed 
    16 |  JC69 |        36 |   1928 |             844 |        157 |      Fixed 
    17 |  JC69 |        36 |   2178 |             994 |        142 |      Fixed 
    18 |  JC69 |        36 |   1784 |             463 |        108 |      Fixed 
    19 |  JC69 |        36 |   2028 |             524 |        117 |      Fixed 
    20 |  JC69 |        36 |   2768 |             503 |        121 |      Fixed 
    21 |  JC69 |        36 |   2367 |             786 |        168 |      Fixed 
    22 |  JC69 |        36 |   1634 |             654 |        201 |      Fixed 
    23 |  JC69 |        36 |   1841 |             238 |        123 |      Fixed 
    24 |  JC69 |        35 |   2676 |            1808 |        206 |      Fixed 
    25 |  JC69 |        36 |   2273 |            1169 |        178 |      Fixed 
    26 |  JC69 |        36 |   2442 |             444 |        146 |      Fixed 
    27 |  JC69 |        36 |   2103 |             469 |        106 |      Fixed 
    28 |  JC69 |        36 |   2197 |             578 |        143 |      Fixed 
    29 |  JC69 |        36 |   2686 |             982 |        157 |      Fixed 
    30 |  JC69 |        36 |   2191 |             452 |        102 |      Fixed 
    31 |  JC69 |        36 |   2809 |             658 |        181 |      Fixed 
    32 |  JC69 |        36 |   2517 |            1350 |        200 |      Fixed 
    33 |  JC69 |        36 |   2796 |            1256 |        230 |      Fixed 
    34 |  JC69 |        36 |   2166 |             960 |        183 |      Fixed 
    35 |  JC69 |        36 |   1893 |             450 |        157 |      Fixed 
    36 |  JC69 |        36 |   1728 |            1096 |        179 |      Fixed 
    37 |  JC69 |        36 |   2263 |            1262 |        265 |      Fixed 
    38 |  JC69 |        36 |   2120 |             506 |        170 |      Fixed 
    39 |  JC69 |        36 |   2428 |             462 |        161 |      Fixed 
    40 |  JC69 |        36 |   3234 |            1621 |        213 |      Fixed 
    41 |  JC69 |        36 |   2250 |             533 |        176 |      Fixed 
    42 |  JC69 |        36 |   2641 |             775 |        220 |      Fixed 
    43 |  JC69 |        36 |   2632 |             423 |        156 |      Fixed 
    44 |  JC69 |        36 |   2269 |             672 |        151 |      Fixed 
    45 |  JC69 |        36 |   2467 |             898 |        163 |      Fixed 
    46 |  JC69 |        36 |   1764 |             821 |        145 |      Fixed 
    47 |  JC69 |        36 |   1738 |            1210 |        166 |      Fixed 
    48 |  JC69 |        36 |   2514 |             703 |        175 |      Fixed 
    49 |  JC69 |        36 |   1720 |             641 |        197 |      Fixed 
    50 |  JC69 |        36 |   2547 |            1795 |        151 |      Fixed 

Parsing map file... Done

Per-locus sequences in data and 'species&tree' tag:
C.File | Data |                Status                | Population
-------+------+--------------------------------------+-----------
     2 |    2 | [OK]                                 | P21_cyrtan
     4 |    4 | [OK]                                 | P15_angust
     3 |    3 | [OK]                                 | P31_angust
     5 |    5 | [OK]                                 | P6_scarla 
     3 |    3 | [OK]                                 | P34_scarla
     2 |    2 | [OK]                                 | P5_cyrtan 
     3 |    3 | [OK]                                 | P16_cyrtan
     3 |    3 | [OK]                                 | P27_cyrtan
     3 |    3 | [OK]                                 | P3_cyrtan 
     3 |    3 | [OK]                                 | P1_cyrtan 
     5 |    5 | [OK]                                 | P4_cyrtan 


Map of populations and ancestors (1 in map indicates ancestor):
   Species                                                                                                     1  2  3  4  5  6  7  8  9  10  11  12  13  14  15  16  17  18  19  20  21
 1 P21_cyrtan                                                                                                  1  0  0  0  0  0  0  0  0  0   0   1   0   0   0   0   0   0   0   0   0
 2 P15_angust                                                                                                  0  1  0  0  0  0  0  0  0  0   0   1   1   1   1   0   0   0   0   0   0
 3 P31_angust                                                                                                  0  0  1  0  0  0  0  0  0  0   0   1   1   1   1   0   0   0   0   0   0
 4 P6_scarla                                                                                                   0  0  0  1  0  0  0  0  0  0   0   1   1   1   0   1   0   0   0   0   0
 5 P34_scarla                                                                                                  0  0  0  0  1  0  0  0  0  0   0   1   1   1   0   1   0   0   0   0   0
 6 P5_cyrtan                                                                                                   0  0  0  0  0  1  0  0  0  0   0   1   1   0   0   0   1   0   0   0   0
 7 P16_cyrtan                                                                                                  0  0  0  0  0  0  1  0  0  0   0   1   1   0   0   0   1   1   0   0   0
 8 P27_cyrtan                                                                                                  0  0  0  0  0  0  0  1  0  0   0   1   1   0   0   0   1   1   1   0   0
 9 P3_cyrtan                                                                                                   0  0  0  0  0  0  0  0  1  0   0   1   1   0   0   0   1   1   1   1   0
10 P1_cyrtan                                                                                                   0  0  0  0  0  0  0  0  0  1   0   1   1   0   0   0   1   1   1   1   1
11 P4_cyrtan                                                                                                   0  0  0  0  0  0  0  0  0  0   1   1   1   0   0   0   1   1   1   1   1
12 P21_cyrtanP15_angustP31_angustP6_scarlaP34_scarlaP5_cyrtanP16_cyrtanP27_cyrtanP3_cyrtanP1_cyrtanP4_cyrtan   0  0  0  0  0  0  0  0  0  0   0   1   0   0   0   0   0   0   0   0   0
13 P15_angustP31_angustP6_scarlaP34_scarlaP5_cyrtanP16_cyrtanP27_cyrtanP3_cyrtanP1_cyrtanP4_cyrtan             0  0  0  0  0  0  0  0  0  0   0   1   1   0   0   0   0   0   0   0   0
14 P15_angustP31_angustP6_scarlaP34_scarla                                                                     0  0  0  0  0  0  0  0  0  0   0   1   1   1   0   0   0   0   0   0   0
15 P15_angustP31_angust                                                                                        0  0  0  0  0  0  0  0  0  0   0   1   1   1   1   0   0   0   0   0   0
16 P6_scarlaP34_scarla                                                                                         0  0  0  0  0  0  0  0  0  0   0   1   1   1   0   1   0   0   0   0   0
17 P5_cyrtanP16_cyrtanP27_cyrtanP3_cyrtanP1_cyrtanP4_cyrtan                                                    0  0  0  0  0  0  0  0  0  0   0   1   1   0   0   0   1   0   0   0   0
18 P16_cyrtanP27_cyrtanP3_cyrtanP1_cyrtanP4_cyrtan                                                             0  0  0  0  0  0  0  0  0  0   0   1   1   0   0   0   1   1   0   0   0
19 P27_cyrtanP3_cyrtanP1_cyrtanP4_cyrtan                                                                       0  0  0  0  0  0  0  0  0  0   0   1   1   0   0   0   1   1   1   0   0
20 P3_cyrtanP1_cyrtanP4_cyrtan                                                                                 0  0  0  0  0  0  0  0  0  0   0   1   1   0   0   0   1   1   1   1   0
21 P1_cyrtanP4_cyrtan                                                                                          0  0  0  0  0  0  0  0  0  0   0   1   1   0   0   0   1   1   1   1   1

Counting delimitations...
[ 11 ]  1 1 1 1 1 1 1 1 1 1 1       nD =   1  Trees = 654729075  Guide =    1  pro=654729075
[ 10 ]  1 1 1 1 1 1 1 1 1 2         nD =  55  Trees = 34459425  Guide =    1  pro=1895268375
[  9 ]  1 1 1 1 1 1 1 1 3           nD = 165  Trees = 2027025  Guide =    3  pro=1003377375
[  9 ]  1 1 1 1 1 1 1 2 2           nD = 990  Trees = 2027025  Guide =    1  pro=2006754750
[  8 ]  1 1 1 1 1 1 1 4             nD = 330  Trees = 135135  Guide =   15  pro=668918250
[  8 ]  1 1 1 1 1 1 2 3             nD = 4620  Trees = 135135  Guide =    3  pro=1872971100
[  7 ]  1 1 1 1 1 1 5               nD = 462  Trees = 10395  Guide =  105  pro=504261450
[  8 ]  1 1 1 1 1 2 2 2             nD = 6930  Trees = 135135  Guide =    1  pro=936485550
[  7 ]  1 1 1 1 1 2 4               nD = 6930  Trees = 10395  Guide =   15  pro=1080560250
[  7 ]  1 1 1 1 1 3 3               nD = 4620  Trees = 10395  Guide =    9  pro=432224100
[  6 ]  1 1 1 1 1 6                 nD = 462  Trees =  945  Guide =  945  pro=412577550
[  7 ]  1 1 1 1 2 2 3               nD = 34650  Trees = 10395  Guide =    3  pro=1080560250
[  6 ]  1 1 1 1 2 5                 nD = 6930  Trees =  945  Guide =  105  pro=687629250
[  6 ]  1 1 1 1 3 4                 nD = 11550  Trees =  945  Guide =   45  pro=491163750
[  5 ]  1 1 1 1 7                   nD = 330  Trees =  105  Guide = 10395  pro=360186750
[  7 ]  1 1 1 2 2 2 2               nD = 17325  Trees = 10395  Guide =    1  pro=180093375
[  6 ]  1 1 1 2 2 4                 nD = 34650  Trees =  945  Guide =   15  pro=491163750
[  6 ]  1 1 1 2 3 3                 nD = 46200  Trees =  945  Guide =    9  pro=392931000
[  5 ]  1 1 1 2 6                   nD = 4620  Trees =  105  Guide =  945  pro=458419500
[  5 ]  1 1 1 3 5                   nD = 9240  Trees =  105  Guide =  315  pro=305613000
[  5 ]  1 1 1 4 4                   nD = 5775  Trees =  105  Guide =  225  pro=136434375
[  4 ]  1 1 1 8                     nD = 165  Trees =   15  Guide = 135135  pro=334459125
[  6 ]  1 1 2 2 2 3                 nD = 69300  Trees =  945  Guide =    3  pro=196465500
[  5 ]  1 1 2 2 5                   nD = 20790  Trees =  105  Guide =  105  pro=229209750
[  5 ]  1 1 2 3 4                   nD = 69300  Trees =  105  Guide =   45  pro=327442500
[  4 ]  1 1 2 7                     nD = 1980  Trees =   15  Guide = 10395  pro=308731500
[  5 ]  1 1 3 3 3                   nD = 15400  Trees =  105  Guide =   27  pro=43659000
[  4 ]  1 1 3 6                     nD = 4620  Trees =   15  Guide = 2835  pro=196465500
[  4 ]  1 1 4 5                     nD = 6930  Trees =   15  Guide = 1575  pro=163721250
[  3 ]  1 1 9                       nD =  55  Trees =    3  Guide = 2027025  pro=334459125
[  6 ]  1 2 2 2 2 2                 nD = 10395  Trees =  945  Guide =    1  pro=9823275
[  5 ]  1 2 2 2 4                   nD = 34650  Trees =  105  Guide =   15  pro=54573750
[  5 ]  1 2 2 3 3                   nD = 69300  Trees =  105  Guide =    9  pro=65488500
[  4 ]  1 2 2 6                     nD = 6930  Trees =   15  Guide =  945  pro=98232750
[  4 ]  1 2 3 5                     nD = 27720  Trees =   15  Guide =  315  pro=130977000
[  4 ]  1 2 4 4                     nD = 17325  Trees =   15  Guide =  225  pro=58471875
[  3 ]  1 2 8                       nD = 495  Trees =    3  Guide = 135135  pro=200675475
[  4 ]  1 3 3 4                     nD = 23100  Trees =   15  Guide =  135  pro=46777500
[  3 ]  1 3 7                       nD = 1320  Trees =    3  Guide = 31185  pro=123492600
[  3 ]  1 4 6                       nD = 2310  Trees =    3  Guide = 14175  pro=98232750
[  3 ]  1 5 5                       nD = 1386  Trees =    3  Guide = 11025  pro=45841950
[  2 ]  1 10                         nD =  11  Trees =    1  Guide = 34459425  pro=379053675
[  5 ]  2 2 2 2 3                   nD = 17325  Trees =  105  Guide =    3  pro=5457375
[  4 ]  2 2 2 5                     nD = 6930  Trees =   15  Guide =  105  pro=10914750
[  4 ]  2 2 3 4                     nD = 34650  Trees =   15  Guide =   45  pro=23388750
[  3 ]  2 2 7                       nD = 990  Trees =    3  Guide = 10395  pro=30873150
[  4 ]  2 3 3 3                     nD = 15400  Trees =   15  Guide =   27  pro=6237000
[  3 ]  2 3 6                       nD = 4620  Trees =    3  Guide = 2835  pro=39293100
[  3 ]  2 4 5                       nD = 6930  Trees =    3  Guide = 1575  pro=32744250
[  2 ]  2 9                         nD =  55  Trees =    1  Guide = 2027025  pro=111486375
[  3 ]  3 3 5                       nD = 4620  Trees =    3  Guide =  945  pro=13097700
[  3 ]  3 4 4                       nD = 5775  Trees =    3  Guide =  675  pro=11694375
[  2 ]  3 8                         nD = 165  Trees =    1  Guide = 405405  pro=66891825
[  2 ]  4 7                         nD = 330  Trees =    1  Guide = 155925  pro=51455250
[  2 ]  5 6                         nD = 462  Trees =    1  Guide = 99225  pro=45841950
[  1 ]  11                           nD =   1  Trees =    1  Guide = 654729075  pro=654729075
Generating gene trees.... Done

Initial MSC density and log-likelihood of observing data:
log-PG0 = 7905.982142   log-L0 = -370114.438354

0:00 taken to read and process data..
Restarting timer...


-*- Glossary of terms -*-

  Prgs: progress of MCMC run (negative progress means burnin)
  Gage: gene-tree age proposal
  Gspr: gene-tree SPR proposal
  thet: species tree theta proposal
   tau: species tree tau proposal
   mix: mixing proposal
    sp: number of delimited specices
    np: number of parameters
  mldp: most likelely delimitation and probability
mthet1: root node mean theta
 mtau1: root node mean tau
log-PG: log-probability of gene trees (MSC)
 log-L: mean log-L of observing data

     |     Acceptance proportions (pjump)     |
Prgs | Gage Gspr thet  tau  mix   Sspr     rj | sp np         mldp   mtau1       log-PG          log-L
------------------------------------------------------------------------------------------------------


                      Gage    Gspr    thet     tau     mix lrht  phi   pi qmat alfa mubr nubr mu_i nu_i brte
Current Pjump:     0.53875 0.00352 0.00000 0.10630 0.38400   -    -    -    -    -    -    -    -    -    - 
Current finetune:  0.02000 0.02000 0.02000 0.02000 0.02000   -    -    -    -    -    -    -    -    -    - 
New finetune:      0.04435 0.00022 0.00020 0.00662 0.02704   -    -    -    -    -    -    -    -    -    - 

  -0%  0.57 0.16 0.00 0.13 0.22 0.0200 0.0000   10  9 P[10]=0.5520 0.0028   6415.13047  -245224.59446

                      Gage    Gspr    thet     tau     mix lrht  phi   pi qmat alfa mubr nubr mu_i nu_i brte
Current Pjump:     0.57075 0.15773 0.00000 0.12998 0.21600   -    -    -    -    -    -    -    -    -    - 
Current finetune:  0.04435 0.00022 0.00020 0.00662 0.02704   -    -    -    -    -    -    -    -    -    - 
New finetune:      0.10890 0.00011 0.00000 0.00269 0.01873   -    -    -    -    -    -    -    -    -    - 



                      Gage    Gspr    thet     tau     mix lrht  phi   pi qmat alfa mubr nubr mu_i nu_i brte
Current Pjump:     0.56205 0.17919 0.00000 0.11972 0.35200   -    -    -    -    -    -    -    -    -    - 
Current finetune:  0.10890 0.00011 0.00000 0.00269 0.01873   -    -    -    -    -    -    -    -    -    - 
New finetune:      0.26006 0.00006 0.00000 0.00100 0.02268   -    -    -    -    -    -    -    -    -    - 

   0%  0.56 0.19 0.00 0.04 0.29 0.1000 0.0000    9  8  P[9]=0.5660 0.0024   6193.91097  -244686.95756  4:45


                      Gage    Gspr    thet     tau     mix lrht  phi   pi qmat alfa mubr nubr mu_i nu_i brte
Current Pjump:     0.56459 0.19083 0.00000 0.04189 0.28800   -    -    -    -    -    -    -    -    -    - 
Current finetune:  0.26006 0.00006 0.00000 0.00100 0.02268   -    -    -    -    -    -    -    -    -    - 
New finetune:      0.62610 0.00004 0.00000 0.00013 0.02164   -    -    -    -    -    -    -    -    -    - 

   1%  0.57 0.20 0.00 0.22 0.33 0.0120 0.0000    8  7  P[8]=0.7310 0.0024   6253   1%  0.56 0.20 0.00 0.20 0.33 0.0075 0.0000    7  6  P[8]=0.4045 0.0025   6256   2%  0.56 0.20 0.00 0.20 0.33 0.0087 0.0000    7  6  P[7]=0.4513 0.0026   6210   2%  0.56 0.20 0.00 0.21 0.33 0.0067 0.0000    7  6  P[7]=0.5885 0.0026   6281   3%  0.56 0.20 0.00 0.22 0.32 0.0056 0.0000    7  6  P[7]=0.6596 0.0026   6336   3%  0.56 0.20 0.00 0.22 0.32 0.0077 0.0000    6  5  P[7]=0.5862 0.0026   6294   4%  0.56 0.20 0.00 0.22 0.32 0.0066 0.0000    4  3  P[7]=0.5067 0.0026   6161   4%  0.56 0.20 0.00 0.21 0.32 0.0057 0.0000    5  4  P[7]=0.4434 0.0026   6203   5%  0.56 0.20 0.00 0.22 0.32 0.0051 0.0000    6  5  P[7]=0.4043 0.0026   6210   5%  0.56 0.20 0.00 0.22 0.32 0.0048 0.0000    7  6  P[7]=0.3786 0.0026   6274.63900  -244523.73400  48:59
   6%  0.56 0.20 0.00 0.22 0.32 0.0047 0.0000    6  5  P[6]=0.4017 0.0027   6183   6%  0.56 0.20 0.00 0.22 0.32 0.0043 0.0000    6  5  P[6]=0.4446 0.0027   6291   7%  0.56 0.20 0.00 0.22 0.32 0.0056 0.0000    7  6  P[6]=0.4300 0.0027   6276   7%  0.56 0.20 0.00 0.22 0.32 0.0059 0.0000    7  6  P[6]=0.4352 0.0027   6306   8%  0.56 0.20 0.00 0.22 0.32 0.0061 0.0000    5  4  P[6]=0.4242 0.0027   6254   8%  0.56 0.20 0.00 0.22 0.32 0.0057 0.0000    6  5  P[6]=0.4206 0.0027   6299   9%  0.56 0.20 0.00 0.22 0.32 0.0054 0.0000    5  4  P[6]=0.4428 0.0027   6232   9%  0.56 0.20 0.00 0.22 0.32 0.0051 0.0000    6  5  P[6]=0.4671 0.0027   6219  10%  0.56 0.20 0.00 0.22 0.32 0.0048 0.0000    5  4  P[6]=0.4758 0.0027   6180  10%  0.56 0.20 0.00 0.22 0.32 0.0046 0.0000    7  6  P[6]=0.4783 0.0027   6234.80882  -244517.23581  1:12:39
  11%  0.56 0.20 0.00 0.22 0.32 0.0044 0.0000    5  4  P[6]=0.4815 0.0027   6179  11%  0.56 0.20 0.00 0.22 0.32 0.0049 0.0000    5  4  P[6]=0.4650 0.0027   6163  12%  0.56 0.20 0.00 0.22 0.32 0.0047 0.0000    7  6  P[6]=0.4563 0.0027   6264  12%  0.56 0.20 0.00 0.22 0.32 0.0045 0.0000    6  5  P[6]=0.4546 0.0027   6320  13%  0.56 0.20 0.00 0.22 0.32 0.0043 0.0000    6  5  P[6]=0.4605 0.0027   6282  13%  0.56 0.20 0.00 0.22 0.32 0.0041 0.0000    6  5  P[6]=0.4772 0.0027   6254  14%  0.56 0.20 0.00 0.22 0.32 0.0040 0.0000    7  6  P[6]=0.4897 0.0027   6233  14%  0.56 0.20 0.00 0.22 0.32 0.0039 0.0000    7  6  P[6]=0.4914 0.0027   6248  15%  0.56 0.20 0.00 0.22 0.32 0.0037 0.0000    5  4  P[6]=0.4931 0.0027   6196  15%  0.56 0.20 0.00 0.22 0.32 0.0036 0.0000    6  5  P[6]=0.5012 0.0027   6251.21090  -244508.73645  1:35:27
  16%  0.56 0.20 0.00 0.22 0.32 0.0035 0.0000    6  5  P[6]=0.5142 0.0027   6140  16%  0.56 0.20 0.00 0.22 0.32 0.0034 0.0000    6  5  P[6]=0.5141 0.0027   6182  17%  0.56 0.20 0.00 0.22 0.32 0.0033 0.0000    6  5  P[6]=0.5242 0.0027   6247  17%  0.56 0.20 0.00 0.22 0.32 0.0032 0.0000    5  4  P[6]=0.5239 0.0027   6235  18%  0.56 0.20 0.00 0.22 0.32 0.0031 0.0000    5  4  P[6]=0.5157 0.0027   6275  18%  0.56 0.20 0.00 0.22 0.32 0.0030 0.0000    6  5  P[6]=0.5064 0.0027   6191  19%  0.56 0.20 0.00 0.22 0.31 0.0029 0.0000    6  5  P[6]=0.5134 0.0027   6325  19%  0.56 0.20 0.00 0.22 0.31 0.0028 0.0000    6  5  P[6]=0.5125 0.0027   6203  20%  0.56 0.20 0.00 0.22 0.31 0.0028 0.0000    6  5  P[6]=0.5120 0.0027   6180  20%  0.56 0.20 0.00 0.22 0.31 0.0027 0.0000    6  5  P[6]=0.5242 0.0027   6293.64113  -244503.38209  1:58:12
  21%  0.56 0.20 0.00 0.23 0.31 0.0026 0.0000    6  5  P[6]=0.5358 0.0027   6298  21%  0.56 0.20 0.00 0.23 0.31 0.0026 0.0000    6  5  P[6]=0.5469 0.0027   6281  22%  0.56 0.20 0.00 0.22 0.31 0.0025 0.0000    5  4  P[6]=0.5415 0.0027   6092  22%  0.56 0.20 0.00 0.22 0.31 0.0025 0.0000    6  5  P[6]=0.5402 0.0027   6147  23%  0.56 0.20 0.00 0.22 0.31 0.0024 0.0000    6  5  P[6]=0.5497 0.0027   6208  23%  0.56 0.20 0.00 0.22 0.31 0.0026 0.0000    6  5  P[6]=0.5548 0.0027   6275  24%  0.56 0.20 0.00 0.22 0.31 0.0025 0.0000    6  5  P[6]=0.5613 0.0027   6303  24%  0.56 0.20 0.00 0.23 0.31 0.0025 0.0000    6  5  P[6]=0.5668 0.0027   6341  25%  0.56 0.20 0.00 0.23 0.31 0.0024 0.0000    6  5  P[6]=0.5756 0.0027   6223  25%  0.56 0.20 0.00 0.22 0.31 0.0024 0.0000    6  5  P[6]=0.5731 0.0027   6170.02824  -244500.68300  2:20:56
  26%  0.56 0.20 0.00 0.23 0.31 0.0024 0.0000    6  5  P[6]=0.5815 0.0027   6270  26%  0.56 0.20 0.00 0.23 0.31 0.0023 0.0000    5  4  P[6]=0.5872 0.0027   6279  27%  0.56 0.20 0.00 0.23 0.31 0.0023 0.0000    5  4  P[6]=0.5834 0.0027   6216  27%  0.56 0.20 0.00 0.23 0.31 0.0022 0.0000    6  5  P[6]=0.5761 0.0027   6289  28%  0.56 0.20 0.00 0.23 0.31 0.0022 0.0000    6  5  P[6]=0.5784 0.0027   6169  28%  0.55 0.20 0.00 0.23 0.31 0.0022 0.0000    6  5  P[6]=0.5859 0.0027   6372  29%  0.55 0.20 0.00 0.23 0.31 0.0022 0.0000    5  4  P[6]=0.5791 0.0027   6168  29%  0.55 0.20 0.00 0.22 0.31 0.0022 0.0000    6  5  P[6]=0.5737 0.0027   6157  30%  0.55 0.20 0.00 0.22 0.31 0.0021 0.0000    5  4  P[6]=0.5738 0.0027   6144  30%  0.55 0.20 0.00 0.22 0.31 0.0021 0.0000    5  4  P[6]=0.5689 0.0027   6255.68889  -244499.82305  2:43:35
  31%  0.55 0.20 0.00 0.22 0.31 0.0021 0.0000    5  4  P[6]=0.5646 0.0027   6145  31%  0.55 0.20 0.00 0.22 0.31 0.0020 0.0000    6  5  P[6]=0.5630 0.0027   6222  32%  0.55 0.20 0.00 0.22 0.31 0.0020 0.0000    6  5  P[6]=0.5583 0.0027   6226  32%  0.55 0.20 0.00 0.22 0.31 0.0020 0.0000    5  4  P[6]=0.5502 0.0027   6262  33%  0.55 0.20 0.00 0.22 0.31 0.0019 0.0000    6  5  P[6]=0.5500 0.0027   6302  33%  0.55 0.20 0.00 0.22 0.31 0.0019 0.0000    6  5  P[6]=0.5523 0.0027   6289  34%  0.55 0.20 0.00 0.22 0.31 0.0019 0.0000    6  5  P[6]=0.5590 0.0027   6196  34%  0.55 0.20 0.00 0.22 0.31 0.0019 0.0000    5  4  P[6]=0.5647 0.0027   6224  35%  0.55 0.20 0.00 0.22 0.31 0.0018 0.0000    5  4  P[6]=0.5569 0.0027   6152  35%  0.55 0.20 0.00 0.22 0.31 0.0018 0.0000    6  5  P[6]=0.5538 0.0027   6252.06133  -244497.31673  3:06:16
  36%  0.55 0.20 0.00 0.22 0.31 0.0018 0.0000    6  5  P[6]=0.5570 0.0027   6308  36%  0.55 0.20 0.00 0.22 0.31 0.0018 0.0000    5  4  P[6]=0.5552 0.0027   6252  37%  0.55 0.20 0.00 0.22 0.31 0.0017 0.0000    6  5  P[6]=0.5544 0.0027   6236  37%  0.55 0.20 0.00 0.22 0.31 0.0017 0.0000    4  3  P[6]=0.5556 0.0027   6133  38%  0.55 0.20 0.00 0.22 0.31 0.0017 0.0000    6  5  P[6]=0.5571 0.0027   6272  38%  0.55 0.20 0.00 0.22 0.31 0.0017 0.0000    6  5  P[6]=0.5619 0.0027   6229  39%  0.55 0.20 0.00 0.22 0.31 0.0016 0.0000    5  4  P[6]=0.5657 0.0027   6159  39%  0.55 0.20 0.00 0.22 0.31 0.0016 0.0000    5  4  P[6]=0.5635 0.0027   6186  40%  0.55 0.20 0.00 0.22 0.31 0.0016 0.0000    6  5  P[6]=0.5645 0.0027   6337  40%  0.55 0.20 0.00 0.22 0.31 0.0016 0.0000    6  5  P[6]=0.5674 0.0027   6192.59418  -244493.20308  3:29:04
  41%  0.55 0.20 0.00 0.22 0.31 0.0016 0.0000    6  5  P[6]=0.5727 0.0027   6272  41%  0.55 0.20 0.00 0.22 0.31 0.0015 0.0000    6  5  P[6]=0.5780 0.0027   6283  42%  0.55 0.20 0.00 0.22 0.31 0.0015 0.0000    4  3  P[6]=0.5748 0.0027   6238  42%  0.55 0.20 0.00 0.22 0.31 0.0015 0.0000    6  5  P[6]=0.5768 0.0027   6203  43%  0.55 0.20 0.00 0.22 0.31 0.0015 0.0000    6  5  P[6]=0.5798 0.0027   6150  43%  0.55 0.20 0.00 0.22 0.31 0.0015 0.0000    6  5  P[6]=0.5791 0.0027   6199  44%  0.55 0.20 0.00 0.22 0.31 0.0014 0.0000    6  5  P[6]=0.5840 0.0027   6169  44%  0.55 0.20 0.00 0.22 0.31 0.0014 0.0000    5  4  P[6]=0.5832 0.0027   6179  45%  0.55 0.20 0.00 0.22 0.31 0.0014 0.0000    5  4  P[6]=0.5851 0.0027   6168  45%  0.55 0.20 0.00 0.22 0.31 0.0014 0.0000    5  4  P[6]=0.5830 0.0027   6245.19124  -244490.65605  3:51:57
  46%  0.55 0.20 0.00 0.22 0.31 0.0014 0.0000    6  5  P[6]=0.5831 0.0027   6375  46%  0.55 0.20 0.00 0.22 0.31 0.0014 0.0000    6  5  P[6]=0.5846 0.0027   6278  47%  0.55 0.20 0.00 0.22 0.31 0.0014 0.0000    5  4  P[6]=0.5841 0.0027   6219  47%  0.55 0.20 0.00 0.22 0.31 0.0013 0.0000    5  4  P[6]=0.5828 0.0027   6242  48%  0.55 0.20 0.00 0.22 0.31 0.0013 0.0000    6  5  P[6]=0.5834 0.0027   6277  48%  0.55 0.20 0.00 0.22 0.31 0.0013 0.0000    5  4  P[6]=0.5818 0.0027   6215  49%  0.55 0.20 0.00 0.22 0.31 0.0013 0.0000    6  5  P[6]=0.5827 0.0027   6269  49%  0.55 0.20 0.00 0.22 0.31 0.0013 0.0000    6  5  P[6]=0.5847 0.0027   6302  50%  0.55 0.20 0.00 0.22 0.31 0.0013 0.0000    6  5  P[6]=0.5889 0.0027   6238  50%  0.55 0.20 0.00 0.22 0.31 0.0013 0.0000    6  5  P[6]=0.5890 0.0027   6251.92292  -244491.17562  4:17:03
  51%  0.55 0.20 0.00 0.22 0.31 0.0012 0.0000    6  5  P[6]=0.5904 0.0027   6271  51%  0.55 0.20 0.00 0.22 0.31 0.0012 0.0000    6  5  P[6]=0.5944 0.0027   6280  52%  0.55 0.20 0.00 0.22 0.31 0.0012 0.0000    5  4  P[6]=0.5961 0.0027   6214  52%  0.55 0.20 0.00 0.22 0.31 0.0012 0.0000    5  4  P[6]=0.5907 0.0027   6181  53%  0.55 0.20 0.00 0.22 0.31 0.0012 0.0000    5  4  P[6]=0.5861 0.0027   6209  53%  0.55 0.20 0.00 0.22 0.31 0.0012 0.0000    6  5  P[6]=0.5879 0.0027   6229  54%  0.55 0.20 0.00 0.22 0.31 0.0012 0.0000    6  5  P[6]=0.5917 0.0027   6267  54%  0.55 0.20 0.00 0.22 0.31 0.0012 0.0000    6  5  P[6]=0.5909 0.0027   6236  55%  0.55 0.20 0.00 0.22 0.31 0.0012 0.0000    6  5  P[6]=0.5887 0.0027   6292  55%  0.55 0.20 0.00 0.22 0.31 0.0011 0.0000    5  4  P[6]=0.5872 0.0027   6170.10172  -244491.58001  4:42:33
  56%  0.55 0.20 0.00 0.22 0.31 0.0011 0.0000    6  5  P[6]=0.5858 0.0027   6252  56%  0.55 0.20 0.00 0.22 0.31 0.0011 0.0000    6  5  P[6]=0.5868 0.0027   6266  57%  0.55 0.20 0.00 0.22 0.31 0.0011 0.0000    6  5  P[6]=0.5894 0.0027   6289  57%  0.55 0.20 0.00 0.22 0.31 0.0012 0.0000    6  5  P[6]=0.5904 0.0027   6286  58%  0.55 0.20 0.00 0.22 0.31 0.0012 0.0000    6  5  P[6]=0.5934 0.0027   6207  58%  0.55 0.20 0.00 0.22 0.31 0.0012 0.0000    5  4  P[6]=0.5928 0.0027   6213  59%  0.55 0.20 0.00 0.22 0.31 0.0012 0.0000    5  4  P[6]=0.5883 0.0027   6260  59%  0.55 0.20 0.00 0.22 0.31 0.0012 0.0000    5  4  P[6]=0.5871 0.0027   6200  60%  0.55 0.20 0.00 0.22 0.31 0.0012 0.0000    5  4  P[6]=0.5845 0.0027   6289  60%  0.55 0.20 0.00 0.22 0.31 0.0011 0.0000    6  5  P[6]=0.5797 0.0027   6225.76653  -244490.25208  5:06:23
  61%  0.55 0.20 0.00 0.22 0.31 0.0011 0.0000    5  4  P[6]=0.5789 0.0027   6167  61%  0.55 0.20 0.00 0.22 0.31 0.0011 0.0000    4  3  P[6]=0.5774 0.0027   6160  62%  0.55 0.20 0.00 0.22 0.31 0.0011 0.0000    6  5  P[6]=0.5774 0.0027   6201  62%  0.55 0.20 0.00 0.22 0.31 0.0011 0.0000    6  5  P[6]=0.5797 0.0027   6261  63%  0.55 0.20 0.00 0.22 0.31 0.0011 0.0000    5  4  P[6]=0.5815 0.0027   6247  63%  0.55 0.20 0.00 0.22 0.31 0.0011 0.0000    6  5  P[6]=0.5802 0.0027   6253  64%  0.55 0.20 0.00 0.22 0.31 0.0015 0.0000    6  5  P[6]=0.5791 0.0027   6206  64%  0.55 0.20 0.00 0.22 0.31 0.0015 0.0000    6  5  P[6]=0.5820 0.0027   6139  65%  0.55 0.20 0.00 0.22 0.31 0.0015 0.0000    5  4  P[6]=0.5786 0.0027   6184  65%  0.55 0.20 0.00 0.22 0.31 0.0015 0.0000    5  4  P[6]=0.5774 0.0027   6196.12757  -244489.69080  5:30:12
  66%  0.55 0.20 0.00 0.22 0.31 0.0015 0.0000    6  5  P[6]=0.5763 0.0027   6244  66%  0.55 0.20 0.00 0.22 0.31 0.0014 0.0000    5  4  P[6]=0.5765 0.0027   6197  67%  0.55 0.20 0.00 0.22 0.31 0.0014 0.0000    6  5  P[6]=0.5759 0.0027   6233  67%  0.55 0.20 0.00 0.22 0.31 0.0014 0.0000    5  4  P[6]=0.5749 0.0027   6175  68%  0.55 0.20 0.00 0.22 0.31 0.0014 0.0000    5  4  P[6]=0.5718 0.0027   6234  68%  0.55 0.20 0.00 0.22 0.31 0.0014 0.0000    5  4  P[6]=0.5691 0.0027   6163  69%  0.55 0.20 0.00 0.22 0.31 0.0014 0.0000    6  5  P[6]=0.5653 0.0027   6194  69%  0.55 0.20 0.00 0.22 0.31 0.0014 0.0000    6  5  P[6]=0.5648 0.0027   6179  70%  0.55 0.20 0.00 0.22 0.31 0.0014 0.0000    6  5  P[6]=0.5647 0.0027   6291  70%  0.55 0.20 0.00 0.22 0.31 0.0014 0.0000    6  5  P[6]=0.5629 0.0027   6310.18619  -244488.46622  5:53:58
  71%  0.55 0.20 0.00 0.22 0.31 0.0013 0.0000    6  5  P[6]=0.5634 0.0027   6298  71%  0.55 0.20 0.00 0.22 0.31 0.0013 0.0000    6  5  P[6]=0.5633 0.0027   6176  72%  0.55 0.20 0.00 0.22 0.31 0.0013 0.0000    6  5  P[6]=0.5635 0.0027   6156  72%  0.55 0.20 0.00 0.22 0.31 0.0013 0.0000    5  4  P[6]=0.5618 0.0027   6287  73%  0.55 0.20 0.00 0.22 0.31 0.0013 0.0000    5  4  P[6]=0.5603 0.0027   6212  73%  0.55 0.20 0.00 0.22 0.31 0.0013 0.0000    6  5  P[6]=0.5619 0.0027   6191  74%  0.55 0.20 0.00 0.22 0.31 0.0013 0.0000    6  5  P[6]=0.5632 0.0027   6240  74%  0.55 0.20 0.00 0.22 0.31 0.0013 0.0000    6  5  P[6]=0.5651 0.0027   6303  75%  0.55 0.20 0.00 0.22 0.31 0.0013 0.0000    6  5  P[6]=0.5679 0.0027   6294  75%  0.55 0.20 0.00 0.22 0.31 0.0013 0.0000    6  5  P[6]=0.5675 0.0027   6287.80570  -244486.91793  6:17:44
  76%  0.55 0.20 0.00 0.22 0.31 0.0013 0.0000    6  5  P[6]=0.5659 0.0027   6269  76%  0.55 0.20 0.00 0.22 0.31 0.0013 0.0000    6  5  P[6]=0.5662 0.0027   6327  77%  0.55 0.20 0.00 0.22 0.31 0.0012 0.0000    6  5  P[6]=0.5680 0.0027   6257  77%  0.55 0.20 0.00 0.22 0.31 0.0012 0.0000    6  5  P[6]=0.5697 0.0027   6373  78%  0.55 0.20 0.00 0.22 0.31 0.0012 0.0000    5  4  P[6]=0.5722 0.0027   6357  78%  0.55 0.20 0.00 0.22 0.31 0.0012 0.0000    4  3  P[6]=0.5711 0.0027   6147  79%  0.55 0.20 0.00 0.22 0.31 0.0012 0.0000    5  4  P[6]=0.5675 0.0027   6251  79%  0.55 0.20 0.00 0.22 0.31 0.0012 0.0000    5  4  P[6]=0.5658 0.0027   6256  80%  0.55 0.20 0.00 0.22 0.31 0.0012 0.0000    6  5  P[6]=0.5653 0.0027   6286  80%  0.55 0.20 0.00 0.22 0.31 0.0013 0.0000    6  5  P[6]=0.5680 0.0027   6297.67950  -244486.47577  6:41:30
  81%  0.55 0.20 0.00 0.22 0.31 0.0013 0.0000    5  4  P[6]=0.5664 0.0027   6195  81%  0.55 0.20 0.00 0.22 0.31 0.0013 0.0000    5  4  P[6]=0.5669 0.0027   6286  82%  0.55 0.20 0.00 0.22 0.31 0.0012 0.0000    6  5  P[6]=0.5689 0.0027   6275  82%  0.55 0.20 0.00 0.22 0.31 0.0012 0.0000    5  4  P[6]=0.5698 0.0027   6184  83%  0.55 0.20 0.00 0.22 0.31 0.0012 0.0000    6  5  P[6]=0.5723 0.0027   6235  83%  0.55 0.20 0.00 0.22 0.31 0.0012 0.0000    5  4  P[6]=0.5731 0.0027   6149  84%  0.55 0.20 0.00 0.22 0.31 0.0012 0.0000    6  5  P[6]=0.5711 0.0027   6316  84%  0.55 0.20 0.00 0.22 0.31 0.0012 0.0000    4  3  P[6]=0.5691 0.0027   6187  85%  0.55 0.20 0.00 0.22 0.31 0.0012 0.0000    6  5  P[6]=0.5693 0.0027   6217  85%  0.55 0.20 0.00 0.22 0.31 0.0012 0.0000    6  5  P[6]=0.5683 0.0027   6216.60656  -244486.61043  7:05:19
  86%  0.55 0.20 0.00 0.22 0.31 0.0012 0.0000    6  5  P[6]=0.5703 0.0027   6240  86%  0.55 0.20 0.00 0.22 0.31 0.0012 0.0000    6  5  P[6]=0.5687 0.0027   6234  87%  0.55 0.20 0.00 0.22 0.31 0.0012 0.0000    6  5  P[6]=0.5712 0.0027   6329  87%  0.55 0.20 0.00 0.22 0.31 0.0012 0.0000    6  5  P[6]=0.5726 0.0027   6298  88%  0.55 0.20 0.00 0.22 0.31 0.0012 0.0000    6  5  P[6]=0.5750 0.0027   6305  88%  0.55 0.20 0.00 0.22 0.31 0.0012 0.0000    6  5  P[6]=0.5743 0.0027   6242  89%  0.55 0.20 0.00 0.22 0.31 0.0011 0.0000    6  5  P[6]=0.5743 0.0027   6192  89%  0.55 0.20 0.00 0.22 0.31 0.0011 0.0000    5  4  P[6]=0.5749 0.0027   6119  90%  0.55 0.20 0.00 0.22 0.31 0.0011 0.0000    6  5  P[6]=0.5730 0.0027   6249  90%  0.55 0.20 0.00 0.22 0.31 0.0011 0.0000    6  5  P[6]=0.5744 0.0027   6374.07513  -244486.29422  7:29:13
  91%  0.55 0.20 0.00 0.22 0.31 0.0011 0.0000    5  4  P[6]=0.5740 0.0027   6215  91%  0.55 0.20 0.00 0.22 0.31 0.0011 0.0000    4  3  P[6]=0.5712 0.0027   6145  92%  0.55 0.20 0.00 0.22 0.31 0.0011 0.0000    6  5  P[6]=0.5732 0.0027   6191  92%  0.55 0.20 0.00 0.22 0.31 0.0011 0.0000    5  4  P[6]=0.5717 0.0027   6187  93%  0.55 0.20 0.00 0.22 0.31 0.0011 0.0000    6  5  P[6]=0.5733 0.0027   6228  93%  0.55 0.20 0.00 0.22 0.31 0.0011 0.0000    5  4  P[6]=0.5722 0.0027   6218  94%  0.55 0.20 0.00 0.22 0.31 0.0011 0.0000    6  5  P[6]=0.5738 0.0027   6200  94%  0.55 0.20 0.00 0.22 0.31 0.0011 0.0000    6  5  P[6]=0.5746 0.0027   6314  95%  0.55 0.20 0.00 0.22 0.31 0.0011 0.0000    5  4  P[6]=0.5744 0.0027   6136  95%  0.55 0.20 0.00 0.22 0.31 0.0011 0.0000    6  5  P[6]=0.5749 0.0027   6375.39928  -244486.50843  7:53:02
  96%  0.55 0.20 0.00 0.22 0.31 0.0011 0.0000    7  6  P[6]=0.5763 0.0027   6318  96%  0.55 0.20 0.00 0.22 0.31 0.0011 0.0000    6  5  P[6]=0.5784 0.0027   6296  97%  0.55 0.20 0.00 0.22 0.31 0.0011 0.0000    6  5  P[6]=0.5768 0.0027   6164  97%  0.55 0.20 0.00 0.22 0.31 0.0011 0.0000    5  4  P[6]=0.5753 0.0027   6186  98%  0.55 0.20 0.00 0.22 0.31 0.0010 0.0000    6  5  P[6]=0.5772 0.0027   6196  98%  0.55 0.20 0.00 0.22 0.31 0.0010 0.0000    5  4  P[6]=0.5760 0.0027   6106  99%  0.55 0.20 0.00 0.22 0.31 0.0010 0.0000    5  4  P[6]=0.5771 0.0027   6173  99%  0.55 0.20 0.00 0.22 0.31 0.0010 0.0000    6  5  P[6]=0.5791 0.0027   6224 100%  0.55 0.20 0.00 0.22 0.31 0.0010 0.0000    5  4  P[6]=0.5786 0.0027   6092 100%  0.55 0.20 0.00 0.22 0.31 0.0010 0.0000    6  5  P[6]=0.5780 0.0027   6329.06318  -244486.14602  8:16:39

8:16:39 spent in MCMC


(A) List of best models (count postP #species SpeciesTree)
47827 0.478270 0.478270 6  (P15_angust P16_cyrtanP1_cyrtanP21_cyrtanP27_cyrtanP3_cyrtanP4_cyrtan P31_angust P34_scarla P5_cyrtan P6_scarla)  (((P15_angust, P31_angust), (P34_scarla, P6_scarla)), (P16_cyrtanP1_cyrtanP21_cyrtanP27_cyrtanP3_cyrtanP4_cyrtan, P5_cyrtan));
25136 0.251360 0.729630 5  (P15_angust P16_cyrtanP1_cyrtanP21_cyrtanP27_cyrtanP3_cyrtanP4_cyrtan P31_angust P34_scarlaP6_scarla P5_cyrtan)  (((P15_angust, P31_angust), P34_scarlaP6_scarla), (P16_cyrtanP1_cyrtanP21_cyrtanP27_cyrtanP3_cyrtanP4_cyrtan, P5_cyrtan));
 6079 0.060790 0.790420 6  (P15_angust P16_cyrtanP1_cyrtanP27_cyrtanP3_cyrtanP4_cyrtan P21_cyrtanP5_cyrtan P31_angust P34_scarla P6_scarla)  (((P15_angust, P31_angust), (P34_scarla, P6_scarla)), (P16_cyrtanP1_cyrtanP27_cyrtanP3_cyrtanP4_cyrtan, P21_cyrtanP5_cyrtan));
 5413 0.054130 0.844550 5  (P15_angustP31_angust P16_cyrtanP1_cyrtanP21_cyrtanP27_cyrtanP3_cyrtanP4_cyrtan P34_scarla P5_cyrtan P6_scarla)  ((P15_angustP31_angust, (P34_scarla, P6_scarla)), (P16_cyrtanP1_cyrtanP21_cyrtanP27_cyrtanP3_cyrtanP4_cyrtan, P5_cyrtan));
 2765 0.027650 0.872200 6  (P15_angust P16_cyrtanP1_cyrtanP27_cyrtanP3_cyrtanP4_cyrtanP5_cyrtan P21_cyrtan P31_angust P34_scarla P6_scarla)  (((P15_angust, P31_angust), (P34_scarla, P6_scarla)), (P16_cyrtanP1_cyrtanP27_cyrtanP3_cyrtanP4_cyrtanP5_cyrtan, P21_cyrtan));
 2497 0.024970 0.897170 4  (P15_angustP31_angust P16_cyrtanP1_cyrtanP21_cyrtanP27_cyrtanP3_cyrtanP4_cyrtan P34_scarlaP6_scarla P5_cyrtan)  ((P15_angustP31_angust, P34_scarlaP6_scarla), (P16_cyrtanP1_cyrtanP21_cyrtanP27_cyrtanP3_cyrtanP4_cyrtan, P5_cyrtan));
 2087 0.020870 0.918040 5  (P15_angust P16_cyrtanP1_cyrtanP27_cyrtanP3_cyrtanP4_cyrtan P21_cyrtanP5_cyrtan P31_angust P34_scarlaP6_scarla)  (((P15_angust, P31_angust), P34_scarlaP6_scarla), (P16_cyrtanP1_cyrtanP27_cyrtanP3_cyrtanP4_cyrtan, P21_cyrtanP5_cyrtan));
 1366 0.013660 0.931700 5  (P15_angust P16_cyrtanP1_cyrtanP27_cyrtanP3_cyrtanP4_cyrtanP5_cyrtan P21_cyrtan P31_angust P34_scarlaP6_scarla)  (((P15_angust, P31_angust), P34_scarlaP6_scarla), (P16_cyrtanP1_cyrtanP27_cyrtanP3_cyrtanP4_cyrtanP5_cyrtan, P21_cyrtan));
 1226 0.012260 0.943960 7  (P15_angust P16_cyrtanP1_cyrtanP27_cyrtanP3_cyrtanP4_cyrtan P21_cyrtan P31_angust P34_scarla P5_cyrtan P6_scarla)  (((P15_angust, P31_angust), (P34_scarla, P6_scarla)), ((P16_cyrtanP1_cyrtanP27_cyrtanP3_cyrtanP4_cyrtan, P21_cyrtan), P5_cyrtan));
 1122 0.011220 0.955180 7  (P15_angust P16_cyrtanP1_cyrtanP27_cyrtanP3_cyrtanP4_cyrtan P21_cyrtan P31_angust P34_scarla P5_cyrtan P6_scarla)  (((P15_angust, P31_angust), (P34_scarla, P6_scarla)), (P16_cyrtanP1_cyrtanP27_cyrtanP3_cyrtanP4_cyrtan, (P21_cyrtan, P5_cyrtan)));
 1119 0.011190 0.966370 7  (P15_angust P16_cyrtanP1_cyrtanP27_cyrtanP3_cyrtanP4_cyrtan P21_cyrtan P31_angust P34_scarla P5_cyrtan P6_scarla)  (((P15_angust, P31_angust), (P34_scarla, P6_scarla)), ((P16_cyrtanP1_cyrtanP27_cyrtanP3_cyrtanP4_cyrtan, P5_cyrtan), P21_cyrtan));
  475 0.004750 0.971120 6  (P15_angust P16_cyrtanP1_cyrtanP21_cyrtanP27_cyrtanP3_cyrtanP4_cyrtan P31_angust P34_scarla P5_cyrtan P6_scarla)  (((P15_angust, (P34_scarla, P6_scarla)), P31_angust), (P16_cyrtanP1_cyrtanP21_cyrtanP27_cyrtanP3_cyrtanP4_cyrtan, P5_cyrtan));
  454 0.004540 0.975660 5  (P15_angustP31_angust P16_cyrtanP1_cyrtanP27_cyrtanP3_cyrtanP4_cyrtan P21_cyrtanP5_cyrtan P34_scarla P6_scarla)  ((P15_angustP31_angust, (P34_scarla, P6_scarla)), (P16_cyrtanP1_cyrtanP27_cyrtanP3_cyrtanP4_cyrtan, P21_cyrtanP5_cyrtan));
  375 0.003750 0.979410 6  (P15_angustP31_angust P16_cyrtanP1_cyrtanP27_cyrtanP3_cyrtanP4_cyrtan P21_cyrtan P34_scarla P5_cyrtan P6_scarla)  ((P15_angustP31_angust, (P34_scarla, P6_scarla)), ((P16_cyrtanP1_cyrtanP27_cyrtanP3_cyrtanP4_cyrtan, P21_cyrtan), P5_cyrtan));
  371 0.003710 0.983120 4  (P15_angustP31_angust P16_cyrtanP1_cyrtanP27_cyrtanP3_cyrtanP4_cyrtan P21_cyrtanP5_cyrtan P34_scarlaP6_scarla)  ((P15_angustP31_angust, P34_scarlaP6_scarla), (P16_cyrtanP1_cyrtanP27_cyrtanP3_cyrtanP4_cyrtan, P21_cyrtanP5_cyrtan));
  266 0.002660 0.985780 5  (P15_angustP31_angust P16_cyrtanP1_cyrtanP27_cyrtanP3_cyrtanP4_cyrtanP5_cyrtan P21_cyrtan P34_scarla P6_scarla)  ((P15_angustP31_angust, (P34_scarla, P6_scarla)), (P16_cyrtanP1_cyrtanP27_cyrtanP3_cyrtanP4_cyrtanP5_cyrtan, P21_cyrtan));
  228 0.002280 0.988060 8  (P15_angust P16_cyrtanP27_cyrtan P1_cyrtanP3_cyrtanP4_cyrtan P21_cyrtan P31_angust P34_scarla P5_cyrtan P6_scarla)  (((P15_angust, P31_angust), (P34_scarla, P6_scarla)), (((P16_cyrtanP27_cyrtan, P1_cyrtanP3_cyrtanP4_cyrtan), P5_cyrtan), P21_cyrtan));
  155 0.001550 0.989610 5  (P15_angust P16_cyrtanP1_cyrtanP21_cyrtanP27_cyrtanP3_cyrtanP4_cyrtan P31_angust P34_scarlaP6_scarla P5_cyrtan)  (((P15_angust, P34_scarlaP6_scarla), P31_angust), (P16_cyrtanP1_cyrtanP21_cyrtanP27_cyrtanP3_cyrtanP4_cyrtan, P5_cyrtan));
  135 0.001350 0.990960 6  (P15_angust P16_cyrtanP1_cyrtanP27_cyrtanP3_cyrtanP4_cyrtan P21_cyrtan P31_angust P34_scarlaP6_scarla P5_cyrtan)  (((P15_angust, P31_angust), P34_scarlaP6_scarla), (P16_cyrtanP1_cyrtanP27_cyrtanP3_cyrtanP4_cyrtan, (P21_cyrtan, P5_cyrtan)));
  123 0.001230 0.992190 8  (P15_angust P16_cyrtanP27_cyrtan P1_cyrtanP3_cyrtanP4_cyrtan P21_cyrtan P31_angust P34_scarla P5_cyrtan P6_scarla)  ((((P15_angust, P31_angust), (P34_scarla, P6_scarla)), ((P16_cyrtanP27_cyrtan, P1_cyrtanP3_cyrtanP4_cyrtan), P5_cyrtan)), P21_cyrtan);
  116 0.001160 0.993350 6  (P15_angust P16_cyrtanP1_cyrtanP27_cyrtanP3_cyrtanP4_cyrtan P21_cyrtan P31_angust P34_scarlaP6_scarla P5_cyrtan)  (((P15_angust, P31_angust), P34_scarlaP6_scarla), ((P16_cyrtanP1_cyrtanP27_cyrtanP3_cyrtanP4_cyrtan, P21_cyrtan), P5_cyrtan));
  111 0.001110 0.994460 6  (P15_angust P16_cyrtanP1_cyrtanP21_cyrtanP27_cyrtanP3_cyrtanP4_cyrtan P31_angust P34_scarla P5_cyrtan P6_scarla)  ((P15_angust, (P31_angust, (P34_scarla, P6_scarla))), (P16_cyrtanP1_cyrtanP21_cyrtanP27_cyrtanP3_cyrtanP4_cyrtan, P5_cyrtan));
   97 0.000970 0.995430 9  (P15_angust P16_cyrtan P1_cyrtanP3_cyrtanP4_cyrtan P21_cyrtan P27_cyrtan P31_angust P34_scarla P5_cyrtan P6_scarla)  (((((P15_angust, P31_angust), (P34_scarla, P6_scarla)), P5_cyrtan), ((P16_cyrtan, P27_cyrtan), P1_cyrtanP3_cyrtanP4_cyrtan)), P21_cyrtan);
   92 0.000920 0.996350 4  (P15_angustP31_angust P16_cyrtanP1_cyrtanP27_cyrtanP3_cyrtanP4_cyrtanP5_cyrtan P21_cyrtan P34_scarlaP6_scarla)  ((P15_angustP31_angust, P34_scarlaP6_scarla), (P16_cyrtanP1_cyrtanP27_cyrtanP3_cyrtanP4_cyrtanP5_cyrtan, P21_cyrtan));
   51 0.000510 0.996860 5  (P15_angustP31_angust P16_cyrtanP1_cyrtanP27_cyrtanP3_cyrtanP4_cyrtan P21_cyrtan P34_scarlaP6_scarla P5_cyrtan)  ((P15_angustP31_angust, P34_scarlaP6_scarla), ((P16_cyrtanP1_cyrtanP27_cyrtanP3_cyrtanP4_cyrtan, P21_cyrtan), P5_cyrtan));
   50 0.000500 0.997360 5  (P15_angust P16_cyrtanP1_cyrtanP21_cyrtanP27_cyrtanP3_cyrtanP4_cyrtan P31_angust P34_scarlaP6_scarla P5_cyrtan)  ((P15_angust, (P31_angust, P34_scarlaP6_scarla)), (P16_cyrtanP1_cyrtanP21_cyrtanP27_cyrtanP3_cyrtanP4_cyrtan, P5_cyrtan));
   35 0.000350 0.997710 8  (P15_angust P16_cyrtanP27_cyrtan P1_cyrtanP3_cyrtanP4_cyrtan P21_cyrtan P31_angust P34_scarla P5_cyrtan P6_scarla)  ((((P15_angust, P31_angust), (P34_scarla, P6_scarla)), P21_cyrtan), ((P16_cyrtanP27_cyrtan, P1_cyrtanP3_cyrtanP4_cyrtan), P5_cyrtan));
   30 0.000300 0.998010 5  (P15_angust P16_cyrtanP1_cyrtanP27_cyrtanP3_cyrtanP4_cyrtan P21_cyrtanP5_cyrtan P31_angust P34_scarlaP6_scarla)  (((P15_angust, P34_scarlaP6_scarla), P31_angust), (P16_cyrtanP1_cyrtanP27_cyrtanP3_cyrtanP4_cyrtan, P21_cyrtanP5_cyrtan));
   28 0.000280 0.998290 6  (P15_angustP31_angust P16_cyrtanP1_cyrtanP27_cyrtanP3_cyrtanP4_cyrtan P21_cyrtan P34_scarla P5_cyrtan P6_scarla)  ((P15_angustP31_angust, (P34_scarla, P6_scarla)), (P16_cyrtanP1_cyrtanP27_cyrtanP3_cyrtanP4_cyrtan, (P21_cyrtan, P5_cyrtan)));
   27 0.000270 0.998560 6  (P15_angustP31_angust P16_cyrtanP1_cyrtanP27_cyrtanP3_cyrtanP4_cyrtan P21_cyrtan P34_scarla P5_cyrtan P6_scarla)  ((P15_angustP31_angust, (P34_scarla, P6_scarla)), ((P16_cyrtanP1_cyrtanP27_cyrtanP3_cyrtanP4_cyrtan, P5_cyrtan), P21_cyrtan));
   26 0.000260 0.998820 6  (P15_angust P16_cyrtanP1_cyrtanP27_cyrtanP3_cyrtanP4_cyrtan P21_cyrtan P31_angust P34_scarlaP6_scarla P5_cyrtan)  (((P15_angust, P31_angust), P34_scarlaP6_scarla), ((P16_cyrtanP1_cyrtanP27_cyrtanP3_cyrtanP4_cyrtan, P5_cyrtan), P21_cyrtan));
   25 0.000250 0.999070 9  (P15_angust P16_cyrtan P1_cyrtanP3_cyrtanP4_cyrtan P21_cyrtan P27_cyrtan P31_angust P34_scarla P5_cyrtan P6_scarla)  (((((P15_angust, P31_angust), (P34_scarla, P6_scarla)), P5_cyrtan), (P16_cyrtan, (P1_cyrtanP3_cyrtanP4_cyrtan, P27_cyrtan))), P21_cyrtan);
   24 0.000240 0.999310 5  (P15_angust P16_cyrtanP1_cyrtanP27_cyrtanP3_cyrtanP4_cyrtan P21_cyrtanP5_cyrtan P31_angust P34_scarlaP6_scarla)  ((P15_angust, (P31_angust, P34_scarlaP6_scarla)), (P16_cyrtanP1_cyrtanP27_cyrtanP3_cyrtanP4_cyrtan, P21_cyrtanP5_cyrtan));
   19 0.000190 0.999500 8  (P15_angust P16_cyrtanP27_cyrtan P1_cyrtanP3_cyrtanP4_cyrtan P21_cyrtan P31_angust P34_scarla P5_cyrtan P6_scarla)  (((((P15_angust, P31_angust), (P34_scarla, P6_scarla)), P5_cyrtan), (P16_cyrtanP27_cyrtan, P1_cyrtanP3_cyrtanP4_cyrtan)), P21_cyrtan);
   15 0.000150 0.999650 5  (P15_angustP31_angust P16_cyrtanP1_cyrtanP27_cyrtanP3_cyrtanP4_cyrtan P21_cyrtan P34_scarlaP6_scarla P5_cyrtan)  ((P15_angustP31_angust, P34_scarlaP6_scarla), (P16_cyrtanP1_cyrtanP27_cyrtanP3_cyrtanP4_cyrtan, (P21_cyrtan, P5_cyrtan)));
   14 0.000140 0.999790 5  (P15_angustP31_angust P16_cyrtanP1_cyrtanP27_cyrtanP3_cyrtanP4_cyrtan P21_cyrtan P34_scarlaP6_scarla P5_cyrtan)  ((P15_angustP31_angust, P34_scarlaP6_scarla), ((P16_cyrtanP1_cyrtanP27_cyrtanP3_cyrtanP4_cyrtan, P5_cyrtan), P21_cyrtan));
   12 0.000120 0.999910 9  (P15_angust P16_cyrtan P1_cyrtanP3_cyrtanP4_cyrtan P21_cyrtan P27_cyrtan P31_angust P34_scarla P5_cyrtan P6_scarla)  ((((P15_angust, P31_angust), (P34_scarla, P6_scarla)), (((P16_cyrtan, P27_cyrtan), P1_cyrtanP3_cyrtanP4_cyrtan), P5_cyrtan)), P21_cyrtan);
    6 0.000060 0.999970 6  (P15_angust P16_cyrtanP1_cyrtanP27_cyrtanP3_cyrtanP4_cyrtan P21_cyrtanP5_cyrtan P31_angust P34_scarla P6_scarla)  (((P15_angust, (P34_scarla, P6_scarla)), P31_angust), (P16_cyrtanP1_cyrtanP27_cyrtanP3_cyrtanP4_cyrtan, P21_cyrtanP5_cyrtan));
    3 0.000030 1.000000 6  (P15_angust P16_cyrtanP1_cyrtanP27_cyrtanP3_cyrtanP4_cyrtan P21_cyrtan P31_angust P34_scarlaP6_scarla P5_cyrtan)  (((P15_angust, P34_scarlaP6_scarla), P31_angust), (P16_cyrtanP1_cyrtanP27_cyrtanP3_cyrtanP4_cyrtan, (P21_cyrtan, P5_cyrtan)));

(B) 18 species delimitations & their posterior probabilities
48413 0.484130   6 (P15_angust P16_cyrtanP1_cyrtanP21_cyrtanP27_cyrtanP3_cyrtanP4_cyrtan P31_angust P34_scarla P5_cyrtan P6_scarla)
25341 0.253410   5 (P15_angust P16_cyrtanP1_cyrtanP21_cyrtanP27_cyrtanP3_cyrtanP4_cyrtan P31_angust P34_scarlaP6_scarla P5_cyrtan)
 6085 0.060850   6 (P15_angust P16_cyrtanP1_cyrtanP27_cyrtanP3_cyrtanP4_cyrtan P21_cyrtanP5_cyrtan P31_angust P34_scarla P6_scarla)
 5413 0.054130   5 (P15_angustP31_angust P16_cyrtanP1_cyrtanP21_cyrtanP27_cyrtanP3_cyrtanP4_cyrtan P34_scarla P5_cyrtan P6_scarla)
 3467 0.034670   7 (P15_angust P16_cyrtanP1_cyrtanP27_cyrtanP3_cyrtanP4_cyrtan P21_cyrtan P31_angust P34_scarla P5_cyrtan P6_scarla)
 2765 0.027650   6 (P15_angust P16_cyrtanP1_cyrtanP27_cyrtanP3_cyrtanP4_cyrtanP5_cyrtan P21_cyrtan P31_angust P34_scarla P6_scarla)
 2497 0.024970   4 (P15_angustP31_angust P16_cyrtanP1_cyrtanP21_cyrtanP27_cyrtanP3_cyrtanP4_cyrtan P34_scarlaP6_scarla P5_cyrtan)
 2141 0.021410   5 (P15_angust P16_cyrtanP1_cyrtanP27_cyrtanP3_cyrtanP4_cyrtan P21_cyrtanP5_cyrtan P31_angust P34_scarlaP6_scarla)
 1366 0.013660   5 (P15_angust P16_cyrtanP1_cyrtanP27_cyrtanP3_cyrtanP4_cyrtanP5_cyrtan P21_cyrtan P31_angust P34_scarlaP6_scarla)
  454 0.004540   5 (P15_angustP31_angust P16_cyrtanP1_cyrtanP27_cyrtanP3_cyrtanP4_cyrtan P21_cyrtanP5_cyrtan P34_scarla P6_scarla)
  430 0.004300   6 (P15_angustP31_angust P16_cyrtanP1_cyrtanP27_cyrtanP3_cyrtanP4_cyrtan P21_cyrtan P34_scarla P5_cyrtan P6_scarla)
  405 0.004050   8 (P15_angust P16_cyrtanP27_cyrtan P1_cyrtanP3_cyrtanP4_cyrtan P21_cyrtan P31_angust P34_scarla P5_cyrtan P6_scarla)
  371 0.003710   4 (P15_angustP31_angust P16_cyrtanP1_cyrtanP27_cyrtanP3_cyrtanP4_cyrtan P21_cyrtanP5_cyrtan P34_scarlaP6_scarla)
  280 0.002800   6 (P15_angust P16_cyrtanP1_cyrtanP27_cyrtanP3_cyrtanP4_cyrtan P21_cyrtan P31_angust P34_scarlaP6_scarla P5_cyrtan)
  266 0.002660   5 (P15_angustP31_angust P16_cyrtanP1_cyrtanP27_cyrtanP3_cyrtanP4_cyrtanP5_cyrtan P21_cyrtan P34_scarla P6_scarla)
  134 0.001340   9 (P15_angust P16_cyrtan P1_cyrtanP3_cyrtanP4_cyrtan P21_cyrtan P27_cyrtan P31_angust P34_scarla P5_cyrtan P6_scarla)
   92 0.000920   4 (P15_angustP31_angust P16_cyrtanP1_cyrtanP27_cyrtanP3_cyrtanP4_cyrtanP5_cyrtan P21_cyrtan P34_scarlaP6_scarla)
   80 0.000800   5 (P15_angustP31_angust P16_cyrtanP1_cyrtanP27_cyrtanP3_cyrtanP4_cyrtan P21_cyrtan P34_scarlaP6_scarla P5_cyrtan)

(C) 16 delimited species & their posterior probabilities
90397 0.903970 P31_angust
90397 0.903970 P15_angust
86460 0.864600 P5_cyrtan
81664 0.816640 P16_cyrtanP1_cyrtanP21_cyrtanP27_cyrtanP3_cyrtanP4_cyrtan
67832 0.678320 P34_scarla
67832 0.678320 P6_scarla
32168 0.321680 P34_scarlaP6_scarla
13308 0.133080 P16_cyrtanP1_cyrtanP27_cyrtanP3_cyrtanP4_cyrtan
 9603 0.096030 P15_angustP31_angust
 9285 0.092850 P21_cyrtan
 9051 0.090510 P21_cyrtanP5_cyrtan
 4489 0.044890 P16_cyrtanP1_cyrtanP27_cyrtanP3_cyrtanP4_cyrtanP5_cyrtan
  539 0.005390 P1_cyrtanP3_cyrtanP4_cyrtan
  405 0.004050 P16_cyrtanP27_cyrtan
  134 0.001340 P16_cyrtan
  134 0.001340 P27_cyrtan

(D) Posterior probability for # of species
P[ 1] = 0.000000  prior[ 1] = 0.031779
P[ 2] = 0.000000  prior[ 2] = 0.031779
P[ 3] = 0.000000  prior[ 3] = 0.045159
P[ 4] = 0.029600  prior[ 4] = 0.066903
P[ 5] = 0.350610  prior[ 5] = 0.096419
P[ 6] = 0.579730  prior[ 6] = 0.130165
P[ 7] = 0.034670  prior[ 7] = 0.159091
P[ 8] = 0.004050  prior[ 8] = 0.168831
P[ 9] = 0.001340  prior[ 9] = 0.146104
P[10] = 0.000000  prior[10] = 0.091991
P[11] = 0.000000  prior[11] = 0.031779

